make[1]: Entering directory `[...]/hurd/master.build/fixincludes'
autogen -T ../../master/fixincludes/check.tpl ../../master/fixincludes/inclhack.def
/bin/dash ./check.sh ../../master/fixincludes/tests/base
Fixed:  testing.h
Fixed:  testing.h
Fixed:  AvailabilityMacros.h
Fixed:  X11/ShellP.h
Fixed:  X11/Xmu.h
Fixed:  Xm/BaseClassI.h
Fixed:  Xm/Traversal.h
Fixed:  ansi/math.h
Fixed:  ansi/stdlib.h
Fixed:  arch/i960/archI960.h
Fixed:  architecture/ppc/math.h
Fixed:  assert.h
Fixed:  bits/fenv.h
Fixed:  bits/huge_val.h
Fixed:  bits/string2.h
Fixed:  bsd/libc.h
Fixed:  c_asm.h
Fixed:  com_err.h
Fixed:  complex.h
Fixed:  ctrl-quotes-def-1.h
Fixed:  ctype.h
Fixed:  curses.h
Fixed:  errno.h
Fixed:  features.h
Fixed:  fixinc-test-limits.h
Fixed:  hsfs/hsfs_spec.h
Fixed:  ia64/sys/getppdp.h
Fixed:  inttypes.h
Fixed:  io-quotes-def-1.h
Fixed:  ioLib.h
Fixed:  iso/math_c99.h
Fixed:  iso/math_iso.h
Fixed:  iso/setjmp_iso.h
Fixed:  iso/stdio_iso.h
Fixed:  iso/stdlib_iso.h
Fixed:  locale.h
Fixed:  mach-o/dyld.h
Fixed:  mach-o/swap.h
Fixed:  malloc.h
Fixed:  math.h
Fixed:  net/if.h
Fixed:  net/if_arp.h
Fixed:  netdnet/dnetdb.h
Fixed:  netinet/in.h
Fixed:  netinet/ip.h
Fixed:  obstack.h
Fixed:  pixrect/memvar.h
Fixed:  pthread.h
Fixed:  reg_types.h
Fixed:  regex.h
Fixed:  regexp.h
Fixed:  rpc/auth.h
Fixed:  rpc/rpc.h
Fixed:  rpc/xdr.h
Fixed:  rpcsvc/rstat.h
Fixed:  rpcsvc/rusers.h
Fixed:  rtldef/decc$types.h
Fixed:  rtldef/if.h
Fixed:  rtldef/resolv.h
Fixed:  rtldef/setjmp.h
Fixed:  rtldef/signal.h
Fixed:  rtldef/stdio.h
Fixed:  rtldef/string.h
Fixed:  rtldef/wait.h
Fixed:  signal.h
Fixed:  sparc/asm_linkage.h
Fixed:  spawn.h
Fixed:  stdarg.h
Fixed:  stdint-aix.h
Fixed:  stdint-darwin.h
Fixed:  stdint-hpux11.h
Fixed:  stdint-newlib.h
Fixed:  stdint.h
Fixed:  stdio.h
Fixed:  stdio_tag.h
Fixed:  stdlib.h
Fixed:  string.h
Fixed:  strings.h
Fixed:  sundev/vuid_event.h
Fixed:  sunwindow/win_lock.h
Fixed:  sym.h
Fixed:  sys/_inttypes.h
Fixed:  sys/cdefs.h
Fixed:  sys/feature_tests.h
Fixed:  sys/file.h
Fixed:  sys/int_const.h
Fixed:  sys/int_limits.h
Fixed:  sys/int_types.h
Fixed:  sys/machine.h
Fixed:  sys/mman.h
Fixed:  sys/pthread.h
Fixed:  sys/signal.h
Fixed:  sys/socket.h
Fixed:  sys/spinlock.h
Fixed:  sys/stat.h
Fixed:  sys/sysmacros.h
Fixed:  sys/time.h
Fixed:  sys/types.h
Fixed:  sys/ucontext.h
Fixed:  sys/va_list.h
Fixed:  sys/wait.h
Fixed:  testing.h
Fixed:  tgmath.h
Fixed:  time.h
Fixed:  tinfo.h
Fixed:  types/vxTypesBase.h
Fixed:  unistd.h
math.h [...]/hurd/master/fixincludes/tests/base/math.h differ: char 1529, line 76
*** math.h	Thu Feb 21 12:37:29 2013
--- [...]/hurd/master/fixincludes/tests/base/math.h	Mon Dec 10 23:37:58 2012
***************
*** 73,78 ****
--- 73,79 ----
  
  
  #if defined( MATH_HUGE_VAL_FROM_DBL_MAX_CHECK )
+ 
  #define HUGE_VAL 3.1415e+9 /* really big */
  #endif  /* MATH_HUGE_VAL_FROM_DBL_MAX_CHECK */
  
reg_types.h [...]/hurd/master/fixincludes/tests/base/reg_types.h differ: char 266, line 12
*** reg_types.h	Thu Feb 21 12:37:30 2013
--- [...]/hurd/master/fixincludes/tests/base/reg_types.h	Sun May 27 02:29:29 2012
***************
*** 9,15 ****
  
  
  
! #if defined( OSF_NAMESPACE_A_CHECK )typedef struct {
    int stuff, mo_suff;
  } __regex_t;
  extern __regex_t    re;
--- 9,16 ----
  
  
  
! #if defined( OSF_NAMESPACE_A_CHECK )
! typedef struct {
    int stuff, mo_suff;
  } __regex_t;
  extern __regex_t    re;
sys/stat.h [...]/hurd/master/fixincludes/tests/base/sys/stat.h differ: char 881, line 38
*** sys/stat.h	Thu Feb 21 12:37:31 2013
--- [...]/hurd/master/fixincludes/tests/base/sys/stat.h	Mon Dec 10 23:37:58 2012
***************
*** 35,41 ****
  #endif  /* VXWORKS_MKDIR_MACRO_CHECK */
  
  
! #if defined( VXWORKS_NEEDS_VXWORKS_CHECK )#include </dev/null> /* ULONG */
  # define	__INCstath <sys/stat.h>
  #include <types/vxTypesOld.h>
  #endif  /* VXWORKS_NEEDS_VXWORKS_CHECK */
--- 35,42 ----
  #endif  /* VXWORKS_MKDIR_MACRO_CHECK */
  
  
! #if defined( VXWORKS_NEEDS_VXWORKS_CHECK )
! #include </dev/null> /* ULONG */
  # define	__INCstath <sys/stat.h>
  #include <types/vxTypesOld.h>
  #endif  /* VXWORKS_NEEDS_VXWORKS_CHECK */
time.h [...]/hurd/master/fixincludes/tests/base/time.h differ: char 375, line 17
*** time.h	Thu Feb 21 12:37:31 2013
--- [...]/hurd/master/fixincludes/tests/base/time.h	Sun May 27 02:29:29 2012
***************
*** 14,20 ****
  #endif  /* VXWORKS_NEEDS_VXTYPES_CHECK */
  
  
! #if defined( VXWORKS_TIME_CHECK )#ifndef __gcc_VOIDFUNCPTR_defined
  #ifdef __cplusplus
  typedef void (*__gcc_VOIDFUNCPTR) (...);
  #else
--- 14,21 ----
  #endif  /* VXWORKS_NEEDS_VXTYPES_CHECK */
  
  
! #if defined( VXWORKS_TIME_CHECK )
! #ifndef __gcc_VOIDFUNCPTR_defined
  #ifdef __cplusplus
  typedef void (*__gcc_VOIDFUNCPTR) (...);
  #else

There were fixinclude test FAILURES
make[1]: *** [check] Error 1
make[1]: Leaving directory `[...]/hurd/master.build/fixincludes'
make: *** [check-fixincludes] Error 2
make: Entering directory `[...]/hurd/master.build/gcc'
Test Run By thomas on Thu Feb 21 12:37:38 CET 2013
		=== acats configuration ===
target gcc is [...]/hurd/master.build/gcc/xgcc -B[...]/hurd/master.build/gcc/
Reading specs from [...]/hurd/master.build/gcc/specs COLLECT_GCC=[...]/hurd/master.build/gcc/xgcc COLLECT_LTO_WRAPPER=[...]/hurd/master.build/gcc/lto-wrapper Target: i686-unknown-gnu0.3 Configured with: ../master/configure --prefix=[...]/hurd/master.build.install SHELL=/bin/dash CC=gcc-4.6 CXX=g++-4.6 --enable-languages=all,ada Thread model: posix gcc version 4.8.0 20130217 (experimental) (GCC)
host=i486-gnu
target=i686-unknown-gnu0.3
gnatmake is [...]/hurd/master.build/gcc/gnatmake

		=== acats support ===
Generating support files... done.
Compiling support files... done.

		=== acats tests ===
Running chapter a ...
Running chapter c2 ...
FAIL:	c23003b
FAIL:	c23003g
FAIL:	c23003i
Running chapter c3 ...
Running chapter c4 ...
Running chapter c5 ...
FAIL:	c52103x
FAIL:	c52104x
FAIL:	c52104y
Running chapter c6 ...
Running chapter c7 ...
Running chapter c8 ...
Running chapter c9 ...
Running chapter ca ...
Running chapter cb ...
FAIL:	cb1010a
FAIL:	cb1010c
FAIL:	cb1010d
Running chapter cc ...
Running chapter cd ...
Running chapter ce ...
Running chapter cxa ...
Running chapter cxb ...
Running chapter cxf ...
Running chapter cxg ...
Running chapter cxh ...
Running chapter cz ...
Running chapter d ...
Running chapter e ...
Running chapter gcc ...
Running chapter l ...
		=== acats Summary ===
# of expected passes		2311
# of unexpected failures	9
*** FAILURES: c23003b c23003g c23003i c52103x c52104x c52104y cb1010a cb1010c cb1010d 
[...]/hurd/master/gcc/testsuite/ada/acats/run_all.sh completed at Thu Feb 21 15:41:41 CET 2013
test -d plugin || mkdir plugin
test -d testsuite || mkdir testsuite
test -d testsuite/gnat || mkdir testsuite/gnat
(rootme=`${PWDCMD-pwd}`; export rootme; \
	srcdir=`cd ../../master/gcc; ${PWDCMD-pwd}` ; export srcdir ; \
	cd testsuite/gnat; \
	rm -f tmp-site.exp; \
	sed '/set tmpdir/ s|testsuite$|testsuite/gnat|' \
		< ../../site.exp > tmp-site.exp; \
	/bin/dash ${srcdir}/../move-if-change tmp-site.exp site.exp; \
	EXPECT=`if [ -f ${rootme}/../expect/expect ] ; then echo ${rootme}/../expect/expect ; else echo expect ; fi` ; export EXPECT ; \
	if [ -f ${rootme}/../expect/expect ] ; then  \
	   TCL_LIBRARY=`cd .. ; cd ${srcdir}/../tcl/library ; ${PWDCMD-pwd}` ; \
	    export TCL_LIBRARY ; fi ; \
	`if [ -f ${srcdir}/../dejagnu/runtest ] ; then echo ${srcdir}/../dejagnu/runtest ; else echo runtest; fi` --tool gnat )
Test Run By thomas on Thu Feb 21 15:41:42 2013
Native configuration is i686-unknown-gnu0.3

		=== gnat tests ===

Schedule of variations:
    unix

Running target unix
Using /usr/share/dejagnu/baseboards/unix.exp as board description file for target.
Using /usr/share/dejagnu/config/unix.exp as generic interface file for target.
Using [...]/hurd/master/gcc/testsuite/config/default.exp as tool-and-target-specific interface file.
Running [...]/hurd/master/gcc/testsuite/gnat.dg/dg.exp ...
FAIL: gnat.dg/null_pointer_deref1.adb execution test
FAIL: gnat.dg/null_pointer_deref2.adb execution test
FAIL: gnat.dg/null_pointer_deref3.adb execution test
FAIL: gnat.dg/stack_check1.adb execution test
FAIL: gnat.dg/stack_check2.adb execution test
Running [...]/hurd/master/gcc/testsuite/gnat.dg/specs/specs.exp ...
Running [...]/hurd/master/gcc/testsuite/gnat.dg/style/style.exp ...

		=== gnat Summary ===

# of expected passes		1154
# of unexpected failures	5
# of expected failures		17
# of unsupported tests		4
[...]/hurd/master.build/gcc/gnatmake version 4.8.0 20130217 (experimental)

make: [check-gnat] Error 1 (ignored)
make: Leaving directory `[...]/hurd/master.build/gcc'
make: Entering directory `[...]/hurd/master.build/gcc'
Making a new config file...
echo "set tmpdir [...]/hurd/master.build/gcc/testsuite" >> ./site.tmp
make[1]: Entering directory `[...]/hurd/master.build/gcc'
test -d plugin || mkdir plugin
test -d testsuite || mkdir testsuite
test -d testsuite/gcc || mkdir testsuite/gcc
(rootme=`${PWDCMD-pwd}`; export rootme; \
	srcdir=`cd ../../master/gcc; ${PWDCMD-pwd}` ; export srcdir ; \
	cd testsuite/gcc; \
	rm -f tmp-site.exp; \
	sed '/set tmpdir/ s|testsuite$|testsuite/gcc|' \
		< ../../site.exp > tmp-site.exp; \
	/bin/dash ${srcdir}/../move-if-change tmp-site.exp site.exp; \
	EXPECT=`if [ -f ${rootme}/../expect/expect ] ; then echo ${rootme}/../expect/expect ; else echo expect ; fi` ; export EXPECT ; \
	if [ -f ${rootme}/../expect/expect ] ; then  \
	   TCL_LIBRARY=`cd .. ; cd ${srcdir}/../tcl/library ; ${PWDCMD-pwd}` ; \
	    export TCL_LIBRARY ; fi ; \
	runtestflags= ; \
	if [ -n "" ] ; then \
	  runtestflags=""; \
	elif [ -n "" ] ; then \
	  parts="`echo '  ' \
		  | sed 's/=[^ ]* / /g'`"; \
	  for part in `find $srcdir/testsuite/gcc* -name \*.exp` ; do \
	    part=`basename $part` ; \
	    case " $parts $runtestflags " in \
	      *" $part "*) ;; \
	      *) runtestflags="$runtestflags $part" ;; \
	    esac ; \
	  done ; \
	fi ; \
	`if [ -f ${srcdir}/../dejagnu/runtest ] ; then echo ${srcdir}/../dejagnu/runtest ; else echo runtest; fi` --tool gcc  $runtestflags)
Test Run By thomas on Wed Feb 20 21:51:16 2013
Native configuration is i686-unknown-gnu0.3

		=== gcc tests ===

Schedule of variations:
    unix

Running target unix
Using /usr/share/dejagnu/baseboards/unix.exp as board description file for target.
Using /usr/share/dejagnu/config/unix.exp as generic interface file for target.
Using [...]/hurd/master/gcc/testsuite/config/default.exp as tool-and-target-specific interface file.
Running [...]/hurd/master/gcc/testsuite/gcc.c-torture/compile/compile.exp ...
Running [...]/hurd/master/gcc/testsuite/gcc.c-torture/execute/builtins/builtins.exp ...
Running [...]/hurd/master/gcc/testsuite/gcc.c-torture/execute/execute.exp ...
Running [...]/hurd/master/gcc/testsuite/gcc.c-torture/execute/ieee/ieee.exp ...
Running [...]/hurd/master/gcc/testsuite/gcc.c-torture/unsorted/unsorted.exp ...

Running [...]/hurd/master/gcc/testsuite/gcc.dg/asan/asan.exp ...
Running [...]/hurd/master/gcc/testsuite/gcc.dg/autopar/autopar.exp ...
Running [...]/hurd/master/gcc/testsuite/gcc.dg/charset/charset.exp ...
Running [...]/hurd/master/gcc/testsuite/gcc.dg/compat/compat.exp ...
Running [...]/hurd/master/gcc/testsuite/gcc.dg/compat/struct-layout-1.exp ...
Running [...]/hurd/master/gcc/testsuite/gcc.dg/cpp/cpp.exp ...
Running [...]/hurd/master/gcc/testsuite/gcc.dg/cpp/trad/trad.exp ...
Running [...]/hurd/master/gcc/testsuite/gcc.dg/debug/debug.exp ...
Running [...]/hurd/master/gcc/testsuite/gcc.dg/debug/dwarf2/dwarf2.exp ...
Running [...]/hurd/master/gcc/testsuite/gcc.dg/dfp/dfp.exp ...
Running [...]/hurd/master/gcc/testsuite/gcc.dg/dg.exp ...
FAIL: gcc.dg/20021014-1.c (test for excess errors)
FAIL: gcc.dg/nest.c (test for excess errors)
FAIL: gcc.dg/nested-func-4.c (test for excess errors)
FAIL: gcc.dg/pr32450.c (test for excess errors)
FAIL: gcc.dg/pr43643.c (test for excess errors)
FAIL: gcc.dg/split-2.c execution test
FAIL: gcc.dg/split-5.c execution test
Running [...]/hurd/master/gcc/testsuite/gcc.dg/fixed-point/fixed-point.exp ...
Running [...]/hurd/master/gcc/testsuite/gcc.dg/format/format.exp ...
Running [...]/hurd/master/gcc/testsuite/gcc.dg/gomp/gomp.exp ...
Running [...]/hurd/master/gcc/testsuite/gcc.dg/graphite/graphite.exp ...
Running [...]/hurd/master/gcc/testsuite/gcc.dg/guality/guality.exp ...
Running [...]/hurd/master/gcc/testsuite/gcc.dg/ipa/ipa.exp ...
Running [...]/hurd/master/gcc/testsuite/gcc.dg/lto/lto.exp ...
Running [...]/hurd/master/gcc/testsuite/gcc.dg/noncompile/noncompile.exp ...
Running [...]/hurd/master/gcc/testsuite/gcc.dg/pch/pch.exp ...
FAIL: largefile.c  -O0 -g -I. -Dwith_PCH (internal compiler error)
FAIL: largefile.c  -O0 -g -I. -Dwith_PCH (test for excess errors)
FAIL: gcc.dg/pch/largefile.c  -O0 -g assembly comparison
FAIL: largefile.c   -O0  -I. -Dwith_PCH (internal compiler error)
FAIL: largefile.c   -O0  -I. -Dwith_PCH (test for excess errors)
FAIL: gcc.dg/pch/largefile.c   -O0  assembly comparison
FAIL: largefile.c   -O1  -I. -Dwith_PCH (internal compiler error)
FAIL: largefile.c   -O1  -I. -Dwith_PCH (test for excess errors)
FAIL: gcc.dg/pch/largefile.c   -O1  assembly comparison
FAIL: largefile.c   -O2  -I. -Dwith_PCH (internal compiler error)
FAIL: largefile.c   -O2  -I. -Dwith_PCH (test for excess errors)
FAIL: gcc.dg/pch/largefile.c   -O2  assembly comparison
FAIL: largefile.c   -O3 -fomit-frame-pointer  -I. -Dwith_PCH (internal compiler error)
FAIL: largefile.c   -O3 -fomit-frame-pointer  -I. -Dwith_PCH (test for excess errors)
FAIL: gcc.dg/pch/largefile.c   -O3 -fomit-frame-pointer  assembly comparison
FAIL: largefile.c   -O3 -g  -I. -Dwith_PCH (internal compiler error)
FAIL: largefile.c   -O3 -g  -I. -Dwith_PCH (test for excess errors)
FAIL: gcc.dg/pch/largefile.c   -O3 -g  assembly comparison
FAIL: largefile.c   -Os  -I. -Dwith_PCH (internal compiler error)
FAIL: largefile.c   -Os  -I. -Dwith_PCH (test for excess errors)
FAIL: gcc.dg/pch/largefile.c   -Os  assembly comparison
Running [...]/hurd/master/gcc/testsuite/gcc.dg/plugin/plugin.exp ...
Running [...]/hurd/master/gcc/testsuite/gcc.dg/simulate-thread/simulate-thread.exp ...
Running [...]/hurd/master/gcc/testsuite/gcc.dg/special/mips-abi.exp ...
Running [...]/hurd/master/gcc/testsuite/gcc.dg/special/special.exp ...
Running [...]/hurd/master/gcc/testsuite/gcc.dg/tls/tls.exp ...
Running [...]/hurd/master/gcc/testsuite/gcc.dg/tm/tm.exp ...
Running [...]/hurd/master/gcc/testsuite/gcc.dg/torture/dg-torture.exp ...
Running [...]/hurd/master/gcc/testsuite/gcc.dg/torture/stackalign/stackalign.exp ...
Running [...]/hurd/master/gcc/testsuite/gcc.dg/torture/tls/tls.exp ...
Running [...]/hurd/master/gcc/testsuite/gcc.dg/tree-prof/tree-prof.exp ...
Running [...]/hurd/master/gcc/testsuite/gcc.dg/tree-ssa/tree-ssa.exp ...
Running [...]/hurd/master/gcc/testsuite/gcc.dg/vect/costmodel/i386/i386-costmodel-vect.exp ...
Running [...]/hurd/master/gcc/testsuite/gcc.dg/vect/costmodel/ppc/ppc-costmodel-vect.exp ...
Running [...]/hurd/master/gcc/testsuite/gcc.dg/vect/costmodel/spu/spu-costmodel-vect.exp ...
Running [...]/hurd/master/gcc/testsuite/gcc.dg/vect/costmodel/x86_64/x86_64-costmodel-vect.exp ...
Running [...]/hurd/master/gcc/testsuite/gcc.dg/vect/vect.exp ...
Running [...]/hurd/master/gcc/testsuite/gcc.dg/vmx/vmx.exp ...
Running [...]/hurd/master/gcc/testsuite/gcc.dg/vxworks/vxworks.exp ...
Running [...]/hurd/master/gcc/testsuite/gcc.dg/weak/weak.exp ...
Running [...]/hurd/master/gcc/testsuite/gcc.misc-tests/acker1.exp ...
Running [...]/hurd/master/gcc/testsuite/gcc.misc-tests/arm-isr.exp ...
Running [...]/hurd/master/gcc/testsuite/gcc.misc-tests/bprob.exp ...
Running [...]/hurd/master/gcc/testsuite/gcc.misc-tests/dectest.exp ...
Running [...]/hurd/master/gcc/testsuite/gcc.misc-tests/dhry.exp ...
Running [...]/hurd/master/gcc/testsuite/gcc.misc-tests/gcov.exp ...
Running [...]/hurd/master/gcc/testsuite/gcc.misc-tests/help.exp ...
Running [...]/hurd/master/gcc/testsuite/gcc.misc-tests/i386-prefetch.exp ...
Running [...]/hurd/master/gcc/testsuite/gcc.misc-tests/linkage.exp ...
Running [...]/hurd/master/gcc/testsuite/gcc.misc-tests/matrix1.exp ...
Running [...]/hurd/master/gcc/testsuite/gcc.misc-tests/mg-2.exp ...
Running [...]/hurd/master/gcc/testsuite/gcc.misc-tests/mg.exp ...
Running [...]/hurd/master/gcc/testsuite/gcc.misc-tests/options.exp ...
Running [...]/hurd/master/gcc/testsuite/gcc.misc-tests/sieve.exp ...
Running [...]/hurd/master/gcc/testsuite/gcc.misc-tests/sort2.exp ...
Running [...]/hurd/master/gcc/testsuite/gcc.target/aarch64/aapcs64/aapcs64.exp ...
Running [...]/hurd/master/gcc/testsuite/gcc.target/aarch64/aarch64.exp ...
Running [...]/hurd/master/gcc/testsuite/gcc.target/alpha/alpha.exp ...
Running [...]/hurd/master/gcc/testsuite/gcc.target/arm/aapcs/aapcs.exp ...
Running [...]/hurd/master/gcc/testsuite/gcc.target/arm/arm.exp ...
Running [...]/hurd/master/gcc/testsuite/gcc.target/arm/neon/neon.exp ...
Running [...]/hurd/master/gcc/testsuite/gcc.target/avr/avr.exp ...
Running [...]/hurd/master/gcc/testsuite/gcc.target/avr/torture/avr-torture.exp ...
Running [...]/hurd/master/gcc/testsuite/gcc.target/bfin/bfin.exp ...
Running [...]/hurd/master/gcc/testsuite/gcc.target/bfin/builtins/bfin-builtins.exp ...
Running [...]/hurd/master/gcc/testsuite/gcc.target/cris/cris.exp ...
Running [...]/hurd/master/gcc/testsuite/gcc.target/cris/torture/cris-torture.exp ...
Running [...]/hurd/master/gcc/testsuite/gcc.target/epiphany/epiphany.exp ...
Running [...]/hurd/master/gcc/testsuite/gcc.target/frv/frv.exp ...
Running [...]/hurd/master/gcc/testsuite/gcc.target/i386/i386.exp ...
Running [...]/hurd/master/gcc/testsuite/gcc.target/i386/math-torture/math-torture.exp ...
Running [...]/hurd/master/gcc/testsuite/gcc.target/i386/stackalign/stackalign.exp ...
Running [...]/hurd/master/gcc/testsuite/gcc.target/ia64/ia64.exp ...
Running [...]/hurd/master/gcc/testsuite/gcc.target/m68k/m68k.exp ...
Running [...]/hurd/master/gcc/testsuite/gcc.target/microblaze/microblaze.exp ...
Running [...]/hurd/master/gcc/testsuite/gcc.target/mips/inter/mips16-inter.exp ...
Running [...]/hurd/master/gcc/testsuite/gcc.target/mips/mips-nonpic/mips-nonpic.exp ...
Running [...]/hurd/master/gcc/testsuite/gcc.target/mips/mips.exp ...
Running [...]/hurd/master/gcc/testsuite/gcc.target/powerpc/powerpc.exp ...
Running [...]/hurd/master/gcc/testsuite/gcc.target/rx/rx.exp ...
Running [...]/hurd/master/gcc/testsuite/gcc.target/s390/s390.exp ...
Running [...]/hurd/master/gcc/testsuite/gcc.target/sh/sh.exp ...
Running [...]/hurd/master/gcc/testsuite/gcc.target/sh/torture/sh-torture.exp ...
Running [...]/hurd/master/gcc/testsuite/gcc.target/sparc/sparc.exp ...
Running [...]/hurd/master/gcc/testsuite/gcc.target/spu/ea/ea.exp ...
Running [...]/hurd/master/gcc/testsuite/gcc.target/spu/spu.exp ...
Running [...]/hurd/master/gcc/testsuite/gcc.target/tic6x/builtins/c6x-builtins.exp ...
Running [...]/hurd/master/gcc/testsuite/gcc.target/tic6x/tic6x.exp ...
Running [...]/hurd/master/gcc/testsuite/gcc.target/x86_64/abi/abi-x86_64.exp ...
Running [...]/hurd/master/gcc/testsuite/gcc.target/x86_64/abi/avx/abi-avx.exp ...
Running [...]/hurd/master/gcc/testsuite/gcc.target/x86_64/abi/callabi/callabi.exp ...
Running [...]/hurd/master/gcc/testsuite/gcc.target/xstormy16/xstormy16.exp ...
Running [...]/hurd/master/gcc/testsuite/gcc.test-framework/test-framework.exp ...
skipping test framework tests, CHECK_TEST_FRAMEWORK is not defined

		=== gcc Summary ===

# of expected passes		90316
# of unexpected failures	28
# of expected failures		259
# of unresolved testcases	5
# of unsupported tests		1296
[...]/hurd/master.build/gcc/xgcc  version 4.8.0 20130217 (experimental) (GCC) 

make[1]: [check-parallel-gcc] Error 1 (ignored)
make[1]: Leaving directory `[...]/hurd/master.build/gcc'
make: Leaving directory `[...]/hurd/master.build/gcc'
make: Entering directory `[...]/hurd/master.build/gcc'
make[1]: Entering directory `[...]/hurd/master.build/gcc'
test -d plugin || mkdir plugin
test -d testsuite || mkdir testsuite
test -d testsuite/g++ || mkdir testsuite/g++
(rootme=`${PWDCMD-pwd}`; export rootme; \
	srcdir=`cd ../../master/gcc; ${PWDCMD-pwd}` ; export srcdir ; \
	cd testsuite/g++; \
	rm -f tmp-site.exp; \
	sed '/set tmpdir/ s|testsuite$|testsuite/g++|' \
		< ../../site.exp > tmp-site.exp; \
	/bin/dash ${srcdir}/../move-if-change tmp-site.exp site.exp; \
	EXPECT=`if [ -f ${rootme}/../expect/expect ] ; then echo ${rootme}/../expect/expect ; else echo expect ; fi` ; export EXPECT ; \
	if [ -f ${rootme}/../expect/expect ] ; then  \
	   TCL_LIBRARY=`cd .. ; cd ${srcdir}/../tcl/library ; ${PWDCMD-pwd}` ; \
	    export TCL_LIBRARY ; fi ; \
	runtestflags= ; \
	if [ -n "" ] ; then \
	  runtestflags=""; \
	elif [ -n "" ] ; then \
	  parts="`echo '  ' \
		  | sed 's/=[^ ]* / /g'`"; \
	  for part in `find $srcdir/testsuite/g++* -name \*.exp` ; do \
	    part=`basename $part` ; \
	    case " $parts $runtestflags " in \
	      *" $part "*) ;; \
	      *) runtestflags="$runtestflags $part" ;; \
	    esac ; \
	  done ; \
	fi ; \
	`if [ -f ${srcdir}/../dejagnu/runtest ] ; then echo ${srcdir}/../dejagnu/runtest ; else echo runtest; fi` --tool g++  $runtestflags)
Test Run By thomas on Fri Feb 22 07:53:52 2013
Native configuration is i686-unknown-gnu0.3

		=== g++ tests ===

Schedule of variations:
    unix

Running target unix
Using /usr/share/dejagnu/baseboards/unix.exp as board description file for target.
Using /usr/share/dejagnu/config/unix.exp as generic interface file for target.
Using [...]/hurd/master/gcc/testsuite/config/default.exp as tool-and-target-specific interface file.
Running [...]/hurd/master/gcc/testsuite/g++.dg/asan/asan.exp ...
Running [...]/hurd/master/gcc/testsuite/g++.dg/bprob/bprob.exp ...
Running [...]/hurd/master/gcc/testsuite/g++.dg/charset/charset.exp ...
Running [...]/hurd/master/gcc/testsuite/g++.dg/compat/compat.exp ...
Running [...]/hurd/master/gcc/testsuite/g++.dg/compat/struct-layout-1.exp ...
Running [...]/hurd/master/gcc/testsuite/g++.dg/debug/debug.exp ...
Running [...]/hurd/master/gcc/testsuite/g++.dg/debug/dwarf2/dwarf2.exp ...
Running [...]/hurd/master/gcc/testsuite/g++.dg/dfp/dfp.exp ...
Running [...]/hurd/master/gcc/testsuite/g++.dg/dg.exp ...
FAIL: g++.dg/cdce3.C -std=gnu++98 execution test
FAIL: g++.dg/cdce3.C -std=gnu++11 execution test
Running [...]/hurd/master/gcc/testsuite/g++.dg/gcov/gcov.exp ...
Running [...]/hurd/master/gcc/testsuite/g++.dg/gomp/gomp.exp ...
Running [...]/hurd/master/gcc/testsuite/g++.dg/graphite/graphite.exp ...
Running [...]/hurd/master/gcc/testsuite/g++.dg/guality/guality.exp ...
Running [...]/hurd/master/gcc/testsuite/g++.dg/lto/lto.exp ...
Running [...]/hurd/master/gcc/testsuite/g++.dg/pch/pch.exp ...
Running [...]/hurd/master/gcc/testsuite/g++.dg/plugin/plugin.exp ...
Running [...]/hurd/master/gcc/testsuite/g++.dg/simulate-thread/simulate-thread.exp ...
Running [...]/hurd/master/gcc/testsuite/g++.dg/special/ecos.exp ...
Running [...]/hurd/master/gcc/testsuite/g++.dg/tls/tls.exp ...
FAIL: g++.dg/tls/thread_local3.C -std=gnu++11 execution test
FAIL: g++.dg/tls/thread_local3g.C -std=gnu++11 execution test
FAIL: g++.dg/tls/thread_local4.C -std=gnu++11 execution test
FAIL: g++.dg/tls/thread_local4g.C -std=gnu++11 execution test
FAIL: g++.dg/tls/thread_local5.C -std=gnu++11 execution test
FAIL: g++.dg/tls/thread_local5g.C -std=gnu++11 execution test
Running [...]/hurd/master/gcc/testsuite/g++.dg/tm/tm.exp ...
Running [...]/hurd/master/gcc/testsuite/g++.dg/torture/dg-torture.exp ...
Running [...]/hurd/master/gcc/testsuite/g++.dg/torture/stackalign/stackalign.exp ...
Running [...]/hurd/master/gcc/testsuite/g++.dg/tree-prof/tree-prof.exp ...
Running [...]/hurd/master/gcc/testsuite/g++.dg/vect/vect.exp ...
Running [...]/hurd/master/gcc/testsuite/g++.old-deja/old-deja.exp ...
FAIL: g++.old-deja/g++.law/profile1.C -std=gnu++98 (test for excess errors)
FAIL: g++.old-deja/g++.law/profile1.C -std=gnu++11 (test for excess errors)

		=== g++ Summary ===

# of expected passes		51097
# of unexpected failures	10
# of expected failures		290
# of unresolved testcases	2
# of unsupported tests		531
[...]/hurd/master.build/gcc/testsuite/g++/../../xg++  version 4.8.0 20130217 (experimental) (GCC) 

make[1]: [check-parallel-g++] Error 1 (ignored)
make[1]: Leaving directory `[...]/hurd/master.build/gcc'
make: Leaving directory `[...]/hurd/master.build/gcc'
make: Entering directory `[...]/hurd/master.build/gcc'
make[1]: Entering directory `[...]/hurd/master.build/gcc'
test -d plugin || mkdir plugin
test -d testsuite || mkdir testsuite
test -d testsuite/gfortran || mkdir testsuite/gfortran
(rootme=`${PWDCMD-pwd}`; export rootme; \
	srcdir=`cd ../../master/gcc; ${PWDCMD-pwd}` ; export srcdir ; \
	cd testsuite/gfortran; \
	rm -f tmp-site.exp; \
	sed '/set tmpdir/ s|testsuite$|testsuite/gfortran|' \
		< ../../site.exp > tmp-site.exp; \
	/bin/dash ${srcdir}/../move-if-change tmp-site.exp site.exp; \
	EXPECT=`if [ -f ${rootme}/../expect/expect ] ; then echo ${rootme}/../expect/expect ; else echo expect ; fi` ; export EXPECT ; \
	if [ -f ${rootme}/../expect/expect ] ; then  \
	   TCL_LIBRARY=`cd .. ; cd ${srcdir}/../tcl/library ; ${PWDCMD-pwd}` ; \
	    export TCL_LIBRARY ; fi ; \
	runtestflags= ; \
	if [ -n "" ] ; then \
	  runtestflags=""; \
	elif [ -n "" ] ; then \
	  parts="`echo '  ' \
		  | sed 's/=[^ ]* / /g'`"; \
	  for part in `find $srcdir/testsuite/gfortran* -name \*.exp` ; do \
	    part=`basename $part` ; \
	    case " $parts $runtestflags " in \
	      *" $part "*) ;; \
	      *) runtestflags="$runtestflags $part" ;; \
	    esac ; \
	  done ; \
	fi ; \
	`if [ -f ${srcdir}/../dejagnu/runtest ] ; then echo ${srcdir}/../dejagnu/runtest ; else echo runtest; fi` --tool gfortran  $runtestflags)
Test Run By thomas on Thu Feb 21 16:41:41 2013
Native configuration is i686-unknown-gnu0.3

		=== gfortran tests ===

Schedule of variations:
    unix

Running target unix
Using /usr/share/dejagnu/baseboards/unix.exp as board description file for target.
Using /usr/share/dejagnu/config/unix.exp as generic interface file for target.
Using [...]/hurd/master/gcc/testsuite/config/default.exp as tool-and-target-specific interface file.
Running [...]/hurd/master/gcc/testsuite/gfortran.dg/coarray/caf.exp ...
Running [...]/hurd/master/gcc/testsuite/gfortran.dg/debug/debug.exp ...
Running [...]/hurd/master/gcc/testsuite/gfortran.dg/dg.exp ...
XPASS: gfortran.dg/do_1.f90  -O0  execution test
XPASS: gfortran.dg/do_1.f90  -O1  execution test
Running [...]/hurd/master/gcc/testsuite/gfortran.dg/gomp/gomp.exp ...
Running [...]/hurd/master/gcc/testsuite/gfortran.dg/graphite/graphite.exp ...
Running [...]/hurd/master/gcc/testsuite/gfortran.dg/guality/guality.exp ...
FAIL: gfortran.dg/guality/pr41558.f90  -O0  line 7 s == 'foo'
FAIL: gfortran.dg/guality/pr41558.f90  -O1  line 7 s == 'foo'
FAIL: gfortran.dg/guality/pr41558.f90  -O2  line 7 s == 'foo'
FAIL: gfortran.dg/guality/pr41558.f90  -O3 -fomit-frame-pointer  line 7 s == 'foo'
FAIL: gfortran.dg/guality/pr41558.f90  -O3 -fomit-frame-pointer -funroll-loops  line 7 s == 'foo'
FAIL: gfortran.dg/guality/pr41558.f90  -O3 -fomit-frame-pointer -funroll-all-loops -finline-functions  line 7 s == 'foo'
FAIL: gfortran.dg/guality/pr41558.f90  -O3 -g  line 7 s == 'foo'
FAIL: gfortran.dg/guality/pr41558.f90  -Os  line 7 s == 'foo'
Running [...]/hurd/master/gcc/testsuite/gfortran.dg/lto/lto.exp ...
FAIL: gfortran.dg/lto/pr45586-2 f_lto_pr45586-2_0.o-f_lto_pr45586-2_0.o link, -O0 -flto -flto-partition=none -fuse-linker-plugin (internal compiler error)
FAIL: gfortran.dg/lto/pr45586-2 f_lto_pr45586-2_0.o-f_lto_pr45586-2_0.o link, -O0 -flto -flto-partition=1to1 -fno-use-linker-plugin  (internal compiler error)
FAIL: gfortran.dg/lto/pr45586-2 f_lto_pr45586-2_0.o-f_lto_pr45586-2_0.o link, -O0 -flto -fuse-linker-plugin -fno-fat-lto-objects  (internal compiler error)
FAIL: gfortran.dg/lto/pr45586 f_lto_pr45586_0.o-f_lto_pr45586_0.o link, -O0 -flto -flto-partition=none -fuse-linker-plugin (internal compiler error)
FAIL: gfortran.dg/lto/pr45586 f_lto_pr45586_0.o-f_lto_pr45586_0.o link, -O0 -flto -flto-partition=1to1 -fno-use-linker-plugin  (internal compiler error)
FAIL: gfortran.dg/lto/pr45586 f_lto_pr45586_0.o-f_lto_pr45586_0.o link, -O0 -flto -fuse-linker-plugin -fno-fat-lto-objects  (internal compiler error)
Running [...]/hurd/master/gcc/testsuite/gfortran.dg/vect/vect.exp ...
Running [...]/hurd/master/gcc/testsuite/gfortran.fortran-torture/compile/compile.exp ...
Running [...]/hurd/master/gcc/testsuite/gfortran.fortran-torture/execute/execute.exp ...

		=== gfortran Summary ===

# of expected passes		42549
# of unexpected failures	14
# of unexpected successes	2
# of expected failures		62
# of unresolved testcases	6
# of unsupported tests		213
[...]/hurd/master.build/gcc/testsuite/gfortran/../../gfortran  version 4.8.0 20130217 (experimental) (GCC) 

make[1]: [check-parallel-gfortran] Error 1 (ignored)
make[1]: Leaving directory `[...]/hurd/master.build/gcc'
make: Nothing to be done for `check-java'.
make: Nothing to be done for `check-lto'.
make[1]: Entering directory `[...]/hurd/master.build/gcc'
test -d plugin || mkdir plugin
test -d testsuite || mkdir testsuite
test -d testsuite/objc || mkdir testsuite/objc
(rootme=`${PWDCMD-pwd}`; export rootme; \
	srcdir=`cd ../../master/gcc; ${PWDCMD-pwd}` ; export srcdir ; \
	cd testsuite/objc; \
	rm -f tmp-site.exp; \
	sed '/set tmpdir/ s|testsuite$|testsuite/objc|' \
		< ../../site.exp > tmp-site.exp; \
	/bin/dash ${srcdir}/../move-if-change tmp-site.exp site.exp; \
	EXPECT=`if [ -f ${rootme}/../expect/expect ] ; then echo ${rootme}/../expect/expect ; else echo expect ; fi` ; export EXPECT ; \
	if [ -f ${rootme}/../expect/expect ] ; then  \
	   TCL_LIBRARY=`cd .. ; cd ${srcdir}/../tcl/library ; ${PWDCMD-pwd}` ; \
	    export TCL_LIBRARY ; fi ; \
	runtestflags= ; \
	if [ -n "" ] ; then \
	  runtestflags=""; \
	elif [ -n "" ] ; then \
	  parts="`echo '  ' \
		  | sed 's/=[^ ]* / /g'`"; \
	  for part in `find $srcdir/testsuite/objc* -name \*.exp` ; do \
	    part=`basename $part` ; \
	    case " $parts $runtestflags " in \
	      *" $part "*) ;; \
	      *) runtestflags="$runtestflags $part" ;; \
	    esac ; \
	  done ; \
	fi ; \
	`if [ -f ${srcdir}/../dejagnu/runtest ] ; then echo ${srcdir}/../dejagnu/runtest ; else echo runtest; fi` --tool objc  $runtestflags)
Test Run By thomas on Thu Feb 21 21:58:51 2013
Native configuration is i686-unknown-gnu0.3

		=== objc tests ===

Schedule of variations:
    unix

Running target unix
Using /usr/share/dejagnu/baseboards/unix.exp as board description file for target.
Using /usr/share/dejagnu/config/unix.exp as generic interface file for target.
Using [...]/hurd/master/gcc/testsuite/config/default.exp as tool-and-target-specific interface file.
Running [...]/hurd/master/gcc/testsuite/objc/compile/compile.exp ...
Running [...]/hurd/master/gcc/testsuite/objc/execute/exceptions/exceptions.exp ...
Running [...]/hurd/master/gcc/testsuite/objc/execute/execute.exp ...
Running [...]/hurd/master/gcc/testsuite/objc.dg/attributes/attributes.exp ...
Running [...]/hurd/master/gcc/testsuite/objc.dg/dg.exp ...
Running [...]/hurd/master/gcc/testsuite/objc.dg/gnu-encoding/gnu-encoding.exp ...
Running [...]/hurd/master/gcc/testsuite/objc.dg/lto/lto.exp ...
Running [...]/hurd/master/gcc/testsuite/objc.dg/pch/pch.exp ...
Running [...]/hurd/master/gcc/testsuite/objc.dg/property/property.exp ...
Running [...]/hurd/master/gcc/testsuite/objc.dg/special/special.exp ...
Running [...]/hurd/master/gcc/testsuite/objc.dg/strings/strings.exp ...
Running [...]/hurd/master/gcc/testsuite/objc.dg/tls/tls.exp ...
Running [...]/hurd/master/gcc/testsuite/objc.dg/torture/dg-torture.exp ...
Running [...]/hurd/master/gcc/testsuite/objc.dg/torture/strings/strings.exp ...
Running [...]/hurd/master/gcc/testsuite/objc.dg/torture/tls/tls.exp ...

		=== objc Summary ===

# of expected passes		2988
# of expected failures		6
# of unsupported tests		74
[...]/hurd/master.build/gcc/xgcc  version 4.8.0 20130217 (experimental) (GCC) 

make[1]: Leaving directory `[...]/hurd/master.build/gcc'
make: Leaving directory `[...]/hurd/master.build/gcc'
make[1]: Entering directory `[...]/hurd/master.build/intl'
make[1]: Nothing to be done for `check'.
make[1]: Leaving directory `[...]/hurd/master.build/intl'
make[1]: Entering directory `[...]/hurd/master.build/libbacktrace'
true  DO=all multi-do # make
make  btest
make[2]: Entering directory `[...]/hurd/master.build/libbacktrace'
gcc-4.6 -DHAVE_CONFIG_H -I. -I../../master/libbacktrace  -I ../../master/libbacktrace/../include -I ../../master/libbacktrace/../libgcc -I ../libgcc  -funwind-tables -frandom-seed=btest-btest.o -W -Wall -Wwrite-strings -Wstrict-prototypes -Wmissing-prototypes -Wold-style-definition -Wmissing-format-attribute -Wcast-qual  -g -O -g -O2 -c -o btest-btest.o `test -f 'btest.c' || echo '../../master/libbacktrace/'`btest.c
/bin/dash ./libtool --tag=CC   --mode=link gcc-4.6 -funwind-tables -frandom-seed=btest -W -Wall -Wwrite-strings -Wstrict-prototypes -Wmissing-prototypes -Wold-style-definition -Wmissing-format-attribute -Wcast-qual  -g -O -g -O2   -o btest btest-btest.o libbacktrace.la 
libtool: link: gcc-4.6 -funwind-tables -frandom-seed=btest -W -Wall -Wwrite-strings -Wstrict-prototypes -Wmissing-prototypes -Wold-style-definition -Wmissing-format-attribute -Wcast-qual -g -O -g -O2 -o btest btest-btest.o  ./.libs/libbacktrace.a
make[2]: Leaving directory `[...]/hurd/master.build/libbacktrace'
make  check-TESTS
make[2]: Entering directory `[...]/hurd/master.build/libbacktrace'
PASS: backtrace_full noinline
PASS: backtrace_full inline
PASS: backtrace_simple noinline
PASS: backtrace_simple inline
PASS: btest
=============
1 test passed
=============
make[2]: Leaving directory `[...]/hurd/master.build/libbacktrace'
make[1]: Leaving directory `[...]/hurd/master.build/libbacktrace'
make[1]: Entering directory `[...]/hurd/master.build/libcpp'
make[1]: Nothing to be done for `check'.
make[1]: Leaving directory `[...]/hurd/master.build/libcpp'
make[1]: Entering directory `[...]/hurd/master.build/libdecnumber'
make[1]: Nothing to be done for `check'.
make[1]: Leaving directory `[...]/hurd/master.build/libdecnumber'
make[1]: Entering directory `[...]/hurd/master.build/libiberty'
make[2]: Entering directory `[...]/hurd/master.build/libiberty/testsuite'
gcc-4.6 -DHAVE_CONFIG_H -g -O2 -I.. -I../../../master/libiberty/testsuite/../../include  -o test-demangle \
		../../../master/libiberty/testsuite/test-demangle.c ../libiberty.a
./test-demangle < ../../../master/libiberty/testsuite/demangle-expected
./test-demangle: 878 tests, 0 failures
gcc-4.6 -DHAVE_CONFIG_H -g -O2 -I.. -I../../../master/libiberty/testsuite/../../include  -DHAVE_CONFIG_H -I.. -o test-pexecute \
		../../../master/libiberty/testsuite/test-pexecute.c ../libiberty.a
./test-pexecute
gcc-4.6 -DHAVE_CONFIG_H -g -O2 -I.. -I../../../master/libiberty/testsuite/../../include  -DHAVE_CONFIG_H -I.. -o test-expandargv \
		../../../master/libiberty/testsuite/test-expandargv.c ../libiberty.a
./test-expandargv
PASS: test-expandargv-0.
PASS: test-expandargv-1.
PASS: test-expandargv-2.
PASS: test-expandargv-3.
PASS: test-expandargv-4.
PASS: test-expandargv-5.
PASS: test-expandargv-6.
make[2]: Leaving directory `[...]/hurd/master.build/libiberty/testsuite'
make[1]: Leaving directory `[...]/hurd/master.build/libiberty'
make: Nothing to be done for `check-zlib'.
make[1]: Entering directory `[...]/hurd/master.build/gnattools'
make[1]: Nothing to be done for `check'.
make[1]: Leaving directory `[...]/hurd/master.build/gnattools'
make[1]: Entering directory `[...]/hurd/master.build/lto-plugin'
make[1]: Nothing to be done for `check'.
make[1]: Leaving directory `[...]/hurd/master.build/lto-plugin'
make[1]: Entering directory `[...]/hurd/master.build/i686-unknown-gnu0.3/libstdc++-v3'
Making check in include
make[2]: Entering directory `[...]/hurd/master.build/i686-unknown-gnu0.3/libstdc++-v3/include'
make[2]: Nothing to be done for `check'.
make[2]: Leaving directory `[...]/hurd/master.build/i686-unknown-gnu0.3/libstdc++-v3/include'
Making check in libsupc++
make[2]: Entering directory `[...]/hurd/master.build/i686-unknown-gnu0.3/libstdc++-v3/libsupc++'
make[2]: Nothing to be done for `check'.
make[2]: Leaving directory `[...]/hurd/master.build/i686-unknown-gnu0.3/libstdc++-v3/libsupc++'
Making check in src
make[2]: Entering directory `[...]/hurd/master.build/i686-unknown-gnu0.3/libstdc++-v3/src'
Making check in c++98
make[3]: Entering directory `[...]/hurd/master.build/i686-unknown-gnu0.3/libstdc++-v3/src/c++98'
make[3]: Nothing to be done for `check'.
make[3]: Leaving directory `[...]/hurd/master.build/i686-unknown-gnu0.3/libstdc++-v3/src/c++98'
Making check in c++11
make[3]: Entering directory `[...]/hurd/master.build/i686-unknown-gnu0.3/libstdc++-v3/src/c++11'
make[3]: Nothing to be done for `check'.
make[3]: Leaving directory `[...]/hurd/master.build/i686-unknown-gnu0.3/libstdc++-v3/src/c++11'
make[3]: Entering directory `[...]/hurd/master.build/i686-unknown-gnu0.3/libstdc++-v3/src'
make[3]: Nothing to be done for `check-am'.
make[3]: Leaving directory `[...]/hurd/master.build/i686-unknown-gnu0.3/libstdc++-v3/src'
make[2]: Leaving directory `[...]/hurd/master.build/i686-unknown-gnu0.3/libstdc++-v3/src'
Making check in doc
make[2]: Entering directory `[...]/hurd/master.build/i686-unknown-gnu0.3/libstdc++-v3/doc'
make[2]: Nothing to be done for `check'.
make[2]: Leaving directory `[...]/hurd/master.build/i686-unknown-gnu0.3/libstdc++-v3/doc'
Making check in po
make[2]: Entering directory `[...]/hurd/master.build/i686-unknown-gnu0.3/libstdc++-v3/po'
/bin/dash [...]/hurd/master/libstdc++-v3/../mkinstalldirs [...]/hurd/master.build/i686-unknown-gnu0.3/libstdc++-v3/po/share/locale
mkdir -p -- [...]/hurd/master.build/i686-unknown-gnu0.3/libstdc++-v3/po/share/locale
catalogs='de.mo fr.mo'; \
	for cat in $catalogs; do \
	  cat=`basename $cat`; \
	  lang=`echo $cat | sed 's/\.mo$//'`; \
	  install_dir=[...]/hurd/master.build/i686-unknown-gnu0.3/libstdc++-v3/po/share/locale/$lang/LC_MESSAGES; \
	  /bin/dash [...]/hurd/master/libstdc++-v3/../mkinstalldirs $install_dir; \
	  /usr/bin/install -c -m 644 $cat $install_dir/libstdc++.mo; \
	done
mkdir -p -- [...]/hurd/master.build/i686-unknown-gnu0.3/libstdc++-v3/po/share/locale/de/LC_MESSAGES
mkdir -p -- [...]/hurd/master.build/i686-unknown-gnu0.3/libstdc++-v3/po/share/locale/fr/LC_MESSAGES
make[2]: Leaving directory `[...]/hurd/master.build/i686-unknown-gnu0.3/libstdc++-v3/po'
Making check in testsuite
make[2]: Entering directory `[...]/hurd/master.build/i686-unknown-gnu0.3/libstdc++-v3/testsuite'
make  check-DEJAGNU
make[3]: Entering directory `[...]/hurd/master.build/i686-unknown-gnu0.3/libstdc++-v3/testsuite'
Making a new site.exp file...
AR="ar"; export AR; \
	RANLIB="ranlib"; export RANLIB; \
	if [ -z "" ] \
	    && [ "" = "-j" ]; then \
	  make  check-DEJAGNUnormal0 check-DEJAGNUnormal1 check-DEJAGNUnormal2 check-DEJAGNUnormal3 check-DEJAGNUnormal4 check-DEJAGNUnormal5 check-DEJAGNUnormal6 check-DEJAGNUnormal7 check-DEJAGNUnormal8 check-DEJAGNUnormal9; \
	  for idx in 0 1 2 3 4 5 6 7 8 9; do \
	    mv -f normal$idx/libstdc++.sum normal$idx/libstdc++.sum.sep; \
	    mv -f normal$idx/libstdc++.log normal$idx/libstdc++.log.sep; \
	  done; \
	  mv -f libstdc++.sum libstdc++.sum.sep; \
	  mv -f libstdc++.log libstdc++.log.sep; \
	  /bin/dash ../../../../master/libstdc++-v3/testsuite/../../contrib/dg-extract-results.sh \
	    libstdc++.sum.sep normal[0-9]/libstdc++.sum.sep > libstdc++.sum; \
	  /bin/dash ../../../../master/libstdc++-v3/testsuite/../../contrib/dg-extract-results.sh -L \
	    libstdc++.log.sep normal[0-9]/libstdc++.log.sep > libstdc++.log; \
	  exit 0; \
	fi; \
	srcdir=`CDPATH="${ZSH_VERSION+.}:" && cd ../../../../master/libstdc++-v3/testsuite && pwd`; export srcdir; \
	EXPECT=expect; export EXPECT; \
	runtest=runtest; \
	if [ -z "$runtest" ]; then runtest=runtest; fi; \
	tool=libstdc++; \
	dirs=; \
	case "" in \
	  normal0) \
	    if /bin/dash -c "$runtest --version" > /dev/null 2>&1; then \
	      $runtest  --tool $tool --srcdir $srcdir \
			 abi.exp prettyprinters.exp; \
	    else echo "WARNING: could not find \`runtest'" 1>&2; :;\
	    fi; \
	    dirs="`cd $srcdir; echo [013-9][0-9]_*/*`";; \
	  normal1) \
	    dirs="`cd $srcdir; echo [ab]* de* [ep]*/*`";; \
	  normal2) \
	    dirs="`cd $srcdir; echo 2[01]_*/*`";; \
	  normal3) \
	    dirs="`cd $srcdir; echo 22_*/*`";; \
	  normal4) \
	    dirs="`cd $srcdir; echo 23_*/[a-km-tw-z]*`";; \
	  normal5) \
	    dirs="`cd $srcdir; echo 23_*/[luv]*`";; \
	  normal6) \
	    dirs="`cd $srcdir; echo 2[459]_*/*`";; \
	  normal7) \
	    dirs="`cd $srcdir; echo 2[68]_*/*`";; \
	  normal8) \
	    dirs="`cd $srcdir; echo 27_*/*`";; \
	  normal9) \
	    dirs="`cd $srcdir; echo t*/*`";; \
	esac; \
	if [ -n "" ]; then cd ""; fi; \
	if /bin/dash -c "$runtest --version" > /dev/null 2>&1; then \
	  if [ -n "$dirs" ]; then \
	    $runtest  --tool $tool --srcdir $srcdir \
		     \
		    "conformance.exp=`echo $dirs | sed 's/ /* /g;s/$/*/'`"; \
	  else \
	    $runtest  --tool $tool --srcdir $srcdir \
		    ; \
	  fi; \
	else echo "WARNING: could not find \`runtest'" 1>&2; :;\
	fi
Test Run By thomas on Thu Feb 21 22:33:10 2013
Native configuration is i686-unknown-gnu0.3

		=== libstdc++ tests ===

Schedule of variations:
    unix

Running target unix
Using /usr/share/dejagnu/baseboards/unix.exp as board description file for target.
Using /usr/share/dejagnu/config/unix.exp as generic interface file for target.
Using [...]/hurd/master/libstdc++-v3/testsuite/config/default.exp as tool-and-target-specific interface file.
Running [...]/hurd/master/libstdc++-v3/testsuite/libstdc++-abi/abi.exp ...
Running [...]/hurd/master/libstdc++-v3/testsuite/libstdc++-dg/conformance.exp ...
XPASS: 22_locale/ctype/is/char/2.cc execution test
FAIL: 22_locale/time_get/get_date/wchar_t/4.cc execution test
FAIL: 26_numerics/headers/cmath/c99_classification_macros_c.cc (test for excess errors)
FAIL: 27_io/basic_filebuf/close/char/4879.cc execution test
FAIL: 27_io/basic_filebuf/close/char/9964.cc execution test
FAIL: 27_io/basic_filebuf/imbue/char/13171-2.cc execution test
FAIL: 27_io/basic_filebuf/imbue/wchar_t/14975-2.cc execution test
WARNING: program timed out.
FAIL: 27_io/basic_filebuf/open/char/9507.cc execution test
FAIL: 27_io/basic_filebuf/seekoff/char/26777.cc execution test
WARNING: program timed out.
FAIL: 27_io/basic_filebuf/showmanyc/char/9533-1.cc execution test
FAIL: 27_io/basic_filebuf/underflow/char/10097.cc execution test
FAIL: 27_io/objects/char/7.cc execution test
FAIL: 27_io/objects/char/9661-1.cc execution test
FAIL: 27_io/objects/wchar_t/7.cc execution test
FAIL: 27_io/objects/wchar_t/9661-1.cc execution test
FAIL: 30_threads/condition_variable/members/53841.cc (test for excess errors)
Running [...]/hurd/master/libstdc++-v3/testsuite/libstdc++-prettyprinters/prettyprinters.exp ...

		=== libstdc++ Summary ===

# of expected passes		8838
# of unexpected failures	15
# of unexpected successes	1
# of expected failures		44
# of unsupported tests		388
make[3]: *** [check-DEJAGNU] Error 1
make[3]: Leaving directory `[...]/hurd/master.build/i686-unknown-gnu0.3/libstdc++-v3/testsuite'
make[2]: *** [check-am] Error 2
make[2]: Target `check' not remade because of errors.
make[2]: Leaving directory `[...]/hurd/master.build/i686-unknown-gnu0.3/libstdc++-v3/testsuite'
Making check in python
make[2]: Entering directory `[...]/hurd/master.build/i686-unknown-gnu0.3/libstdc++-v3/python'
make[2]: Nothing to be done for `check'.
make[2]: Leaving directory `[...]/hurd/master.build/i686-unknown-gnu0.3/libstdc++-v3/python'
make[2]: Entering directory `[...]/hurd/master.build/i686-unknown-gnu0.3/libstdc++-v3'
make "AR_FLAGS=rc" "CC_FOR_BUILD=gcc-4.6" "CC_FOR_TARGET=[...]/hurd/master.build/./gcc/xgcc -B[...]/hurd/master.build/./gcc/" "CFLAGS=-g -O2" "CXXFLAGS=-g -O2 -D_GNU_SOURCE" "CFLAGS_FOR_BUILD=-g -O2" "CFLAGS_FOR_TARGET=-g -O2" "INSTALL=/usr/bin/install -c" "INSTALL_DATA=/usr/bin/install -c -m 644" "INSTALL_PROGRAM=/usr/bin/install -c" "INSTALL_SCRIPT=/usr/bin/install -c" "LDFLAGS=" "LIBCFLAGS=-g -O2" "LIBCFLAGS_FOR_TARGET=-g -O2" "MAKE=make" "MAKEINFO=makeinfo --split-size=5000000  " "SHELL=/bin/dash" "RUNTESTFLAGS=" "exec_prefix=[...]/hurd/master.build.install" "infodir=[...]/hurd/master.build.install/share/info" "libdir=[...]/hurd/master.build.install/lib" "includedir=[...]/hurd/master.build.install/include" "prefix=[...]/hurd/master.build.install" "tooldir=[...]/hurd/master.build.install/i686-unknown-gnu0.3" "gxx_include_dir=[...]/hurd/master.build.install/include/c++/4.8.0" "AR=ar" "AS=[...]/hurd/master.build/./gcc/as" "LD=[...]/hurd/master.build/./gcc/collect-ld" "RANLIB=ranlib" "NM=[...]/hurd/master.build/./gcc/nm" "NM_FOR_BUILD=" "NM_FOR_TARGET=nm" "DESTDIR=" "WERROR=" DO=all multi-do # make
make[3]: Entering directory `[...]/hurd/master.build/i686-unknown-gnu0.3/libstdc++-v3'
if [ -z "" ]; then \
	  true; \
	else \
	  rootpre=`${PWDCMD-pwd}`/; export rootpre; \
	  srcrootpre=`cd ../../../master/libstdc++-v3; ${PWDCMD-pwd}`/; export srcrootpre; \
	  lib=`echo "${rootpre}" | sed -e 's,^.*/\([^/][^/]*\)/$,\1,'`; \
	  compiler="[...]/hurd/master.build/./gcc/xgcc -B[...]/hurd/master.build/./gcc/ -B[...]/hurd/master.build.install/i686-unknown-gnu0.3/bin/ -B[...]/hurd/master.build.install/i686-unknown-gnu0.3/lib/ -isystem [...]/hurd/master.build.install/i686-unknown-gnu0.3/include -isystem [...]/hurd/master.build.install/i686-unknown-gnu0.3/sys-include   "; \
	  for i in `${compiler} --print-multi-lib 2>/dev/null`; do \
	    dir=`echo $i | sed -e 's/;.*$//'`; \
	    if [ "${dir}" = "." ]; then \
	      true; \
	    else \
	      if [ -d ../${dir}/${lib} ]; then \
		flags=`echo $i | sed -e 's/^[^;]*;//' -e 's/@/ -/g'`; \
		if (cd ../${dir}/${lib}; make "AR_FLAGS=rc" "CC_FOR_BUILD=gcc-4.6" "CC_FOR_TARGET=[...]/hurd/master.build/./gcc/xgcc -B[...]/hurd/master.build/./gcc/" "CFLAGS=-g -O2" "CXXFLAGS=-g -O2 -D_GNU_SOURCE" "CFLAGS_FOR_BUILD=-g -O2" "CFLAGS_FOR_TARGET=-g -O2" "INSTALL=/usr/bin/install -c" "INSTALL_DATA=/usr/bin/install -c -m 644" "INSTALL_PROGRAM=/usr/bin/install -c" "INSTALL_SCRIPT=/usr/bin/install -c" "LDFLAGS=" "LIBCFLAGS=-g -O2" "LIBCFLAGS_FOR_TARGET=-g -O2" "MAKE=make" "MAKEINFO=makeinfo --split-size=5000000   " "SHELL=/bin/dash" "RUNTESTFLAGS=" "exec_prefix=[...]/hurd/master.build.install" "infodir=[...]/hurd/master.build.install/share/info" "libdir=[...]/hurd/master.build.install/lib" "includedir=[...]/hurd/master.build.install/include" "prefix=[...]/hurd/master.build.install" "tooldir=[...]/hurd/master.build.install/i686-unknown-gnu0.3" "gxx_include_dir=[...]/hurd/master.build.install/include/c++/4.8.0" "AR=ar" "AS=[...]/hurd/master.build/./gcc/as" "LD=[...]/hurd/master.build/./gcc/collect-ld" "RANLIB=ranlib" "NM=[...]/hurd/master.build/./gcc/nm" "NM_FOR_BUILD=" "NM_FOR_TARGET=nm" "DESTDIR=" "WERROR=" \
				CFLAGS="-g -O2 ${flags}" \
				CCASFLAGS=" ${flags}" \
				FCFLAGS=" ${flags}" \
				FFLAGS=" ${flags}" \
				ADAFLAGS=" ${flags}" \
				prefix="[...]/hurd/master.build.install" \
				exec_prefix="[...]/hurd/master.build.install" \
				GCJFLAGS=" ${flags}" \
				GOCFLAGS="-O2 -g ${flags}" \
				CXXFLAGS="-g -O2 -D_GNU_SOURCE ${flags}" \
				LIBCFLAGS="-g -O2 ${flags}" \
				LIBCXXFLAGS="-g -O2 -D_GNU_SOURCE -fno-implicit-templates ${flags}" \
				LDFLAGS=" ${flags}" \
				MULTIFLAGS="${flags}" \
				DESTDIR="" \
				INSTALL="/usr/bin/install -c" \
				INSTALL_DATA="/usr/bin/install -c -m 644" \
				INSTALL_PROGRAM="/usr/bin/install -c" \
				INSTALL_SCRIPT="/usr/bin/install -c" \
				all); then \
		  true; \
		else \
		  exit 1; \
		fi; \
	      else true; \
	      fi; \
	    fi; \
	  done; \
	fi
make[3]: Leaving directory `[...]/hurd/master.build/i686-unknown-gnu0.3/libstdc++-v3'
make[2]: Leaving directory `[...]/hurd/master.build/i686-unknown-gnu0.3/libstdc++-v3'
make[1]: *** [check-recursive] Error 1
make[1]: Target `check' not remade because of errors.
make[1]: Leaving directory `[...]/hurd/master.build/i686-unknown-gnu0.3/libstdc++-v3'
make: *** [check-target-libstdc++-v3] Error 2
make[1]: Entering directory `[...]/hurd/master.build/i686-unknown-gnu0.3/libmudflap'
Making check in testsuite
make[2]: Entering directory `[...]/hurd/master.build/i686-unknown-gnu0.3/libmudflap/testsuite'
make  check-DEJAGNU
make[3]: Entering directory `[...]/hurd/master.build/i686-unknown-gnu0.3/libmudflap/testsuite'
Making a new site.exp file...
srcdir=`CDPATH="${ZSH_VERSION+.}:" && cd ../../../../master/libmudflap/testsuite && pwd`; export srcdir; \
	EXPECT=`if [ -f ../../expect/expect ] ; then echo ../../expect/expect ; else echo expect ; fi`; export EXPECT; \
	runtest=`if [ -f ../../../../master/libmudflap/testsuite/../../dejagnu/runtest ] ; then echo ../../../../master/libmudflap/testsuite/../../dejagnu/runtest ; else echo runtest ;  fi`; \
	if /bin/dash -c "$runtest --version" > /dev/null 2>&1; then \
	  exit_status=0; l='libmudflap'; for tool in $l; do \
	    if $runtest  --tool $tool --srcdir $srcdir ; \
	    then :; else exit_status=1; fi; \
	  done; \
	else echo "WARNING: could not find \`runtest'" 1>&2; :;\
	fi; \
	exit $exit_status
Test Run By thomas on Fri Feb 22 04:52:28 2013
Native configuration is i686-unknown-gnu0.3

		=== libmudflap tests ===

Schedule of variations:
    unix

Running target unix
Using /usr/share/dejagnu/baseboards/unix.exp as board description file for target.
Using /usr/share/dejagnu/config/unix.exp as generic interface file for target.
Using [...]/hurd/master/libmudflap/testsuite/config/default.exp as tool-and-target-specific interface file.
Running [...]/hurd/master/libmudflap/testsuite/libmudflap.c/cfrags.exp ...
FAIL: libmudflap.c/fail37-frag.c (-O2) crash test
FAIL: libmudflap.c/fail37-frag.c (-O2) output pattern test
FAIL: libmudflap.c/fail37-frag.c (-O3) crash test
FAIL: libmudflap.c/fail37-frag.c (-O3) output pattern test
Running [...]/hurd/master/libmudflap/testsuite/libmudflap.c/externs.exp ...
Running [...]/hurd/master/libmudflap/testsuite/libmudflap.c++/c++frags.exp ...
FAIL: libmudflap.c++/pass41-frag.cxx (-static) execution test
FAIL: libmudflap.c++/pass41-frag.cxx ( -O) execution test
FAIL: libmudflap.c++/pass41-frag.cxx (-O2) execution test
FAIL: libmudflap.c++/pass41-frag.cxx (-O3) execution test
Running [...]/hurd/master/libmudflap/testsuite/libmudflap.c++/ctors.exp ...
Running [...]/hurd/master/libmudflap/testsuite/libmudflap.cth/cthfrags.exp ...
FAIL: libmudflap.cth/pass37-frag.c (-O0) execution test
FAIL: libmudflap.cth/pass37-frag.c (-O0) output pattern test
FAIL: libmudflap.cth/pass37-frag.c (-O0) (rerun 1) execution test
FAIL: libmudflap.cth/pass37-frag.c (-O0) (rerun 1) output pattern test
FAIL: libmudflap.cth/pass37-frag.c (-O0) (rerun 2) execution test
FAIL: libmudflap.cth/pass37-frag.c (-O0) (rerun 2) output pattern test
FAIL: libmudflap.cth/pass37-frag.c (-O0) (rerun 3) execution test
FAIL: libmudflap.cth/pass37-frag.c (-O0) (rerun 3) output pattern test
FAIL: libmudflap.cth/pass37-frag.c (-O0) (rerun 4) execution test
FAIL: libmudflap.cth/pass37-frag.c (-O0) (rerun 4) output pattern test
FAIL: libmudflap.cth/pass37-frag.c (-O0) (rerun 5) execution test
FAIL: libmudflap.cth/pass37-frag.c (-O0) (rerun 5) output pattern test
FAIL: libmudflap.cth/pass37-frag.c (-O0) (rerun 6) execution test
FAIL: libmudflap.cth/pass37-frag.c (-O0) (rerun 6) output pattern test
FAIL: libmudflap.cth/pass37-frag.c (-O0) (rerun 7) execution test
FAIL: libmudflap.cth/pass37-frag.c (-O0) (rerun 7) output pattern test
FAIL: libmudflap.cth/pass37-frag.c (-O0) (rerun 8) execution test
FAIL: libmudflap.cth/pass37-frag.c (-O0) (rerun 8) output pattern test
FAIL: libmudflap.cth/pass37-frag.c (-O0) (rerun 9) execution test
FAIL: libmudflap.cth/pass37-frag.c (-O0) (rerun 9) output pattern test
FAIL: libmudflap.cth/pass37-frag.c (-O0) (rerun 10) execution test
FAIL: libmudflap.cth/pass37-frag.c (-O0) (rerun 10) output pattern test
FAIL: libmudflap.cth/pass37-frag.c (-O0) (rerun 11) execution test
FAIL: libmudflap.cth/pass37-frag.c (-O0) (rerun 11) output pattern test
FAIL: libmudflap.cth/pass37-frag.c (-O0) (rerun 12) execution test
FAIL: libmudflap.cth/pass37-frag.c (-O0) (rerun 12) output pattern test
FAIL: libmudflap.cth/pass37-frag.c (-O0) (rerun 13) execution test
FAIL: libmudflap.cth/pass37-frag.c (-O0) (rerun 13) output pattern test
FAIL: libmudflap.cth/pass37-frag.c (-O0) (rerun 14) execution test
FAIL: libmudflap.cth/pass37-frag.c (-O0) (rerun 14) output pattern test
FAIL: libmudflap.cth/pass37-frag.c (-O0) (rerun 15) execution test
FAIL: libmudflap.cth/pass37-frag.c (-O0) (rerun 15) output pattern test
FAIL: libmudflap.cth/pass37-frag.c (-O0) (rerun 16) execution test
FAIL: libmudflap.cth/pass37-frag.c (-O0) (rerun 16) output pattern test
FAIL: libmudflap.cth/pass37-frag.c (-O0) (rerun 17) execution test
FAIL: libmudflap.cth/pass37-frag.c (-O0) (rerun 17) output pattern test
FAIL: libmudflap.cth/pass37-frag.c (-O0) (rerun 18) execution test
FAIL: libmudflap.cth/pass37-frag.c (-O0) (rerun 18) output pattern test
FAIL: libmudflap.cth/pass37-frag.c (-O0) (rerun 19) execution test
FAIL: libmudflap.cth/pass37-frag.c (-O0) (rerun 19) output pattern test
FAIL: libmudflap.cth/pass39-frag.c (-O0) execution test
FAIL: libmudflap.cth/pass39-frag.c (-O0) output pattern test
FAIL: libmudflap.cth/pass39-frag.c (-O0) (rerun 1) execution test
FAIL: libmudflap.cth/pass39-frag.c (-O0) (rerun 1) output pattern test
FAIL: libmudflap.cth/pass39-frag.c (-O0) (rerun 2) execution test
FAIL: libmudflap.cth/pass39-frag.c (-O0) (rerun 2) output pattern test
FAIL: libmudflap.cth/pass39-frag.c (-O0) (rerun 3) execution test
FAIL: libmudflap.cth/pass39-frag.c (-O0) (rerun 3) output pattern test
FAIL: libmudflap.cth/pass39-frag.c (-O0) (rerun 4) execution test
FAIL: libmudflap.cth/pass39-frag.c (-O0) (rerun 4) output pattern test
FAIL: libmudflap.cth/pass39-frag.c (-O0) (rerun 5) execution test
FAIL: libmudflap.cth/pass39-frag.c (-O0) (rerun 5) output pattern test
FAIL: libmudflap.cth/pass39-frag.c (-O0) (rerun 6) execution test
FAIL: libmudflap.cth/pass39-frag.c (-O0) (rerun 6) output pattern test
FAIL: libmudflap.cth/pass39-frag.c (-O0) (rerun 7) execution test
FAIL: libmudflap.cth/pass39-frag.c (-O0) (rerun 7) output pattern test
FAIL: libmudflap.cth/pass39-frag.c (-O0) (rerun 8) execution test
FAIL: libmudflap.cth/pass39-frag.c (-O0) (rerun 8) output pattern test
FAIL: libmudflap.cth/pass39-frag.c (-O0) (rerun 9) execution test
FAIL: libmudflap.cth/pass39-frag.c (-O0) (rerun 9) output pattern test
FAIL: libmudflap.cth/pass39-frag.c (-O0) (rerun 10) execution test
FAIL: libmudflap.cth/pass39-frag.c (-O0) (rerun 10) output pattern test
FAIL: libmudflap.cth/pass39-frag.c (-O0) (rerun 11) execution test
FAIL: libmudflap.cth/pass39-frag.c (-O0) (rerun 11) output pattern test
FAIL: libmudflap.cth/pass39-frag.c (-O0) (rerun 12) execution test
FAIL: libmudflap.cth/pass39-frag.c (-O0) (rerun 12) output pattern test
FAIL: libmudflap.cth/pass39-frag.c (-O0) (rerun 13) execution test
FAIL: libmudflap.cth/pass39-frag.c (-O0) (rerun 13) output pattern test
FAIL: libmudflap.cth/pass39-frag.c (-O0) (rerun 14) execution test
FAIL: libmudflap.cth/pass39-frag.c (-O0) (rerun 14) output pattern test
FAIL: libmudflap.cth/pass39-frag.c (-O0) (rerun 15) execution test
FAIL: libmudflap.cth/pass39-frag.c (-O0) (rerun 15) output pattern test
FAIL: libmudflap.cth/pass39-frag.c (-O0) (rerun 16) execution test
FAIL: libmudflap.cth/pass39-frag.c (-O0) (rerun 16) output pattern test
FAIL: libmudflap.cth/pass39-frag.c (-O0) (rerun 17) execution test
FAIL: libmudflap.cth/pass39-frag.c (-O0) (rerun 17) output pattern test
FAIL: libmudflap.cth/pass39-frag.c (-O0) (rerun 18) execution test
FAIL: libmudflap.cth/pass39-frag.c (-O0) (rerun 18) output pattern test
FAIL: libmudflap.cth/pass39-frag.c (-O0) (rerun 19) execution test
FAIL: libmudflap.cth/pass39-frag.c (-O0) (rerun 19) output pattern test
FAIL: libmudflap.cth/pass40-frag.c (-O0) execution test
FAIL: libmudflap.cth/pass40-frag.c (-O0) output pattern test
FAIL: libmudflap.cth/pass59-frag.c (-O0) execution test
FAIL: libmudflap.cth/pass59-frag.c (-O0) output pattern test
FAIL: libmudflap.cth/pass37-frag.c (-O2) execution test
FAIL: libmudflap.cth/pass37-frag.c (-O2) output pattern test
FAIL: libmudflap.cth/pass37-frag.c (-O2) (rerun 1) execution test
FAIL: libmudflap.cth/pass37-frag.c (-O2) (rerun 1) output pattern test
FAIL: libmudflap.cth/pass37-frag.c (-O2) (rerun 2) execution test
FAIL: libmudflap.cth/pass37-frag.c (-O2) (rerun 2) output pattern test
FAIL: libmudflap.cth/pass37-frag.c (-O2) (rerun 3) execution test
FAIL: libmudflap.cth/pass37-frag.c (-O2) (rerun 3) output pattern test
FAIL: libmudflap.cth/pass37-frag.c (-O2) (rerun 4) execution test
FAIL: libmudflap.cth/pass37-frag.c (-O2) (rerun 4) output pattern test
FAIL: libmudflap.cth/pass37-frag.c (-O2) (rerun 5) execution test
FAIL: libmudflap.cth/pass37-frag.c (-O2) (rerun 5) output pattern test
FAIL: libmudflap.cth/pass37-frag.c (-O2) (rerun 6) execution test
FAIL: libmudflap.cth/pass37-frag.c (-O2) (rerun 6) output pattern test
FAIL: libmudflap.cth/pass37-frag.c (-O2) (rerun 7) execution test
FAIL: libmudflap.cth/pass37-frag.c (-O2) (rerun 7) output pattern test
FAIL: libmudflap.cth/pass37-frag.c (-O2) (rerun 8) execution test
FAIL: libmudflap.cth/pass37-frag.c (-O2) (rerun 8) output pattern test
FAIL: libmudflap.cth/pass37-frag.c (-O2) (rerun 9) execution test
FAIL: libmudflap.cth/pass37-frag.c (-O2) (rerun 9) output pattern test
FAIL: libmudflap.cth/pass37-frag.c (-O2) (rerun 10) execution test
FAIL: libmudflap.cth/pass37-frag.c (-O2) (rerun 10) output pattern test
FAIL: libmudflap.cth/pass37-frag.c (-O2) (rerun 11) execution test
FAIL: libmudflap.cth/pass37-frag.c (-O2) (rerun 11) output pattern test
FAIL: libmudflap.cth/pass37-frag.c (-O2) (rerun 12) execution test
FAIL: libmudflap.cth/pass37-frag.c (-O2) (rerun 12) output pattern test
FAIL: libmudflap.cth/pass37-frag.c (-O2) (rerun 13) execution test
FAIL: libmudflap.cth/pass37-frag.c (-O2) (rerun 13) output pattern test
FAIL: libmudflap.cth/pass37-frag.c (-O2) (rerun 14) execution test
FAIL: libmudflap.cth/pass37-frag.c (-O2) (rerun 14) output pattern test
FAIL: libmudflap.cth/pass37-frag.c (-O2) (rerun 15) execution test
FAIL: libmudflap.cth/pass37-frag.c (-O2) (rerun 15) output pattern test
FAIL: libmudflap.cth/pass37-frag.c (-O2) (rerun 16) execution test
FAIL: libmudflap.cth/pass37-frag.c (-O2) (rerun 16) output pattern test
FAIL: libmudflap.cth/pass37-frag.c (-O2) (rerun 17) execution test
FAIL: libmudflap.cth/pass37-frag.c (-O2) (rerun 17) output pattern test
FAIL: libmudflap.cth/pass37-frag.c (-O2) (rerun 18) execution test
FAIL: libmudflap.cth/pass37-frag.c (-O2) (rerun 18) output pattern test
FAIL: libmudflap.cth/pass37-frag.c (-O2) (rerun 19) execution test
FAIL: libmudflap.cth/pass37-frag.c (-O2) (rerun 19) output pattern test
FAIL: libmudflap.cth/pass39-frag.c (-O2) execution test
FAIL: libmudflap.cth/pass39-frag.c (-O2) output pattern test
FAIL: libmudflap.cth/pass39-frag.c (-O2) (rerun 1) execution test
FAIL: libmudflap.cth/pass39-frag.c (-O2) (rerun 1) output pattern test
FAIL: libmudflap.cth/pass39-frag.c (-O2) (rerun 2) execution test
FAIL: libmudflap.cth/pass39-frag.c (-O2) (rerun 2) output pattern test
FAIL: libmudflap.cth/pass39-frag.c (-O2) (rerun 3) execution test
FAIL: libmudflap.cth/pass39-frag.c (-O2) (rerun 3) output pattern test
FAIL: libmudflap.cth/pass39-frag.c (-O2) (rerun 4) execution test
FAIL: libmudflap.cth/pass39-frag.c (-O2) (rerun 4) output pattern test
FAIL: libmudflap.cth/pass39-frag.c (-O2) (rerun 5) execution test
FAIL: libmudflap.cth/pass39-frag.c (-O2) (rerun 5) output pattern test
FAIL: libmudflap.cth/pass39-frag.c (-O2) (rerun 6) execution test
FAIL: libmudflap.cth/pass39-frag.c (-O2) (rerun 6) output pattern test
FAIL: libmudflap.cth/pass39-frag.c (-O2) (rerun 7) execution test
FAIL: libmudflap.cth/pass39-frag.c (-O2) (rerun 7) output pattern test
FAIL: libmudflap.cth/pass39-frag.c (-O2) (rerun 8) execution test
FAIL: libmudflap.cth/pass39-frag.c (-O2) (rerun 8) output pattern test
FAIL: libmudflap.cth/pass39-frag.c (-O2) (rerun 9) execution test
FAIL: libmudflap.cth/pass39-frag.c (-O2) (rerun 9) output pattern test
FAIL: libmudflap.cth/pass39-frag.c (-O2) (rerun 10) execution test
FAIL: libmudflap.cth/pass39-frag.c (-O2) (rerun 10) output pattern test
FAIL: libmudflap.cth/pass39-frag.c (-O2) (rerun 11) execution test
FAIL: libmudflap.cth/pass39-frag.c (-O2) (rerun 11) output pattern test
FAIL: libmudflap.cth/pass39-frag.c (-O2) (rerun 12) execution test
FAIL: libmudflap.cth/pass39-frag.c (-O2) (rerun 12) output pattern test
FAIL: libmudflap.cth/pass39-frag.c (-O2) (rerun 13) execution test
FAIL: libmudflap.cth/pass39-frag.c (-O2) (rerun 13) output pattern test
FAIL: libmudflap.cth/pass39-frag.c (-O2) (rerun 14) execution test
FAIL: libmudflap.cth/pass39-frag.c (-O2) (rerun 14) output pattern test
FAIL: libmudflap.cth/pass39-frag.c (-O2) (rerun 15) execution test
FAIL: libmudflap.cth/pass39-frag.c (-O2) (rerun 15) output pattern test
FAIL: libmudflap.cth/pass39-frag.c (-O2) (rerun 16) execution test
FAIL: libmudflap.cth/pass39-frag.c (-O2) (rerun 16) output pattern test
FAIL: libmudflap.cth/pass39-frag.c (-O2) (rerun 17) execution test
FAIL: libmudflap.cth/pass39-frag.c (-O2) (rerun 17) output pattern test
FAIL: libmudflap.cth/pass39-frag.c (-O2) (rerun 18) execution test
FAIL: libmudflap.cth/pass39-frag.c (-O2) (rerun 18) output pattern test
FAIL: libmudflap.cth/pass39-frag.c (-O2) (rerun 19) execution test
FAIL: libmudflap.cth/pass39-frag.c (-O2) (rerun 19) output pattern test
FAIL: libmudflap.cth/pass40-frag.c (-O2) execution test
FAIL: libmudflap.cth/pass40-frag.c (-O2) output pattern test
FAIL: libmudflap.cth/pass59-frag.c (-O2) execution test
FAIL: libmudflap.cth/pass59-frag.c (-O2) output pattern test
FAIL: libmudflap.cth/pass37-frag.c (-O3) execution test
FAIL: libmudflap.cth/pass37-frag.c (-O3) output pattern test
FAIL: libmudflap.cth/pass37-frag.c (-O3) (rerun 1) execution test
FAIL: libmudflap.cth/pass37-frag.c (-O3) (rerun 1) output pattern test
FAIL: libmudflap.cth/pass37-frag.c (-O3) (rerun 2) execution test
FAIL: libmudflap.cth/pass37-frag.c (-O3) (rerun 2) output pattern test
FAIL: libmudflap.cth/pass37-frag.c (-O3) (rerun 3) execution test
FAIL: libmudflap.cth/pass37-frag.c (-O3) (rerun 3) output pattern test
FAIL: libmudflap.cth/pass37-frag.c (-O3) (rerun 4) execution test
FAIL: libmudflap.cth/pass37-frag.c (-O3) (rerun 4) output pattern test
FAIL: libmudflap.cth/pass37-frag.c (-O3) (rerun 5) execution test
FAIL: libmudflap.cth/pass37-frag.c (-O3) (rerun 5) output pattern test
FAIL: libmudflap.cth/pass37-frag.c (-O3) (rerun 6) execution test
FAIL: libmudflap.cth/pass37-frag.c (-O3) (rerun 6) output pattern test
FAIL: libmudflap.cth/pass37-frag.c (-O3) (rerun 7) execution test
FAIL: libmudflap.cth/pass37-frag.c (-O3) (rerun 7) output pattern test
FAIL: libmudflap.cth/pass37-frag.c (-O3) (rerun 8) execution test
FAIL: libmudflap.cth/pass37-frag.c (-O3) (rerun 8) output pattern test
FAIL: libmudflap.cth/pass37-frag.c (-O3) (rerun 9) execution test
FAIL: libmudflap.cth/pass37-frag.c (-O3) (rerun 9) output pattern test
FAIL: libmudflap.cth/pass37-frag.c (-O3) (rerun 10) execution test
FAIL: libmudflap.cth/pass37-frag.c (-O3) (rerun 10) output pattern test
FAIL: libmudflap.cth/pass37-frag.c (-O3) (rerun 11) execution test
FAIL: libmudflap.cth/pass37-frag.c (-O3) (rerun 11) output pattern test
FAIL: libmudflap.cth/pass37-frag.c (-O3) (rerun 12) execution test
FAIL: libmudflap.cth/pass37-frag.c (-O3) (rerun 12) output pattern test
FAIL: libmudflap.cth/pass37-frag.c (-O3) (rerun 13) execution test
FAIL: libmudflap.cth/pass37-frag.c (-O3) (rerun 13) output pattern test
FAIL: libmudflap.cth/pass37-frag.c (-O3) (rerun 14) execution test
FAIL: libmudflap.cth/pass37-frag.c (-O3) (rerun 14) output pattern test
FAIL: libmudflap.cth/pass37-frag.c (-O3) (rerun 15) execution test
FAIL: libmudflap.cth/pass37-frag.c (-O3) (rerun 15) output pattern test
FAIL: libmudflap.cth/pass37-frag.c (-O3) (rerun 16) execution test
FAIL: libmudflap.cth/pass37-frag.c (-O3) (rerun 16) output pattern test
FAIL: libmudflap.cth/pass37-frag.c (-O3) (rerun 17) execution test
FAIL: libmudflap.cth/pass37-frag.c (-O3) (rerun 17) output pattern test
FAIL: libmudflap.cth/pass37-frag.c (-O3) (rerun 18) execution test
FAIL: libmudflap.cth/pass37-frag.c (-O3) (rerun 18) output pattern test
FAIL: libmudflap.cth/pass37-frag.c (-O3) (rerun 19) execution test
FAIL: libmudflap.cth/pass37-frag.c (-O3) (rerun 19) output pattern test
FAIL: libmudflap.cth/pass39-frag.c (-O3) execution test
FAIL: libmudflap.cth/pass39-frag.c (-O3) output pattern test
FAIL: libmudflap.cth/pass39-frag.c (-O3) (rerun 1) execution test
FAIL: libmudflap.cth/pass39-frag.c (-O3) (rerun 1) output pattern test
FAIL: libmudflap.cth/pass39-frag.c (-O3) (rerun 2) execution test
FAIL: libmudflap.cth/pass39-frag.c (-O3) (rerun 2) output pattern test
FAIL: libmudflap.cth/pass39-frag.c (-O3) (rerun 3) execution test
FAIL: libmudflap.cth/pass39-frag.c (-O3) (rerun 3) output pattern test
FAIL: libmudflap.cth/pass39-frag.c (-O3) (rerun 4) execution test
FAIL: libmudflap.cth/pass39-frag.c (-O3) (rerun 4) output pattern test
FAIL: libmudflap.cth/pass39-frag.c (-O3) (rerun 5) execution test
FAIL: libmudflap.cth/pass39-frag.c (-O3) (rerun 5) output pattern test
FAIL: libmudflap.cth/pass39-frag.c (-O3) (rerun 6) execution test
FAIL: libmudflap.cth/pass39-frag.c (-O3) (rerun 6) output pattern test
FAIL: libmudflap.cth/pass39-frag.c (-O3) (rerun 7) execution test
FAIL: libmudflap.cth/pass39-frag.c (-O3) (rerun 7) output pattern test
FAIL: libmudflap.cth/pass39-frag.c (-O3) (rerun 8) execution test
FAIL: libmudflap.cth/pass39-frag.c (-O3) (rerun 8) output pattern test
FAIL: libmudflap.cth/pass39-frag.c (-O3) (rerun 9) execution test
FAIL: libmudflap.cth/pass39-frag.c (-O3) (rerun 9) output pattern test
FAIL: libmudflap.cth/pass39-frag.c (-O3) (rerun 10) execution test
FAIL: libmudflap.cth/pass39-frag.c (-O3) (rerun 10) output pattern test
FAIL: libmudflap.cth/pass39-frag.c (-O3) (rerun 11) execution test
FAIL: libmudflap.cth/pass39-frag.c (-O3) (rerun 11) output pattern test
FAIL: libmudflap.cth/pass39-frag.c (-O3) (rerun 12) execution test
FAIL: libmudflap.cth/pass39-frag.c (-O3) (rerun 12) output pattern test
FAIL: libmudflap.cth/pass39-frag.c (-O3) (rerun 13) execution test
FAIL: libmudflap.cth/pass39-frag.c (-O3) (rerun 13) output pattern test
FAIL: libmudflap.cth/pass39-frag.c (-O3) (rerun 14) execution test
FAIL: libmudflap.cth/pass39-frag.c (-O3) (rerun 14) output pattern test
FAIL: libmudflap.cth/pass39-frag.c (-O3) (rerun 15) execution test
FAIL: libmudflap.cth/pass39-frag.c (-O3) (rerun 15) output pattern test
FAIL: libmudflap.cth/pass39-frag.c (-O3) (rerun 16) execution test
FAIL: libmudflap.cth/pass39-frag.c (-O3) (rerun 16) output pattern test
FAIL: libmudflap.cth/pass39-frag.c (-O3) (rerun 17) execution test
FAIL: libmudflap.cth/pass39-frag.c (-O3) (rerun 17) output pattern test
FAIL: libmudflap.cth/pass39-frag.c (-O3) (rerun 18) execution test
FAIL: libmudflap.cth/pass39-frag.c (-O3) (rerun 18) output pattern test
FAIL: libmudflap.cth/pass39-frag.c (-O3) (rerun 19) execution test
FAIL: libmudflap.cth/pass39-frag.c (-O3) (rerun 19) output pattern test
FAIL: libmudflap.cth/pass40-frag.c (-O3) execution test
FAIL: libmudflap.cth/pass40-frag.c (-O3) output pattern test
FAIL: libmudflap.cth/pass59-frag.c (-O3) execution test
FAIL: libmudflap.cth/pass59-frag.c (-O3) output pattern test

		=== libmudflap Summary ===

# of expected passes		1646
# of unexpected failures	260
make[3]: *** [check-DEJAGNU] Error 1
make[3]: Leaving directory `[...]/hurd/master.build/i686-unknown-gnu0.3/libmudflap/testsuite'
make[2]: *** [check-am] Error 2
make[2]: Target `check' not remade because of errors.
make[2]: Leaving directory `[...]/hurd/master.build/i686-unknown-gnu0.3/libmudflap/testsuite'
make[2]: Entering directory `[...]/hurd/master.build/i686-unknown-gnu0.3/libmudflap'
make "AR_FLAGS=rc" "CC_FOR_BUILD=gcc-4.6" "CFLAGS=-g -O2" "CXXFLAGS=-g -O2 -D_GNU_SOURCE" "CFLAGS_FOR_BUILD=-g -O2" "CFLAGS_FOR_TARGET=-g -O2" "INSTALL=/usr/bin/install -c" "INSTALL_DATA=/usr/bin/install -c -m 644" "INSTALL_PROGRAM=/usr/bin/install -c" "INSTALL_SCRIPT=/usr/bin/install -c" "JC1FLAGS=" "LDFLAGS=" "LIBCFLAGS=-g -O2" "LIBCFLAGS_FOR_TARGET=-g -O2" "MAKE=make" "MAKEINFO=makeinfo --split-size=5000000  " "PICFLAG=" "PICFLAG_FOR_TARGET=" "SHELL=/bin/dash" "RUNTESTFLAGS=" "exec_prefix=[...]/hurd/master.build.install" "infodir=[...]/hurd/master.build.install/share/info" "libdir=[...]/hurd/master.build.install/lib" "prefix=[...]/hurd/master.build.install" "includedir=[...]/hurd/master.build.install/include" "AR=ar" "AS=[...]/hurd/master.build/./gcc/as" "CC=[...]/hurd/master.build/./gcc/xgcc -B[...]/hurd/master.build/./gcc/ -B[...]/hurd/master.build.install/i686-unknown-gnu0.3/bin/ -B[...]/hurd/master.build.install/i686-unknown-gnu0.3/lib/ -isystem [...]/hurd/master.build.install/i686-unknown-gnu0.3/include -isystem [...]/hurd/master.build.install/i686-unknown-gnu0.3/sys-include   " "CXX=-B[...]/hurd/master.build.install/i686-unknown-gnu0.3/bin/ -B[...]/hurd/master.build.install/i686-unknown-gnu0.3/lib/ -isystem [...]/hurd/master.build.install/i686-unknown-gnu0.3/include -isystem [...]/hurd/master.build.install/i686-unknown-gnu0.3/sys-include   " "LD=[...]/hurd/master.build/./gcc/collect-ld" "LIBCFLAGS=-g -O2" "NM=[...]/hurd/master.build/./gcc/nm" "PICFLAG=" "RANLIB=ranlib" "DESTDIR=" DO=all multi-do # make
make[3]: Entering directory `[...]/hurd/master.build/i686-unknown-gnu0.3/libmudflap'
if [ -z "" ]; then \
	  true; \
	else \
	  rootpre=`${PWDCMD-pwd}`/; export rootpre; \
	  srcrootpre=`cd ../../../master/libmudflap; ${PWDCMD-pwd}`/; export srcrootpre; \
	  lib=`echo "${rootpre}" | sed -e 's,^.*/\([^/][^/]*\)/$,\1,'`; \
	  compiler="[...]/hurd/master.build/./gcc/xgcc -B[...]/hurd/master.build/./gcc/ -B[...]/hurd/master.build.install/i686-unknown-gnu0.3/bin/ -B[...]/hurd/master.build.install/i686-unknown-gnu0.3/lib/ -isystem [...]/hurd/master.build.install/i686-unknown-gnu0.3/include -isystem [...]/hurd/master.build.install/i686-unknown-gnu0.3/sys-include   "; \
	  for i in `${compiler} --print-multi-lib 2>/dev/null`; do \
	    dir=`echo $i | sed -e 's/;.*$//'`; \
	    if [ "${dir}" = "." ]; then \
	      true; \
	    else \
	      if [ -d ../${dir}/${lib} ]; then \
		flags=`echo $i | sed -e 's/^[^;]*;//' -e 's/@/ -/g'`; \
		if (cd ../${dir}/${lib}; make  \
				CFLAGS="-g -O2 ${flags}" \
				CCASFLAGS=" ${flags}" \
				FCFLAGS=" ${flags}" \
				FFLAGS=" ${flags}" \
				ADAFLAGS=" ${flags}" \
				prefix="[...]/hurd/master.build.install" \
				exec_prefix="[...]/hurd/master.build.install" \
				GCJFLAGS=" ${flags}" \
				GOCFLAGS="-O2 -g ${flags}" \
				CXXFLAGS="-g -O2 -D_GNU_SOURCE ${flags}" \
				LIBCFLAGS="-g -O2 ${flags}" \
				LIBCXXFLAGS="-g -O2 -D_GNU_SOURCE -fno-implicit-templates ${flags}" \
				LDFLAGS=" ${flags}" \
				MULTIFLAGS="${flags}" \
				DESTDIR="" \
				INSTALL="/usr/bin/install -c" \
				INSTALL_DATA="/usr/bin/install -c -m 644" \
				INSTALL_PROGRAM="/usr/bin/install -c" \
				INSTALL_SCRIPT="/usr/bin/install -c" \
				all); then \
		  true; \
		else \
		  exit 1; \
		fi; \
	      else true; \
	      fi; \
	    fi; \
	  done; \
	fi
make[3]: Leaving directory `[...]/hurd/master.build/i686-unknown-gnu0.3/libmudflap'
make[2]: Leaving directory `[...]/hurd/master.build/i686-unknown-gnu0.3/libmudflap'
make[1]: *** [check-recursive] Error 1
make[1]: Target `check' not remade because of errors.
make[1]: Leaving directory `[...]/hurd/master.build/i686-unknown-gnu0.3/libmudflap'
make: *** [check-target-libmudflap] Error 2
make[1]: Entering directory `[...]/hurd/master.build/i686-unknown-gnu0.3/libssp'
make "AR_FLAGS=rc" "CC_FOR_BUILD=gcc-4.6" "CFLAGS=-g -O2" "CXXFLAGS=-g -O2 -D_GNU_SOURCE" "CFLAGS_FOR_BUILD=-g -O2" "CFLAGS_FOR_TARGET=-g -O2" "INSTALL=/usr/bin/install -c" "INSTALL_DATA=/usr/bin/install -c -m 644" "INSTALL_PROGRAM=/usr/bin/install -c" "INSTALL_SCRIPT=/usr/bin/install -c" "JC1FLAGS=" "LDFLAGS=" "LIBCFLAGS=-g -O2" "LIBCFLAGS_FOR_TARGET=-g -O2" "MAKE=make" "MAKEINFO=makeinfo --split-size=5000000 " "PICFLAG=" "PICFLAG_FOR_TARGET=" "SHELL=/bin/dash" "RUNTESTFLAGS=" "exec_prefix=[...]/hurd/master.build.install" "infodir=[...]/hurd/master.build.install/share/info" "libdir=[...]/hurd/master.build.install/lib" "prefix=[...]/hurd/master.build.install" "includedir=[...]/hurd/master.build.install/include" "AR=ar" "AS=[...]/hurd/master.build/./gcc/as" "CC=[...]/hurd/master.build/./gcc/xgcc -B[...]/hurd/master.build/./gcc/ -B[...]/hurd/master.build.install/i686-unknown-gnu0.3/bin/ -B[...]/hurd/master.build.install/i686-unknown-gnu0.3/lib/ -isystem [...]/hurd/master.build.install/i686-unknown-gnu0.3/include -isystem [...]/hurd/master.build.install/i686-unknown-gnu0.3/sys-include   " "CXX= -B[...]/hurd/master.build.install/i686-unknown-gnu0.3/bin/ -B[...]/hurd/master.build.install/i686-unknown-gnu0.3/lib/ -isystem [...]/hurd/master.build.install/i686-unknown-gnu0.3/include -isystem [...]/hurd/master.build.install/i686-unknown-gnu0.3/sys-include   " "LD=[...]/hurd/master.build/./gcc/collect-ld" "LIBCFLAGS=-g -O2" "NM=[...]/hurd/master.build/./gcc/nm" "PICFLAG=" "RANLIB=ranlib" "DESTDIR=" DO=all multi-do # make
make[2]: Entering directory `[...]/hurd/master.build/i686-unknown-gnu0.3/libssp'
if [ -z "" ]; then \
	  true; \
	else \
	  rootpre=`${PWDCMD-pwd}`/; export rootpre; \
	  srcrootpre=`cd ../../../master/libssp; ${PWDCMD-pwd}`/; export srcrootpre; \
	  lib=`echo "${rootpre}" | sed -e 's,^.*/\([^/][^/]*\)/$,\1,'`; \
	  compiler="[...]/hurd/master.build/./gcc/xgcc -B[...]/hurd/master.build/./gcc/ -B[...]/hurd/master.build.install/i686-unknown-gnu0.3/bin/ -B[...]/hurd/master.build.install/i686-unknown-gnu0.3/lib/ -isystem [...]/hurd/master.build.install/i686-unknown-gnu0.3/include -isystem [...]/hurd/master.build.install/i686-unknown-gnu0.3/sys-include   "; \
	  for i in `${compiler} --print-multi-lib 2>/dev/null`; do \
	    dir=`echo $i | sed -e 's/;.*$//'`; \
	    if [ "${dir}" = "." ]; then \
	      true; \
	    else \
	      if [ -d ../${dir}/${lib} ]; then \
		flags=`echo $i | sed -e 's/^[^;]*;//' -e 's/@/ -/g'`; \
		if (cd ../${dir}/${lib}; make  \
				CFLAGS="-g -O2 ${flags}" \
				CCASFLAGS=" ${flags}" \
				FCFLAGS=" ${flags}" \
				FFLAGS=" ${flags}" \
				ADAFLAGS=" ${flags}" \
				prefix="[...]/hurd/master.build.install" \
				exec_prefix="[...]/hurd/master.build.install" \
				GCJFLAGS=" ${flags}" \
				GOCFLAGS="-O2 -g ${flags}" \
				CXXFLAGS="-g -O2 -D_GNU_SOURCE ${flags}" \
				LIBCFLAGS="-g -O2 ${flags}" \
				LIBCXXFLAGS="-g -O2 -D_GNU_SOURCE -fno-implicit-templates ${flags}" \
				LDFLAGS=" ${flags}" \
				MULTIFLAGS="${flags}" \
				DESTDIR="" \
				INSTALL="/usr/bin/install -c" \
				INSTALL_DATA="/usr/bin/install -c -m 644" \
				INSTALL_PROGRAM="/usr/bin/install -c" \
				INSTALL_SCRIPT="/usr/bin/install -c" \
				all); then \
		  true; \
		else \
		  exit 1; \
		fi; \
	      else true; \
	      fi; \
	    fi; \
	  done; \
	fi
make[2]: Leaving directory `[...]/hurd/master.build/i686-unknown-gnu0.3/libssp'
make[1]: Leaving directory `[...]/hurd/master.build/i686-unknown-gnu0.3/libssp'
make[1]: Entering directory `[...]/hurd/master.build/i686-unknown-gnu0.3/libquadmath'
make "AR_FLAGS=rc" "CC_FOR_BUILD=gcc-4.6" "CFLAGS=-g -O2" "CXXFLAGS=-g -O2 -D_GNU_SOURCE" "CFLAGS_FOR_BUILD=-g -O2" "CFLAGS_FOR_TARGET=-g -O2" "INSTALL=/usr/bin/install -c" "INSTALL_DATA=/usr/bin/install -c -m 644" "INSTALL_PROGRAM=/usr/bin/install -c" "INSTALL_SCRIPT=/usr/bin/install -c" "JC1FLAGS=" "LDFLAGS=" "LIBCFLAGS=-g -O2" "LIBCFLAGS_FOR_TARGET=-g -O2" "MAKE=make" "MAKEINFO=makeinfo --split-size=5000000 -I ../../../master/libquadmath/../gcc/doc/include" "PICFLAG=" "PICFLAG_FOR_TARGET=" "SHELL=/bin/dash" "RUNTESTFLAGS=" "exec_prefix=[...]/hurd/master.build.install" "infodir=[...]/hurd/master.build.install/share/info" "libdir=[...]/hurd/master.build.install/lib" "prefix=[...]/hurd/master.build.install" "includedir=[...]/hurd/master.build.install/include" "AR=ar" "AS=[...]/hurd/master.build/./gcc/as" "CC=[...]/hurd/master.build/./gcc/xgcc -B[...]/hurd/master.build/./gcc/ -B[...]/hurd/master.build.install/i686-unknown-gnu0.3/bin/ -B[...]/hurd/master.build.install/i686-unknown-gnu0.3/lib/ -isystem [...]/hurd/master.build.install/i686-unknown-gnu0.3/include -isystem [...]/hurd/master.build.install/i686-unknown-gnu0.3/sys-include   " "CXX= -B[...]/hurd/master.build.install/i686-unknown-gnu0.3/bin/ -B[...]/hurd/master.build.install/i686-unknown-gnu0.3/lib/ -isystem [...]/hurd/master.build.install/i686-unknown-gnu0.3/include -isystem [...]/hurd/master.build.install/i686-unknown-gnu0.3/sys-include   " "LD=[...]/hurd/master.build/./gcc/collect-ld" "LIBCFLAGS=-g -O2" "NM=[...]/hurd/master.build/./gcc/nm" "PICFLAG=" "RANLIB=ranlib" "DESTDIR=" DO=all multi-do # make
make[2]: Entering directory `[...]/hurd/master.build/i686-unknown-gnu0.3/libquadmath'
if [ -z "" ]; then \
	  true; \
	else \
	  rootpre=`${PWDCMD-pwd}`/; export rootpre; \
	  srcrootpre=`cd ../../../master/libquadmath; ${PWDCMD-pwd}`/; export srcrootpre; \
	  lib=`echo "${rootpre}" | sed -e 's,^.*/\([^/][^/]*\)/$,\1,'`; \
	  compiler="[...]/hurd/master.build/./gcc/xgcc -B[...]/hurd/master.build/./gcc/ -B[...]/hurd/master.build.install/i686-unknown-gnu0.3/bin/ -B[...]/hurd/master.build.install/i686-unknown-gnu0.3/lib/ -isystem [...]/hurd/master.build.install/i686-unknown-gnu0.3/include -isystem [...]/hurd/master.build.install/i686-unknown-gnu0.3/sys-include   "; \
	  for i in `${compiler} --print-multi-lib 2>/dev/null`; do \
	    dir=`echo $i | sed -e 's/;.*$//'`; \
	    if [ "${dir}" = "." ]; then \
	      true; \
	    else \
	      if [ -d ../${dir}/${lib} ]; then \
		flags=`echo $i | sed -e 's/^[^;]*;//' -e 's/@/ -/g'`; \
		if (cd ../${dir}/${lib}; make "AR_FLAGS=rc" "CC_FOR_BUILD=gcc-4.6" "CFLAGS=-g -O2" "CXXFLAGS=-g -O2 -D_GNU_SOURCE" "CFLAGS_FOR_BUILD=-g -O2" "CFLAGS_FOR_TARGET=-g -O2" "INSTALL=/usr/bin/install -c" "INSTALL_DATA=/usr/bin/install -c -m 644" "INSTALL_PROGRAM=/usr/bin/install -c" "INSTALL_SCRIPT=/usr/bin/install -c" "JC1FLAGS=" "LDFLAGS=" "LIBCFLAGS=-g -O2" "LIBCFLAGS_FOR_TARGET=-g -O2" "MAKE=make" "MAKEINFO=makeinfo --split-size=5000000 -I ../../../master/libquadmath/../gcc/doc/include -I ../../../master/libquadmath/../gcc/doc/include" "PICFLAG=" "PICFLAG_FOR_TARGET=" "SHELL=/bin/dash" "RUNTESTFLAGS=" "exec_prefix=[...]/hurd/master.build.install" "infodir=[...]/hurd/master.build.install/share/info" "libdir=[...]/hurd/master.build.install/lib" "prefix=[...]/hurd/master.build.install" "includedir=[...]/hurd/master.build.install/include" "AR=ar" "AS=[...]/hurd/master.build/./gcc/as" "CC=[...]/hurd/master.build/./gcc/xgcc -B[...]/hurd/master.build/./gcc/ -B[...]/hurd/master.build.install/i686-unknown-gnu0.3/bin/ -B[...]/hurd/master.build.install/i686-unknown-gnu0.3/lib/ -isystem [...]/hurd/master.build.install/i686-unknown-gnu0.3/include -isystem [...]/hurd/master.build.install/i686-unknown-gnu0.3/sys-include   " "CXX=-B[...]/hurd/master.build.install/i686-unknown-gnu0.3/bin/ -B[...]/hurd/master.build.install/i686-unknown-gnu0.3/lib/ -isystem [...]/hurd/master.build.install/i686-unknown-gnu0.3/include -isystem [...]/hurd/master.build.install/i686-unknown-gnu0.3/sys-include   " "LD=[...]/hurd/master.build/./gcc/collect-ld" "LIBCFLAGS=-g -O2" "NM=[...]/hurd/master.build/./gcc/nm" "PICFLAG=" "RANLIB=ranlib" "DESTDIR=" \
				CFLAGS="-g -O2 ${flags}" \
				CCASFLAGS=" ${flags}" \
				FCFLAGS=" ${flags}" \
				FFLAGS=" ${flags}" \
				ADAFLAGS=" ${flags}" \
				prefix="[...]/hurd/master.build.install" \
				exec_prefix="[...]/hurd/master.build.install" \
				GCJFLAGS=" ${flags}" \
				GOCFLAGS="-O2 -g ${flags}" \
				CXXFLAGS="-g -O2 -D_GNU_SOURCE ${flags}" \
				LIBCFLAGS="-g -O2 ${flags}" \
				LIBCXXFLAGS="-g -O2 -D_GNU_SOURCE -fno-implicit-templates ${flags}" \
				LDFLAGS=" ${flags}" \
				MULTIFLAGS="${flags}" \
				DESTDIR="" \
				INSTALL="/usr/bin/install -c" \
				INSTALL_DATA="/usr/bin/install -c -m 644" \
				INSTALL_PROGRAM="/usr/bin/install -c" \
				INSTALL_SCRIPT="/usr/bin/install -c" \
				all); then \
		  true; \
		else \
		  exit 1; \
		fi; \
	      else true; \
	      fi; \
	    fi; \
	  done; \
	fi
make[2]: Leaving directory `[...]/hurd/master.build/i686-unknown-gnu0.3/libquadmath'
make[1]: Leaving directory `[...]/hurd/master.build/i686-unknown-gnu0.3/libquadmath'
make[1]: Entering directory `[...]/hurd/master.build/i686-unknown-gnu0.3/libgfortran'
make  check-am
make[2]: Entering directory `[...]/hurd/master.build/i686-unknown-gnu0.3/libgfortran'
make  DO=all multi-do # make
make[3]: Entering directory `[...]/hurd/master.build/i686-unknown-gnu0.3/libgfortran'
if [ -z "" ]; then \
	  true; \
	else \
	  rootpre=`${PWDCMD-pwd}`/; export rootpre; \
	  srcrootpre=`cd ../../../master/libgfortran; ${PWDCMD-pwd}`/; export srcrootpre; \
	  lib=`echo "${rootpre}" | sed -e 's,^.*/\([^/][^/]*\)/$,\1,'`; \
	  compiler="[...]/hurd/master.build/./gcc/xgcc -B[...]/hurd/master.build/./gcc/ -B[...]/hurd/master.build.install/i686-unknown-gnu0.3/bin/ -B[...]/hurd/master.build.install/i686-unknown-gnu0.3/lib/ -isystem [...]/hurd/master.build.install/i686-unknown-gnu0.3/include -isystem [...]/hurd/master.build.install/i686-unknown-gnu0.3/sys-include   "; \
	  for i in `${compiler} --print-multi-lib 2>/dev/null`; do \
	    dir=`echo $i | sed -e 's/;.*$//'`; \
	    if [ "${dir}" = "." ]; then \
	      true; \
	    else \
	      if [ -d ../${dir}/${lib} ]; then \
		flags=`echo $i | sed -e 's/^[^;]*;//' -e 's/@/ -/g'`; \
		if (cd ../${dir}/${lib}; make  \
				CFLAGS="-g -O2 ${flags}" \
				CCASFLAGS=" ${flags}" \
				FCFLAGS="-g -O2 ${flags}" \
				FFLAGS=" ${flags}" \
				ADAFLAGS=" ${flags}" \
				prefix="[...]/hurd/master.build.install" \
				exec_prefix="[...]/hurd/master.build.install" \
				GCJFLAGS=" ${flags}" \
				GOCFLAGS="-O2 -g ${flags}" \
				CXXFLAGS="-g -O2 -D_GNU_SOURCE ${flags}" \
				LIBCFLAGS="-g -O2 ${flags}" \
				LIBCXXFLAGS="-g -O2 -D_GNU_SOURCE -fno-implicit-templates ${flags}" \
				LDFLAGS=" ${flags}" \
				MULTIFLAGS="${flags}" \
				DESTDIR="" \
				INSTALL="/usr/bin/install -c" \
				INSTALL_DATA="/usr/bin/install -c -m 644" \
				INSTALL_PROGRAM="/usr/bin/install -c" \
				INSTALL_SCRIPT="/usr/bin/install -c" \
				all); then \
		  true; \
		else \
		  exit 1; \
		fi; \
	      else true; \
	      fi; \
	    fi; \
	  done; \
	fi
make[3]: Leaving directory `[...]/hurd/master.build/i686-unknown-gnu0.3/libgfortran'
make[2]: Leaving directory `[...]/hurd/master.build/i686-unknown-gnu0.3/libgfortran'
make[1]: Leaving directory `[...]/hurd/master.build/i686-unknown-gnu0.3/libgfortran'
make[1]: Entering directory `[...]/hurd/master.build/i686-unknown-gnu0.3/libobjc'
make[1]: Nothing to be done for `check'.
make[1]: Leaving directory `[...]/hurd/master.build/i686-unknown-gnu0.3/libobjc'
make[1]: Entering directory `[...]/hurd/master.build/i686-unknown-gnu0.3/libffi'
Making check in include
make[2]: Entering directory `[...]/hurd/master.build/i686-unknown-gnu0.3/libffi/include'
make[2]: Nothing to be done for `check'.
make[2]: Leaving directory `[...]/hurd/master.build/i686-unknown-gnu0.3/libffi/include'
Making check in testsuite
make[2]: Entering directory `[...]/hurd/master.build/i686-unknown-gnu0.3/libffi/testsuite'
make  check-DEJAGNU
make[3]: Entering directory `[...]/hurd/master.build/i686-unknown-gnu0.3/libffi/testsuite'
Making a new site.exp file...
srcdir=`CDPATH="${ZSH_VERSION+.}:" && cd ../../../../master/libffi/testsuite && pwd`; export srcdir; \
	EXPECT=`if [ -f ../../expect/expect ] ; then echo ../../expect/expect ; else echo expect ; fi`; export EXPECT; \
	runtest=`if [ -f ../../../../master/libffi/../dejagnu/runtest ] ; then echo ../../../../master/libffi/../dejagnu/runtest ; else echo runtest; fi`; \
	if /bin/dash -c "$runtest --version" > /dev/null 2>&1; then \
	  exit_status=0; l='libffi'; for tool in $l; do \
	    if $runtest  --tool $tool --srcdir $srcdir ; \
	    then :; else exit_status=1; fi; \
	  done; \
	else echo "WARNING: could not find \`runtest'" 1>&2; :;\
	fi; \
	exit $exit_status
Test Run By thomas on Fri Feb 22 05:15:10 2013
Native configuration is i686-unknown-gnu0.3

		=== libffi tests ===

Schedule of variations:
    unix

Running target unix
Using /usr/share/dejagnu/baseboards/unix.exp as board description file for target.
Using /usr/share/dejagnu/config/unix.exp as generic interface file for target.
Using [...]/hurd/master/libffi/testsuite/config/default.exp as tool-and-target-specific interface file.
Running [...]/hurd/master/libffi/testsuite/libffi.call/call.exp ...
Running [...]/hurd/master/libffi/testsuite/libffi.special/special.exp ...

		=== libffi Summary ===

# of expected passes		1819
# of unsupported tests		55
make[3]: Leaving directory `[...]/hurd/master.build/i686-unknown-gnu0.3/libffi/testsuite'
make[2]: Leaving directory `[...]/hurd/master.build/i686-unknown-gnu0.3/libffi/testsuite'
Making check in man
make[2]: Entering directory `[...]/hurd/master.build/i686-unknown-gnu0.3/libffi/man'
make[2]: Nothing to be done for `check'.
make[2]: Leaving directory `[...]/hurd/master.build/i686-unknown-gnu0.3/libffi/man'
make[2]: Entering directory `[...]/hurd/master.build/i686-unknown-gnu0.3/libffi'
make "AR_FLAGS=rc" "CC_FOR_BUILD=gcc-4.6" "CFLAGS=-g -O2" "CXXFLAGS=-g -O2 -D_GNU_SOURCE" "CFLAGS_FOR_BUILD=-g -O2" "CFLAGS_FOR_TARGET=-g -O2" "INSTALL=/usr/bin/install -c" "INSTALL_DATA=/usr/bin/install -c -m 644" "INSTALL_PROGRAM=/usr/bin/install -c" "INSTALL_SCRIPT=/usr/bin/install -c" "JC1FLAGS=" "LDFLAGS=" "LIBCFLAGS=-g -O2" "LIBCFLAGS_FOR_TARGET=-g -O2" "MAKE=make" "MAKEINFO=makeinfo --split-size=5000000 -I ../../../master/libffi/../gcc/doc/include -I ../../../master/libffi/../gcc/doc/include" "PICFLAG=" "PICFLAG_FOR_TARGET=" "RUNTESTFLAGS=" "SHELL=/bin/dash" "exec_prefix=[...]/hurd/master.build.install" "infodir=[...]/hurd/master.build.install/share/info" "libdir=[...]/hurd/master.build.install/lib" "mandir=[...]/hurd/master.build.install/share/man" "prefix=[...]/hurd/master.build.install" "AR=ar" "AS=[...]/hurd/master.build/./gcc/as" "CC=[...]/hurd/master.build/./gcc/xgcc -B[...]/hurd/master.build/./gcc/ -B[...]/hurd/master.build.install/i686-unknown-gnu0.3/bin/ -B[...]/hurd/master.build.install/i686-unknown-gnu0.3/lib/ -isystem [...]/hurd/master.build.install/i686-unknown-gnu0.3/include -isystem [...]/hurd/master.build.install/i686-unknown-gnu0.3/sys-include   " "CXX=-B[...]/hurd/master.build.install/i686-unknown-gnu0.3/bin/ -B[...]/hurd/master.build.install/i686-unknown-gnu0.3/lib/ -isystem [...]/hurd/master.build.install/i686-unknown-gnu0.3/include -isystem [...]/hurd/master.build.install/i686-unknown-gnu0.3/sys-include   " "LD=[...]/hurd/master.build/./gcc/collect-ld" "NM=[...]/hurd/master.build/./gcc/nm" "RANLIB=ranlib" "DESTDIR=" DO=all multi-do # make
make[3]: Entering directory `[...]/hurd/master.build/i686-unknown-gnu0.3/libffi'
if [ -z "" ]; then \
	  true; \
	else \
	  rootpre=`${PWDCMD-pwd}`/; export rootpre; \
	  srcrootpre=`cd ../../../master/libffi; ${PWDCMD-pwd}`/; export srcrootpre; \
	  lib=`echo "${rootpre}" | sed -e 's,^.*/\([^/][^/]*\)/$,\1,'`; \
	  compiler="[...]/hurd/master.build/./gcc/xgcc -B[...]/hurd/master.build/./gcc/ -B[...]/hurd/master.build.install/i686-unknown-gnu0.3/bin/ -B[...]/hurd/master.build.install/i686-unknown-gnu0.3/lib/ -isystem [...]/hurd/master.build.install/i686-unknown-gnu0.3/include -isystem [...]/hurd/master.build.install/i686-unknown-gnu0.3/sys-include   "; \
	  for i in `${compiler} --print-multi-lib 2>/dev/null`; do \
	    dir=`echo $i | sed -e 's/;.*$//'`; \
	    if [ "${dir}" = "." ]; then \
	      true; \
	    else \
	      if [ -d ../${dir}/${lib} ]; then \
		flags=`echo $i | sed -e 's/^[^;]*;//' -e 's/@/ -/g'`; \
		if (cd ../${dir}/${lib}; make "AR_FLAGS=rc" "CC_FOR_BUILD=gcc-4.6" "CFLAGS=-g -O2" "CXXFLAGS=-g -O2 -D_GNU_SOURCE" "CFLAGS_FOR_BUILD=-g -O2" "CFLAGS_FOR_TARGET=-g -O2" "INSTALL=/usr/bin/install -c" "INSTALL_DATA=/usr/bin/install -c -m 644" "INSTALL_PROGRAM=/usr/bin/install -c" "INSTALL_SCRIPT=/usr/bin/install -c" "JC1FLAGS=" "LDFLAGS=" "LIBCFLAGS=-g -O2" "LIBCFLAGS_FOR_TARGET=-g -O2" "MAKE=make" "MAKEINFO=makeinfo --split-size=5000000 -I ../../../master/libffi/../gcc/doc/include -I ../../../master/libffi/../gcc/doc/include -I ../../../master/libffi/../gcc/doc/include" "PICFLAG=" "PICFLAG_FOR_TARGET=" "RUNTESTFLAGS=" "SHELL=/bin/dash" "exec_prefix=[...]/hurd/master.build.install" "infodir=[...]/hurd/master.build.install/share/info" "libdir=[...]/hurd/master.build.install/lib" "mandir=[...]/hurd/master.build.install/share/man" "prefix=[...]/hurd/master.build.install" "AR=ar" "AS=[...]/hurd/master.build/./gcc/as" "CC=[...]/hurd/master.build/./gcc/xgcc -B[...]/hurd/master.build/./gcc/ -B[...]/hurd/master.build.install/i686-unknown-gnu0.3/bin/ -B[...]/hurd/master.build.install/i686-unknown-gnu0.3/lib/ -isystem [...]/hurd/master.build.install/i686-unknown-gnu0.3/include -isystem [...]/hurd/master.build.install/i686-unknown-gnu0.3/sys-include   " "CXX=-B[...]/hurd/master.build.install/i686-unknown-gnu0.3/bin/ -B[...]/hurd/master.build.install/i686-unknown-gnu0.3/lib/ -isystem [...]/hurd/master.build.install/i686-unknown-gnu0.3/include -isystem [...]/hurd/master.build.install/i686-unknown-gnu0.3/sys-include   " "LD=[...]/hurd/master.build/./gcc/collect-ld" "NM=[...]/hurd/master.build/./gcc/nm" "RANLIB=ranlib" "DESTDIR=" \
				CFLAGS="-g -O2 ${flags}" \
				CCASFLAGS="-g -O2 ${flags}" \
				FCFLAGS=" ${flags}" \
				FFLAGS=" ${flags}" \
				ADAFLAGS=" ${flags}" \
				prefix="[...]/hurd/master.build.install" \
				exec_prefix="[...]/hurd/master.build.install" \
				GCJFLAGS=" ${flags}" \
				GOCFLAGS="-O2 -g ${flags}" \
				CXXFLAGS="-g -O2 -D_GNU_SOURCE ${flags}" \
				LIBCFLAGS="-g -O2 ${flags}" \
				LIBCXXFLAGS="-g -O2 -D_GNU_SOURCE -fno-implicit-templates ${flags}" \
				LDFLAGS=" ${flags}" \
				MULTIFLAGS="${flags}" \
				DESTDIR="" \
				INSTALL="/usr/bin/install -c" \
				INSTALL_DATA="/usr/bin/install -c -m 644" \
				INSTALL_PROGRAM="/usr/bin/install -c" \
				INSTALL_SCRIPT="/usr/bin/install -c" \
				all); then \
		  true; \
		else \
		  exit 1; \
		fi; \
	      else true; \
	      fi; \
	    fi; \
	  done; \
	fi
make[3]: Leaving directory `[...]/hurd/master.build/i686-unknown-gnu0.3/libffi'
make[2]: Leaving directory `[...]/hurd/master.build/i686-unknown-gnu0.3/libffi'
make[1]: Leaving directory `[...]/hurd/master.build/i686-unknown-gnu0.3/libffi'
make[1]: Entering directory `[...]/hurd/master.build/i686-unknown-gnu0.3/libjava'
Making check in libltdl
make[2]: Entering directory `[...]/hurd/master.build/i686-unknown-gnu0.3/libjava/libltdl'
true  DO=all multi-do # make
make[2]: Leaving directory `[...]/hurd/master.build/i686-unknown-gnu0.3/libjava/libltdl'
Making check in gcj
make[2]: Entering directory `[...]/hurd/master.build/i686-unknown-gnu0.3/libjava/gcj'
make[2]: Nothing to be done for `check'.
make[2]: Leaving directory `[...]/hurd/master.build/i686-unknown-gnu0.3/libjava/gcj'
Making check in include
make[2]: Entering directory `[...]/hurd/master.build/i686-unknown-gnu0.3/libjava/include'
make[2]: Nothing to be done for `check'.
make[2]: Leaving directory `[...]/hurd/master.build/i686-unknown-gnu0.3/libjava/include'
Making check in classpath
make[2]: Entering directory `[...]/hurd/master.build/i686-unknown-gnu0.3/libjava/classpath'
Making check in lib
make[3]: Entering directory `[...]/hurd/master.build/i686-unknown-gnu0.3/libjava/classpath/lib'
true
top_builddir=.. top_srcdir=../../../../../master/libjava/classpath /bin/dash ./gen-classlist.sh standard
Adding java source files from srcdir '[...]/hurd/master/libjava/classpath'.
Adding java source files from VM directory [...]/hurd/master/libjava
Adding java source files from VM directory [...]/hurd/master.build/i686-unknown-gnu0.3/libjava
Adding generated files in builddir '..'.
make[3]: Nothing to be done for `check'.
make[3]: Leaving directory `[...]/hurd/master.build/i686-unknown-gnu0.3/libjava/classpath/lib'
Making check in doc
make[3]: Entering directory `[...]/hurd/master.build/i686-unknown-gnu0.3/libjava/classpath/doc'
Making check in api
make[4]: Entering directory `[...]/hurd/master.build/i686-unknown-gnu0.3/libjava/classpath/doc/api'
make[4]: Nothing to be done for `check'.
make[4]: Leaving directory `[...]/hurd/master.build/i686-unknown-gnu0.3/libjava/classpath/doc/api'
make[4]: Entering directory `[...]/hurd/master.build/i686-unknown-gnu0.3/libjava/classpath/doc'
make[4]: Nothing to be done for `check-am'.
make[4]: Leaving directory `[...]/hurd/master.build/i686-unknown-gnu0.3/libjava/classpath/doc'
make[3]: Leaving directory `[...]/hurd/master.build/i686-unknown-gnu0.3/libjava/classpath/doc'
Making check in external
make[3]: Entering directory `[...]/hurd/master.build/i686-unknown-gnu0.3/libjava/classpath/external'
Making check in sax
make[4]: Entering directory `[...]/hurd/master.build/i686-unknown-gnu0.3/libjava/classpath/external/sax'
make[4]: Nothing to be done for `check'.
make[4]: Leaving directory `[...]/hurd/master.build/i686-unknown-gnu0.3/libjava/classpath/external/sax'
Making check in w3c_dom
make[4]: Entering directory `[...]/hurd/master.build/i686-unknown-gnu0.3/libjava/classpath/external/w3c_dom'
make[4]: Nothing to be done for `check'.
make[4]: Leaving directory `[...]/hurd/master.build/i686-unknown-gnu0.3/libjava/classpath/external/w3c_dom'
Making check in relaxngDatatype
make[4]: Entering directory `[...]/hurd/master.build/i686-unknown-gnu0.3/libjava/classpath/external/relaxngDatatype'
make[4]: Nothing to be done for `check'.
make[4]: Leaving directory `[...]/hurd/master.build/i686-unknown-gnu0.3/libjava/classpath/external/relaxngDatatype'
Making check in jsr166
make[4]: Entering directory `[...]/hurd/master.build/i686-unknown-gnu0.3/libjava/classpath/external/jsr166'
make[4]: Nothing to be done for `check'.
make[4]: Leaving directory `[...]/hurd/master.build/i686-unknown-gnu0.3/libjava/classpath/external/jsr166'
make[4]: Entering directory `[...]/hurd/master.build/i686-unknown-gnu0.3/libjava/classpath/external'
make[4]: Nothing to be done for `check-am'.
make[4]: Leaving directory `[...]/hurd/master.build/i686-unknown-gnu0.3/libjava/classpath/external'
make[3]: Leaving directory `[...]/hurd/master.build/i686-unknown-gnu0.3/libjava/classpath/external'
Making check in include
make[3]: Entering directory `[...]/hurd/master.build/i686-unknown-gnu0.3/libjava/classpath/include'
make[3]: Nothing to be done for `check'.
make[3]: Leaving directory `[...]/hurd/master.build/i686-unknown-gnu0.3/libjava/classpath/include'
Making check in native
make[3]: Entering directory `[...]/hurd/master.build/i686-unknown-gnu0.3/libjava/classpath/native'
Making check in fdlibm
make[4]: Entering directory `[...]/hurd/master.build/i686-unknown-gnu0.3/libjava/classpath/native/fdlibm'
make[4]: Nothing to be done for `check'.
make[4]: Leaving directory `[...]/hurd/master.build/i686-unknown-gnu0.3/libjava/classpath/native/fdlibm'
Making check in jni
make[4]: Entering directory `[...]/hurd/master.build/i686-unknown-gnu0.3/libjava/classpath/native/jni'
Making check in classpath
make[5]: Entering directory `[...]/hurd/master.build/i686-unknown-gnu0.3/libjava/classpath/native/jni/classpath'
make[5]: Nothing to be done for `check'.
make[5]: Leaving directory `[...]/hurd/master.build/i686-unknown-gnu0.3/libjava/classpath/native/jni/classpath'
Making check in java-math
make[5]: Entering directory `[...]/hurd/master.build/i686-unknown-gnu0.3/libjava/classpath/native/jni/java-math'
make[5]: Nothing to be done for `check'.
make[5]: Leaving directory `[...]/hurd/master.build/i686-unknown-gnu0.3/libjava/classpath/native/jni/java-math'
make[5]: Entering directory `[...]/hurd/master.build/i686-unknown-gnu0.3/libjava/classpath/native/jni'
/bin/dash ../../scripts/check_jni_methods.sh
make[5]: Leaving directory `[...]/hurd/master.build/i686-unknown-gnu0.3/libjava/classpath/native/jni'
make[4]: Leaving directory `[...]/hurd/master.build/i686-unknown-gnu0.3/libjava/classpath/native/jni'
make[4]: Entering directory `[...]/hurd/master.build/i686-unknown-gnu0.3/libjava/classpath/native'
make[4]: Nothing to be done for `check-am'.
make[4]: Leaving directory `[...]/hurd/master.build/i686-unknown-gnu0.3/libjava/classpath/native'
make[3]: Leaving directory `[...]/hurd/master.build/i686-unknown-gnu0.3/libjava/classpath/native'
Making check in resource
make[3]: Entering directory `[...]/hurd/master.build/i686-unknown-gnu0.3/libjava/classpath/resource'
make[3]: Nothing to be done for `check'.
make[3]: Leaving directory `[...]/hurd/master.build/i686-unknown-gnu0.3/libjava/classpath/resource'
Making check in scripts
make[3]: Entering directory `[...]/hurd/master.build/i686-unknown-gnu0.3/libjava/classpath/scripts'
make[3]: Nothing to be done for `check'.
make[3]: Leaving directory `[...]/hurd/master.build/i686-unknown-gnu0.3/libjava/classpath/scripts'
Making check in tools
make[3]: Entering directory `[...]/hurd/master.build/i686-unknown-gnu0.3/libjava/classpath/tools'
make  check-am
make[4]: Entering directory `[...]/hurd/master.build/i686-unknown-gnu0.3/libjava/classpath/tools'
make[4]: Nothing to be done for `check-am'.
make[4]: Leaving directory `[...]/hurd/master.build/i686-unknown-gnu0.3/libjava/classpath/tools'
make[3]: Leaving directory `[...]/hurd/master.build/i686-unknown-gnu0.3/libjava/classpath/tools'
make[3]: Entering directory `[...]/hurd/master.build/i686-unknown-gnu0.3/libjava/classpath'
true  DO=all multi-do # make
make[3]: Leaving directory `[...]/hurd/master.build/i686-unknown-gnu0.3/libjava/classpath'
make[2]: Leaving directory `[...]/hurd/master.build/i686-unknown-gnu0.3/libjava/classpath'
Making check in testsuite
make[2]: Entering directory `[...]/hurd/master.build/i686-unknown-gnu0.3/libjava/testsuite'
make  check-DEJAGNU
make[3]: Entering directory `[...]/hurd/master.build/i686-unknown-gnu0.3/libjava/testsuite'
Making a new site.exp file...
srcdir=`CDPATH="${ZSH_VERSION+.}:" && cd ../../../../master/libjava/testsuite && pwd`; export srcdir; \
	EXPECT=`if [ -f ../../expect/expect ] ; then echo ../../expect/expect ; else echo expect ; fi`; export EXPECT; \
	runtest="`if [ -f ../../../../master/libjava/../dejagnu/runtest ] ; then echo ../../../../master/libjava/../dejagnu/runtest ; else echo runtest; fi` INTERPRETER=yes"; \
	if /bin/dash -c "$runtest --version" > /dev/null 2>&1; then \
	  exit_status=0; l='libjava'; for tool in $l; do \
	    if $runtest INTERPRETER=yes --tool $tool --srcdir $srcdir ; \
	    then :; else exit_status=1; fi; \
	  done; \
	else echo "WARNING: could not find \`runtest'" 1>&2; :;\
	fi; \
	exit $exit_status
Test Run By thomas on Fri Feb 22 05:36:17 2013
Native configuration is i686-unknown-gnu0.3

		=== libjava tests ===

Schedule of variations:
    unix

Running target unix
Using /usr/share/dejagnu/baseboards/unix.exp as board description file for target.
Using /usr/share/dejagnu/config/unix.exp as generic interface file for target.
Using [...]/hurd/master/libjava/testsuite/config/default.exp as tool-and-target-specific interface file.
Running [...]/hurd/master/libjava/testsuite/libjava.cni/cni.exp ...
Running [...]/hurd/master/libjava/testsuite/libjava.jar/jar.exp ...
Running [...]/hurd/master/libjava/testsuite/libjava.jni/jni.exp ...
Running [...]/hurd/master/libjava/testsuite/libjava.jvmti/jvmti-interp.exp ...
LD_LIBRARY_PATH=. [...]/hurd/master.build/i686-unknown-gnu0.3/./libjava/gij -cp [...]/hurd/master/libjava/testsuite/libjava.jvmti/interp/getargssize.jar -agentlib:dummyagent getargssize
LD_LIBRARY_PATH=. [...]/hurd/master.build/i686-unknown-gnu0.3/./libjava/gij -cp [...]/hurd/master/libjava/testsuite/libjava.jvmti/interp/getlocalvartable.jar -agentlib:dummyagent getlocalvartable
LD_LIBRARY_PATH=. [...]/hurd/master.build/i686-unknown-gnu0.3/./libjava/gij -cp [...]/hurd/master/libjava/testsuite/libjava.jvmti/interp/getstacktrace.jar -agentlib:dummyagent getstacktrace
Running [...]/hurd/master/libjava/testsuite/libjava.jvmti/jvmti.exp ...
Running [...]/hurd/master/libjava/testsuite/libjava.lang/lang.exp ...
FAIL: LargeFile execution - source compiled test
FAIL: LargeFile -findirect-dispatch execution - source compiled test
FAIL: LargeFile -O3 execution - source compiled test
FAIL: LargeFile -O3 -findirect-dispatch execution - source compiled test
FAIL: Throw_2 execution - source compiled test
FAIL: Throw_2 -findirect-dispatch execution - source compiled test
FAIL: Throw_2 -O3 execution - source compiled test
FAIL: Throw_2 -O3 -findirect-dispatch execution - source compiled test
FAIL: sourcelocation output - source compiled test
FAIL: sourcelocation -findirect-dispatch output - source compiled test
FAIL: sourcelocation -O3 output - source compiled test
Running [...]/hurd/master/libjava/testsuite/libjava.loader/loader.exp ...
Running [...]/hurd/master/libjava/testsuite/libjava.mauve/mauve.exp ...
Running [...]/hurd/master/libjava/testsuite/libjava.special/special.exp ...
Running [...]/hurd/master/libjava/testsuite/libjava.verify/verify.exp ...

		=== libjava Summary ===

# of expected passes		2567
# of unexpected failures	11
# of untested testcases		8
make[3]: *** [check-DEJAGNU] Error 1
make[3]: Leaving directory `[...]/hurd/master.build/i686-unknown-gnu0.3/libjava/testsuite'
make[2]: *** [check-am] Error 2
make[2]: Target `check' not remade because of errors.
make[2]: Leaving directory `[...]/hurd/master.build/i686-unknown-gnu0.3/libjava/testsuite'
make[2]: Entering directory `[...]/hurd/master.build/i686-unknown-gnu0.3/libjava'
: make ; exec make "AR_FLAGS=rc" "CC_FOR_BUILD=gcc-4.6" "CFLAGS=-g -O2" "CXXFLAGS=-g -O2 -D_GNU_SOURCE" "CPPFLAGS=" "CFLAGS_FOR_BUILD=-g -O2" "CFLAGS_FOR_TARGET=-g -O2" "INSTALL=/usr/bin/install -c" "INSTALL_DATA=/usr/bin/install -c -m 644" "INSTALL_PROGRAM=/usr/bin/install -c" "INSTALL_SCRIPT=/usr/bin/install -c" "GCJFLAGS=-g -O2" "LDFLAGS=" "LIBCFLAGS=-g -O2" "LIBCFLAGS_FOR_TARGET=-g -O2" "MAKE=make" "MAKEINFO=makeinfo --split-size=5000000  " "PICFLAG=" "PICFLAG_FOR_TARGET=" "SHELL=/bin/dash" "RUNTESTFLAGS=" "exec_prefix=[...]/hurd/master.build.install" "datadir=[...]/hurd/master.build.install/share" "infodir=[...]/hurd/master.build.install/share/info" "libdir=[...]/hurd/master.build.install/lib" "mandir=[...]/hurd/master.build.install/share/man" "prefix=[...]/hurd/master.build.install" "gxx_include_dir=[...]/hurd/master.build.install/include/c++/4.8.0" "AR=ar" "AS=[...]/hurd/master.build/./gcc/as" "DLLTOOL=dlltool" "LD=[...]/hurd/master.build/./gcc/collect-ld" "LIBCFLAGS=-g -O2" "NM=[...]/hurd/master.build/./gcc/nm" "PICFLAG=" "RANLIB=ranlib" "DESTDIR=" "JAR=jar" DO=all multi-do
make[3]: Entering directory `[...]/hurd/master.build/i686-unknown-gnu0.3/libjava'
if [ -z "" ]; then \
	  true; \
	else \
	  rootpre=`${PWDCMD-pwd}`/; export rootpre; \
	  srcrootpre=`cd ../../../master/libjava; ${PWDCMD-pwd}`/; export srcrootpre; \
	  lib=`echo "${rootpre}" | sed -e 's,^.*/\([^/][^/]*\)/$,\1,'`; \
	  compiler="[...]/hurd/master.build/./gcc/xgcc -B[...]/hurd/master.build/./gcc/ -B[...]/hurd/master.build.install/i686-unknown-gnu0.3/bin/ -B[...]/hurd/master.build.install/i686-unknown-gnu0.3/lib/ -isystem [...]/hurd/master.build.install/i686-unknown-gnu0.3/include -isystem [...]/hurd/master.build.install/i686-unknown-gnu0.3/sys-include   "; \
	  for i in `${compiler} --print-multi-lib 2>/dev/null`; do \
	    dir=`echo $i | sed -e 's/;.*$//'`; \
	    if [ "${dir}" = "." ]; then \
	      true; \
	    else \
	      if [ -d ../${dir}/${lib} ]; then \
		flags=`echo $i | sed -e 's/^[^;]*;//' -e 's/@/ -/g'`; \
		if (cd ../${dir}/${lib}; make "AR_FLAGS=rc" "CC_FOR_BUILD=gcc-4.6" "CFLAGS=-g -O2" "CXXFLAGS=-g -O2 -D_GNU_SOURCE" "CPPFLAGS=" "CFLAGS_FOR_BUILD=-g -O2" "CFLAGS_FOR_TARGET=-g -O2" "INSTALL=/usr/bin/install -c" "INSTALL_DATA=/usr/bin/install -c -m 644" "INSTALL_PROGRAM=/usr/bin/install -c" "INSTALL_SCRIPT=/usr/bin/install -c" "GCJFLAGS=-g -O2" "LDFLAGS=" "LIBCFLAGS=-g -O2" "LIBCFLAGS_FOR_TARGET=-g -O2" "MAKE=make" "MAKEINFO=makeinfo --split-size=5000000   " "PICFLAG=" "PICFLAG_FOR_TARGET=" "SHELL=/bin/dash" "RUNTESTFLAGS=" "exec_prefix=[...]/hurd/master.build.install" "datadir=[...]/hurd/master.build.install/share" "infodir=[...]/hurd/master.build.install/share/info" "libdir=[...]/hurd/master.build.install/lib" "mandir=[...]/hurd/master.build.install/share/man" "prefix=[...]/hurd/master.build.install" "gxx_include_dir=[...]/hurd/master.build.install/include/c++/4.8.0" "AR=ar" "AS=[...]/hurd/master.build/./gcc/as" "DLLTOOL=dlltool" "LD=[...]/hurd/master.build/./gcc/collect-ld" "LIBCFLAGS=-g -O2" "NM=[...]/hurd/master.build/./gcc/nm" "PICFLAG=" "RANLIB=ranlib" "DESTDIR=" "JAR=jar" \
				CFLAGS="-g -O2 ${flags}" \
				CCASFLAGS=" ${flags}" \
				FCFLAGS=" ${flags}" \
				FFLAGS=" ${flags}" \
				ADAFLAGS=" ${flags}" \
				prefix="[...]/hurd/master.build.install" \
				exec_prefix="[...]/hurd/master.build.install" \
				GCJFLAGS="-g -O2 ${flags}" \
				GOCFLAGS="-O2 -g ${flags}" \
				CXXFLAGS="-g -O2 -D_GNU_SOURCE ${flags}" \
				LIBCFLAGS="-g -O2 ${flags}" \
				LIBCXXFLAGS="-g -O2 -D_GNU_SOURCE -fno-implicit-templates ${flags}" \
				LDFLAGS=" ${flags}" \
				MULTIFLAGS="${flags}" \
				DESTDIR="" \
				INSTALL="/usr/bin/install -c" \
				INSTALL_DATA="/usr/bin/install -c -m 644" \
				INSTALL_PROGRAM="/usr/bin/install -c" \
				INSTALL_SCRIPT="/usr/bin/install -c" \
				all); then \
		  true; \
		else \
		  exit 1; \
		fi; \
	      else true; \
	      fi; \
	    fi; \
	  done; \
	fi
make[3]: Leaving directory `[...]/hurd/master.build/i686-unknown-gnu0.3/libjava'
make[2]: Leaving directory `[...]/hurd/master.build/i686-unknown-gnu0.3/libjava'
make[1]: *** [check-recursive] Error 1
make[1]: Target `check' not remade because of errors.
make[1]: Leaving directory `[...]/hurd/master.build/i686-unknown-gnu0.3/libjava'
make: *** [check-target-libjava] Error 2
make[1]: Entering directory `[...]/hurd/master.build/i686-unknown-gnu0.3/zlib'
make[1]: Nothing to be done for `check'.
make[1]: Leaving directory `[...]/hurd/master.build/i686-unknown-gnu0.3/zlib'
make[1]: Entering directory `[...]/hurd/master.build/i686-unknown-gnu0.3/boehm-gc'
Making check in include
make[2]: Entering directory `[...]/hurd/master.build/i686-unknown-gnu0.3/boehm-gc/include'
make[2]: Nothing to be done for `check'.
make[2]: Leaving directory `[...]/hurd/master.build/i686-unknown-gnu0.3/boehm-gc/include'
Making check in testsuite
make[2]: Entering directory `[...]/hurd/master.build/i686-unknown-gnu0.3/boehm-gc/testsuite'
make  check-DEJAGNU
make[3]: Entering directory `[...]/hurd/master.build/i686-unknown-gnu0.3/boehm-gc/testsuite'
Making a new site.exp file...
srcdir=`CDPATH="${ZSH_VERSION+.}:" && cd ../../../../master/boehm-gc/testsuite && pwd`; export srcdir; \
	EXPECT=expect; export EXPECT; \
	runtest=runtest; \
	if /bin/dash -c "$runtest --version" > /dev/null 2>&1; then \
	  exit_status=0; l='boehm-gc'; for tool in $l; do \
	    if $runtest  --tool $tool --srcdir $srcdir ; \
	    then :; else exit_status=1; fi; \
	  done; \
	else echo "WARNING: could not find \`runtest'" 1>&2; :;\
	fi; \
	exit $exit_status
Test Run By thomas on Fri Feb 22 06:47:43 2013
Native configuration is i686-unknown-gnu0.3

		=== boehm-gc tests ===

Schedule of variations:
    unix

Running target unix
Using /usr/share/dejagnu/baseboards/unix.exp as board description file for target.
Using /usr/share/dejagnu/config/unix.exp as generic interface file for target.
Using [...]/hurd/master/boehm-gc/testsuite/config/default.exp as tool-and-target-specific interface file.
Running [...]/hurd/master/boehm-gc/testsuite/boehm-gc.c/c.exp ...
Running [...]/hurd/master/boehm-gc/testsuite/boehm-gc.lib/lib.exp ...

		=== boehm-gc Summary ===

# of expected passes		12
# of unsupported tests		1
make[3]: Leaving directory `[...]/hurd/master.build/i686-unknown-gnu0.3/boehm-gc/testsuite'
make[2]: Leaving directory `[...]/hurd/master.build/i686-unknown-gnu0.3/boehm-gc/testsuite'
make[2]: Entering directory `[...]/hurd/master.build/i686-unknown-gnu0.3/boehm-gc'
make "AR_FLAGS=rc" "CC_FOR_BUILD=gcc-4.6" "CFLAGS=-g -O2 " "CXXFLAGS=-g -O2 -D_GNU_SOURCE" "CFLAGS_FOR_BUILD=-g -O2" "CFLAGS_FOR_TARGET=-g -O2" "INSTALL=/usr/bin/install -c" "INSTALL_DATA=/usr/bin/install -c -m 644" "INSTALL_PROGRAM=/usr/bin/install -c" "INSTALL_SCRIPT=/usr/bin/install -c" "LDFLAGS=" "LIBCFLAGS=-g -O2" "LIBCFLAGS_FOR_TARGET=-g -O2" "MAKE=make" "MAKEINFO=makeinfo --split-size=5000000  " "PICFLAG=" "PICFLAG_FOR_TARGET=" "SHELL=/bin/dash" "EXPECT=expect" "RUNTEST=runtest" "RUNTESTFLAGS=" "exec_prefix=[...]/hurd/master.build.install" "infodir=[...]/hurd/master.build.install/share/info" "libdir=[...]/hurd/master.build.install/lib" "prefix=[...]/hurd/master.build.install" "tooldir=[...]/hurd/master.build.install/i686-unknown-gnu0.3" "AR=ar" "AS=[...]/hurd/master.build/./gcc/as" "CC=[...]/hurd/master.build/./gcc/xgcc -B[...]/hurd/master.build/./gcc/ -B[...]/hurd/master.build.install/i686-unknown-gnu0.3/bin/ -B[...]/hurd/master.build.install/i686-unknown-gnu0.3/lib/ -isystem [...]/hurd/master.build.install/i686-unknown-gnu0.3/include -isystem [...]/hurd/master.build.install/i686-unknown-gnu0.3/sys-include   " "CXX=-B[...]/hurd/master.build.install/i686-unknown-gnu0.3/bin/ -B[...]/hurd/master.build.install/i686-unknown-gnu0.3/lib/ -isystem [...]/hurd/master.build.install/i686-unknown-gnu0.3/include -isystem [...]/hurd/master.build.install/i686-unknown-gnu0.3/sys-include   " "LD=[...]/hurd/master.build/./gcc/collect-ld" "LIBCFLAGS=-g -O2" "NM=[...]/hurd/master.build/./gcc/nm" "PICFLAG=" "RANLIB=ranlib" "DESTDIR=" DO=all multi-do # make
make[3]: Entering directory `[...]/hurd/master.build/i686-unknown-gnu0.3/boehm-gc'
if [ -z "" ]; then \
	  true; \
	else \
	  rootpre=`${PWDCMD-pwd}`/; export rootpre; \
	  srcrootpre=`cd ../../../master/boehm-gc; ${PWDCMD-pwd}`/; export srcrootpre; \
	  lib=`echo "${rootpre}" | sed -e 's,^.*/\([^/][^/]*\)/$,\1,'`; \
	  compiler="[...]/hurd/master.build/./gcc/xgcc -B[...]/hurd/master.build/./gcc/ -B[...]/hurd/master.build.install/i686-unknown-gnu0.3/bin/ -B[...]/hurd/master.build.install/i686-unknown-gnu0.3/lib/ -isystem [...]/hurd/master.build.install/i686-unknown-gnu0.3/include -isystem [...]/hurd/master.build.install/i686-unknown-gnu0.3/sys-include   "; \
	  for i in `${compiler} --print-multi-lib 2>/dev/null`; do \
	    dir=`echo $i | sed -e 's/;.*$//'`; \
	    if [ "${dir}" = "." ]; then \
	      true; \
	    else \
	      if [ -d ../${dir}/${lib} ]; then \
		flags=`echo $i | sed -e 's/^[^;]*;//' -e 's/@/ -/g'`; \
		if (cd ../${dir}/${lib}; make  \
				CFLAGS="-g -O2  ${flags}" \
				CCASFLAGS="-g -O2  ${flags}" \
				FCFLAGS=" ${flags}" \
				FFLAGS=" ${flags}" \
				ADAFLAGS=" ${flags}" \
				prefix="[...]/hurd/master.build.install" \
				exec_prefix="[...]/hurd/master.build.install" \
				GCJFLAGS=" ${flags}" \
				GOCFLAGS="-O2 -g ${flags}" \
				CXXFLAGS="-g -O2 -D_GNU_SOURCE ${flags}" \
				LIBCFLAGS="-g -O2 ${flags}" \
				LIBCXXFLAGS="-g -O2 -D_GNU_SOURCE -fno-implicit-templates ${flags}" \
				LDFLAGS=" ${flags}" \
				MULTIFLAGS="${flags}" \
				DESTDIR="" \
				INSTALL="/usr/bin/install -c" \
				INSTALL_DATA="/usr/bin/install -c -m 644" \
				INSTALL_PROGRAM="/usr/bin/install -c" \
				INSTALL_SCRIPT="/usr/bin/install -c" \
				all); then \
		  true; \
		else \
		  exit 1; \
		fi; \
	      else true; \
	      fi; \
	    fi; \
	  done; \
	fi
make[3]: Leaving directory `[...]/hurd/master.build/i686-unknown-gnu0.3/boehm-gc'
make[2]: Leaving directory `[...]/hurd/master.build/i686-unknown-gnu0.3/boehm-gc'
make[1]: Leaving directory `[...]/hurd/master.build/i686-unknown-gnu0.3/boehm-gc'
make[1]: Entering directory `[...]/hurd/master.build/i686-unknown-gnu0.3/libada'
make[1]: Nothing to be done for `check'.
make[1]: Leaving directory `[...]/hurd/master.build/i686-unknown-gnu0.3/libada'
make[1]: Entering directory `[...]/hurd/master.build/i686-unknown-gnu0.3/libgomp'
Making check in testsuite
make[2]: Entering directory `[...]/hurd/master.build/i686-unknown-gnu0.3/libgomp/testsuite'
make  check-DEJAGNU
make[3]: Entering directory `[...]/hurd/master.build/i686-unknown-gnu0.3/libgomp/testsuite'
Making a new site.exp file...
srcdir=`CDPATH="${ZSH_VERSION+.}:" && cd ../../../../master/libgomp/testsuite && pwd`; export srcdir; \
	EXPECT=expect; export EXPECT; \
	runtest=runtest; \
	if /bin/dash -c "$runtest --version" > /dev/null 2>&1; then \
	  exit_status=0; l='libgomp'; for tool in $l; do \
	    if $runtest  --tool $tool --srcdir $srcdir ; \
	    then :; else exit_status=1; fi; \
	  done; \
	else echo "WARNING: could not find \`runtest'" 1>&2; :;\
	fi; \
	exit $exit_status
Test Run By thomas on Fri Feb 22 06:48:36 2013
Native configuration is i686-unknown-gnu0.3

		=== libgomp tests ===

Schedule of variations:
    unix

Running target unix
Using /usr/share/dejagnu/baseboards/unix.exp as board description file for target.
Using /usr/share/dejagnu/config/unix.exp as generic interface file for target.
Using [...]/hurd/master/libgomp/testsuite/config/default.exp as tool-and-target-specific interface file.
Running [...]/hurd/master/libgomp/testsuite/libgomp.c/c.exp ...
FAIL: libgomp.c/lib-1.c execution test
Running [...]/hurd/master/libgomp/testsuite/libgomp.c++/c++.exp ...
Running [...]/hurd/master/libgomp/testsuite/libgomp.fortran/fortran.exp ...
FAIL: libgomp.fortran/lib1.f90  -O2  execution test
FAIL: libgomp.fortran/lib1.f90  -O3 -fomit-frame-pointer -funroll-all-loops -finline-functions  execution test
FAIL: libgomp.fortran/lib1.f90  -O3 -g  execution test
FAIL: libgomp.fortran/lib2.f  -O3 -fomit-frame-pointer -funroll-loops  execution test
FAIL: libgomp.fortran/lib2.f  -O3 -g  execution test
FAIL: libgomp.fortran/lib3.f  -O1  execution test
FAIL: libgomp.fortran/lib3.f  -O3 -fomit-frame-pointer  execution test
FAIL: libgomp.fortran/lib3.f  -O3 -fomit-frame-pointer -funroll-loops  execution test
FAIL: libgomp.fortran/lib3.f  -O3 -g  execution test
Running [...]/hurd/master/libgomp/testsuite/libgomp.graphite/graphite.exp ...

		=== libgomp Summary ===

# of expected passes		2982
# of unexpected failures	10
# of unsupported tests		3
make[3]: *** [check-DEJAGNU] Error 1
make[3]: Leaving directory `[...]/hurd/master.build/i686-unknown-gnu0.3/libgomp/testsuite'
make[2]: *** [check-am] Error 2
make[2]: Target `check' not remade because of errors.
make[2]: Leaving directory `[...]/hurd/master.build/i686-unknown-gnu0.3/libgomp/testsuite'
make[2]: Entering directory `[...]/hurd/master.build/i686-unknown-gnu0.3/libgomp'
make  DO=all multi-do # make
make[3]: Entering directory `[...]/hurd/master.build/i686-unknown-gnu0.3/libgomp'
if [ -z "" ]; then \
	  true; \
	else \
	  rootpre=`${PWDCMD-pwd}`/; export rootpre; \
	  srcrootpre=`cd ../../../master/libgomp; ${PWDCMD-pwd}`/; export srcrootpre; \
	  lib=`echo "${rootpre}" | sed -e 's,^.*/\([^/][^/]*\)/$,\1,'`; \
	  compiler="[...]/hurd/master.build/./gcc/xgcc -B[...]/hurd/master.build/./gcc/ -B[...]/hurd/master.build.install/i686-unknown-gnu0.3/bin/ -B[...]/hurd/master.build.install/i686-unknown-gnu0.3/lib/ -isystem [...]/hurd/master.build.install/i686-unknown-gnu0.3/include -isystem [...]/hurd/master.build.install/i686-unknown-gnu0.3/sys-include   "; \
	  for i in `${compiler} --print-multi-lib 2>/dev/null`; do \
	    dir=`echo $i | sed -e 's/;.*$//'`; \
	    if [ "${dir}" = "." ]; then \
	      true; \
	    else \
	      if [ -d ../${dir}/${lib} ]; then \
		flags=`echo $i | sed -e 's/^[^;]*;//' -e 's/@/ -/g'`; \
		if (cd ../${dir}/${lib}; make  \
				CFLAGS="-g -O2 ${flags}" \
				CCASFLAGS=" ${flags}" \
				FCFLAGS="-L. -Wall -L../libgfortran ${flags}" \
				FFLAGS=" ${flags}" \
				ADAFLAGS=" ${flags}" \
				prefix="[...]/hurd/master.build.install" \
				exec_prefix="[...]/hurd/master.build.install" \
				GCJFLAGS=" ${flags}" \
				GOCFLAGS="-O2 -g ${flags}" \
				CXXFLAGS="-g -O2 -D_GNU_SOURCE ${flags}" \
				LIBCFLAGS="-g -O2 ${flags}" \
				LIBCXXFLAGS="-g -O2 -D_GNU_SOURCE -fno-implicit-templates ${flags}" \
				LDFLAGS=" ${flags}" \
				MULTIFLAGS="${flags}" \
				DESTDIR="" \
				INSTALL="/usr/bin/install -c" \
				INSTALL_DATA="/usr/bin/install -c -m 644" \
				INSTALL_PROGRAM="/usr/bin/install -c" \
				INSTALL_SCRIPT="/usr/bin/install -c" \
				all); then \
		  true; \
		else \
		  exit 1; \
		fi; \
	      else true; \
	      fi; \
	    fi; \
	  done; \
	fi
make[3]: Leaving directory `[...]/hurd/master.build/i686-unknown-gnu0.3/libgomp'
make[2]: Leaving directory `[...]/hurd/master.build/i686-unknown-gnu0.3/libgomp'
make[1]: *** [check-recursive] Error 1
make[1]: Target `check' not remade because of errors.
make[1]: Leaving directory `[...]/hurd/master.build/i686-unknown-gnu0.3/libgomp'
make: *** [check-target-libgomp] Error 2
make[1]: Entering directory `[...]/hurd/master.build/i686-unknown-gnu0.3/libitm'
Making check in testsuite
make[2]: Entering directory `[...]/hurd/master.build/i686-unknown-gnu0.3/libitm/testsuite'
make  check-DEJAGNU
make[3]: Entering directory `[...]/hurd/master.build/i686-unknown-gnu0.3/libitm/testsuite'
Making a new site.exp file...
srcdir=`CDPATH="${ZSH_VERSION+.}:" && cd ../../../../master/libitm/testsuite && pwd`; export srcdir; \
	EXPECT=expect; export EXPECT; \
	runtest=runtest; \
	if /bin/dash -c "$runtest --version" > /dev/null 2>&1; then \
	  exit_status=0; l='libitm'; for tool in $l; do \
	    if $runtest  --tool $tool --srcdir $srcdir ; \
	    then :; else exit_status=1; fi; \
	  done; \
	else echo "WARNING: could not find \`runtest'" 1>&2; :;\
	fi; \
	exit $exit_status
Test Run By thomas on Fri Feb 22 07:36:17 2013
Native configuration is i686-unknown-gnu0.3

		=== libitm tests ===

Schedule of variations:
    unix

Running target unix
Using /usr/share/dejagnu/baseboards/unix.exp as board description file for target.
Using /usr/share/dejagnu/config/unix.exp as generic interface file for target.
Using [...]/hurd/master/libitm/testsuite/config/default.exp as tool-and-target-specific interface file.
Running [...]/hurd/master/libitm/testsuite/libitm.c/c.exp ...
Running [...]/hurd/master/libitm/testsuite/libitm.c++/c++.exp ...

		=== libitm Summary ===

# of expected passes		26
# of expected failures		3
# of unsupported tests		1
make[3]: Leaving directory `[...]/hurd/master.build/i686-unknown-gnu0.3/libitm/testsuite'
make[2]: Leaving directory `[...]/hurd/master.build/i686-unknown-gnu0.3/libitm/testsuite'
make[2]: Entering directory `[...]/hurd/master.build/i686-unknown-gnu0.3/libitm'
make  DO=all multi-do # make
make[3]: Entering directory `[...]/hurd/master.build/i686-unknown-gnu0.3/libitm'
if [ -z "" ]; then \
	  true; \
	else \
	  rootpre=`${PWDCMD-pwd}`/; export rootpre; \
	  srcrootpre=`cd ../../../master/libitm; ${PWDCMD-pwd}`/; export srcrootpre; \
	  lib=`echo "${rootpre}" | sed -e 's,^.*/\([^/][^/]*\)/$,\1,'`; \
	  compiler="[...]/hurd/master.build/./gcc/xgcc -B[...]/hurd/master.build/./gcc/ -B[...]/hurd/master.build.install/i686-unknown-gnu0.3/bin/ -B[...]/hurd/master.build.install/i686-unknown-gnu0.3/lib/ -isystem [...]/hurd/master.build.install/i686-unknown-gnu0.3/include -isystem [...]/hurd/master.build.install/i686-unknown-gnu0.3/sys-include   "; \
	  for i in `${compiler} --print-multi-lib 2>/dev/null`; do \
	    dir=`echo $i | sed -e 's/;.*$//'`; \
	    if [ "${dir}" = "." ]; then \
	      true; \
	    else \
	      if [ -d ../${dir}/${lib} ]; then \
		flags=`echo $i | sed -e 's/^[^;]*;//' -e 's/@/ -/g'`; \
		if (cd ../${dir}/${lib}; make  \
				CFLAGS="-g -O2 ${flags}" \
				CCASFLAGS="-g -O2 ${flags}" \
				FCFLAGS=" ${flags}" \
				FFLAGS=" ${flags}" \
				ADAFLAGS=" ${flags}" \
				prefix="[...]/hurd/master.build.install" \
				exec_prefix="[...]/hurd/master.build.install" \
				GCJFLAGS=" ${flags}" \
				GOCFLAGS="-O2 -g ${flags}" \
				CXXFLAGS="-g -O2 -D_GNU_SOURCE ${flags}" \
				LIBCFLAGS="-g -O2 ${flags}" \
				LIBCXXFLAGS="-g -O2 -D_GNU_SOURCE -fno-implicit-templates ${flags}" \
				LDFLAGS=" ${flags}" \
				MULTIFLAGS="${flags}" \
				DESTDIR="" \
				INSTALL="/usr/bin/install -c" \
				INSTALL_DATA="/usr/bin/install -c -m 644" \
				INSTALL_PROGRAM="/usr/bin/install -c" \
				INSTALL_SCRIPT="/usr/bin/install -c" \
				all); then \
		  true; \
		else \
		  exit 1; \
		fi; \
	      else true; \
	      fi; \
	    fi; \
	  done; \
	fi
make[3]: Leaving directory `[...]/hurd/master.build/i686-unknown-gnu0.3/libitm'
make[2]: Leaving directory `[...]/hurd/master.build/i686-unknown-gnu0.3/libitm'
make[1]: Leaving directory `[...]/hurd/master.build/i686-unknown-gnu0.3/libitm'
make[1]: Entering directory `[...]/hurd/master.build/i686-unknown-gnu0.3/libatomic'
Making check in testsuite
make[2]: Entering directory `[...]/hurd/master.build/i686-unknown-gnu0.3/libatomic/testsuite'
make  check-DEJAGNU
make[3]: Entering directory `[...]/hurd/master.build/i686-unknown-gnu0.3/libatomic/testsuite'
Making a new site.exp file...
srcdir=`CDPATH="${ZSH_VERSION+.}:" && cd ../../../../master/libatomic/testsuite && pwd`; export srcdir; \
	EXPECT=expect; export EXPECT; \
	runtest=runtest; \
	if /bin/dash -c "$runtest --version" > /dev/null 2>&1; then \
	  exit_status=0; l='libatomic'; for tool in $l; do \
	    if $runtest  --tool $tool --srcdir $srcdir ; \
	    then :; else exit_status=1; fi; \
	  done; \
	else echo "WARNING: could not find \`runtest'" 1>&2; :;\
	fi; \
	exit $exit_status
Test Run By thomas on Fri Feb 22 07:36:48 2013
Native configuration is i686-unknown-gnu0.3

		=== libatomic tests ===

Schedule of variations:
    unix

Running target unix
Using /usr/share/dejagnu/baseboards/unix.exp as board description file for target.
Using /usr/share/dejagnu/config/unix.exp as generic interface file for target.
Using [...]/hurd/master/libatomic/testsuite/config/default.exp as tool-and-target-specific interface file.
Running [...]/hurd/master/libatomic/testsuite/libatomic.c/c.exp ...

		=== libatomic Summary ===

# of expected passes		44
# of unsupported tests		5
make[3]: Leaving directory `[...]/hurd/master.build/i686-unknown-gnu0.3/libatomic/testsuite'
make[2]: Leaving directory `[...]/hurd/master.build/i686-unknown-gnu0.3/libatomic/testsuite'
make[2]: Entering directory `[...]/hurd/master.build/i686-unknown-gnu0.3/libatomic'
make  DO=all multi-do # make
make[3]: Entering directory `[...]/hurd/master.build/i686-unknown-gnu0.3/libatomic'
if [ -z "" ]; then \
	  true; \
	else \
	  rootpre=`${PWDCMD-pwd}`/; export rootpre; \
	  srcrootpre=`cd ../../../master/libatomic; ${PWDCMD-pwd}`/; export srcrootpre; \
	  lib=`echo "${rootpre}" | sed -e 's,^.*/\([^/][^/]*\)/$,\1,'`; \
	  compiler="[...]/hurd/master.build/./gcc/xgcc -B[...]/hurd/master.build/./gcc/ -B[...]/hurd/master.build.install/i686-unknown-gnu0.3/bin/ -B[...]/hurd/master.build.install/i686-unknown-gnu0.3/lib/ -isystem [...]/hurd/master.build.install/i686-unknown-gnu0.3/include -isystem [...]/hurd/master.build.install/i686-unknown-gnu0.3/sys-include   "; \
	  for i in `${compiler} --print-multi-lib 2>/dev/null`; do \
	    dir=`echo $i | sed -e 's/;.*$//'`; \
	    if [ "${dir}" = "." ]; then \
	      true; \
	    else \
	      if [ -d ../${dir}/${lib} ]; then \
		flags=`echo $i | sed -e 's/^[^;]*;//' -e 's/@/ -/g'`; \
		if (cd ../${dir}/${lib}; make  \
				CFLAGS="-g -O2 ${flags}" \
				CCASFLAGS="-g -O2 ${flags}" \
				FCFLAGS=" ${flags}" \
				FFLAGS=" ${flags}" \
				ADAFLAGS=" ${flags}" \
				prefix="[...]/hurd/master.build.install" \
				exec_prefix="[...]/hurd/master.build.install" \
				GCJFLAGS=" ${flags}" \
				GOCFLAGS="-O2 -g ${flags}" \
				CXXFLAGS="-g -O2 -D_GNU_SOURCE ${flags}" \
				LIBCFLAGS="-g -O2 ${flags}" \
				LIBCXXFLAGS="-g -O2 -D_GNU_SOURCE -fno-implicit-templates ${flags}" \
				LDFLAGS=" ${flags}" \
				MULTIFLAGS="${flags}" \
				DESTDIR="" \
				INSTALL="/usr/bin/install -c" \
				INSTALL_DATA="/usr/bin/install -c -m 644" \
				INSTALL_PROGRAM="/usr/bin/install -c" \
				INSTALL_SCRIPT="/usr/bin/install -c" \
				all); then \
		  true; \
		else \
		  exit 1; \
		fi; \
	      else true; \
	      fi; \
	    fi; \
	  done; \
	fi
make[3]: Leaving directory `[...]/hurd/master.build/i686-unknown-gnu0.3/libatomic'
make[2]: Leaving directory `[...]/hurd/master.build/i686-unknown-gnu0.3/libatomic'
make[1]: Leaving directory `[...]/hurd/master.build/i686-unknown-gnu0.3/libatomic'
make: Target `check-target' not remade because of errors.
