make[1]: Entering directory '[...]/hurd/master.build'
make[2]: Entering directory '[...]/hurd/master.build/fixincludes'
autogen -T ../../master/fixincludes/check.tpl ../../master/fixincludes/inclhack.def
/bin/dash ./check.sh ../../master/fixincludes/tests/base
Fixed:  testing.h
Fixed:  testing.h
Fixed:  AvailabilityMacros.h
Fixed:  X11/ShellP.h
Fixed:  X11/Xmu.h
Fixed:  Xm/BaseClassI.h
Fixed:  Xm/Traversal.h
Fixed:  ansi/math.h
Fixed:  ansi/stdlib.h
Fixed:  arch/i960/archI960.h
Fixed:  architecture/ppc/math.h
Fixed:  assert.h
Fixed:  bits/fenv.h
Fixed:  bits/huge_val.h
Fixed:  bits/string2.h
Fixed:  bsd/libc.h
Fixed:  c_asm.h
Fixed:  com_err.h
Fixed:  complex.h
Fixed:  ctrl-quotes-def-1.h
Fixed:  ctype.h
Fixed:  curses.h
Fixed:  errno.h
Fixed:  fcntl.h
Fixed:  features.h
Fixed:  fixinc-test-limits.h
Fixed:  hsfs/hsfs_spec.h
Fixed:  ia64/sys/getppdp.h
Fixed:  inttypes.h
Fixed:  io-quotes-def-1.h
Fixed:  ioLib.h
Fixed:  iso/math_c99.h
Fixed:  iso/math_iso.h
Fixed:  iso/stdio_iso.h
Fixed:  iso/stdlib_iso.h
Fixed:  linux/vt.h
Fixed:  locale.h
Fixed:  mach-o/dyld.h
Fixed:  mach-o/swap.h
Fixed:  malloc.h
Fixed:  math.h
Fixed:  net/if.h
Fixed:  net/if_arp.h
Fixed:  netdnet/dnetdb.h
Fixed:  netinet/in.h
Fixed:  netinet/ip.h
Fixed:  obstack.h
Fixed:  pixrect/memvar.h
Fixed:  pthread.h
Fixed:  reg_types.h
Fixed:  regex.h
Fixed:  regexp.h
Fixed:  rpc/auth.h
Fixed:  rpc/rpc.h
Fixed:  rpc/xdr.h
Fixed:  rpcsvc/rstat.h
Fixed:  rpcsvc/rusers.h
Fixed:  rtldef/decc$types.h
Fixed:  rtldef/if.h
Fixed:  rtldef/resolv.h
Fixed:  rtldef/setjmp.h
Fixed:  rtldef/signal.h
Fixed:  rtldef/stdio.h
Fixed:  rtldef/string.h
Fixed:  rtldef/wait.h
Fixed:  signal.h
Fixed:  sparc/asm_linkage.h
Fixed:  spawn.h
Fixed:  stdarg.h
Fixed:  stdint-aix.h
Fixed:  stdint-darwin.h
Fixed:  stdint-hpux11.h
Fixed:  stdint-newlib.h
Fixed:  stdint.h
Fixed:  stdio.h
Fixed:  stdio_tag.h
Fixed:  stdlib.h
Fixed:  string.h
Fixed:  strings.h
Fixed:  sundev/vuid_event.h
Fixed:  sunwindow/win_lock.h
Fixed:  sym.h
Fixed:  sys/_inttypes.h
Fixed:  sys/cdefs.h
Fixed:  sys/feature_tests.h
Fixed:  sys/file.h
Fixed:  sys/int_const.h
Fixed:  sys/int_limits.h
Fixed:  sys/machine.h
Fixed:  sys/mman.h
Fixed:  sys/pthread.h
Fixed:  sys/signal.h
Fixed:  sys/socket.h
Fixed:  sys/spinlock.h
Fixed:  sys/stat.h
Fixed:  sys/sysmacros.h
Fixed:  sys/time.h
Fixed:  sys/types.h
Fixed:  sys/ucontext.h
Fixed:  sys/wait.h
Fixed:  testing.h
Fixed:  tgmath.h
Fixed:  time.h
Fixed:  tinfo.h
Fixed:  types/vxTypesBase.h
Fixed:  unistd.h
math.h [...]/hurd/master/fixincludes/tests/base/math.h differ: char 1529, line 76
*** math.h	Sun Feb 21 16:28:08 2016
--- [...]/hurd/master/fixincludes/tests/base/math.h	Mon Dec 10 23:37:58 2012
***************
*** 73,78 ****
--- 73,79 ----
  
  
  #if defined( MATH_HUGE_VAL_FROM_DBL_MAX_CHECK )
+ 
  #define HUGE_VAL 3.1415e+9 /* really big */
  #endif  /* MATH_HUGE_VAL_FROM_DBL_MAX_CHECK */
  
reg_types.h [...]/hurd/master/fixincludes/tests/base/reg_types.h differ: char 266, line 12
*** reg_types.h	Sun Feb 21 16:28:08 2016
--- [...]/hurd/master/fixincludes/tests/base/reg_types.h	Sun May 27 02:29:29 2012
***************
*** 9,15 ****
  
  
  
! #if defined( OSF_NAMESPACE_A_CHECK )typedef struct {
    int stuff, mo_suff;
  } __regex_t;
  extern __regex_t    re;
--- 9,16 ----
  
  
  
! #if defined( OSF_NAMESPACE_A_CHECK )
! typedef struct {
    int stuff, mo_suff;
  } __regex_t;
  extern __regex_t    re;
sys/stat.h [...]/hurd/master/fixincludes/tests/base/sys/stat.h differ: char 881, line 38
*** sys/stat.h	Sun Feb 21 16:28:08 2016
--- [...]/hurd/master/fixincludes/tests/base/sys/stat.h	Mon Dec 10 23:37:58 2012
***************
*** 35,41 ****
  #endif  /* VXWORKS_MKDIR_MACRO_CHECK */
  
  
! #if defined( VXWORKS_NEEDS_VXWORKS_CHECK )#include </dev/null> /* ULONG */
  # define	__INCstath <sys/stat.h>
  #include <types/vxTypesOld.h>
  #endif  /* VXWORKS_NEEDS_VXWORKS_CHECK */
--- 35,42 ----
  #endif  /* VXWORKS_MKDIR_MACRO_CHECK */
  
  
! #if defined( VXWORKS_NEEDS_VXWORKS_CHECK )
! #include </dev/null> /* ULONG */
  # define	__INCstath <sys/stat.h>
  #include <types/vxTypesOld.h>
  #endif  /* VXWORKS_NEEDS_VXWORKS_CHECK */
time.h [...]/hurd/master/fixincludes/tests/base/time.h differ: char 375, line 17
*** time.h	Sun Feb 21 16:28:08 2016
--- [...]/hurd/master/fixincludes/tests/base/time.h	Sun May 27 02:29:29 2012
***************
*** 14,20 ****
  #endif  /* VXWORKS_NEEDS_VXTYPES_CHECK */
  
  
! #if defined( VXWORKS_TIME_CHECK )#ifndef __gcc_VOIDFUNCPTR_defined
  #ifdef __cplusplus
  typedef void (*__gcc_VOIDFUNCPTR) (...);
  #else
--- 14,21 ----
  #endif  /* VXWORKS_NEEDS_VXTYPES_CHECK */
  
  
! #if defined( VXWORKS_TIME_CHECK )
! #ifndef __gcc_VOIDFUNCPTR_defined
  #ifdef __cplusplus
  typedef void (*__gcc_VOIDFUNCPTR) (...);
  #else

There were fixinclude test FAILURES
Makefile:176: recipe for target 'check' failed
make[2]: *** [check] Error 1
make[2]: Leaving directory '[...]/hurd/master.build/fixincludes'
Makefile:3632: recipe for target 'check-fixincludes' failed
make[1]: *** [check-fixincludes] Error 2
make[2]: Entering directory '[...]/hurd/master.build/gcc'
Making a new config file...
echo "set tmpdir [...]/hurd/master.build/gcc/testsuite" >> ./site.tmp
rm -rf testsuite/gcc-parallel
make[3]: Entering directory '[...]/hurd/master.build/gcc'
(rootme=`${PWDCMD-pwd}`; export rootme; \
srcdir=`cd ../../master/gcc; ${PWDCMD-pwd}` ; export srcdir ; \
if [ -n "" ] \
   && [ -n "$GCC_RUNTEST_PARALLELIZE_DIR" ] \
   && [ -f testsuite/gcc-parallel/finished ]; then \
  rm -rf testsuite/gcc; \
else \
  cd testsuite/gcc; \
  rm -f tmp-site.exp; \
  sed '/set tmpdir/ s|testsuite$|testsuite/gcc|' \
	< ../../site.exp > tmp-site.exp; \
  /bin/dash ${srcdir}/../move-if-change tmp-site.exp site.exp; \
  EXPECT=`if [ -f ${rootme}/../expect/expect ] ; then echo ${rootme}/../expect/expect ; else echo expect ; fi` ; export EXPECT ; \
  if [ -f ${rootme}/../expect/expect ] ; then  \
    TCL_LIBRARY=`cd .. ; cd ${srcdir}/../tcl/library ; ${PWDCMD-pwd}` ; \
    export TCL_LIBRARY ; \
  fi ; \
  `if [ -f ${srcdir}/../dejagnu/runtest ] ; then echo ${srcdir}/../dejagnu/runtest ; else echo runtest; fi` --tool gcc ; \
  if [ -n "$GCC_RUNTEST_PARALLELIZE_DIR" ] ; then \
    touch ${rootme}/testsuite/gcc-parallel/finished; \
  fi ; \
fi )
Test Run By thomas on Sun Feb 21 16:28:15 2016
Native configuration is i686-unknown-gnu0.6

		=== gcc tests ===

Schedule of variations:
    unix

Running target unix
Using /usr/share/dejagnu/baseboards/unix.exp as board description file for target.
Using /usr/share/dejagnu/config/unix.exp as generic interface file for target.
Using [...]/hurd/master/gcc/testsuite/config/default.exp as tool-and-target-specific interface file.
Running [...]/hurd/master/gcc/testsuite/gcc.c-torture/compile/compile.exp ...
Running [...]/hurd/master/gcc/testsuite/gcc.c-torture/execute/builtins/builtins.exp ...
Running [...]/hurd/master/gcc/testsuite/gcc.c-torture/execute/execute.exp ...
Running [...]/hurd/master/gcc/testsuite/gcc.c-torture/execute/ieee/ieee.exp ...
Running [...]/hurd/master/gcc/testsuite/gcc.c-torture/unsorted/unsorted.exp ...

Running [...]/hurd/master/gcc/testsuite/gcc.dg/asan/asan.exp ...
Running [...]/hurd/master/gcc/testsuite/gcc.dg/atomic/atomic.exp ...
Running [...]/hurd/master/gcc/testsuite/gcc.dg/autopar/autopar.exp ...
Running [...]/hurd/master/gcc/testsuite/gcc.dg/charset/charset.exp ...
Running [...]/hurd/master/gcc/testsuite/gcc.dg/cilk-plus/cilk-plus.exp ...
Running [...]/hurd/master/gcc/testsuite/gcc.dg/compat/compat.exp ...
Running [...]/hurd/master/gcc/testsuite/gcc.dg/compat/struct-layout-1.exp ...
Running [...]/hurd/master/gcc/testsuite/gcc.dg/cpp/cpp.exp ...
Running [...]/hurd/master/gcc/testsuite/gcc.dg/cpp/trad/trad.exp ...
Running [...]/hurd/master/gcc/testsuite/gcc.dg/debug/debug.exp ...
Running [...]/hurd/master/gcc/testsuite/gcc.dg/debug/dwarf2/dwarf2.exp ...
Running [...]/hurd/master/gcc/testsuite/gcc.dg/dfp/dfp.exp ...
Running [...]/hurd/master/gcc/testsuite/gcc.dg/dg.exp ...
FAIL: gcc.dg/cleanup-10.c execution test
FAIL: gcc.dg/cleanup-11.c execution test
FAIL: gcc.dg/cleanup-8.c execution test
FAIL: gcc.dg/cleanup-9.c execution test
FAIL: c-c++-common/vector-compare-4.c  -Wc++-compat  (test for excess errors)
Running [...]/hurd/master/gcc/testsuite/gcc.dg/fixed-point/fixed-point.exp ...
Running [...]/hurd/master/gcc/testsuite/gcc.dg/format/format.exp ...
Running [...]/hurd/master/gcc/testsuite/gcc.dg/goacc-gomp/goacc-gomp.exp ...
Running [...]/hurd/master/gcc/testsuite/gcc.dg/goacc/goacc.exp ...
Running [...]/hurd/master/gcc/testsuite/gcc.dg/gomp/gomp.exp ...
Running [...]/hurd/master/gcc/testsuite/gcc.dg/graphite/graphite.exp ...
FAIL: gcc.dg/graphite/id-pr45230-1.c (internal compiler error)
FAIL: gcc.dg/graphite/id-pr45230-1.c (test for excess errors)
Running [...]/hurd/master/gcc/testsuite/gcc.dg/guality/guality.exp ...
XPASS: gcc.dg/guality/example.c   -O0  execution test
XPASS: gcc.dg/guality/example.c   -O1  execution test
XPASS: gcc.dg/guality/guality.c   -O0  execution test
XPASS: gcc.dg/guality/guality.c   -O1  execution test
XPASS: gcc.dg/guality/guality.c   -O2  execution test
XPASS: gcc.dg/guality/guality.c   -O3 -g  execution test
XPASS: gcc.dg/guality/guality.c   -Os  execution test
XPASS: gcc.dg/guality/guality.c   -O2 -flto -fno-use-linker-plugin -flto-partition=none  execution test
XPASS: gcc.dg/guality/guality.c   -O2 -flto -fuse-linker-plugin -fno-fat-lto-objects  execution test
XPASS: gcc.dg/guality/inline-params.c   -O2  execution test
XPASS: gcc.dg/guality/inline-params.c   -O3 -g  execution test
XPASS: gcc.dg/guality/inline-params.c   -Os  execution test
XPASS: gcc.dg/guality/inline-params.c   -O2 -flto -fno-use-linker-plugin -flto-partition=none  execution test
XPASS: gcc.dg/guality/pr41353-1.c   -O0  line 28 j == 28 + 37
XPASS: gcc.dg/guality/pr41353-1.c   -O1  line 28 j == 28 + 37
XPASS: gcc.dg/guality/pr41353-1.c   -O2  line 28 j == 28 + 37
XPASS: gcc.dg/guality/pr41353-1.c   -O3 -g  line 28 j == 28 + 37
XPASS: gcc.dg/guality/pr41353-1.c   -Os  line 28 j == 28 + 37
XPASS: gcc.dg/guality/pr41353-1.c   -O2 -flto -fno-use-linker-plugin -flto-partition=none  line 28 j == 28 + 37
XPASS: gcc.dg/guality/pr41353-1.c   -O2 -flto -fuse-linker-plugin -fno-fat-lto-objects  line 28 j == 28 + 37
FAIL: gcc.dg/guality/pr41447-1.c   -O2  execution test
FAIL: gcc.dg/guality/pr41447-1.c   -O3 -g  execution test
FAIL: gcc.dg/guality/pr41447-1.c   -O2 -flto -fno-use-linker-plugin -flto-partition=none  execution test
FAIL: gcc.dg/guality/pr41616-1.c   -O2 -flto -fuse-linker-plugin -fno-fat-lto-objects  execution test
FAIL: gcc.dg/guality/pr45882.c   -O2 -flto -fuse-linker-plugin -fno-fat-lto-objects  line 16 d == 112
FAIL: gcc.dg/guality/pr45882.c   -O2 -flto -fuse-linker-plugin -fno-fat-lto-objects  line 16 e == 142
FAIL: gcc.dg/guality/pr54519-1.c   -O2 -flto -fno-use-linker-plugin -flto-partition=none  line 20 y == 25
FAIL: gcc.dg/guality/pr54519-1.c   -O2 -flto -fno-use-linker-plugin -flto-partition=none  line 20 z == 6
FAIL: gcc.dg/guality/pr54519-1.c   -O2 -flto -fno-use-linker-plugin -flto-partition=none  line 23 y == 117
FAIL: gcc.dg/guality/pr54519-1.c   -O2 -flto -fno-use-linker-plugin -flto-partition=none  line 23 z == 8
FAIL: gcc.dg/guality/pr54519-2.c   -O2 -flto -fno-use-linker-plugin -flto-partition=none  line 17 y == 25
FAIL: gcc.dg/guality/pr54519-2.c   -O2 -flto -fuse-linker-plugin -fno-fat-lto-objects  line 17 y == 25
FAIL: gcc.dg/guality/pr54519-3.c   -O2 -flto -fno-use-linker-plugin -flto-partition=none  line 20 y == 25
FAIL: gcc.dg/guality/pr54519-3.c   -O2 -flto -fno-use-linker-plugin -flto-partition=none  line 20 z == 6
FAIL: gcc.dg/guality/pr54519-3.c   -O2 -flto -fno-use-linker-plugin -flto-partition=none  line 23 y == 117
FAIL: gcc.dg/guality/pr54519-3.c   -O2 -flto -fno-use-linker-plugin -flto-partition=none  line 23 z == 8
FAIL: gcc.dg/guality/pr54519-3.c   -O2 -flto -fuse-linker-plugin -fno-fat-lto-objects  line 20 y == 25
FAIL: gcc.dg/guality/pr54519-3.c   -O2 -flto -fuse-linker-plugin -fno-fat-lto-objects  line 20 z == 6
FAIL: gcc.dg/guality/pr54519-3.c   -O2 -flto -fuse-linker-plugin -fno-fat-lto-objects  line 23 y == 117
FAIL: gcc.dg/guality/pr54519-3.c   -O2 -flto -fuse-linker-plugin -fno-fat-lto-objects  line 23 z == 8
FAIL: gcc.dg/guality/pr54519-4.c   -O2 -flto -fno-use-linker-plugin -flto-partition=none  line 17 y == 25
FAIL: gcc.dg/guality/pr54519-4.c   -O2 -flto -fuse-linker-plugin -fno-fat-lto-objects  line 17 y == 25
FAIL: gcc.dg/guality/pr54519-5.c   -O2 -flto -fno-use-linker-plugin -flto-partition=none  line 17 y == 25
FAIL: gcc.dg/guality/pr54519-5.c   -O2 -flto -fuse-linker-plugin -fno-fat-lto-objects  line 17 y == 25
FAIL: gcc.dg/guality/pr68860-1.c   -O2 -flto -fno-use-linker-plugin -flto-partition=none  line 14 arg1 == 1
FAIL: gcc.dg/guality/pr68860-1.c   -O2 -flto -fno-use-linker-plugin -flto-partition=none  line 14 arg2 == 2
FAIL: gcc.dg/guality/pr68860-1.c   -O2 -flto -fno-use-linker-plugin -flto-partition=none  line 14 arg3 == 3
FAIL: gcc.dg/guality/pr68860-1.c   -O2 -flto -fno-use-linker-plugin -flto-partition=none  line 14 arg4 == 4
FAIL: gcc.dg/guality/pr68860-1.c   -O2 -flto -fno-use-linker-plugin -flto-partition=none  line 14 arg5 == 5
FAIL: gcc.dg/guality/pr68860-1.c   -O2 -flto -fno-use-linker-plugin -flto-partition=none  line 14 arg6 == 6
FAIL: gcc.dg/guality/pr68860-1.c   -O2 -flto -fno-use-linker-plugin -flto-partition=none  line 16 arg1 == 1
FAIL: gcc.dg/guality/pr68860-1.c   -O2 -flto -fno-use-linker-plugin -flto-partition=none  line 16 arg2 == 2
FAIL: gcc.dg/guality/pr68860-1.c   -O2 -flto -fno-use-linker-plugin -flto-partition=none  line 16 arg3 == 3
FAIL: gcc.dg/guality/pr68860-1.c   -O2 -flto -fno-use-linker-plugin -flto-partition=none  line 16 arg4 == 4
FAIL: gcc.dg/guality/pr68860-1.c   -O2 -flto -fno-use-linker-plugin -flto-partition=none  line 16 arg5 == 5
FAIL: gcc.dg/guality/pr68860-1.c   -O2 -flto -fno-use-linker-plugin -flto-partition=none  line 16 arg6 == 6
FAIL: gcc.dg/guality/pr68860-1.c   -O2 -flto -fuse-linker-plugin -fno-fat-lto-objects  line 14 arg1 == 1
FAIL: gcc.dg/guality/pr68860-1.c   -O2 -flto -fuse-linker-plugin -fno-fat-lto-objects  line 14 arg2 == 2
FAIL: gcc.dg/guality/pr68860-1.c   -O2 -flto -fuse-linker-plugin -fno-fat-lto-objects  line 14 arg3 == 3
FAIL: gcc.dg/guality/pr68860-1.c   -O2 -flto -fuse-linker-plugin -fno-fat-lto-objects  line 14 arg4 == 4
FAIL: gcc.dg/guality/pr68860-1.c   -O2 -flto -fuse-linker-plugin -fno-fat-lto-objects  line 14 arg5 == 5
FAIL: gcc.dg/guality/pr68860-1.c   -O2 -flto -fuse-linker-plugin -fno-fat-lto-objects  line 14 arg6 == 6
FAIL: gcc.dg/guality/pr68860-1.c   -O2 -flto -fuse-linker-plugin -fno-fat-lto-objects  line 16 arg1 == 1
FAIL: gcc.dg/guality/pr68860-1.c   -O2 -flto -fuse-linker-plugin -fno-fat-lto-objects  line 16 arg2 == 2
FAIL: gcc.dg/guality/pr68860-1.c   -O2 -flto -fuse-linker-plugin -fno-fat-lto-objects  line 16 arg3 == 3
FAIL: gcc.dg/guality/pr68860-1.c   -O2 -flto -fuse-linker-plugin -fno-fat-lto-objects  line 16 arg4 == 4
FAIL: gcc.dg/guality/pr68860-1.c   -O2 -flto -fuse-linker-plugin -fno-fat-lto-objects  line 16 arg5 == 5
FAIL: gcc.dg/guality/pr68860-1.c   -O2 -flto -fuse-linker-plugin -fno-fat-lto-objects  line 16 arg6 == 6
FAIL: gcc.dg/guality/vla-1.c   -O1  line 17 sizeof (a) == 6
FAIL: gcc.dg/guality/vla-1.c   -O2  line 17 sizeof (a) == 6
FAIL: gcc.dg/guality/vla-1.c   -O3 -g  line 17 sizeof (a) == 6
FAIL: gcc.dg/guality/vla-1.c   -Os  line 17 sizeof (a) == 6
FAIL: gcc.dg/guality/vla-1.c   -O2 -flto -fno-use-linker-plugin -flto-partition=none  line 17 sizeof (a) == 6
FAIL: gcc.dg/guality/vla-1.c   -O2 -flto -fuse-linker-plugin -fno-fat-lto-objects  line 17 sizeof (a) == 6
Running [...]/hurd/master/gcc/testsuite/gcc.dg/ipa/ipa.exp ...
Running [...]/hurd/master/gcc/testsuite/gcc.dg/lto/lto.exp ...
Running [...]/hurd/master/gcc/testsuite/gcc.dg/noncompile/noncompile.exp ...
Running [...]/hurd/master/gcc/testsuite/gcc.dg/pch/pch.exp ...
FAIL: largefile.c  -O0 -g -I. -Dwith_PCH (internal compiler error)
FAIL: largefile.c  -O0 -g -I. -Dwith_PCH (test for excess errors)
FAIL: gcc.dg/pch/largefile.c  -O0 -g assembly comparison
FAIL: largefile.c   -O0  -I. -Dwith_PCH (internal compiler error)
FAIL: largefile.c   -O0  -I. -Dwith_PCH (test for excess errors)
FAIL: gcc.dg/pch/largefile.c   -O0  assembly comparison
FAIL: largefile.c   -O1  -I. -Dwith_PCH (internal compiler error)
FAIL: largefile.c   -O1  -I. -Dwith_PCH (test for excess errors)
FAIL: gcc.dg/pch/largefile.c   -O1  assembly comparison
FAIL: largefile.c   -O2  -I. -Dwith_PCH (internal compiler error)
FAIL: largefile.c   -O2  -I. -Dwith_PCH (test for excess errors)
FAIL: gcc.dg/pch/largefile.c   -O2  assembly comparison
FAIL: largefile.c   -O3 -g  -I. -Dwith_PCH (internal compiler error)
FAIL: largefile.c   -O3 -g  -I. -Dwith_PCH (test for excess errors)
FAIL: gcc.dg/pch/largefile.c   -O3 -g  assembly comparison
FAIL: largefile.c   -Os  -I. -Dwith_PCH (internal compiler error)
FAIL: largefile.c   -Os  -I. -Dwith_PCH (test for excess errors)
FAIL: gcc.dg/pch/largefile.c   -Os  assembly comparison
Running [...]/hurd/master/gcc/testsuite/gcc.dg/plugin/plugin.exp ...
Running [...]/hurd/master/gcc/testsuite/gcc.dg/sancov/sancov.exp ...
Running [...]/hurd/master/gcc/testsuite/gcc.dg/simulate-thread/simulate-thread.exp ...
Running [...]/hurd/master/gcc/testsuite/gcc.dg/special/mips-abi.exp ...
Running [...]/hurd/master/gcc/testsuite/gcc.dg/special/special.exp ...
Running [...]/hurd/master/gcc/testsuite/gcc.dg/sso/sso.exp ...
Running [...]/hurd/master/gcc/testsuite/gcc.dg/tls/tls.exp ...
Running [...]/hurd/master/gcc/testsuite/gcc.dg/tm/tm.exp ...
Running [...]/hurd/master/gcc/testsuite/gcc.dg/torture/dg-torture.exp ...
Running [...]/hurd/master/gcc/testsuite/gcc.dg/torture/stackalign/stackalign.exp ...
Running [...]/hurd/master/gcc/testsuite/gcc.dg/torture/tls/tls.exp ...
Running [...]/hurd/master/gcc/testsuite/gcc.dg/tree-prof/tree-prof.exp ...
Running [...]/hurd/master/gcc/testsuite/gcc.dg/tree-ssa/tree-ssa.exp ...
Running [...]/hurd/master/gcc/testsuite/gcc.dg/tsan/tsan.exp ...
Running [...]/hurd/master/gcc/testsuite/gcc.dg/ubsan/ubsan.exp ...
Running [...]/hurd/master/gcc/testsuite/gcc.dg/vect/costmodel/i386/i386-costmodel-vect.exp ...
Running [...]/hurd/master/gcc/testsuite/gcc.dg/vect/costmodel/ppc/ppc-costmodel-vect.exp ...
Running [...]/hurd/master/gcc/testsuite/gcc.dg/vect/costmodel/spu/spu-costmodel-vect.exp ...
Running [...]/hurd/master/gcc/testsuite/gcc.dg/vect/costmodel/x86_64/x86_64-costmodel-vect.exp ...
Running [...]/hurd/master/gcc/testsuite/gcc.dg/vect/vect.exp ...
FAIL: gcc.dg/vect/pr62171.c scan-tree-dump-times vect "vectorized 1 loops" 1
FAIL: gcc.dg/vect/pr62171.c -flto -ffat-lto-objects  scan-tree-dump-times vect "vectorized 1 loops" 1
Running [...]/hurd/master/gcc/testsuite/gcc.dg/vmx/vmx.exp ...
Running [...]/hurd/master/gcc/testsuite/gcc.dg/vxworks/vxworks.exp ...
Running [...]/hurd/master/gcc/testsuite/gcc.dg/weak/weak.exp ...
Running [...]/hurd/master/gcc/testsuite/gcc.misc-tests/acker1.exp ...
Running [...]/hurd/master/gcc/testsuite/gcc.misc-tests/arm-isr.exp ...
Running [...]/hurd/master/gcc/testsuite/gcc.misc-tests/bprob.exp ...
Running [...]/hurd/master/gcc/testsuite/gcc.misc-tests/dectest.exp ...
Running [...]/hurd/master/gcc/testsuite/gcc.misc-tests/dhry.exp ...
Running [...]/hurd/master/gcc/testsuite/gcc.misc-tests/gcov.exp ...
Running [...]/hurd/master/gcc/testsuite/gcc.misc-tests/godump.exp ...
Running [...]/hurd/master/gcc/testsuite/gcc.misc-tests/help.exp ...
Running [...]/hurd/master/gcc/testsuite/gcc.misc-tests/i386-prefetch.exp ...
Running [...]/hurd/master/gcc/testsuite/gcc.misc-tests/linkage.exp ...
Running [...]/hurd/master/gcc/testsuite/gcc.misc-tests/matrix1.exp ...
Running [...]/hurd/master/gcc/testsuite/gcc.misc-tests/mg-2.exp ...
Running [...]/hurd/master/gcc/testsuite/gcc.misc-tests/mg.exp ...
Running [...]/hurd/master/gcc/testsuite/gcc.misc-tests/options.exp ...
Running [...]/hurd/master/gcc/testsuite/gcc.misc-tests/output.exp ...
Running [...]/hurd/master/gcc/testsuite/gcc.misc-tests/sieve.exp ...
Running [...]/hurd/master/gcc/testsuite/gcc.misc-tests/sort2.exp ...
Running [...]/hurd/master/gcc/testsuite/gcc.target/aarch64/aapcs64/aapcs64.exp ...
Running [...]/hurd/master/gcc/testsuite/gcc.target/aarch64/aarch64.exp ...
Running [...]/hurd/master/gcc/testsuite/gcc.target/aarch64/acle/acle.exp ...
Running [...]/hurd/master/gcc/testsuite/gcc.target/aarch64/advsimd-intrinsics/advsimd-intrinsics.exp ...
Running [...]/hurd/master/gcc/testsuite/gcc.target/aarch64/fp16/fp16.exp ...
Running [...]/hurd/master/gcc/testsuite/gcc.target/aarch64/simd/simd.exp ...
Running [...]/hurd/master/gcc/testsuite/gcc.target/alpha/alpha.exp ...
Running [...]/hurd/master/gcc/testsuite/gcc.target/arc/arc.exp ...
Running [...]/hurd/master/gcc/testsuite/gcc.target/arm/aapcs/aapcs.exp ...
Running [...]/hurd/master/gcc/testsuite/gcc.target/arm/acle/acle.exp ...
Running [...]/hurd/master/gcc/testsuite/gcc.target/arm/arm.exp ...
Running [...]/hurd/master/gcc/testsuite/gcc.target/arm/lto/lto.exp ...
Running [...]/hurd/master/gcc/testsuite/gcc.target/arm/neon/neon.exp ...
Running [...]/hurd/master/gcc/testsuite/gcc.target/arm/simd/simd.exp ...
Running [...]/hurd/master/gcc/testsuite/gcc.target/avr/avr.exp ...
Running [...]/hurd/master/gcc/testsuite/gcc.target/avr/torture/avr-torture.exp ...
Running [...]/hurd/master/gcc/testsuite/gcc.target/bfin/bfin.exp ...
Running [...]/hurd/master/gcc/testsuite/gcc.target/bfin/builtins/bfin-builtins.exp ...
Running [...]/hurd/master/gcc/testsuite/gcc.target/cris/cris.exp ...
Running [...]/hurd/master/gcc/testsuite/gcc.target/cris/torture/cris-torture.exp ...
Running [...]/hurd/master/gcc/testsuite/gcc.target/epiphany/epiphany.exp ...
Running [...]/hurd/master/gcc/testsuite/gcc.target/frv/frv.exp ...
Running [...]/hurd/master/gcc/testsuite/gcc.target/h8300/h8300.exp ...
Running [...]/hurd/master/gcc/testsuite/gcc.target/hppa/hppa.exp ...
Running [...]/hurd/master/gcc/testsuite/gcc.target/i386/i386.exp ...
FAIL: gcc.target/i386/mcount_pic.c (test for excess errors)
FAIL: gcc.target/i386/pr65105-2.c scan-assembler por
Running [...]/hurd/master/gcc/testsuite/gcc.target/i386/iamcu/abi-iamcu.exp ...
Running [...]/hurd/master/gcc/testsuite/gcc.target/i386/math-torture/math-torture.exp ...
Running [...]/hurd/master/gcc/testsuite/gcc.target/i386/mpx/mpx.exp ...
Running [...]/hurd/master/gcc/testsuite/gcc.target/i386/stackalign/stackalign.exp ...
Running [...]/hurd/master/gcc/testsuite/gcc.target/ia64/ia64.exp ...
Running [...]/hurd/master/gcc/testsuite/gcc.target/m68k/m68k.exp ...
Running [...]/hurd/master/gcc/testsuite/gcc.target/microblaze/microblaze.exp ...
Running [...]/hurd/master/gcc/testsuite/gcc.target/mips/inter/mips16-inter.exp ...
Running [...]/hurd/master/gcc/testsuite/gcc.target/mips/mips-nonpic/mips-nonpic.exp ...
Running [...]/hurd/master/gcc/testsuite/gcc.target/mips/mips.exp ...
Running [...]/hurd/master/gcc/testsuite/gcc.target/msp430/msp430.exp ...
Running [...]/hurd/master/gcc/testsuite/gcc.target/nds32/nds32.exp ...
Running [...]/hurd/master/gcc/testsuite/gcc.target/nios2/nios2.exp ...
Running [...]/hurd/master/gcc/testsuite/gcc.target/nvptx/nvptx.exp ...
Running [...]/hurd/master/gcc/testsuite/gcc.target/powerpc/powerpc.exp ...
Running [...]/hurd/master/gcc/testsuite/gcc.target/rl78/rl78.exp ...
Running [...]/hurd/master/gcc/testsuite/gcc.target/rx/rx.exp ...
Running [...]/hurd/master/gcc/testsuite/gcc.target/s390/s390.exp ...
Running [...]/hurd/master/gcc/testsuite/gcc.target/sh/sh.exp ...
Running [...]/hurd/master/gcc/testsuite/gcc.target/sh/torture/sh-torture.exp ...
Running [...]/hurd/master/gcc/testsuite/gcc.target/sparc/sparc.exp ...
Running [...]/hurd/master/gcc/testsuite/gcc.target/spu/ea/ea.exp ...
Running [...]/hurd/master/gcc/testsuite/gcc.target/spu/spu.exp ...
Running [...]/hurd/master/gcc/testsuite/gcc.target/tic6x/builtins/c6x-builtins.exp ...
Running [...]/hurd/master/gcc/testsuite/gcc.target/tic6x/tic6x.exp ...
Running [...]/hurd/master/gcc/testsuite/gcc.target/vax/vax.exp ...
Running [...]/hurd/master/gcc/testsuite/gcc.target/visium/visium.exp ...
Running [...]/hurd/master/gcc/testsuite/gcc.target/x86_64/abi/abi-x86_64.exp ...
Running [...]/hurd/master/gcc/testsuite/gcc.target/x86_64/abi/avx/abi-avx.exp ...
Running [...]/hurd/master/gcc/testsuite/gcc.target/x86_64/abi/avx512f/abi-avx512f.exp ...
Running [...]/hurd/master/gcc/testsuite/gcc.target/x86_64/abi/callabi/callabi.exp ...
Running [...]/hurd/master/gcc/testsuite/gcc.target/xstormy16/xstormy16.exp ...
Running [...]/hurd/master/gcc/testsuite/gcc.test-framework/test-framework.exp ...
skipping test framework tests, CHECK_TEST_FRAMEWORK is not defined

		=== gcc Summary ===

# of expected passes		107414
# of unexpected failures	83
# of unexpected successes	20
# of expected failures		307
# of unresolved testcases	1
# of unsupported tests		1520
[...]/hurd/master.build/gcc/xgcc  version 6.0.0 20160220 (experimental) (GCC) 

make[3]: Leaving directory '[...]/hurd/master.build/gcc'
rm -rf testsuite/g++-parallel
make[3]: Entering directory '[...]/hurd/master.build/gcc'
(rootme=`${PWDCMD-pwd}`; export rootme; \
srcdir=`cd ../../master/gcc; ${PWDCMD-pwd}` ; export srcdir ; \
if [ -n "" ] \
   && [ -n "$GCC_RUNTEST_PARALLELIZE_DIR" ] \
   && [ -f testsuite/g++-parallel/finished ]; then \
  rm -rf testsuite/g++; \
else \
  cd testsuite/g++; \
  rm -f tmp-site.exp; \
  sed '/set tmpdir/ s|testsuite$|testsuite/g++|' \
	< ../../site.exp > tmp-site.exp; \
  /bin/dash ${srcdir}/../move-if-change tmp-site.exp site.exp; \
  EXPECT=`if [ -f ${rootme}/../expect/expect ] ; then echo ${rootme}/../expect/expect ; else echo expect ; fi` ; export EXPECT ; \
  if [ -f ${rootme}/../expect/expect ] ; then  \
    TCL_LIBRARY=`cd .. ; cd ${srcdir}/../tcl/library ; ${PWDCMD-pwd}` ; \
    export TCL_LIBRARY ; \
  fi ; \
  `if [ -f ${srcdir}/../dejagnu/runtest ] ; then echo ${srcdir}/../dejagnu/runtest ; else echo runtest; fi` --tool g++ ; \
  if [ -n "$GCC_RUNTEST_PARALLELIZE_DIR" ] ; then \
    touch ${rootme}/testsuite/g++-parallel/finished; \
  fi ; \
fi )
Test Run By thomas on Sun Feb 21 20:48:11 2016
Native configuration is i686-unknown-gnu0.6

		=== g++ tests ===

Schedule of variations:
    unix

Running target unix
Using /usr/share/dejagnu/baseboards/unix.exp as board description file for target.
Using /usr/share/dejagnu/config/unix.exp as generic interface file for target.
Using [...]/hurd/master/gcc/testsuite/config/default.exp as tool-and-target-specific interface file.
Running [...]/hurd/master/gcc/testsuite/g++.dg/asan/asan.exp ...
Running [...]/hurd/master/gcc/testsuite/g++.dg/bprob/bprob.exp ...
Running [...]/hurd/master/gcc/testsuite/g++.dg/charset/charset.exp ...
Running [...]/hurd/master/gcc/testsuite/g++.dg/cilk-plus/cilk-plus.exp ...
Running [...]/hurd/master/gcc/testsuite/g++.dg/compat/compat.exp ...
Running [...]/hurd/master/gcc/testsuite/g++.dg/compat/struct-layout-1.exp ...
Running [...]/hurd/master/gcc/testsuite/g++.dg/debug/debug.exp ...
Running [...]/hurd/master/gcc/testsuite/g++.dg/debug/dwarf2/dwarf2.exp ...
Running [...]/hurd/master/gcc/testsuite/g++.dg/dfp/dfp.exp ...
Running [...]/hurd/master/gcc/testsuite/g++.dg/dg.exp ...
FAIL: g++.dg/cdce3.C  -std=gnu++98 execution test
FAIL: g++.dg/cdce3.C  -std=gnu++11 execution test
FAIL: g++.dg/cdce3.C  -std=gnu++14 execution test
FAIL: g++.dg/eh/sighandle.C  -std=gnu++98 execution test
FAIL: g++.dg/eh/sighandle.C  -std=gnu++11 execution test
FAIL: g++.dg/eh/sighandle.C  -std=gnu++14 execution test
FAIL: g++.dg/ext/cleanup-10.C  -std=gnu++98 execution test
FAIL: g++.dg/ext/cleanup-10.C  -std=gnu++11 execution test
FAIL: g++.dg/ext/cleanup-10.C  -std=gnu++14 execution test
FAIL: g++.dg/ext/cleanup-11.C  -std=gnu++98 execution test
FAIL: g++.dg/ext/cleanup-11.C  -std=gnu++11 execution test
FAIL: g++.dg/ext/cleanup-11.C  -std=gnu++14 execution test
FAIL: g++.dg/ext/cleanup-8.C  -std=gnu++98 execution test
FAIL: g++.dg/ext/cleanup-8.C  -std=gnu++11 execution test
FAIL: g++.dg/ext/cleanup-8.C  -std=gnu++14 execution test
FAIL: g++.dg/ext/cleanup-9.C  -std=gnu++98 execution test
FAIL: g++.dg/ext/cleanup-9.C  -std=gnu++11 execution test
FAIL: g++.dg/ext/cleanup-9.C  -std=gnu++14 execution test
FAIL: g++.dg/ext/sync-4.C  -std=gnu++98 execution test
FAIL: g++.dg/ext/sync-4.C  -std=gnu++11 execution test
FAIL: g++.dg/ext/sync-4.C  -std=gnu++14 execution test
FAIL: c-c++-common/vector-compare-4.c  -std=gnu++98 (test for excess errors)
FAIL: c-c++-common/vector-compare-4.c  -std=gnu++11 (test for excess errors)
FAIL: c-c++-common/vector-compare-4.c  -std=gnu++14 (test for excess errors)
Running [...]/hurd/master/gcc/testsuite/g++.dg/gcov/gcov.exp ...
Running [...]/hurd/master/gcc/testsuite/g++.dg/goacc-gomp/goacc-gomp.exp ...
Running [...]/hurd/master/gcc/testsuite/g++.dg/goacc/goacc.exp ...
Running [...]/hurd/master/gcc/testsuite/g++.dg/gomp/gomp.exp ...
Running [...]/hurd/master/gcc/testsuite/g++.dg/graphite/graphite.exp ...
Running [...]/hurd/master/gcc/testsuite/g++.dg/guality/guality.exp ...
FAIL: g++.dg/guality/pr55665.C   -O2  line 23 p == 40
FAIL: g++.dg/guality/pr55665.C   -O3 -g  line 23 p == 40
Running [...]/hurd/master/gcc/testsuite/g++.dg/lto/lto.exp ...
Running [...]/hurd/master/gcc/testsuite/g++.dg/pch/pch.exp ...
Running [...]/hurd/master/gcc/testsuite/g++.dg/plugin/plugin.exp ...
Running [...]/hurd/master/gcc/testsuite/g++.dg/simulate-thread/simulate-thread.exp ...
Running [...]/hurd/master/gcc/testsuite/g++.dg/special/ecos.exp ...
Running [...]/hurd/master/gcc/testsuite/g++.dg/tls/tls.exp ...
XPASS: g++.dg/tls/thread_local-order2.C  -std=c++11 execution test
XPASS: g++.dg/tls/thread_local-order2.C  -std=c++14 execution test
FAIL: g++.dg/tls/thread_local3.C  -std=gnu++11 execution test
FAIL: g++.dg/tls/thread_local3.C  -std=gnu++14 execution test
FAIL: g++.dg/tls/thread_local3g.C  -std=gnu++11 execution test
FAIL: g++.dg/tls/thread_local3g.C  -std=gnu++14 execution test
FAIL: g++.dg/tls/thread_local4.C  -std=gnu++11 execution test
FAIL: g++.dg/tls/thread_local4.C  -std=gnu++14 execution test
FAIL: g++.dg/tls/thread_local4g.C  -std=gnu++11 execution test
FAIL: g++.dg/tls/thread_local4g.C  -std=gnu++14 execution test
FAIL: g++.dg/tls/thread_local5.C  -std=gnu++11 execution test
FAIL: g++.dg/tls/thread_local5.C  -std=gnu++14 execution test
FAIL: g++.dg/tls/thread_local5g.C  -std=gnu++11 execution test
FAIL: g++.dg/tls/thread_local5g.C  -std=gnu++14 execution test
Running [...]/hurd/master/gcc/testsuite/g++.dg/tm/tm.exp ...
Running [...]/hurd/master/gcc/testsuite/g++.dg/torture/dg-torture.exp ...
Running [...]/hurd/master/gcc/testsuite/g++.dg/torture/stackalign/stackalign.exp ...
Running [...]/hurd/master/gcc/testsuite/g++.dg/tree-prof/tree-prof.exp ...
Running [...]/hurd/master/gcc/testsuite/g++.dg/tsan/tsan.exp ...
Running [...]/hurd/master/gcc/testsuite/g++.dg/ubsan/ubsan.exp ...
Running [...]/hurd/master/gcc/testsuite/g++.dg/vect/vect.exp ...
Running [...]/hurd/master/gcc/testsuite/g++.old-deja/old-deja.exp ...

		=== g++ Summary ===

# of expected passes		92994
# of unexpected failures	38
# of unexpected successes	2
# of expected failures		261
# of unsupported tests		3223
[...]/hurd/master.build/gcc/testsuite/g++/../../xg++  version 6.0.0 20160220 (experimental) (GCC) 

make[3]: Leaving directory '[...]/hurd/master.build/gcc'
rm -rf testsuite/gfortran-parallel
make[3]: Entering directory '[...]/hurd/master.build/gcc'
(rootme=`${PWDCMD-pwd}`; export rootme; \
srcdir=`cd ../../master/gcc; ${PWDCMD-pwd}` ; export srcdir ; \
if [ -n "" ] \
   && [ -n "$GCC_RUNTEST_PARALLELIZE_DIR" ] \
   && [ -f testsuite/gfortran-parallel/finished ]; then \
  rm -rf testsuite/gfortran; \
else \
  cd testsuite/gfortran; \
  rm -f tmp-site.exp; \
  sed '/set tmpdir/ s|testsuite$|testsuite/gfortran|' \
	< ../../site.exp > tmp-site.exp; \
  /bin/dash ${srcdir}/../move-if-change tmp-site.exp site.exp; \
  EXPECT=`if [ -f ${rootme}/../expect/expect ] ; then echo ${rootme}/../expect/expect ; else echo expect ; fi` ; export EXPECT ; \
  if [ -f ${rootme}/../expect/expect ] ; then  \
    TCL_LIBRARY=`cd .. ; cd ${srcdir}/../tcl/library ; ${PWDCMD-pwd}` ; \
    export TCL_LIBRARY ; \
  fi ; \
  `if [ -f ${srcdir}/../dejagnu/runtest ] ; then echo ${srcdir}/../dejagnu/runtest ; else echo runtest; fi` --tool gfortran ; \
  if [ -n "$GCC_RUNTEST_PARALLELIZE_DIR" ] ; then \
    touch ${rootme}/testsuite/gfortran-parallel/finished; \
  fi ; \
fi )
Test Run By thomas on Sun Feb 21 23:11:58 2016
Native configuration is i686-unknown-gnu0.6

		=== gfortran tests ===

Schedule of variations:
    unix

Running target unix
Using /usr/share/dejagnu/baseboards/unix.exp as board description file for target.
Using /usr/share/dejagnu/config/unix.exp as generic interface file for target.
Using [...]/hurd/master/gcc/testsuite/config/default.exp as tool-and-target-specific interface file.
Running [...]/hurd/master/gcc/testsuite/gfortran.dg/coarray/caf.exp ...
Running [...]/hurd/master/gcc/testsuite/gfortran.dg/debug/debug.exp ...
Running [...]/hurd/master/gcc/testsuite/gfortran.dg/dg.exp ...
FAIL: gfortran.dg/read_dir.f90   -O0  execution test
FAIL: gfortran.dg/read_dir.f90   -O1  execution test
FAIL: gfortran.dg/read_dir.f90   -O2  execution test
FAIL: gfortran.dg/read_dir.f90   -O3 -fomit-frame-pointer -funroll-loops -fpeel-loops -ftracer -finline-functions  execution test
FAIL: gfortran.dg/read_dir.f90   -O3 -g  execution test
FAIL: gfortran.dg/read_dir.f90   -Os  execution test
Running [...]/hurd/master/gcc/testsuite/gfortran.dg/goacc/goacc.exp ...
Running [...]/hurd/master/gcc/testsuite/gfortran.dg/gomp/gomp.exp ...
Running [...]/hurd/master/gcc/testsuite/gfortran.dg/graphite/graphite.exp ...
Running [...]/hurd/master/gcc/testsuite/gfortran.dg/guality/guality.exp ...
Running [...]/hurd/master/gcc/testsuite/gfortran.dg/ieee/ieee.exp ...
Running [...]/hurd/master/gcc/testsuite/gfortran.dg/lto/lto.exp ...
Running [...]/hurd/master/gcc/testsuite/gfortran.dg/vect/vect.exp ...
Running [...]/hurd/master/gcc/testsuite/gfortran.fortran-torture/compile/compile.exp ...
Running [...]/hurd/master/gcc/testsuite/gfortran.fortran-torture/execute/execute.exp ...

		=== gfortran Summary ===

# of expected passes		41652
# of unexpected failures	6
# of expected failures		71
# of unsupported tests		169
[...]/hurd/master.build/gcc/testsuite/gfortran/../../gfortran  version 6.0.0 20160220 (experimental) (GCC) 

make[3]: Leaving directory '[...]/hurd/master.build/gcc'
rm -rf testsuite/objc-parallel
make[3]: Entering directory '[...]/hurd/master.build/gcc'
(rootme=`${PWDCMD-pwd}`; export rootme; \
srcdir=`cd ../../master/gcc; ${PWDCMD-pwd}` ; export srcdir ; \
if [ -n "" ] \
   && [ -n "$GCC_RUNTEST_PARALLELIZE_DIR" ] \
   && [ -f testsuite/objc-parallel/finished ]; then \
  rm -rf testsuite/objc; \
else \
  cd testsuite/objc; \
  rm -f tmp-site.exp; \
  sed '/set tmpdir/ s|testsuite$|testsuite/objc|' \
	< ../../site.exp > tmp-site.exp; \
  /bin/dash ${srcdir}/../move-if-change tmp-site.exp site.exp; \
  EXPECT=`if [ -f ${rootme}/../expect/expect ] ; then echo ${rootme}/../expect/expect ; else echo expect ; fi` ; export EXPECT ; \
  if [ -f ${rootme}/../expect/expect ] ; then  \
    TCL_LIBRARY=`cd .. ; cd ${srcdir}/../tcl/library ; ${PWDCMD-pwd}` ; \
    export TCL_LIBRARY ; \
  fi ; \
  `if [ -f ${srcdir}/../dejagnu/runtest ] ; then echo ${srcdir}/../dejagnu/runtest ; else echo runtest; fi` --tool objc ; \
  if [ -n "$GCC_RUNTEST_PARALLELIZE_DIR" ] ; then \
    touch ${rootme}/testsuite/objc-parallel/finished; \
  fi ; \
fi )
Test Run By thomas on Mon Feb 22 00:58:04 2016
Native configuration is i686-unknown-gnu0.6

		=== objc tests ===

Schedule of variations:
    unix

Running target unix
Using /usr/share/dejagnu/baseboards/unix.exp as board description file for target.
Using /usr/share/dejagnu/config/unix.exp as generic interface file for target.
Using [...]/hurd/master/gcc/testsuite/config/default.exp as tool-and-target-specific interface file.
Running [...]/hurd/master/gcc/testsuite/objc/compile/compile.exp ...
Running [...]/hurd/master/gcc/testsuite/objc/execute/exceptions/exceptions.exp ...
Running [...]/hurd/master/gcc/testsuite/objc/execute/execute.exp ...
Running [...]/hurd/master/gcc/testsuite/objc.dg/attributes/attributes.exp ...
Running [...]/hurd/master/gcc/testsuite/objc.dg/dg.exp ...
Running [...]/hurd/master/gcc/testsuite/objc.dg/gnu-encoding/gnu-encoding.exp ...
Running [...]/hurd/master/gcc/testsuite/objc.dg/lto/lto.exp ...
Running [...]/hurd/master/gcc/testsuite/objc.dg/pch/pch.exp ...
Running [...]/hurd/master/gcc/testsuite/objc.dg/plugin/plugin.exp ...
Running [...]/hurd/master/gcc/testsuite/objc.dg/property/property.exp ...
Running [...]/hurd/master/gcc/testsuite/objc.dg/special/special.exp ...
Running [...]/hurd/master/gcc/testsuite/objc.dg/strings/strings.exp ...
Running [...]/hurd/master/gcc/testsuite/objc.dg/tls/tls.exp ...
Running [...]/hurd/master/gcc/testsuite/objc.dg/torture/dg-torture.exp ...
Running [...]/hurd/master/gcc/testsuite/objc.dg/torture/strings/strings.exp ...
Running [...]/hurd/master/gcc/testsuite/objc.dg/torture/tls/tls.exp ...

		=== objc Summary ===

# of expected passes		2782
# of expected failures		6
# of unsupported tests		68
[...]/hurd/master.build/gcc/xgcc  version 6.0.0 20160220 (experimental) (GCC) 

make[3]: Leaving directory '[...]/hurd/master.build/gcc'
make[2]: Leaving directory '[...]/hurd/master.build/gcc'
make[2]: Entering directory '[...]/hurd/master.build/intl'
make[2]: Nothing to be done for 'check'.
make[2]: Leaving directory '[...]/hurd/master.build/intl'
make[2]: Entering directory '[...]/hurd/master.build/libbacktrace'
true  DO=all multi-do # make
make  btest stest
make[3]: Entering directory '[...]/hurd/master.build/libbacktrace'
[...]/hurd/master.build/./prev-gcc/xgcc -B[...]/hurd/master.build/./prev-gcc/ -B[...]/hurd/master.build.install/i686-unknown-gnu0.6/bin/ -B[...]/hurd/master.build.install/i686-unknown-gnu0.6/bin/ -B[...]/hurd/master.build.install/i686-unknown-gnu0.6/lib/ -isystem [...]/hurd/master.build.install/i686-unknown-gnu0.6/include -isystem [...]/hurd/master.build.install/i686-unknown-gnu0.6/sys-include    -DHAVE_CONFIG_H -I. -I../../master/libbacktrace  -I ../../master/libbacktrace/../include -I ../../master/libbacktrace/../libgcc -I ../libgcc  -funwind-tables -frandom-seed=btest-btest.o -W -Wall -Wwrite-strings -Wstrict-prototypes -Wmissing-prototypes -Wold-style-definition -Wmissing-format-attribute -Wcast-qual  -g -O -g -O2 -c -o btest-btest.o `test -f 'btest.c' || echo '../../master/libbacktrace/'`btest.c
/bin/dash ./libtool --tag=CC   --mode=link [...]/hurd/master.build/./prev-gcc/xgcc -B[...]/hurd/master.build/./prev-gcc/ -B[...]/hurd/master.build.install/i686-unknown-gnu0.6/bin/ -B[...]/hurd/master.build.install/i686-unknown-gnu0.6/bin/ -B[...]/hurd/master.build.install/i686-unknown-gnu0.6/lib/ -isystem [...]/hurd/master.build.install/i686-unknown-gnu0.6/include -isystem [...]/hurd/master.build.install/i686-unknown-gnu0.6/sys-include    -funwind-tables -frandom-seed=btest -W -Wall -Wwrite-strings -Wstrict-prototypes -Wmissing-prototypes -Wold-style-definition -Wmissing-format-attribute -Wcast-qual  -g -O -g -O2  -static-libstdc++ -static-libgcc  -o btest btest-btest.o libbacktrace.la 
libtool: link: [...]/hurd/master.build/./prev-gcc/xgcc -B[...]/hurd/master.build/./prev-gcc/ -B[...]/hurd/master.build.install/i686-unknown-gnu0.6/bin/ -B[...]/hurd/master.build.install/i686-unknown-gnu0.6/bin/ -B[...]/hurd/master.build.install/i686-unknown-gnu0.6/lib/ -isystem [...]/hurd/master.build.install/i686-unknown-gnu0.6/include -isystem [...]/hurd/master.build.install/i686-unknown-gnu0.6/sys-include -funwind-tables -frandom-seed=btest -W -Wall -Wwrite-strings -Wstrict-prototypes -Wmissing-prototypes -Wold-style-definition -Wmissing-format-attribute -Wcast-qual -g -O -g -O2 -static-libstdc++ -static-libgcc -o btest btest-btest.o  ./.libs/libbacktrace.a
[...]/hurd/master.build/./prev-gcc/xgcc -B[...]/hurd/master.build/./prev-gcc/ -B[...]/hurd/master.build.install/i686-unknown-gnu0.6/bin/ -B[...]/hurd/master.build.install/i686-unknown-gnu0.6/bin/ -B[...]/hurd/master.build.install/i686-unknown-gnu0.6/lib/ -isystem [...]/hurd/master.build.install/i686-unknown-gnu0.6/include -isystem [...]/hurd/master.build.install/i686-unknown-gnu0.6/sys-include    -DHAVE_CONFIG_H -I. -I../../master/libbacktrace  -I ../../master/libbacktrace/../include -I ../../master/libbacktrace/../libgcc -I ../libgcc  -funwind-tables -frandom-seed=stest.o -W -Wall -Wwrite-strings -Wstrict-prototypes -Wmissing-prototypes -Wold-style-definition -Wmissing-format-attribute -Wcast-qual  -g -O2 -c ../../master/libbacktrace/stest.c
/bin/dash ./libtool --tag=CC   --mode=link [...]/hurd/master.build/./prev-gcc/xgcc -B[...]/hurd/master.build/./prev-gcc/ -B[...]/hurd/master.build.install/i686-unknown-gnu0.6/bin/ -B[...]/hurd/master.build.install/i686-unknown-gnu0.6/bin/ -B[...]/hurd/master.build.install/i686-unknown-gnu0.6/lib/ -isystem [...]/hurd/master.build.install/i686-unknown-gnu0.6/include -isystem [...]/hurd/master.build.install/i686-unknown-gnu0.6/sys-include    -funwind-tables -frandom-seed=stest -W -Wall -Wwrite-strings -Wstrict-prototypes -Wmissing-prototypes -Wold-style-definition -Wmissing-format-attribute -Wcast-qual  -g -O2  -static-libstdc++ -static-libgcc  -o stest stest.o libbacktrace.la 
libtool: link: [...]/hurd/master.build/./prev-gcc/xgcc -B[...]/hurd/master.build/./prev-gcc/ -B[...]/hurd/master.build.install/i686-unknown-gnu0.6/bin/ -B[...]/hurd/master.build.install/i686-unknown-gnu0.6/bin/ -B[...]/hurd/master.build.install/i686-unknown-gnu0.6/lib/ -isystem [...]/hurd/master.build.install/i686-unknown-gnu0.6/include -isystem [...]/hurd/master.build.install/i686-unknown-gnu0.6/sys-include -funwind-tables -frandom-seed=stest -W -Wall -Wwrite-strings -Wstrict-prototypes -Wmissing-prototypes -Wold-style-definition -Wmissing-format-attribute -Wcast-qual -g -O2 -static-libstdc++ -static-libgcc -o stest stest.o  ./.libs/libbacktrace.a
make[3]: Leaving directory '[...]/hurd/master.build/libbacktrace'
make  check-TESTS
make[3]: Entering directory '[...]/hurd/master.build/libbacktrace'
PASS: backtrace_full noinline
PASS: backtrace_full inline
PASS: backtrace_simple noinline
PASS: backtrace_simple inline
PASS: backtrace_syminfo variable
PASS: btest
PASS: stest
==================
All 2 tests passed
==================
make[3]: Leaving directory '[...]/hurd/master.build/libbacktrace'
make[2]: Leaving directory '[...]/hurd/master.build/libbacktrace'
make[2]: Entering directory '[...]/hurd/master.build/libcpp'
make[2]: Nothing to be done for 'check'.
make[2]: Leaving directory '[...]/hurd/master.build/libcpp'
make[2]: Entering directory '[...]/hurd/master.build/libdecnumber'
make[2]: Nothing to be done for 'check'.
make[2]: Leaving directory '[...]/hurd/master.build/libdecnumber'
make[2]: Entering directory '[...]/hurd/master.build/libiberty'
make[3]: Entering directory '[...]/hurd/master.build/libiberty/testsuite'
[...]/hurd/master.build/./prev-gcc/xgcc -B[...]/hurd/master.build/./prev-gcc/ -B[...]/hurd/master.build.install/i686-unknown-gnu0.6/bin/ -B[...]/hurd/master.build.install/i686-unknown-gnu0.6/bin/ -B[...]/hurd/master.build.install/i686-unknown-gnu0.6/lib/ -isystem [...]/hurd/master.build.install/i686-unknown-gnu0.6/include -isystem [...]/hurd/master.build.install/i686-unknown-gnu0.6/sys-include    -DHAVE_CONFIG_H -g -O2 -static-libstdc++ -static-libgcc  -I.. -I../../../master/libiberty/testsuite/../../include  -o test-demangle \
	../../../master/libiberty/testsuite/test-demangle.c ../libiberty.a
./test-demangle < ../../../master/libiberty/testsuite/demangle-expected
./test-demangle: 912 tests, 0 failures
./test-demangle < ../../../master/libiberty/testsuite/d-demangle-expected
./test-demangle: 269 tests, 0 failures
[...]/hurd/master.build/./prev-gcc/xgcc -B[...]/hurd/master.build/./prev-gcc/ -B[...]/hurd/master.build.install/i686-unknown-gnu0.6/bin/ -B[...]/hurd/master.build.install/i686-unknown-gnu0.6/bin/ -B[...]/hurd/master.build.install/i686-unknown-gnu0.6/lib/ -isystem [...]/hurd/master.build.install/i686-unknown-gnu0.6/include -isystem [...]/hurd/master.build.install/i686-unknown-gnu0.6/sys-include    -DHAVE_CONFIG_H -g -O2 -static-libstdc++ -static-libgcc  -I.. -I../../../master/libiberty/testsuite/../../include  -DHAVE_CONFIG_H -I.. -o test-pexecute \
	../../../master/libiberty/testsuite/test-pexecute.c ../libiberty.a
./test-pexecute
[...]/hurd/master.build/./prev-gcc/xgcc -B[...]/hurd/master.build/./prev-gcc/ -B[...]/hurd/master.build.install/i686-unknown-gnu0.6/bin/ -B[...]/hurd/master.build.install/i686-unknown-gnu0.6/bin/ -B[...]/hurd/master.build.install/i686-unknown-gnu0.6/lib/ -isystem [...]/hurd/master.build.install/i686-unknown-gnu0.6/include -isystem [...]/hurd/master.build.install/i686-unknown-gnu0.6/sys-include    -DHAVE_CONFIG_H -g -O2 -static-libstdc++ -static-libgcc  -I.. -I../../../master/libiberty/testsuite/../../include  -DHAVE_CONFIG_H -I.. -o test-expandargv \
	../../../master/libiberty/testsuite/test-expandargv.c ../libiberty.a
./test-expandargv
PASS: test-expandargv-0.
PASS: test-expandargv-1.
PASS: test-expandargv-2.
PASS: test-expandargv-3.
PASS: test-expandargv-4.
PASS: test-expandargv-5.
PASS: test-expandargv-6.
[...]/hurd/master.build/./prev-gcc/xgcc -B[...]/hurd/master.build/./prev-gcc/ -B[...]/hurd/master.build.install/i686-unknown-gnu0.6/bin/ -B[...]/hurd/master.build.install/i686-unknown-gnu0.6/bin/ -B[...]/hurd/master.build.install/i686-unknown-gnu0.6/lib/ -isystem [...]/hurd/master.build.install/i686-unknown-gnu0.6/include -isystem [...]/hurd/master.build.install/i686-unknown-gnu0.6/sys-include    -DHAVE_CONFIG_H -g -O2 -static-libstdc++ -static-libgcc  -I.. -I../../../master/libiberty/testsuite/../../include  -DHAVE_CONFIG_H -I.. -o test-strtol \
	../../../master/libiberty/testsuite/test-strtol.c ../libiberty.a
./test-strtol
PASS: test-strtol-0.
PASS: test-strtol-1.
PASS: test-strtol-2.
PASS: test-strtol-3.
PASS: test-strtol-4.
PASS: test-strtol-5.
PASS: test-strtol-6.
PASS: test-strtol-7.
PASS: test-strtol-8.
PASS: test-strtol-9.
PASS: test-strtol-10.
PASS: test-strtol-11.
PASS: test-strtol-12.
PASS: test-strtol-13.
PASS: test-strtol-14.
PASS: test-strtol-15.
PASS: test-strtol-16.
PASS: test-strtol-17.
PASS: test-strtol-18.
PASS: test-strtol-19.
PASS: test-strtol-20.
PASS: test-strtol-21.
PASS: test-strtol-22.
PASS: test-strtol-23.
make[3]: Leaving directory '[...]/hurd/master.build/libiberty/testsuite'
make[2]: Leaving directory '[...]/hurd/master.build/libiberty'
make[2]: Entering directory '[...]/hurd/master.build/lto-plugin'
make[2]: Leaving directory '[...]/hurd/master.build/lto-plugin'
make[2]: Entering directory '[...]/hurd/master.build/libcc1'
make  check-am
make[3]: Entering directory '[...]/hurd/master.build/libcc1'
make[3]: Leaving directory '[...]/hurd/master.build/libcc1'
make[2]: Leaving directory '[...]/hurd/master.build/libcc1'
make[1]: Target 'check-host' not remade because of errors.
make[2]: Entering directory '[...]/hurd/master.build/i686-unknown-gnu0.6/libstdc++-v3'
Making check in include
make[3]: Entering directory '[...]/hurd/master.build/i686-unknown-gnu0.6/libstdc++-v3/include'
make[3]: Nothing to be done for 'check'.
make[3]: Leaving directory '[...]/hurd/master.build/i686-unknown-gnu0.6/libstdc++-v3/include'
Making check in libsupc++
make[3]: Entering directory '[...]/hurd/master.build/i686-unknown-gnu0.6/libstdc++-v3/libsupc++'
make[3]: Nothing to be done for 'check'.
make[3]: Leaving directory '[...]/hurd/master.build/i686-unknown-gnu0.6/libstdc++-v3/libsupc++'
Making check in src
make[3]: Entering directory '[...]/hurd/master.build/i686-unknown-gnu0.6/libstdc++-v3/src'
Making check in c++98
make[4]: Entering directory '[...]/hurd/master.build/i686-unknown-gnu0.6/libstdc++-v3/src/c++98'
make[4]: Nothing to be done for 'check'.
make[4]: Leaving directory '[...]/hurd/master.build/i686-unknown-gnu0.6/libstdc++-v3/src/c++98'
Making check in c++11
make[4]: Entering directory '[...]/hurd/master.build/i686-unknown-gnu0.6/libstdc++-v3/src/c++11'
make[4]: Nothing to be done for 'check'.
make[4]: Leaving directory '[...]/hurd/master.build/i686-unknown-gnu0.6/libstdc++-v3/src/c++11'
Making check in filesystem
make[4]: Entering directory '[...]/hurd/master.build/i686-unknown-gnu0.6/libstdc++-v3/src/filesystem'
make[4]: Nothing to be done for 'check'.
make[4]: Leaving directory '[...]/hurd/master.build/i686-unknown-gnu0.6/libstdc++-v3/src/filesystem'
make[4]: Entering directory '[...]/hurd/master.build/i686-unknown-gnu0.6/libstdc++-v3/src'
make[4]: Nothing to be done for 'check-am'.
make[4]: Leaving directory '[...]/hurd/master.build/i686-unknown-gnu0.6/libstdc++-v3/src'
make[3]: Leaving directory '[...]/hurd/master.build/i686-unknown-gnu0.6/libstdc++-v3/src'
Making check in doc
make[3]: Entering directory '[...]/hurd/master.build/i686-unknown-gnu0.6/libstdc++-v3/doc'
make[3]: Nothing to be done for 'check'.
make[3]: Leaving directory '[...]/hurd/master.build/i686-unknown-gnu0.6/libstdc++-v3/doc'
Making check in po
make[3]: Entering directory '[...]/hurd/master.build/i686-unknown-gnu0.6/libstdc++-v3/po'
/bin/dash [...]/hurd/master/libstdc++-v3/../mkinstalldirs [...]/hurd/master.build/i686-unknown-gnu0.6/libstdc++-v3/po/share/locale
mkdir -p -- [...]/hurd/master.build/i686-unknown-gnu0.6/libstdc++-v3/po/share/locale
catalogs='de.mo fr.mo'; \
for cat in $catalogs; do \
  cat=`basename $cat`; \
  lang=`echo $cat | sed 's/\.mo$//'`; \
  install_dir=[...]/hurd/master.build/i686-unknown-gnu0.6/libstdc++-v3/po/share/locale/$lang/LC_MESSAGES; \
  /bin/dash [...]/hurd/master/libstdc++-v3/../mkinstalldirs $install_dir; \
  /usr/bin/install -c -m 644 $cat $install_dir/libstdc++.mo; \
done
mkdir -p -- [...]/hurd/master.build/i686-unknown-gnu0.6/libstdc++-v3/po/share/locale/de/LC_MESSAGES
mkdir -p -- [...]/hurd/master.build/i686-unknown-gnu0.6/libstdc++-v3/po/share/locale/fr/LC_MESSAGES
make[3]: Leaving directory '[...]/hurd/master.build/i686-unknown-gnu0.6/libstdc++-v3/po'
Making check in testsuite
make[3]: Entering directory '[...]/hurd/master.build/i686-unknown-gnu0.6/libstdc++-v3/testsuite'
make  check-DEJAGNU
make[4]: Entering directory '[...]/hurd/master.build/i686-unknown-gnu0.6/libstdc++-v3/testsuite'
Making a new site.exp file...
AR="ar"; export AR; \
RANLIB="ranlib"; export RANLIB; \
if [ -z "" ] && [ "" = "-j" ]; then \
  rm -rf normal-parallel || true; \
  mkdir normal-parallel; \
  make  check-DEJAGNUnormal1 check-DEJAGNUnormal2 check-DEJAGNUnormal3 check-DEJAGNUnormal4 check-DEJAGNUnormal5 check-DEJAGNUnormal6 check-DEJAGNUnormal7 check-DEJAGNUnormal8 check-DEJAGNUnormal9 check-DEJAGNUnormal10 check-DEJAGNUnormal11 check-DEJAGNUnormal12 check-DEJAGNUnormal13 check-DEJAGNUnormal14 check-DEJAGNUnormal15 check-DEJAGNUnormal16 check-DEJAGNUnormal17 check-DEJAGNUnormal18 check-DEJAGNUnormal19 check-DEJAGNUnormal20 check-DEJAGNUnormal21 check-DEJAGNUnormal22 check-DEJAGNUnormal23 check-DEJAGNUnormal24 check-DEJAGNUnormal25 check-DEJAGNUnormal26 check-DEJAGNUnormal27 check-DEJAGNUnormal28 check-DEJAGNUnormal29 check-DEJAGNUnormal30 check-DEJAGNUnormal31 check-DEJAGNUnormal32 check-DEJAGNUnormal33 check-DEJAGNUnormal34 check-DEJAGNUnormal35 check-DEJAGNUnormal36 check-DEJAGNUnormal37 check-DEJAGNUnormal38 check-DEJAGNUnormal39 check-DEJAGNUnormal40 check-DEJAGNUnormal41 check-DEJAGNUnormal42 check-DEJAGNUnormal43 check-DEJAGNUnormal44 check-DEJAGNUnormal45 check-DEJAGNUnormal46 check-DEJAGNUnormal47 check-DEJAGNUnormal48 check-DEJAGNUnormal49 check-DEJAGNUnormal50 check-DEJAGNUnormal51 check-DEJAGNUnormal52 check-DEJAGNUnormal53 check-DEJAGNUnormal54 check-DEJAGNUnormal55 check-DEJAGNUnormal56 check-DEJAGNUnormal57 check-DEJAGNUnormal58 check-DEJAGNUnormal59 check-DEJAGNUnormal60 check-DEJAGNUnormal61 check-DEJAGNUnormal62 check-DEJAGNUnormal63 check-DEJAGNUnormal64 check-DEJAGNUnormal65 check-DEJAGNUnormal66 check-DEJAGNUnormal67 check-DEJAGNUnormal68 check-DEJAGNUnormal69 check-DEJAGNUnormal70 check-DEJAGNUnormal71 check-DEJAGNUnormal72 check-DEJAGNUnormal73 check-DEJAGNUnormal74 check-DEJAGNUnormal75 check-DEJAGNUnormal76 check-DEJAGNUnormal77 check-DEJAGNUnormal78 check-DEJAGNUnormal79 check-DEJAGNUnormal80 check-DEJAGNUnormal81 check-DEJAGNUnormal82 check-DEJAGNUnormal83 check-DEJAGNUnormal84 check-DEJAGNUnormal85 check-DEJAGNUnormal86 check-DEJAGNUnormal87 check-DEJAGNUnormal88 check-DEJAGNUnormal89 check-DEJAGNUnormal90 check-DEJAGNUnormal91 check-DEJAGNUnormal92 check-DEJAGNUnormal93 check-DEJAGNUnormal94 check-DEJAGNUnormal95 check-DEJAGNUnormal96 check-DEJAGNUnormal97 check-DEJAGNUnormal98 check-DEJAGNUnormal99 check-DEJAGNUnormal100 check-DEJAGNUnormal101 check-DEJAGNUnormal102 check-DEJAGNUnormal103 check-DEJAGNUnormal104 check-DEJAGNUnormal105 check-DEJAGNUnormal106 check-DEJAGNUnormal107 check-DEJAGNUnormal108 check-DEJAGNUnormal109 check-DEJAGNUnormal110 check-DEJAGNUnormal111 check-DEJAGNUnormal112 check-DEJAGNUnormal113 check-DEJAGNUnormal114 check-DEJAGNUnormal115 check-DEJAGNUnormal116 check-DEJAGNUnormal117 check-DEJAGNUnormal118 check-DEJAGNUnormal119 check-DEJAGNUnormal120 check-DEJAGNUnormal121 check-DEJAGNUnormal122 check-DEJAGNUnormal123 check-DEJAGNUnormal124 check-DEJAGNUnormal125 check-DEJAGNUnormal126 check-DEJAGNUnormal127 check-DEJAGNUnormal128; \
  rm -rf normal-parallel || true; \
  for idx in 1 2 3 4 5 6 7 8 9 10 11 12 13 14 15 16 17 18 19 20 21 22 23 24 25 26 27 28 29 30 31 32 33 34 35 36 37 38 39 40 41 42 43 44 45 46 47 48 49 50 51 52 53 54 55 56 57 58 59 60 61 62 63 64 65 66 67 68 69 70 71 72 73 74 75 76 77 78 79 80 81 82 83 84 85 86 87 88 89 90 91 92 93 94 95 96 97 98 99 100 101 102 103 104 105 106 107 108 109 110 111 112 113 114 115 116 117 118 119 120 121 122 123 124 125 126 127 128; do \
    if [ -d normal$idx ]; then \
      mv -f normal$idx/libstdc++.sum normal$idx/libstdc++.sum.sep; \
      mv -f normal$idx/libstdc++.log normal$idx/libstdc++.log.sep; \
    fi; \
  done; \
  /bin/dash ../../../../master/libstdc++-v3/testsuite/../../contrib/dg-extract-results.sh \
    normal[0-9]*/libstdc++.sum.sep > libstdc++.sum; \
  /bin/dash ../../../../master/libstdc++-v3/testsuite/../../contrib/dg-extract-results.sh -L \
    normal[0-9]*/libstdc++.log.sep > libstdc++.log; \
  exit 0; \
fi; \
srcdir=`CDPATH="${ZSH_VERSION+.}:" && cd ../../../../master/libstdc++-v3/testsuite && pwd`; export srcdir; \
EXPECT=expect; export EXPECT; \
runtest=runtest; \
if [ -z "$runtest" ]; then runtest=runtest; fi; \
tool=libstdc++; \
if [ -n "" ]; then \
  if [ -f normal-parallel/finished ]; then rm -rf ""; exit 0; fi; \
  GCC_RUNTEST_PARALLELIZE_DIR=`${PWDCMD-pwd}`/normal-parallel; \
  export GCC_RUNTEST_PARALLELIZE_DIR; \
  cd ""; \
fi; \
if /bin/dash -c "$runtest --version" > /dev/null 2>&1; then \
  $runtest  --tool $tool --srcdir $srcdir \
	    ; \
  if [ -n "" ]; then \
    touch $GCC_RUNTEST_PARALLELIZE_DIR/finished; \
  fi; \
else \
  echo "WARNING: could not find \`runtest'" 1>&2; :;\
fi
Test Run By thomas on Mon Feb 22 01:04:37 2016
Native configuration is i686-unknown-gnu0.6

		=== libstdc++ tests ===

Schedule of variations:
    unix

Running target unix
Using /usr/share/dejagnu/baseboards/unix.exp as board description file for target.
Using /usr/share/dejagnu/config/unix.exp as generic interface file for target.
Using [...]/hurd/master/libstdc++-v3/testsuite/config/default.exp as tool-and-target-specific interface file.
Running [...]/hurd/master/libstdc++-v3/testsuite/libstdc++-abi/abi.exp ...
Running [...]/hurd/master/libstdc++-v3/testsuite/libstdc++-dg/conformance.exp ...
FAIL: 22_locale/numpunct/members/char/3.cc execution test
FAIL: 22_locale/time_get/get_date/wchar_t/4.cc execution test
FAIL: 27_io/basic_filebuf/close/char/4879.cc execution test
FAIL: 27_io/basic_filebuf/close/char/9964.cc execution test
FAIL: 27_io/basic_filebuf/imbue/char/13171-2.cc execution test
FAIL: 27_io/basic_filebuf/imbue/wchar_t/14975-2.cc execution test
WARNING: program timed out.
FAIL: 27_io/basic_filebuf/open/char/9507.cc execution test
FAIL: 27_io/basic_filebuf/seekoff/char/26777.cc execution test
WARNING: program timed out.
FAIL: 27_io/basic_filebuf/showmanyc/char/9533-1.cc execution test
FAIL: 27_io/basic_filebuf/underflow/char/10097.cc execution test
FAIL: 27_io/objects/char/7.cc execution test
FAIL: 27_io/objects/char/9661-1.cc execution test
FAIL: 27_io/objects/wchar_t/7.cc execution test
FAIL: 27_io/objects/wchar_t/9661-1.cc execution test
WARNING: program timed out.
FAIL: 30_threads/async/forced_unwind.cc execution test
WARNING: program timed out.
FAIL: 30_threads/condition_variable/members/3.cc execution test
WARNING: program timed out.
FAIL: 30_threads/packaged_task/forced_unwind.cc execution test
WARNING: program timed out.
FAIL: 30_threads/thread/native_handle/cancel.cc execution test
Running [...]/hurd/master/libstdc++-v3/testsuite/libstdc++-prettyprinters/prettyprinters.exp ...
Running [...]/hurd/master/libstdc++-v3/testsuite/libstdc++-xmethods/xmethods.exp ...

		=== libstdc++ Summary ===

# of expected passes		11198
# of unexpected failures	18
# of expected failures		67
# of unsupported tests		249
make[4]: Leaving directory '[...]/hurd/master.build/i686-unknown-gnu0.6/libstdc++-v3/testsuite'
make[3]: Leaving directory '[...]/hurd/master.build/i686-unknown-gnu0.6/libstdc++-v3/testsuite'
Making check in python
make[3]: Entering directory '[...]/hurd/master.build/i686-unknown-gnu0.6/libstdc++-v3/python'
make[3]: Nothing to be done for 'check'.
make[3]: Leaving directory '[...]/hurd/master.build/i686-unknown-gnu0.6/libstdc++-v3/python'
make[3]: Entering directory '[...]/hurd/master.build/i686-unknown-gnu0.6/libstdc++-v3'
make "AR_FLAGS=rc" "CC_FOR_BUILD=gcc-4.9" "CC_FOR_TARGET=[...]/hurd/master.build/./gcc/xgcc -B[...]/hurd/master.build/./gcc/" "CFLAGS=-g -O2" "CXXFLAGS=-g -O2 -D_GNU_SOURCE" "CFLAGS_FOR_BUILD=-g -O2" "CFLAGS_FOR_TARGET=-g -O2" "INSTALL=/usr/bin/install -c" "INSTALL_DATA=/usr/bin/install -c -m 644" "INSTALL_PROGRAM=/usr/bin/install -c" "INSTALL_SCRIPT=/usr/bin/install -c" "LDFLAGS=" "LIBCFLAGS=-g -O2" "LIBCFLAGS_FOR_TARGET=-g -O2" "MAKE=make" "MAKEINFO=makeinfo --split-size=5000000 --split-size=5000000  " "SHELL=/bin/dash" "RUNTESTFLAGS=" "exec_prefix=[...]/hurd/master.build.install" "infodir=[...]/hurd/master.build.install/share/info" "libdir=[...]/hurd/master.build.install/lib" "includedir=[...]/hurd/master.build.install/include" "prefix=[...]/hurd/master.build.install" "tooldir=[...]/hurd/master.build.install/i686-unknown-gnu0.6" "gxx_include_dir=[...]/hurd/master.build.install/include/c++/6.0.0" "AR=ar" "AS=[...]/hurd/master.build/./gcc/as" "LD=[...]/hurd/master.build/./gcc/collect-ld" "RANLIB=ranlib" "NM=[...]/hurd/master.build/./gcc/nm" "NM_FOR_BUILD=" "NM_FOR_TARGET=nm" "DESTDIR=" "WERROR=" DO=all multi-do # make
make[4]: Entering directory '[...]/hurd/master.build/i686-unknown-gnu0.6/libstdc++-v3'
if [ -z "" ]; then \
  true; \
else \
  rootpre=`${PWDCMD-pwd}`/; export rootpre; \
  srcrootpre=`cd ../../../master/libstdc++-v3; ${PWDCMD-pwd}`/; export srcrootpre; \
  lib=`echo "${rootpre}" | sed -e 's,^.*/\([^/][^/]*\)/$,\1,'`; \
  compiler="[...]/hurd/master.build/./gcc/xgcc -B[...]/hurd/master.build/./gcc/ -B[...]/hurd/master.build.install/i686-unknown-gnu0.6/bin/ -B[...]/hurd/master.build.install/i686-unknown-gnu0.6/lib/ -isystem [...]/hurd/master.build.install/i686-unknown-gnu0.6/include -isystem [...]/hurd/master.build.install/i686-unknown-gnu0.6/sys-include   "; \
  for i in `${compiler} --print-multi-lib 2>/dev/null`; do \
    dir=`echo $i | sed -e 's/;.*$//'`; \
    if [ "${dir}" = "." ]; then \
      true; \
    else \
      if [ -d ../${dir}/${lib} ]; then \
	flags=`echo $i | sed -e 's/^[^;]*;//' -e 's/@/ -/g'`; \
	if (cd ../${dir}/${lib}; make "AR_FLAGS=rc" "CC_FOR_BUILD=gcc-4.9" "CC_FOR_TARGET=[...]/hurd/master.build/./gcc/xgcc -B[...]/hurd/master.build/./gcc/" "CFLAGS=-g -O2" "CXXFLAGS=-g -O2 -D_GNU_SOURCE" "CFLAGS_FOR_BUILD=-g -O2" "CFLAGS_FOR_TARGET=-g -O2" "INSTALL=/usr/bin/install -c" "INSTALL_DATA=/usr/bin/install -c -m 644" "INSTALL_PROGRAM=/usr/bin/install -c" "INSTALL_SCRIPT=/usr/bin/install -c" "LDFLAGS=" "LIBCFLAGS=-g -O2" "LIBCFLAGS_FOR_TARGET=-g -O2" "MAKE=make" "MAKEINFO=makeinfo --split-size=5000000 --split-size=5000000   " "SHELL=/bin/dash" "RUNTESTFLAGS=" "exec_prefix=[...]/hurd/master.build.install" "infodir=[...]/hurd/master.build.install/share/info" "libdir=[...]/hurd/master.build.install/lib" "includedir=[...]/hurd/master.build.install/include" "prefix=[...]/hurd/master.build.install" "tooldir=[...]/hurd/master.build.install/i686-unknown-gnu0.6" "gxx_include_dir=[...]/hurd/master.build.install/include/c++/6.0.0" "AR=ar" "AS=[...]/hurd/master.build/./gcc/as" "LD=[...]/hurd/master.build/./gcc/collect-ld" "RANLIB=ranlib" "NM=[...]/hurd/master.build/./gcc/nm" "NM_FOR_BUILD=" "NM_FOR_TARGET=nm" "DESTDIR=" "WERROR=" \
			CFLAGS="-g -O2 ${flags}" \
			CCASFLAGS=" ${flags}" \
			FCFLAGS=" ${flags}" \
			FFLAGS=" ${flags}" \
			ADAFLAGS=" ${flags}" \
			prefix="[...]/hurd/master.build.install" \
			exec_prefix="[...]/hurd/master.build.install" \
			GCJFLAGS=" ${flags}" \
			GOCFLAGS="-O2 -g ${flags}" \
			CXXFLAGS="-g -O2 -D_GNU_SOURCE ${flags}" \
			LIBCFLAGS="-g -O2 ${flags}" \
			LIBCXXFLAGS="-g -O2 -D_GNU_SOURCE -fno-implicit-templates ${flags}" \
			LDFLAGS=" ${flags}" \
			MULTIFLAGS="${flags}" \
			DESTDIR="" \
			INSTALL="/usr/bin/install -c" \
			INSTALL_DATA="/usr/bin/install -c -m 644" \
			INSTALL_PROGRAM="/usr/bin/install -c" \
			INSTALL_SCRIPT="/usr/bin/install -c" \
			all); then \
	  true; \
	else \
	  exit 1; \
	fi; \
      else true; \
      fi; \
    fi; \
  done; \
fi
make[4]: Leaving directory '[...]/hurd/master.build/i686-unknown-gnu0.6/libstdc++-v3'
make[3]: Leaving directory '[...]/hurd/master.build/i686-unknown-gnu0.6/libstdc++-v3'
make[2]: Leaving directory '[...]/hurd/master.build/i686-unknown-gnu0.6/libstdc++-v3'
make[2]: Entering directory '[...]/hurd/master.build/i686-unknown-gnu0.6/libssp'
make "AR_FLAGS=rc" "CC_FOR_BUILD=gcc-4.9" "CFLAGS=-g -O2" "CXXFLAGS=-g -O2 -D_GNU_SOURCE" "CFLAGS_FOR_BUILD=-g -O2" "CFLAGS_FOR_TARGET=-g -O2" "INSTALL=/usr/bin/install -c" "INSTALL_DATA=/usr/bin/install -c -m 644" "INSTALL_PROGRAM=/usr/bin/install -c" "INSTALL_SCRIPT=/usr/bin/install -c" "JC1FLAGS=" "LDFLAGS=" "LIBCFLAGS=-g -O2" "LIBCFLAGS_FOR_TARGET=-g -O2" "MAKE=make" "MAKEINFO=makeinfo --split-size=5000000 --split-size=5000000 " "PICFLAG=" "PICFLAG_FOR_TARGET=" "SHELL=/bin/dash" "RUNTESTFLAGS=" "exec_prefix=[...]/hurd/master.build.install" "infodir=[...]/hurd/master.build.install/share/info" "libdir=[...]/hurd/master.build.install/lib" "prefix=[...]/hurd/master.build.install" "includedir=[...]/hurd/master.build.install/include" "AR=ar" "AS=[...]/hurd/master.build/./gcc/as" "CC=[...]/hurd/master.build/./gcc/xgcc -B[...]/hurd/master.build/./gcc/ -B[...]/hurd/master.build.install/i686-unknown-gnu0.6/bin/ -B[...]/hurd/master.build.install/i686-unknown-gnu0.6/lib/ -isystem [...]/hurd/master.build.install/i686-unknown-gnu0.6/include -isystem [...]/hurd/master.build.install/i686-unknown-gnu0.6/sys-include   " "CXX=[...]/hurd/master.build/./gcc/xg++ -B[...]/hurd/master.build/./gcc/ -nostdinc++ -nostdinc++ -I[...]/hurd/master.build/i686-unknown-gnu0.6/libstdc++-v3/include/i686-unknown-gnu0.6 -I[...]/hurd/master.build/i686-unknown-gnu0.6/libstdc++-v3/include -I[...]/hurd/master/libstdc++-v3/libsupc++ -I[...]/hurd/master/libstdc++-v3/include/backward -I[...]/hurd/master/libstdc++-v3/testsuite/util -L[...]/hurd/master.build/i686-unknown-gnu0.6/libstdc++-v3/src -L[...]/hurd/master.build/i686-unknown-gnu0.6/libstdc++-v3/src/.libs -L[...]/hurd/master.build/i686-unknown-gnu0.6/libstdc++-v3/libsupc++/.libs -B[...]/hurd/master.build/i686-unknown-gnu0.6/libstdc++-v3/src/.libs -B[...]/hurd/master.build/i686-unknown-gnu0.6/libstdc++-v3/libsupc++/.libs -B[...]/hurd/master.build.install/i686-unknown-gnu0.6/bin/ -B[...]/hurd/master.build.install/i686-unknown-gnu0.6/lib/ -isystem [...]/hurd/master.build.install/i686-unknown-gnu0.6/include -isystem [...]/hurd/master.build.install/i686-unknown-gnu0.6/sys-include   " "LD=[...]/hurd/master.build/./gcc/collect-ld" "LIBCFLAGS=-g -O2" "NM=[...]/hurd/master.build/./gcc/nm" "PICFLAG=" "RANLIB=ranlib" "DESTDIR=" DO=all multi-do # make
make[3]: Entering directory '[...]/hurd/master.build/i686-unknown-gnu0.6/libssp'
if [ -z "" ]; then \
  true; \
else \
  rootpre=`${PWDCMD-pwd}`/; export rootpre; \
  srcrootpre=`cd ../../../master/libssp; ${PWDCMD-pwd}`/; export srcrootpre; \
  lib=`echo "${rootpre}" | sed -e 's,^.*/\([^/][^/]*\)/$,\1,'`; \
  compiler="[...]/hurd/master.build/./gcc/xgcc -B[...]/hurd/master.build/./gcc/ -B[...]/hurd/master.build.install/i686-unknown-gnu0.6/bin/ -B[...]/hurd/master.build.install/i686-unknown-gnu0.6/lib/ -isystem [...]/hurd/master.build.install/i686-unknown-gnu0.6/include -isystem [...]/hurd/master.build.install/i686-unknown-gnu0.6/sys-include   "; \
  for i in `${compiler} --print-multi-lib 2>/dev/null`; do \
    dir=`echo $i | sed -e 's/;.*$//'`; \
    if [ "${dir}" = "." ]; then \
      true; \
    else \
      if [ -d ../${dir}/${lib} ]; then \
	flags=`echo $i | sed -e 's/^[^;]*;//' -e 's/@/ -/g'`; \
	if (cd ../${dir}/${lib}; make  \
			CFLAGS="-g -O2 ${flags}" \
			CCASFLAGS=" ${flags}" \
			FCFLAGS=" ${flags}" \
			FFLAGS=" ${flags}" \
			ADAFLAGS=" ${flags}" \
			prefix="[...]/hurd/master.build.install" \
			exec_prefix="[...]/hurd/master.build.install" \
			GCJFLAGS=" ${flags}" \
			GOCFLAGS="-O2 -g ${flags}" \
			CXXFLAGS="-g -O2 -D_GNU_SOURCE ${flags}" \
			LIBCFLAGS="-g -O2 ${flags}" \
			LIBCXXFLAGS="-g -O2 -D_GNU_SOURCE -fno-implicit-templates ${flags}" \
			LDFLAGS=" ${flags}" \
			MULTIFLAGS="${flags}" \
			DESTDIR="" \
			INSTALL="/usr/bin/install -c" \
			INSTALL_DATA="/usr/bin/install -c -m 644" \
			INSTALL_PROGRAM="/usr/bin/install -c" \
			INSTALL_SCRIPT="/usr/bin/install -c" \
			all); then \
	  true; \
	else \
	  exit 1; \
	fi; \
      else true; \
      fi; \
    fi; \
  done; \
fi
make[3]: Leaving directory '[...]/hurd/master.build/i686-unknown-gnu0.6/libssp'
make[2]: Leaving directory '[...]/hurd/master.build/i686-unknown-gnu0.6/libssp'
make[2]: Entering directory '[...]/hurd/master.build/i686-unknown-gnu0.6/libbacktrace'
make  DO=all multi-do # make
make[3]: Entering directory '[...]/hurd/master.build/i686-unknown-gnu0.6/libbacktrace'
if [ -z "" ]; then \
  true; \
else \
  rootpre=`${PWDCMD-pwd}`/; export rootpre; \
  srcrootpre=`cd ../../../master/libbacktrace; ${PWDCMD-pwd}`/; export srcrootpre; \
  lib=`echo "${rootpre}" | sed -e 's,^.*/\([^/][^/]*\)/$,\1,'`; \
  compiler="[...]/hurd/master.build/./gcc/xgcc -B[...]/hurd/master.build/./gcc/ -B[...]/hurd/master.build.install/i686-unknown-gnu0.6/bin/ -B[...]/hurd/master.build.install/i686-unknown-gnu0.6/lib/ -isystem [...]/hurd/master.build.install/i686-unknown-gnu0.6/include -isystem [...]/hurd/master.build.install/i686-unknown-gnu0.6/sys-include   "; \
  for i in `${compiler} --print-multi-lib 2>/dev/null`; do \
    dir=`echo $i | sed -e 's/;.*$//'`; \
    if [ "${dir}" = "." ]; then \
      true; \
    else \
      if [ -d ../${dir}/${lib} ]; then \
	flags=`echo $i | sed -e 's/^[^;]*;//' -e 's/@/ -/g'`; \
	if (cd ../${dir}/${lib}; make  \
			CFLAGS="-g -O2 ${flags}" \
			CCASFLAGS=" ${flags}" \
			FCFLAGS=" ${flags}" \
			FFLAGS=" ${flags}" \
			ADAFLAGS=" ${flags}" \
			prefix="[...]/hurd/master.build.install" \
			exec_prefix="[...]/hurd/master.build.install" \
			GCJFLAGS=" ${flags}" \
			GOCFLAGS="-O2 -g ${flags}" \
			CXXFLAGS="-g -O2 -D_GNU_SOURCE ${flags}" \
			LIBCFLAGS="-g -O2 ${flags}" \
			LIBCXXFLAGS="-g -O2 -D_GNU_SOURCE -fno-implicit-templates ${flags}" \
			LDFLAGS=" ${flags}" \
			MULTIFLAGS="${flags}" \
			DESTDIR="" \
			INSTALL="/usr/bin/install -c" \
			INSTALL_DATA="/usr/bin/install -c -m 644" \
			INSTALL_PROGRAM="/usr/bin/install -c" \
			INSTALL_SCRIPT="/usr/bin/install -c" \
			all); then \
	  true; \
	else \
	  exit 1; \
	fi; \
      else true; \
      fi; \
    fi; \
  done; \
fi
make[3]: Leaving directory '[...]/hurd/master.build/i686-unknown-gnu0.6/libbacktrace'
make  btest stest
make[3]: Entering directory '[...]/hurd/master.build/i686-unknown-gnu0.6/libbacktrace'
[...]/hurd/master.build/./gcc/xgcc -B[...]/hurd/master.build/./gcc/ -B[...]/hurd/master.build.install/i686-unknown-gnu0.6/bin/ -B[...]/hurd/master.build.install/i686-unknown-gnu0.6/lib/ -isystem [...]/hurd/master.build.install/i686-unknown-gnu0.6/include -isystem [...]/hurd/master.build.install/i686-unknown-gnu0.6/sys-include    -DHAVE_CONFIG_H -I. -I../../../master/libbacktrace  -I ../../../master/libbacktrace/../include -I ../../../master/libbacktrace/../libgcc -I ../libgcc  -funwind-tables -frandom-seed=btest-btest.o -W -Wall -Wwrite-strings -Wstrict-prototypes -Wmissing-prototypes -Wold-style-definition -Wmissing-format-attribute -Wcast-qual -Werror  -g -O -g -O2 -c -o btest-btest.o `test -f 'btest.c' || echo '../../../master/libbacktrace/'`btest.c
/bin/dash ./libtool --tag=CC   --mode=link [...]/hurd/master.build/./gcc/xgcc -B[...]/hurd/master.build/./gcc/ -B[...]/hurd/master.build.install/i686-unknown-gnu0.6/bin/ -B[...]/hurd/master.build.install/i686-unknown-gnu0.6/lib/ -isystem [...]/hurd/master.build.install/i686-unknown-gnu0.6/include -isystem [...]/hurd/master.build.install/i686-unknown-gnu0.6/sys-include    -funwind-tables -frandom-seed=btest -W -Wall -Wwrite-strings -Wstrict-prototypes -Wmissing-prototypes -Wold-style-definition -Wmissing-format-attribute -Wcast-qual -Werror  -g -O -g -O2   -o btest btest-btest.o libbacktrace.la 
libtool: link: [...]/hurd/master.build/./gcc/xgcc -B[...]/hurd/master.build/./gcc/ -B[...]/hurd/master.build.install/i686-unknown-gnu0.6/bin/ -B[...]/hurd/master.build.install/i686-unknown-gnu0.6/lib/ -isystem [...]/hurd/master.build.install/i686-unknown-gnu0.6/include -isystem [...]/hurd/master.build.install/i686-unknown-gnu0.6/sys-include -funwind-tables -frandom-seed=btest -W -Wall -Wwrite-strings -Wstrict-prototypes -Wmissing-prototypes -Wold-style-definition -Wmissing-format-attribute -Wcast-qual -Werror -g -O -g -O2 -o btest btest-btest.o  ./.libs/libbacktrace.a
[...]/hurd/master.build/./gcc/xgcc -B[...]/hurd/master.build/./gcc/ -B[...]/hurd/master.build.install/i686-unknown-gnu0.6/bin/ -B[...]/hurd/master.build.install/i686-unknown-gnu0.6/lib/ -isystem [...]/hurd/master.build.install/i686-unknown-gnu0.6/include -isystem [...]/hurd/master.build.install/i686-unknown-gnu0.6/sys-include    -DHAVE_CONFIG_H -I. -I../../../master/libbacktrace  -I ../../../master/libbacktrace/../include -I ../../../master/libbacktrace/../libgcc -I ../libgcc  -funwind-tables -frandom-seed=stest.o -W -Wall -Wwrite-strings -Wstrict-prototypes -Wmissing-prototypes -Wold-style-definition -Wmissing-format-attribute -Wcast-qual -Werror  -g -O2 -c ../../../master/libbacktrace/stest.c
/bin/dash ./libtool --tag=CC   --mode=link [...]/hurd/master.build/./gcc/xgcc -B[...]/hurd/master.build/./gcc/ -B[...]/hurd/master.build.install/i686-unknown-gnu0.6/bin/ -B[...]/hurd/master.build.install/i686-unknown-gnu0.6/lib/ -isystem [...]/hurd/master.build.install/i686-unknown-gnu0.6/include -isystem [...]/hurd/master.build.install/i686-unknown-gnu0.6/sys-include    -funwind-tables -frandom-seed=stest -W -Wall -Wwrite-strings -Wstrict-prototypes -Wmissing-prototypes -Wold-style-definition -Wmissing-format-attribute -Wcast-qual -Werror  -g -O2   -o stest stest.o libbacktrace.la 
libtool: link: [...]/hurd/master.build/./gcc/xgcc -B[...]/hurd/master.build/./gcc/ -B[...]/hurd/master.build.install/i686-unknown-gnu0.6/bin/ -B[...]/hurd/master.build.install/i686-unknown-gnu0.6/lib/ -isystem [...]/hurd/master.build.install/i686-unknown-gnu0.6/include -isystem [...]/hurd/master.build.install/i686-unknown-gnu0.6/sys-include -funwind-tables -frandom-seed=stest -W -Wall -Wwrite-strings -Wstrict-prototypes -Wmissing-prototypes -Wold-style-definition -Wmissing-format-attribute -Wcast-qual -Werror -g -O2 -o stest stest.o  ./.libs/libbacktrace.a
make[3]: Leaving directory '[...]/hurd/master.build/i686-unknown-gnu0.6/libbacktrace'
make  check-TESTS
make[3]: Entering directory '[...]/hurd/master.build/i686-unknown-gnu0.6/libbacktrace'
PASS: backtrace_full noinline
PASS: backtrace_full inline
PASS: backtrace_simple noinline
PASS: backtrace_simple inline
PASS: backtrace_syminfo variable
PASS: btest
PASS: stest
==================
All 2 tests passed
==================
make[3]: Leaving directory '[...]/hurd/master.build/i686-unknown-gnu0.6/libbacktrace'
make[2]: Leaving directory '[...]/hurd/master.build/i686-unknown-gnu0.6/libbacktrace'
make[2]: Entering directory '[...]/hurd/master.build/i686-unknown-gnu0.6/libquadmath'
make "AR_FLAGS=rc" "CC_FOR_BUILD=gcc-4.9" "CFLAGS=-g -O2" "CXXFLAGS=-g -O2 -D_GNU_SOURCE" "CFLAGS_FOR_BUILD=-g -O2" "CFLAGS_FOR_TARGET=-g -O2" "INSTALL=/usr/bin/install -c" "INSTALL_DATA=/usr/bin/install -c -m 644" "INSTALL_PROGRAM=/usr/bin/install -c" "INSTALL_SCRIPT=/usr/bin/install -c" "JC1FLAGS=" "LDFLAGS=" "LIBCFLAGS=-g -O2" "LIBCFLAGS_FOR_TARGET=-g -O2" "MAKE=make" "MAKEINFO=makeinfo --split-size=5000000 --split-size=5000000 -I ../../../master/libquadmath/../gcc/doc/include" "PICFLAG=" "PICFLAG_FOR_TARGET=" "SHELL=/bin/dash" "RUNTESTFLAGS=" "exec_prefix=[...]/hurd/master.build.install" "infodir=[...]/hurd/master.build.install/share/info" "libdir=[...]/hurd/master.build.install/lib" "prefix=[...]/hurd/master.build.install" "includedir=[...]/hurd/master.build.install/include" "AR=ar" "AS=[...]/hurd/master.build/./gcc/as" "CC=[...]/hurd/master.build/./gcc/xgcc -B[...]/hurd/master.build/./gcc/ -B[...]/hurd/master.build.install/i686-unknown-gnu0.6/bin/ -B[...]/hurd/master.build.install/i686-unknown-gnu0.6/lib/ -isystem [...]/hurd/master.build.install/i686-unknown-gnu0.6/include -isystem [...]/hurd/master.build.install/i686-unknown-gnu0.6/sys-include   " "CXX=[...]/hurd/master.build/./gcc/xg++ -B[...]/hurd/master.build/./gcc/ -nostdinc++ -nostdinc++ -I[...]/hurd/master.build/i686-unknown-gnu0.6/libstdc++-v3/include/i686-unknown-gnu0.6 -I[...]/hurd/master.build/i686-unknown-gnu0.6/libstdc++-v3/include -I[...]/hurd/master/libstdc++-v3/libsupc++ -I[...]/hurd/master/libstdc++-v3/include/backward -I[...]/hurd/master/libstdc++-v3/testsuite/util -L[...]/hurd/master.build/i686-unknown-gnu0.6/libstdc++-v3/src -L[...]/hurd/master.build/i686-unknown-gnu0.6/libstdc++-v3/src/.libs -L[...]/hurd/master.build/i686-unknown-gnu0.6/libstdc++-v3/libsupc++/.libs -B[...]/hurd/master.build/i686-unknown-gnu0.6/libstdc++-v3/src/.libs -B[...]/hurd/master.build/i686-unknown-gnu0.6/libstdc++-v3/libsupc++/.libs -B[...]/hurd/master.build.install/i686-unknown-gnu0.6/bin/ -B[...]/hurd/master.build.install/i686-unknown-gnu0.6/lib/ -isystem [...]/hurd/master.build.install/i686-unknown-gnu0.6/include -isystem [...]/hurd/master.build.install/i686-unknown-gnu0.6/sys-include   " "LD=[...]/hurd/master.build/./gcc/collect-ld" "LIBCFLAGS=-g -O2" "NM=[...]/hurd/master.build/./gcc/nm" "PICFLAG=" "RANLIB=ranlib" "DESTDIR=" DO=all multi-do # make
make[3]: Entering directory '[...]/hurd/master.build/i686-unknown-gnu0.6/libquadmath'
if [ -z "" ]; then \
  true; \
else \
  rootpre=`${PWDCMD-pwd}`/; export rootpre; \
  srcrootpre=`cd ../../../master/libquadmath; ${PWDCMD-pwd}`/; export srcrootpre; \
  lib=`echo "${rootpre}" | sed -e 's,^.*/\([^/][^/]*\)/$,\1,'`; \
  compiler="[...]/hurd/master.build/./gcc/xgcc -B[...]/hurd/master.build/./gcc/ -B[...]/hurd/master.build.install/i686-unknown-gnu0.6/bin/ -B[...]/hurd/master.build.install/i686-unknown-gnu0.6/lib/ -isystem [...]/hurd/master.build.install/i686-unknown-gnu0.6/include -isystem [...]/hurd/master.build.install/i686-unknown-gnu0.6/sys-include   "; \
  for i in `${compiler} --print-multi-lib 2>/dev/null`; do \
    dir=`echo $i | sed -e 's/;.*$//'`; \
    if [ "${dir}" = "." ]; then \
      true; \
    else \
      if [ -d ../${dir}/${lib} ]; then \
	flags=`echo $i | sed -e 's/^[^;]*;//' -e 's/@/ -/g'`; \
	if (cd ../${dir}/${lib}; make "AR_FLAGS=rc" "CC_FOR_BUILD=gcc-4.9" "CFLAGS=-g -O2" "CXXFLAGS=-g -O2 -D_GNU_SOURCE" "CFLAGS_FOR_BUILD=-g -O2" "CFLAGS_FOR_TARGET=-g -O2" "INSTALL=/usr/bin/install -c" "INSTALL_DATA=/usr/bin/install -c -m 644" "INSTALL_PROGRAM=/usr/bin/install -c" "INSTALL_SCRIPT=/usr/bin/install -c" "JC1FLAGS=" "LDFLAGS=" "LIBCFLAGS=-g -O2" "LIBCFLAGS_FOR_TARGET=-g -O2" "MAKE=make" "MAKEINFO=makeinfo --split-size=5000000 --split-size=5000000 -I ../../../master/libquadmath/../gcc/doc/include -I ../../../master/libquadmath/../gcc/doc/include" "PICFLAG=" "PICFLAG_FOR_TARGET=" "SHELL=/bin/dash" "RUNTESTFLAGS=" "exec_prefix=[...]/hurd/master.build.install" "infodir=[...]/hurd/master.build.install/share/info" "libdir=[...]/hurd/master.build.install/lib" "prefix=[...]/hurd/master.build.install" "includedir=[...]/hurd/master.build.install/include" "AR=ar" "AS=[...]/hurd/master.build/./gcc/as" "CC=[...]/hurd/master.build/./gcc/xgcc -B[...]/hurd/master.build/./gcc/ -B[...]/hurd/master.build.install/i686-unknown-gnu0.6/bin/ -B[...]/hurd/master.build.install/i686-unknown-gnu0.6/lib/ -isystem [...]/hurd/master.build.install/i686-unknown-gnu0.6/include -isystem [...]/hurd/master.build.install/i686-unknown-gnu0.6/sys-include   " "CXX=[...]/hurd/master.build/./gcc/xg++ -B[...]/hurd/master.build/./gcc/ -nostdinc++ -nostdinc++ -I[...]/hurd/master.build/i686-unknown-gnu0.6/libstdc++-v3/include/i686-unknown-gnu0.6 -I[...]/hurd/master.build/i686-unknown-gnu0.6/libstdc++-v3/include -I[...]/hurd/master/libstdc++-v3/libsupc++ -I[...]/hurd/master/libstdc++-v3/include/backward -I[...]/hurd/master/libstdc++-v3/testsuite/util -L[...]/hurd/master.build/i686-unknown-gnu0.6/libstdc++-v3/src -L[...]/hurd/master.build/i686-unknown-gnu0.6/libstdc++-v3/src/.libs -L[...]/hurd/master.build/i686-unknown-gnu0.6/libstdc++-v3/libsupc++/.libs -B[...]/hurd/master.build/i686-unknown-gnu0.6/libstdc++-v3/src/.libs -B[...]/hurd/master.build/i686-unknown-gnu0.6/libstdc++-v3/libsupc++/.libs -B[...]/hurd/master.build.install/i686-unknown-gnu0.6/bin/ -B[...]/hurd/master.build.install/i686-unknown-gnu0.6/lib/ -isystem [...]/hurd/master.build.install/i686-unknown-gnu0.6/include -isystem [...]/hurd/master.build.install/i686-unknown-gnu0.6/sys-include   " "LD=[...]/hurd/master.build/./gcc/collect-ld" "LIBCFLAGS=-g -O2" "NM=[...]/hurd/master.build/./gcc/nm" "PICFLAG=" "RANLIB=ranlib" "DESTDIR=" \
			CFLAGS="-g -O2 ${flags}" \
			CCASFLAGS=" ${flags}" \
			FCFLAGS=" ${flags}" \
			FFLAGS=" ${flags}" \
			ADAFLAGS=" ${flags}" \
			prefix="[...]/hurd/master.build.install" \
			exec_prefix="[...]/hurd/master.build.install" \
			GCJFLAGS=" ${flags}" \
			GOCFLAGS="-O2 -g ${flags}" \
			CXXFLAGS="-g -O2 -D_GNU_SOURCE ${flags}" \
			LIBCFLAGS="-g -O2 ${flags}" \
			LIBCXXFLAGS="-g -O2 -D_GNU_SOURCE -fno-implicit-templates ${flags}" \
			LDFLAGS=" ${flags}" \
			MULTIFLAGS="${flags}" \
			DESTDIR="" \
			INSTALL="/usr/bin/install -c" \
			INSTALL_DATA="/usr/bin/install -c -m 644" \
			INSTALL_PROGRAM="/usr/bin/install -c" \
			INSTALL_SCRIPT="/usr/bin/install -c" \
			all); then \
	  true; \
	else \
	  exit 1; \
	fi; \
      else true; \
      fi; \
    fi; \
  done; \
fi
make[3]: Leaving directory '[...]/hurd/master.build/i686-unknown-gnu0.6/libquadmath'
make[2]: Leaving directory '[...]/hurd/master.build/i686-unknown-gnu0.6/libquadmath'
make[2]: Entering directory '[...]/hurd/master.build/i686-unknown-gnu0.6/libgfortran'
make  check-am
make[3]: Entering directory '[...]/hurd/master.build/i686-unknown-gnu0.6/libgfortran'
make  DO=all multi-do # make
make[4]: Entering directory '[...]/hurd/master.build/i686-unknown-gnu0.6/libgfortran'
if [ -z "" ]; then \
  true; \
else \
  rootpre=`${PWDCMD-pwd}`/; export rootpre; \
  srcrootpre=`cd ../../../master/libgfortran; ${PWDCMD-pwd}`/; export srcrootpre; \
  lib=`echo "${rootpre}" | sed -e 's,^.*/\([^/][^/]*\)/$,\1,'`; \
  compiler="[...]/hurd/master.build/./gcc/xgcc -B[...]/hurd/master.build/./gcc/ -B[...]/hurd/master.build.install/i686-unknown-gnu0.6/bin/ -B[...]/hurd/master.build.install/i686-unknown-gnu0.6/lib/ -isystem [...]/hurd/master.build.install/i686-unknown-gnu0.6/include -isystem [...]/hurd/master.build.install/i686-unknown-gnu0.6/sys-include   "; \
  for i in `${compiler} --print-multi-lib 2>/dev/null`; do \
    dir=`echo $i | sed -e 's/;.*$//'`; \
    if [ "${dir}" = "." ]; then \
      true; \
    else \
      if [ -d ../${dir}/${lib} ]; then \
	flags=`echo $i | sed -e 's/^[^;]*;//' -e 's/@/ -/g'`; \
	if (cd ../${dir}/${lib}; make  \
			CFLAGS="-g -O2 ${flags}" \
			CCASFLAGS=" ${flags}" \
			FCFLAGS="-g -O2 ${flags}" \
			FFLAGS=" ${flags}" \
			ADAFLAGS=" ${flags}" \
			prefix="[...]/hurd/master.build.install" \
			exec_prefix="[...]/hurd/master.build.install" \
			GCJFLAGS=" ${flags}" \
			GOCFLAGS="-O2 -g ${flags}" \
			CXXFLAGS="-g -O2 -D_GNU_SOURCE ${flags}" \
			LIBCFLAGS="-g -O2 ${flags}" \
			LIBCXXFLAGS="-g -O2 -D_GNU_SOURCE -fno-implicit-templates ${flags}" \
			LDFLAGS=" ${flags}" \
			MULTIFLAGS="${flags}" \
			DESTDIR="" \
			INSTALL="/usr/bin/install -c" \
			INSTALL_DATA="/usr/bin/install -c -m 644" \
			INSTALL_PROGRAM="/usr/bin/install -c" \
			INSTALL_SCRIPT="/usr/bin/install -c" \
			all); then \
	  true; \
	else \
	  exit 1; \
	fi; \
      else true; \
      fi; \
    fi; \
  done; \
fi
make[4]: Leaving directory '[...]/hurd/master.build/i686-unknown-gnu0.6/libgfortran'
:
make[3]: Leaving directory '[...]/hurd/master.build/i686-unknown-gnu0.6/libgfortran'
make[2]: Leaving directory '[...]/hurd/master.build/i686-unknown-gnu0.6/libgfortran'
make[2]: Entering directory '[...]/hurd/master.build/i686-unknown-gnu0.6/libobjc'
make[2]: Nothing to be done for 'check'.
make[2]: Leaving directory '[...]/hurd/master.build/i686-unknown-gnu0.6/libobjc'
make[2]: Entering directory '[...]/hurd/master.build/i686-unknown-gnu0.6/libffi'
Making check in include
make[3]: Entering directory '[...]/hurd/master.build/i686-unknown-gnu0.6/libffi/include'
make[3]: Nothing to be done for 'check'.
make[3]: Leaving directory '[...]/hurd/master.build/i686-unknown-gnu0.6/libffi/include'
Making check in testsuite
make[3]: Entering directory '[...]/hurd/master.build/i686-unknown-gnu0.6/libffi/testsuite'
make  check-DEJAGNU
make[4]: Entering directory '[...]/hurd/master.build/i686-unknown-gnu0.6/libffi/testsuite'
Making a new site.exp file...
srcdir='../../../../master/libffi/testsuite'; export srcdir; \
EXPECT=`if [ -f ../../expect/expect ] ; then echo ../../expect/expect ; else echo expect ; fi`; export EXPECT; \
runtest=`if [ -f ../../../../master/libffi/../dejagnu/runtest ] ; then echo ../../../../master/libffi/../dejagnu/runtest ; else echo runtest; fi`; \
if /bin/dash -c "$runtest --version" > /dev/null 2>&1; then \
  exit_status=0; l='libffi'; for tool in $l; do \
    if $runtest  --tool $tool --srcdir $srcdir ; \
    then :; else exit_status=1; fi; \
  done; \
else echo "WARNING: could not find \`runtest'" 1>&2; :;\
fi; \
exit $exit_status
Test Run By thomas on Mon Feb 22 05:31:29 2016
Native configuration is i686-unknown-gnu0.6

		=== libffi tests ===

Schedule of variations:
    unix

Running target unix
Using /usr/share/dejagnu/baseboards/unix.exp as board description file for target.
Using /usr/share/dejagnu/config/unix.exp as generic interface file for target.
Using ../../../../master/libffi/testsuite/config/default.exp as tool-and-target-specific interface file.
Running ../../../../master/libffi/testsuite/libffi.call/call.exp ...
Running ../../../../master/libffi/testsuite/libffi.complex/complex.exp ...
Running ../../../../master/libffi/testsuite/libffi.go/go.exp ...
Running ../../../../master/libffi/testsuite/libffi.special/special.exp ...

		=== libffi Summary ===

# of expected passes		2439
# of unsupported tests		30
make[4]: Leaving directory '[...]/hurd/master.build/i686-unknown-gnu0.6/libffi/testsuite'
make[3]: Leaving directory '[...]/hurd/master.build/i686-unknown-gnu0.6/libffi/testsuite'
Making check in man
make[3]: Entering directory '[...]/hurd/master.build/i686-unknown-gnu0.6/libffi/man'
make[3]: Nothing to be done for 'check'.
make[3]: Leaving directory '[...]/hurd/master.build/i686-unknown-gnu0.6/libffi/man'
make[3]: Entering directory '[...]/hurd/master.build/i686-unknown-gnu0.6/libffi'
make "AR_FLAGS=rc" "CC_FOR_BUILD=gcc-4.9" "CFLAGS=-g -O2" "CXXFLAGS=-g -O2 -D_GNU_SOURCE" "CFLAGS_FOR_BUILD=-g -O2" "CFLAGS_FOR_TARGET=-g -O2" "INSTALL=/usr/bin/install -c" "INSTALL_DATA=/usr/bin/install -c -m 644" "INSTALL_PROGRAM=/usr/bin/install -c" "INSTALL_SCRIPT=/usr/bin/install -c" "JC1FLAGS=" "LDFLAGS=" "LIBCFLAGS=-g -O2" "LIBCFLAGS_FOR_TARGET=-g -O2" "MAKE=make" "MAKEINFO=makeinfo --split-size=5000000 --split-size=5000000 -I ../../../master/libffi/../gcc/doc/include -I ../../../master/libffi/../gcc/doc/include" "PICFLAG=" "PICFLAG_FOR_TARGET=" "RUNTESTFLAGS=" "SHELL=/bin/dash" "exec_prefix=[...]/hurd/master.build.install" "infodir=[...]/hurd/master.build.install/share/info" "libdir=[...]/hurd/master.build.install/lib" "mandir=[...]/hurd/master.build.install/share/man" "prefix=[...]/hurd/master.build.install" "AR=ar" "AS=[...]/hurd/master.build/./gcc/as" "CC=[...]/hurd/master.build/./gcc/xgcc -B[...]/hurd/master.build/./gcc/ -B[...]/hurd/master.build.install/i686-unknown-gnu0.6/bin/ -B[...]/hurd/master.build.install/i686-unknown-gnu0.6/lib/ -isystem [...]/hurd/master.build.install/i686-unknown-gnu0.6/include -isystem [...]/hurd/master.build.install/i686-unknown-gnu0.6/sys-include   " "CXX=[...]/hurd/master.build/./gcc/xg++ -B[...]/hurd/master.build/./gcc/ -nostdinc++ -nostdinc++ -I[...]/hurd/master.build/i686-unknown-gnu0.6/libstdc++-v3/include/i686-unknown-gnu0.6 -I[...]/hurd/master.build/i686-unknown-gnu0.6/libstdc++-v3/include -I[...]/hurd/master/libstdc++-v3/libsupc++ -I[...]/hurd/master/libstdc++-v3/include/backward -I[...]/hurd/master/libstdc++-v3/testsuite/util -L[...]/hurd/master.build/i686-unknown-gnu0.6/libstdc++-v3/src -L[...]/hurd/master.build/i686-unknown-gnu0.6/libstdc++-v3/src/.libs -L[...]/hurd/master.build/i686-unknown-gnu0.6/libstdc++-v3/libsupc++/.libs -B[...]/hurd/master.build/i686-unknown-gnu0.6/libstdc++-v3/src/.libs -B[...]/hurd/master.build/i686-unknown-gnu0.6/libstdc++-v3/libsupc++/.libs -B[...]/hurd/master.build.install/i686-unknown-gnu0.6/bin/ -B[...]/hurd/master.build.install/i686-unknown-gnu0.6/lib/ -isystem [...]/hurd/master.build.install/i686-unknown-gnu0.6/include -isystem [...]/hurd/master.build.install/i686-unknown-gnu0.6/sys-include   " "LD=[...]/hurd/master.build/./gcc/collect-ld" "NM=[...]/hurd/master.build/./gcc/nm" "RANLIB=ranlib" "DESTDIR=" DO=all multi-do # make
make[4]: Entering directory '[...]/hurd/master.build/i686-unknown-gnu0.6/libffi'
if [ -z "" ]; then \
  true; \
else \
  rootpre=`${PWDCMD-pwd}`/; export rootpre; \
  srcrootpre=`cd ../../../master/libffi; ${PWDCMD-pwd}`/; export srcrootpre; \
  lib=`echo "${rootpre}" | sed -e 's,^.*/\([^/][^/]*\)/$,\1,'`; \
  compiler="[...]/hurd/master.build/./gcc/xgcc -B[...]/hurd/master.build/./gcc/ -B[...]/hurd/master.build.install/i686-unknown-gnu0.6/bin/ -B[...]/hurd/master.build.install/i686-unknown-gnu0.6/lib/ -isystem [...]/hurd/master.build.install/i686-unknown-gnu0.6/include -isystem [...]/hurd/master.build.install/i686-unknown-gnu0.6/sys-include   "; \
  for i in `${compiler} --print-multi-lib 2>/dev/null`; do \
    dir=`echo $i | sed -e 's/;.*$//'`; \
    if [ "${dir}" = "." ]; then \
      true; \
    else \
      if [ -d ../${dir}/${lib} ]; then \
	flags=`echo $i | sed -e 's/^[^;]*;//' -e 's/@/ -/g'`; \
	if (cd ../${dir}/${lib}; make "AR_FLAGS=rc" "CC_FOR_BUILD=gcc-4.9" "CFLAGS=-g -O2" "CXXFLAGS=-g -O2 -D_GNU_SOURCE" "CFLAGS_FOR_BUILD=-g -O2" "CFLAGS_FOR_TARGET=-g -O2" "INSTALL=/usr/bin/install -c" "INSTALL_DATA=/usr/bin/install -c -m 644" "INSTALL_PROGRAM=/usr/bin/install -c" "INSTALL_SCRIPT=/usr/bin/install -c" "JC1FLAGS=" "LDFLAGS=" "LIBCFLAGS=-g -O2" "LIBCFLAGS_FOR_TARGET=-g -O2" "MAKE=make" "MAKEINFO=makeinfo --split-size=5000000 --split-size=5000000 -I ../../../master/libffi/../gcc/doc/include -I ../../../master/libffi/../gcc/doc/include -I ../../../master/libffi/../gcc/doc/include" "PICFLAG=" "PICFLAG_FOR_TARGET=" "RUNTESTFLAGS=" "SHELL=/bin/dash" "exec_prefix=[...]/hurd/master.build.install" "infodir=[...]/hurd/master.build.install/share/info" "libdir=[...]/hurd/master.build.install/lib" "mandir=[...]/hurd/master.build.install/share/man" "prefix=[...]/hurd/master.build.install" "AR=ar" "AS=[...]/hurd/master.build/./gcc/as" "CC=[...]/hurd/master.build/./gcc/xgcc -B[...]/hurd/master.build/./gcc/ -B[...]/hurd/master.build.install/i686-unknown-gnu0.6/bin/ -B[...]/hurd/master.build.install/i686-unknown-gnu0.6/lib/ -isystem [...]/hurd/master.build.install/i686-unknown-gnu0.6/include -isystem [...]/hurd/master.build.install/i686-unknown-gnu0.6/sys-include   " "CXX=[...]/hurd/master.build/./gcc/xg++ -B[...]/hurd/master.build/./gcc/ -nostdinc++ -nostdinc++ -I[...]/hurd/master.build/i686-unknown-gnu0.6/libstdc++-v3/include/i686-unknown-gnu0.6 -I[...]/hurd/master.build/i686-unknown-gnu0.6/libstdc++-v3/include -I[...]/hurd/master/libstdc++-v3/libsupc++ -I[...]/hurd/master/libstdc++-v3/include/backward -I[...]/hurd/master/libstdc++-v3/testsuite/util -L[...]/hurd/master.build/i686-unknown-gnu0.6/libstdc++-v3/src -L[...]/hurd/master.build/i686-unknown-gnu0.6/libstdc++-v3/src/.libs -L[...]/hurd/master.build/i686-unknown-gnu0.6/libstdc++-v3/libsupc++/.libs -B[...]/hurd/master.build/i686-unknown-gnu0.6/libstdc++-v3/src/.libs -B[...]/hurd/master.build/i686-unknown-gnu0.6/libstdc++-v3/libsupc++/.libs -B[...]/hurd/master.build.install/i686-unknown-gnu0.6/bin/ -B[...]/hurd/master.build.install/i686-unknown-gnu0.6/lib/ -isystem [...]/hurd/master.build.install/i686-unknown-gnu0.6/include -isystem [...]/hurd/master.build.install/i686-unknown-gnu0.6/sys-include   " "LD=[...]/hurd/master.build/./gcc/collect-ld" "NM=[...]/hurd/master.build/./gcc/nm" "RANLIB=ranlib" "DESTDIR=" \
			CFLAGS="-g -O2 ${flags}" \
			CCASFLAGS="-g -O2 ${flags}" \
			FCFLAGS=" ${flags}" \
			FFLAGS=" ${flags}" \
			ADAFLAGS=" ${flags}" \
			prefix="[...]/hurd/master.build.install" \
			exec_prefix="[...]/hurd/master.build.install" \
			GCJFLAGS=" ${flags}" \
			GOCFLAGS="-O2 -g ${flags}" \
			CXXFLAGS="-g -O2 -D_GNU_SOURCE ${flags}" \
			LIBCFLAGS="-g -O2 ${flags}" \
			LIBCXXFLAGS="-g -O2 -D_GNU_SOURCE -fno-implicit-templates ${flags}" \
			LDFLAGS=" ${flags}" \
			MULTIFLAGS="${flags}" \
			DESTDIR="" \
			INSTALL="/usr/bin/install -c" \
			INSTALL_DATA="/usr/bin/install -c -m 644" \
			INSTALL_PROGRAM="/usr/bin/install -c" \
			INSTALL_SCRIPT="/usr/bin/install -c" \
			all); then \
	  true; \
	else \
	  exit 1; \
	fi; \
      else true; \
      fi; \
    fi; \
  done; \
fi
make[4]: Leaving directory '[...]/hurd/master.build/i686-unknown-gnu0.6/libffi'
make[3]: Leaving directory '[...]/hurd/master.build/i686-unknown-gnu0.6/libffi'
make[2]: Leaving directory '[...]/hurd/master.build/i686-unknown-gnu0.6/libffi'
make[2]: Entering directory '[...]/hurd/master.build/i686-unknown-gnu0.6/libjava'
Making check in libltdl
make[3]: Entering directory '[...]/hurd/master.build/i686-unknown-gnu0.6/libjava/libltdl'
true  DO=all multi-do # make
make[3]: Leaving directory '[...]/hurd/master.build/i686-unknown-gnu0.6/libjava/libltdl'
Making check in gcj
make[3]: Entering directory '[...]/hurd/master.build/i686-unknown-gnu0.6/libjava/gcj'
make[3]: Leaving directory '[...]/hurd/master.build/i686-unknown-gnu0.6/libjava/gcj'
Making check in include
make[3]: Entering directory '[...]/hurd/master.build/i686-unknown-gnu0.6/libjava/include'
make[3]: Leaving directory '[...]/hurd/master.build/i686-unknown-gnu0.6/libjava/include'
Making check in classpath
make[3]: Entering directory '[...]/hurd/master.build/i686-unknown-gnu0.6/libjava/classpath'
Making check in lib
make[4]: Entering directory '[...]/hurd/master.build/i686-unknown-gnu0.6/libjava/classpath/lib'
true
top_builddir=.. top_srcdir=../../../../../master/libjava/classpath /bin/dash ./gen-classlist.sh standard
Adding java source files from srcdir '[...]/hurd/master/libjava/classpath'.
Adding java source files from VM directory [...]/hurd/master/libjava
Adding java source files from VM directory [...]/hurd/master.build/i686-unknown-gnu0.6/libjava
Adding generated files in builddir '..'.
make[4]: Nothing to be done for 'check'.
make[4]: Leaving directory '[...]/hurd/master.build/i686-unknown-gnu0.6/libjava/classpath/lib'
Making check in doc
make[4]: Entering directory '[...]/hurd/master.build/i686-unknown-gnu0.6/libjava/classpath/doc'
Making check in api
make[5]: Entering directory '[...]/hurd/master.build/i686-unknown-gnu0.6/libjava/classpath/doc/api'
make[5]: Nothing to be done for 'check'.
make[5]: Leaving directory '[...]/hurd/master.build/i686-unknown-gnu0.6/libjava/classpath/doc/api'
make[5]: Entering directory '[...]/hurd/master.build/i686-unknown-gnu0.6/libjava/classpath/doc'
make[5]: Nothing to be done for 'check-am'.
make[5]: Leaving directory '[...]/hurd/master.build/i686-unknown-gnu0.6/libjava/classpath/doc'
make[4]: Leaving directory '[...]/hurd/master.build/i686-unknown-gnu0.6/libjava/classpath/doc'
Making check in external
make[4]: Entering directory '[...]/hurd/master.build/i686-unknown-gnu0.6/libjava/classpath/external'
Making check in sax
make[5]: Entering directory '[...]/hurd/master.build/i686-unknown-gnu0.6/libjava/classpath/external/sax'
make[5]: Nothing to be done for 'check'.
make[5]: Leaving directory '[...]/hurd/master.build/i686-unknown-gnu0.6/libjava/classpath/external/sax'
Making check in w3c_dom
make[5]: Entering directory '[...]/hurd/master.build/i686-unknown-gnu0.6/libjava/classpath/external/w3c_dom'
make[5]: Nothing to be done for 'check'.
make[5]: Leaving directory '[...]/hurd/master.build/i686-unknown-gnu0.6/libjava/classpath/external/w3c_dom'
Making check in relaxngDatatype
make[5]: Entering directory '[...]/hurd/master.build/i686-unknown-gnu0.6/libjava/classpath/external/relaxngDatatype'
make[5]: Nothing to be done for 'check'.
make[5]: Leaving directory '[...]/hurd/master.build/i686-unknown-gnu0.6/libjava/classpath/external/relaxngDatatype'
Making check in jsr166
make[5]: Entering directory '[...]/hurd/master.build/i686-unknown-gnu0.6/libjava/classpath/external/jsr166'
make[5]: Nothing to be done for 'check'.
make[5]: Leaving directory '[...]/hurd/master.build/i686-unknown-gnu0.6/libjava/classpath/external/jsr166'
make[5]: Entering directory '[...]/hurd/master.build/i686-unknown-gnu0.6/libjava/classpath/external'
make[5]: Nothing to be done for 'check-am'.
make[5]: Leaving directory '[...]/hurd/master.build/i686-unknown-gnu0.6/libjava/classpath/external'
make[4]: Leaving directory '[...]/hurd/master.build/i686-unknown-gnu0.6/libjava/classpath/external'
Making check in include
make[4]: Entering directory '[...]/hurd/master.build/i686-unknown-gnu0.6/libjava/classpath/include'
make[4]: Leaving directory '[...]/hurd/master.build/i686-unknown-gnu0.6/libjava/classpath/include'
Making check in native
make[4]: Entering directory '[...]/hurd/master.build/i686-unknown-gnu0.6/libjava/classpath/native'
Making check in fdlibm
make[5]: Entering directory '[...]/hurd/master.build/i686-unknown-gnu0.6/libjava/classpath/native/fdlibm'
make[5]: Nothing to be done for 'check'.
make[5]: Leaving directory '[...]/hurd/master.build/i686-unknown-gnu0.6/libjava/classpath/native/fdlibm'
Making check in jni
make[5]: Entering directory '[...]/hurd/master.build/i686-unknown-gnu0.6/libjava/classpath/native/jni'
Making check in classpath
make[6]: Entering directory '[...]/hurd/master.build/i686-unknown-gnu0.6/libjava/classpath/native/jni/classpath'
make[6]: Nothing to be done for 'check'.
make[6]: Leaving directory '[...]/hurd/master.build/i686-unknown-gnu0.6/libjava/classpath/native/jni/classpath'
Making check in java-math
make[6]: Entering directory '[...]/hurd/master.build/i686-unknown-gnu0.6/libjava/classpath/native/jni/java-math'
make[6]: Nothing to be done for 'check'.
make[6]: Leaving directory '[...]/hurd/master.build/i686-unknown-gnu0.6/libjava/classpath/native/jni/java-math'
make[6]: Entering directory '[...]/hurd/master.build/i686-unknown-gnu0.6/libjava/classpath/native/jni'
/bin/dash ../../scripts/check_jni_methods.sh
make[6]: Leaving directory '[...]/hurd/master.build/i686-unknown-gnu0.6/libjava/classpath/native/jni'
make[5]: Leaving directory '[...]/hurd/master.build/i686-unknown-gnu0.6/libjava/classpath/native/jni'
make[5]: Entering directory '[...]/hurd/master.build/i686-unknown-gnu0.6/libjava/classpath/native'
make[5]: Nothing to be done for 'check-am'.
make[5]: Leaving directory '[...]/hurd/master.build/i686-unknown-gnu0.6/libjava/classpath/native'
make[4]: Leaving directory '[...]/hurd/master.build/i686-unknown-gnu0.6/libjava/classpath/native'
Making check in resource
make[4]: Entering directory '[...]/hurd/master.build/i686-unknown-gnu0.6/libjava/classpath/resource'
make[4]: Nothing to be done for 'check'.
make[4]: Leaving directory '[...]/hurd/master.build/i686-unknown-gnu0.6/libjava/classpath/resource'
Making check in scripts
make[4]: Entering directory '[...]/hurd/master.build/i686-unknown-gnu0.6/libjava/classpath/scripts'
make[4]: Nothing to be done for 'check'.
make[4]: Leaving directory '[...]/hurd/master.build/i686-unknown-gnu0.6/libjava/classpath/scripts'
Making check in tools
make[4]: Entering directory '[...]/hurd/master.build/i686-unknown-gnu0.6/libjava/classpath/tools'
make  check-am
make[5]: Entering directory '[...]/hurd/master.build/i686-unknown-gnu0.6/libjava/classpath/tools'
make[5]: Nothing to be done for 'check-am'.
make[5]: Leaving directory '[...]/hurd/master.build/i686-unknown-gnu0.6/libjava/classpath/tools'
make[4]: Leaving directory '[...]/hurd/master.build/i686-unknown-gnu0.6/libjava/classpath/tools'
make[4]: Entering directory '[...]/hurd/master.build/i686-unknown-gnu0.6/libjava/classpath'
true  DO=all multi-do # make
make[4]: Leaving directory '[...]/hurd/master.build/i686-unknown-gnu0.6/libjava/classpath'
make[3]: Leaving directory '[...]/hurd/master.build/i686-unknown-gnu0.6/libjava/classpath'
Making check in testsuite
make[3]: Entering directory '[...]/hurd/master.build/i686-unknown-gnu0.6/libjava/testsuite'
make  check-DEJAGNU
make[4]: Entering directory '[...]/hurd/master.build/i686-unknown-gnu0.6/libjava/testsuite'
Making a new site.exp file...
srcdir='../../../../master/libjava/testsuite'; export srcdir; \
EXPECT=`if [ -f ../../expect/expect ] ; then echo ../../expect/expect ; else echo expect ; fi`; export EXPECT; \
runtest="`if [ -f ../../../../master/libjava/../dejagnu/runtest ] ; then echo ../../../../master/libjava/../dejagnu/runtest ; else echo runtest; fi` INTERPRETER=yes"; \
if /bin/dash -c "$runtest --version" > /dev/null 2>&1; then \
  exit_status=0; l='libjava'; for tool in $l; do \
    if $runtest INTERPRETER=yes --tool $tool --srcdir $srcdir ; \
    then :; else exit_status=1; fi; \
  done; \
else echo "WARNING: could not find \`runtest'" 1>&2; :;\
fi; \
exit $exit_status
Test Run By thomas on Mon Feb 22 05:39:41 2016
Native configuration is i686-unknown-gnu0.6

		=== libjava tests ===

Schedule of variations:
    unix

Running target unix
Using /usr/share/dejagnu/baseboards/unix.exp as board description file for target.
Using /usr/share/dejagnu/config/unix.exp as generic interface file for target.
Using ../../../../master/libjava/testsuite/config/default.exp as tool-and-target-specific interface file.
Running ../../../../master/libjava/testsuite/libjava.cni/cni.exp ...
Running ../../../../master/libjava/testsuite/libjava.jar/jar.exp ...
Running ../../../../master/libjava/testsuite/libjava.jni/jni.exp ...
Running ../../../../master/libjava/testsuite/libjava.jvmti/jvmti-interp.exp ...
LD_LIBRARY_PATH=. [...]/hurd/master.build/i686-unknown-gnu0.6/./libjava/gij -cp ../../../../master/libjava/testsuite/libjava.jvmti/interp/getargssize.jar -agentlib:dummyagent getargssize
LD_LIBRARY_PATH=. [...]/hurd/master.build/i686-unknown-gnu0.6/./libjava/gij -cp ../../../../master/libjava/testsuite/libjava.jvmti/interp/getlocalvartable.jar -agentlib:dummyagent getlocalvartable
LD_LIBRARY_PATH=. [...]/hurd/master.build/i686-unknown-gnu0.6/./libjava/gij -cp ../../../../master/libjava/testsuite/libjava.jvmti/interp/getstacktrace.jar -agentlib:dummyagent getstacktrace
Running ../../../../master/libjava/testsuite/libjava.jvmti/jvmti.exp ...
Running ../../../../master/libjava/testsuite/libjava.lang/lang.exp ...
FAIL: Thread_Sleep_2 output - source compiled test
FAIL: Thread_Sleep_2 -findirect-dispatch output - source compiled test
FAIL: Thread_Sleep_2 -O3 output - source compiled test
FAIL: Thread_Sleep_2 -O3 -findirect-dispatch output - source compiled test
FAIL: Throw_2 execution - source compiled test
FAIL: Throw_2 -findirect-dispatch execution - source compiled test
FAIL: Throw_2 -O3 execution - source compiled test
FAIL: Throw_2 -O3 -findirect-dispatch execution - source compiled test
Running ../../../../master/libjava/testsuite/libjava.loader/loader.exp ...
Running ../../../../master/libjava/testsuite/libjava.mauve/mauve.exp ...
Running ../../../../master/libjava/testsuite/libjava.special/special.exp ...
Running ../../../../master/libjava/testsuite/libjava.verify/verify.exp ...

		=== libjava Summary ===

# of expected passes		2570
# of unexpected failures	8
# of expected failures		4
# of untested testcases		4
Makefile:409: recipe for target 'check-DEJAGNU' failed
make[4]: *** [check-DEJAGNU] Error 1
make[4]: Leaving directory '[...]/hurd/master.build/i686-unknown-gnu0.6/libjava/testsuite'
Makefile:427: recipe for target 'check-am' failed
make[3]: *** [check-am] Error 2
make[3]: Target 'check' not remade because of errors.
make[3]: Leaving directory '[...]/hurd/master.build/i686-unknown-gnu0.6/libjava/testsuite'
make[3]: Entering directory '[...]/hurd/master.build/i686-unknown-gnu0.6/libjava'
: make ; exec make "AR_FLAGS=rc" "CC_FOR_BUILD=gcc-4.9" "CFLAGS=-g -O2" "CXXFLAGS=-g -O2 -D_GNU_SOURCE" "CPPFLAGS=" "CFLAGS_FOR_BUILD=-g -O2" "CFLAGS_FOR_TARGET=-g -O2" "INSTALL=/usr/bin/install -c" "INSTALL_DATA=/usr/bin/install -c -m 644" "INSTALL_PROGRAM=/usr/bin/install -c" "INSTALL_SCRIPT=/usr/bin/install -c" "GCJFLAGS=-g -O2" "LDFLAGS=" "LIBCFLAGS=-g -O2" "LIBCFLAGS_FOR_TARGET=-g -O2" "MAKE=make" "MAKEINFO=makeinfo --split-size=5000000 --split-size=5000000  " "PICFLAG=" "PICFLAG_FOR_TARGET=" "SHELL=/bin/dash" "RUNTESTFLAGS=" "exec_prefix=[...]/hurd/master.build.install" "datadir=[...]/hurd/master.build.install/share" "infodir=[...]/hurd/master.build.install/share/info" "libdir=[...]/hurd/master.build.install/lib" "mandir=[...]/hurd/master.build.install/share/man" "prefix=[...]/hurd/master.build.install" "gxx_include_dir=[...]/hurd/master.build.install/include/c++/6.0.0" "AR=ar" "AS=[...]/hurd/master.build/./gcc/as" "DLLTOOL=dlltool" "LD=[...]/hurd/master.build/./gcc/collect-ld" "LIBCFLAGS=-g -O2" "NM=[...]/hurd/master.build/./gcc/nm" "PICFLAG=" "RANLIB=ranlib" "DESTDIR=" "JAR=jar" DO=all multi-do
make[4]: Entering directory '[...]/hurd/master.build/i686-unknown-gnu0.6/libjava'
if [ -z "" ]; then \
  true; \
else \
  rootpre=`${PWDCMD-pwd}`/; export rootpre; \
  srcrootpre=`cd ../../../master/libjava; ${PWDCMD-pwd}`/; export srcrootpre; \
  lib=`echo "${rootpre}" | sed -e 's,^.*/\([^/][^/]*\)/$,\1,'`; \
  compiler="[...]/hurd/master.build/./gcc/xgcc -B[...]/hurd/master.build/./gcc/ -B[...]/hurd/master.build.install/i686-unknown-gnu0.6/bin/ -B[...]/hurd/master.build.install/i686-unknown-gnu0.6/lib/ -isystem [...]/hurd/master.build.install/i686-unknown-gnu0.6/include -isystem [...]/hurd/master.build.install/i686-unknown-gnu0.6/sys-include   "; \
  for i in `${compiler} --print-multi-lib 2>/dev/null`; do \
    dir=`echo $i | sed -e 's/;.*$//'`; \
    if [ "${dir}" = "." ]; then \
      true; \
    else \
      if [ -d ../${dir}/${lib} ]; then \
	flags=`echo $i | sed -e 's/^[^;]*;//' -e 's/@/ -/g'`; \
	if (cd ../${dir}/${lib}; make "AR_FLAGS=rc" "CC_FOR_BUILD=gcc-4.9" "CFLAGS=-g -O2" "CXXFLAGS=-g -O2 -D_GNU_SOURCE" "CPPFLAGS=" "CFLAGS_FOR_BUILD=-g -O2" "CFLAGS_FOR_TARGET=-g -O2" "INSTALL=/usr/bin/install -c" "INSTALL_DATA=/usr/bin/install -c -m 644" "INSTALL_PROGRAM=/usr/bin/install -c" "INSTALL_SCRIPT=/usr/bin/install -c" "GCJFLAGS=-g -O2" "LDFLAGS=" "LIBCFLAGS=-g -O2" "LIBCFLAGS_FOR_TARGET=-g -O2" "MAKE=make" "MAKEINFO=makeinfo --split-size=5000000 --split-size=5000000   " "PICFLAG=" "PICFLAG_FOR_TARGET=" "SHELL=/bin/dash" "RUNTESTFLAGS=" "exec_prefix=[...]/hurd/master.build.install" "datadir=[...]/hurd/master.build.install/share" "infodir=[...]/hurd/master.build.install/share/info" "libdir=[...]/hurd/master.build.install/lib" "mandir=[...]/hurd/master.build.install/share/man" "prefix=[...]/hurd/master.build.install" "gxx_include_dir=[...]/hurd/master.build.install/include/c++/6.0.0" "AR=ar" "AS=[...]/hurd/master.build/./gcc/as" "DLLTOOL=dlltool" "LD=[...]/hurd/master.build/./gcc/collect-ld" "LIBCFLAGS=-g -O2" "NM=[...]/hurd/master.build/./gcc/nm" "PICFLAG=" "RANLIB=ranlib" "DESTDIR=" "JAR=jar" \
			CFLAGS="-g -O2 ${flags}" \
			CCASFLAGS=" ${flags}" \
			FCFLAGS=" ${flags}" \
			FFLAGS=" ${flags}" \
			ADAFLAGS=" ${flags}" \
			prefix="[...]/hurd/master.build.install" \
			exec_prefix="[...]/hurd/master.build.install" \
			GCJFLAGS="-g -O2 ${flags}" \
			GOCFLAGS="-O2 -g ${flags}" \
			CXXFLAGS="-g -O2 -D_GNU_SOURCE ${flags}" \
			LIBCFLAGS="-g -O2 ${flags}" \
			LIBCXXFLAGS="-g -O2 -D_GNU_SOURCE -fno-implicit-templates ${flags}" \
			LDFLAGS=" ${flags}" \
			MULTIFLAGS="${flags}" \
			DESTDIR="" \
			INSTALL="/usr/bin/install -c" \
			INSTALL_DATA="/usr/bin/install -c -m 644" \
			INSTALL_PROGRAM="/usr/bin/install -c" \
			INSTALL_SCRIPT="/usr/bin/install -c" \
			all); then \
	  true; \
	else \
	  exit 1; \
	fi; \
      else true; \
      fi; \
    fi; \
  done; \
fi
make[4]: Leaving directory '[...]/hurd/master.build/i686-unknown-gnu0.6/libjava'
make[3]: Leaving directory '[...]/hurd/master.build/i686-unknown-gnu0.6/libjava'
Makefile:10281: recipe for target 'check-recursive' failed
make[2]: *** [check-recursive] Error 1
make[2]: Target 'check' not remade because of errors.
make[2]: Leaving directory '[...]/hurd/master.build/i686-unknown-gnu0.6/libjava'
Makefile:18555: recipe for target 'check-target-libjava' failed
make[1]: *** [check-target-libjava] Error 2
make[2]: Entering directory '[...]/hurd/master.build/i686-unknown-gnu0.6/zlib'
make[2]: Nothing to be done for 'check'.
make[2]: Leaving directory '[...]/hurd/master.build/i686-unknown-gnu0.6/zlib'
make[2]: Entering directory '[...]/hurd/master.build/i686-unknown-gnu0.6/boehm-gc'
Making check in include
make[3]: Entering directory '[...]/hurd/master.build/i686-unknown-gnu0.6/boehm-gc/include'
make[3]: Leaving directory '[...]/hurd/master.build/i686-unknown-gnu0.6/boehm-gc/include'
Making check in testsuite
make[3]: Entering directory '[...]/hurd/master.build/i686-unknown-gnu0.6/boehm-gc/testsuite'
make  check-DEJAGNU
make[4]: Entering directory '[...]/hurd/master.build/i686-unknown-gnu0.6/boehm-gc/testsuite'
Making a new site.exp file...
srcdir='../../../../master/boehm-gc/testsuite'; export srcdir; \
EXPECT=expect; export EXPECT; \
runtest=runtest; \
if /bin/dash -c "$runtest --version" > /dev/null 2>&1; then \
  exit_status=0; l='boehm-gc'; for tool in $l; do \
    if $runtest  --tool $tool --srcdir $srcdir ; \
    then :; else exit_status=1; fi; \
  done; \
else echo "WARNING: could not find \`runtest'" 1>&2; :;\
fi; \
exit $exit_status
Test Run By thomas on Mon Feb 22 05:59:46 2016
Native configuration is i686-unknown-gnu0.6

		=== boehm-gc tests ===

Schedule of variations:
    unix

Running target unix
Using /usr/share/dejagnu/baseboards/unix.exp as board description file for target.
Using /usr/share/dejagnu/config/unix.exp as generic interface file for target.
Using ../../../../master/boehm-gc/testsuite/config/default.exp as tool-and-target-specific interface file.
Running ../../../../master/boehm-gc/testsuite/boehm-gc.c/c.exp ...
Running ../../../../master/boehm-gc/testsuite/boehm-gc.lib/lib.exp ...

		=== boehm-gc Summary ===

# of expected passes		12
# of unsupported tests		1
make[4]: Leaving directory '[...]/hurd/master.build/i686-unknown-gnu0.6/boehm-gc/testsuite'
make[3]: Leaving directory '[...]/hurd/master.build/i686-unknown-gnu0.6/boehm-gc/testsuite'
make[3]: Entering directory '[...]/hurd/master.build/i686-unknown-gnu0.6/boehm-gc'
make "AR_FLAGS=rc" "CC_FOR_BUILD=gcc-4.9" "CFLAGS=-g -O2 " "CXXFLAGS=-g -O2 -D_GNU_SOURCE" "CFLAGS_FOR_BUILD=-g -O2" "CFLAGS_FOR_TARGET=-g -O2" "INSTALL=/usr/bin/install -c" "INSTALL_DATA=/usr/bin/install -c -m 644" "INSTALL_PROGRAM=/usr/bin/install -c" "INSTALL_SCRIPT=/usr/bin/install -c" "LDFLAGS=" "LIBCFLAGS=-g -O2" "LIBCFLAGS_FOR_TARGET=-g -O2" "MAKE=make" "MAKEINFO=makeinfo --split-size=5000000 --split-size=5000000  " "PICFLAG=" "PICFLAG_FOR_TARGET=" "SHELL=/bin/dash" "EXPECT=expect" "RUNTEST=runtest" "RUNTESTFLAGS=" "exec_prefix=[...]/hurd/master.build.install" "infodir=[...]/hurd/master.build.install/share/info" "libdir=[...]/hurd/master.build.install/lib" "prefix=[...]/hurd/master.build.install" "tooldir=[...]/hurd/master.build.install/i686-unknown-gnu0.6" "AR=ar" "AS=[...]/hurd/master.build/./gcc/as" "CC=[...]/hurd/master.build/./gcc/xgcc -B[...]/hurd/master.build/./gcc/ -B[...]/hurd/master.build.install/i686-unknown-gnu0.6/bin/ -B[...]/hurd/master.build.install/i686-unknown-gnu0.6/lib/ -isystem [...]/hurd/master.build.install/i686-unknown-gnu0.6/include -isystem [...]/hurd/master.build.install/i686-unknown-gnu0.6/sys-include   " "CXX=[...]/hurd/master.build/./gcc/xg++ -B[...]/hurd/master.build/./gcc/ -nostdinc++ -nostdinc++ -I[...]/hurd/master.build/i686-unknown-gnu0.6/libstdc++-v3/include/i686-unknown-gnu0.6 -I[...]/hurd/master.build/i686-unknown-gnu0.6/libstdc++-v3/include -I[...]/hurd/master/libstdc++-v3/libsupc++ -I[...]/hurd/master/libstdc++-v3/include/backward -I[...]/hurd/master/libstdc++-v3/testsuite/util -L[...]/hurd/master.build/i686-unknown-gnu0.6/libstdc++-v3/src -L[...]/hurd/master.build/i686-unknown-gnu0.6/libstdc++-v3/src/.libs -L[...]/hurd/master.build/i686-unknown-gnu0.6/libstdc++-v3/libsupc++/.libs -B[...]/hurd/master.build/i686-unknown-gnu0.6/libstdc++-v3/src/.libs -B[...]/hurd/master.build/i686-unknown-gnu0.6/libstdc++-v3/libsupc++/.libs -B[...]/hurd/master.build.install/i686-unknown-gnu0.6/bin/ -B[...]/hurd/master.build.install/i686-unknown-gnu0.6/lib/ -isystem [...]/hurd/master.build.install/i686-unknown-gnu0.6/include -isystem [...]/hurd/master.build.install/i686-unknown-gnu0.6/sys-include   " "LD=[...]/hurd/master.build/./gcc/collect-ld" "LIBCFLAGS=-g -O2" "NM=[...]/hurd/master.build/./gcc/nm" "PICFLAG=" "RANLIB=ranlib" "DESTDIR=" DO=all multi-do # make
make[4]: Entering directory '[...]/hurd/master.build/i686-unknown-gnu0.6/boehm-gc'
if [ -z "" ]; then \
  true; \
else \
  rootpre=`${PWDCMD-pwd}`/; export rootpre; \
  srcrootpre=`cd ../../../master/boehm-gc; ${PWDCMD-pwd}`/; export srcrootpre; \
  lib=`echo "${rootpre}" | sed -e 's,^.*/\([^/][^/]*\)/$,\1,'`; \
  compiler="[...]/hurd/master.build/./gcc/xgcc -B[...]/hurd/master.build/./gcc/ -B[...]/hurd/master.build.install/i686-unknown-gnu0.6/bin/ -B[...]/hurd/master.build.install/i686-unknown-gnu0.6/lib/ -isystem [...]/hurd/master.build.install/i686-unknown-gnu0.6/include -isystem [...]/hurd/master.build.install/i686-unknown-gnu0.6/sys-include   "; \
  for i in `${compiler} --print-multi-lib 2>/dev/null`; do \
    dir=`echo $i | sed -e 's/;.*$//'`; \
    if [ "${dir}" = "." ]; then \
      true; \
    else \
      if [ -d ../${dir}/${lib} ]; then \
	flags=`echo $i | sed -e 's/^[^;]*;//' -e 's/@/ -/g'`; \
	if (cd ../${dir}/${lib}; make  \
			CFLAGS="-g -O2  ${flags}" \
			CCASFLAGS="-g -O2  ${flags}" \
			FCFLAGS=" ${flags}" \
			FFLAGS=" ${flags}" \
			ADAFLAGS=" ${flags}" \
			prefix="[...]/hurd/master.build.install" \
			exec_prefix="[...]/hurd/master.build.install" \
			GCJFLAGS=" ${flags}" \
			GOCFLAGS="-O2 -g ${flags}" \
			CXXFLAGS="-g -O2 -D_GNU_SOURCE ${flags}" \
			LIBCFLAGS="-g -O2 ${flags}" \
			LIBCXXFLAGS="-g -O2 -D_GNU_SOURCE -fno-implicit-templates ${flags}" \
			LDFLAGS=" ${flags}" \
			MULTIFLAGS="${flags}" \
			DESTDIR="" \
			INSTALL="/usr/bin/install -c" \
			INSTALL_DATA="/usr/bin/install -c -m 644" \
			INSTALL_PROGRAM="/usr/bin/install -c" \
			INSTALL_SCRIPT="/usr/bin/install -c" \
			all); then \
	  true; \
	else \
	  exit 1; \
	fi; \
      else true; \
      fi; \
    fi; \
  done; \
fi
make[4]: Leaving directory '[...]/hurd/master.build/i686-unknown-gnu0.6/boehm-gc'
make[3]: Leaving directory '[...]/hurd/master.build/i686-unknown-gnu0.6/boehm-gc'
make[2]: Leaving directory '[...]/hurd/master.build/i686-unknown-gnu0.6/boehm-gc'
make[2]: Entering directory '[...]/hurd/master.build/i686-unknown-gnu0.6/libgomp'
Making check in testsuite
make[3]: Entering directory '[...]/hurd/master.build/i686-unknown-gnu0.6/libgomp/testsuite'
make  check-DEJAGNU
make[4]: Entering directory '[...]/hurd/master.build/i686-unknown-gnu0.6/libgomp/testsuite'
Making a new site.exp file...
srcdir='../../../../master/libgomp/testsuite'; export srcdir; \
EXPECT=expect; export EXPECT; \
runtest=runtest; \
if /bin/dash -c "$runtest --version" > /dev/null 2>&1; then \
  exit_status=0; l='libgomp'; for tool in $l; do \
    if $runtest  --tool $tool --srcdir $srcdir ; \
    then :; else exit_status=1; fi; \
  done; \
else echo "WARNING: could not find \`runtest'" 1>&2; :;\
fi; \
exit $exit_status
Test Run By thomas on Mon Feb 22 06:00:00 2016
Native configuration is i686-unknown-gnu0.6

		=== libgomp tests ===

Schedule of variations:
    unix

Running target unix
Using /usr/share/dejagnu/baseboards/unix.exp as board description file for target.
Using /usr/share/dejagnu/config/unix.exp as generic interface file for target.
Using ../../../../master/libgomp/testsuite/config/default.exp as tool-and-target-specific interface file.
Running ../../../../master/libgomp/testsuite/libgomp.c/c.exp ...
FAIL: libgomp.c/lib-1.c execution test
Running ../../../../master/libgomp/testsuite/libgomp.c++/c++.exp ...
Running ../../../../master/libgomp/testsuite/libgomp.fortran/fortran.exp ...
FAIL: libgomp.fortran/lib1.f90   -O2  execution test
FAIL: libgomp.fortran/lib1.f90   -O3 -g  execution test
FAIL: libgomp.fortran/lib2.f   -O1  execution test
FAIL: libgomp.fortran/lib2.f   -O2  execution test
FAIL: libgomp.fortran/lib3.f   -O2  execution test
FAIL: libgomp.fortran/lib3.f   -Os  execution test
Running ../../../../master/libgomp/testsuite/libgomp.graphite/graphite.exp ...
Running ../../../../master/libgomp/testsuite/libgomp.oacc-c/c.exp ...
Running ../../../../master/libgomp/testsuite/libgomp.oacc-c++/c++.exp ...
Running ../../../../master/libgomp/testsuite/libgomp.oacc-fortran/fortran.exp ...

		=== libgomp Summary ===

# of expected passes		4798
# of unexpected failures	7
# of unsupported tests		261
Makefile:306: recipe for target 'check-DEJAGNU' failed
make[4]: *** [check-DEJAGNU] Error 1
make[4]: Leaving directory '[...]/hurd/master.build/i686-unknown-gnu0.6/libgomp/testsuite'
Makefile:350: recipe for target 'check-am' failed
make[3]: *** [check-am] Error 2
make[3]: Target 'check' not remade because of errors.
make[3]: Leaving directory '[...]/hurd/master.build/i686-unknown-gnu0.6/libgomp/testsuite'
make[3]: Entering directory '[...]/hurd/master.build/i686-unknown-gnu0.6/libgomp'
make  DO=all multi-do # make
make[4]: Entering directory '[...]/hurd/master.build/i686-unknown-gnu0.6/libgomp'
if [ -z "" ]; then \
  true; \
else \
  rootpre=`${PWDCMD-pwd}`/; export rootpre; \
  srcrootpre=`cd ../../../master/libgomp; ${PWDCMD-pwd}`/; export srcrootpre; \
  lib=`echo "${rootpre}" | sed -e 's,^.*/\([^/][^/]*\)/$,\1,'`; \
  compiler="[...]/hurd/master.build/./gcc/xgcc -B[...]/hurd/master.build/./gcc/ -B[...]/hurd/master.build.install/i686-unknown-gnu0.6/bin/ -B[...]/hurd/master.build.install/i686-unknown-gnu0.6/lib/ -isystem [...]/hurd/master.build.install/i686-unknown-gnu0.6/include -isystem [...]/hurd/master.build.install/i686-unknown-gnu0.6/sys-include   "; \
  for i in `${compiler} --print-multi-lib 2>/dev/null`; do \
    dir=`echo $i | sed -e 's/;.*$//'`; \
    if [ "${dir}" = "." ]; then \
      true; \
    else \
      if [ -d ../${dir}/${lib} ]; then \
	flags=`echo $i | sed -e 's/^[^;]*;//' -e 's/@/ -/g'`; \
	if (cd ../${dir}/${lib}; make  \
			CFLAGS="-g -O2 ${flags}" \
			CCASFLAGS=" ${flags}" \
			FCFLAGS="-L. -Wall -L../libgfortran ${flags}" \
			FFLAGS=" ${flags}" \
			ADAFLAGS=" ${flags}" \
			prefix="[...]/hurd/master.build.install" \
			exec_prefix="[...]/hurd/master.build.install" \
			GCJFLAGS=" ${flags}" \
			GOCFLAGS="-O2 -g ${flags}" \
			CXXFLAGS="-g -O2 -D_GNU_SOURCE ${flags}" \
			LIBCFLAGS="-g -O2 ${flags}" \
			LIBCXXFLAGS="-g -O2 -D_GNU_SOURCE -fno-implicit-templates ${flags}" \
			LDFLAGS=" ${flags}" \
			MULTIFLAGS="${flags}" \
			DESTDIR="" \
			INSTALL="/usr/bin/install -c" \
			INSTALL_DATA="/usr/bin/install -c -m 644" \
			INSTALL_PROGRAM="/usr/bin/install -c" \
			INSTALL_SCRIPT="/usr/bin/install -c" \
			all); then \
	  true; \
	else \
	  exit 1; \
	fi; \
      else true; \
      fi; \
    fi; \
  done; \
fi
make[4]: Leaving directory '[...]/hurd/master.build/i686-unknown-gnu0.6/libgomp'
:
make[3]: Leaving directory '[...]/hurd/master.build/i686-unknown-gnu0.6/libgomp'
Makefile:898: recipe for target 'check-recursive' failed
make[2]: *** [check-recursive] Error 1
make[2]: Target 'check' not remade because of errors.
make[2]: Leaving directory '[...]/hurd/master.build/i686-unknown-gnu0.6/libgomp'
Makefile:20443: recipe for target 'check-target-libgomp' failed
make[1]: *** [check-target-libgomp] Error 2
make[2]: Entering directory '[...]/hurd/master.build/i686-unknown-gnu0.6/libitm'
Making check in testsuite
make[3]: Entering directory '[...]/hurd/master.build/i686-unknown-gnu0.6/libitm/testsuite'
make  check-DEJAGNU
make[4]: Entering directory '[...]/hurd/master.build/i686-unknown-gnu0.6/libitm/testsuite'
Making a new site.exp file...
srcdir='../../../../master/libitm/testsuite'; export srcdir; \
EXPECT=expect; export EXPECT; \
runtest=runtest; \
if /bin/dash -c "$runtest --version" > /dev/null 2>&1; then \
  exit_status=0; l='libitm'; for tool in $l; do \
    if $runtest  --tool $tool --srcdir $srcdir ; \
    then :; else exit_status=1; fi; \
  done; \
else echo "WARNING: could not find \`runtest'" 1>&2; :;\
fi; \
exit $exit_status
Test Run By thomas on Mon Feb 22 06:25:21 2016
Native configuration is i686-unknown-gnu0.6

		=== libitm tests ===

Schedule of variations:
    unix

Running target unix
Using /usr/share/dejagnu/baseboards/unix.exp as board description file for target.
Using /usr/share/dejagnu/config/unix.exp as generic interface file for target.
Using ../../../../master/libitm/testsuite/config/default.exp as tool-and-target-specific interface file.
Running ../../../../master/libitm/testsuite/libitm.c/c.exp ...
WARNING: program timed out.
FAIL: libitm.c/priv-1.c execution test
Running ../../../../master/libitm/testsuite/libitm.c++/c++.exp ...

		=== libitm Summary ===

# of expected passes		41
# of unexpected failures	1
# of expected failures		3
# of unsupported tests		1
Makefile:282: recipe for target 'check-DEJAGNU' failed
make[4]: *** [check-DEJAGNU] Error 1
make[4]: Leaving directory '[...]/hurd/master.build/i686-unknown-gnu0.6/libitm/testsuite'
Makefile:326: recipe for target 'check-am' failed
make[3]: *** [check-am] Error 2
make[3]: Target 'check' not remade because of errors.
make[3]: Leaving directory '[...]/hurd/master.build/i686-unknown-gnu0.6/libitm/testsuite'
make[3]: Entering directory '[...]/hurd/master.build/i686-unknown-gnu0.6/libitm'
make  DO=all multi-do # make
make[4]: Entering directory '[...]/hurd/master.build/i686-unknown-gnu0.6/libitm'
if [ -z "" ]; then \
  true; \
else \
  rootpre=`${PWDCMD-pwd}`/; export rootpre; \
  srcrootpre=`cd ../../../master/libitm; ${PWDCMD-pwd}`/; export srcrootpre; \
  lib=`echo "${rootpre}" | sed -e 's,^.*/\([^/][^/]*\)/$,\1,'`; \
  compiler="[...]/hurd/master.build/./gcc/xgcc -B[...]/hurd/master.build/./gcc/ -B[...]/hurd/master.build.install/i686-unknown-gnu0.6/bin/ -B[...]/hurd/master.build.install/i686-unknown-gnu0.6/lib/ -isystem [...]/hurd/master.build.install/i686-unknown-gnu0.6/include -isystem [...]/hurd/master.build.install/i686-unknown-gnu0.6/sys-include   "; \
  for i in `${compiler} --print-multi-lib 2>/dev/null`; do \
    dir=`echo $i | sed -e 's/;.*$//'`; \
    if [ "${dir}" = "." ]; then \
      true; \
    else \
      if [ -d ../${dir}/${lib} ]; then \
	flags=`echo $i | sed -e 's/^[^;]*;//' -e 's/@/ -/g'`; \
	if (cd ../${dir}/${lib}; make  \
			CFLAGS="-g -O2 ${flags}" \
			CCASFLAGS="-g -O2 ${flags}" \
			FCFLAGS=" ${flags}" \
			FFLAGS=" ${flags}" \
			ADAFLAGS=" ${flags}" \
			prefix="[...]/hurd/master.build.install" \
			exec_prefix="[...]/hurd/master.build.install" \
			GCJFLAGS=" ${flags}" \
			GOCFLAGS="-O2 -g ${flags}" \
			CXXFLAGS="-g -O2 -D_GNU_SOURCE ${flags}" \
			LIBCFLAGS="-g -O2 ${flags}" \
			LIBCXXFLAGS="-g -O2 -D_GNU_SOURCE -fno-implicit-templates ${flags}" \
			LDFLAGS=" ${flags}" \
			MULTIFLAGS="${flags}" \
			DESTDIR="" \
			INSTALL="/usr/bin/install -c" \
			INSTALL_DATA="/usr/bin/install -c -m 644" \
			INSTALL_PROGRAM="/usr/bin/install -c" \
			INSTALL_SCRIPT="/usr/bin/install -c" \
			all); then \
	  true; \
	else \
	  exit 1; \
	fi; \
      else true; \
      fi; \
    fi; \
  done; \
fi
make[4]: Leaving directory '[...]/hurd/master.build/i686-unknown-gnu0.6/libitm'
make[3]: Leaving directory '[...]/hurd/master.build/i686-unknown-gnu0.6/libitm'
Makefile:723: recipe for target 'check-recursive' failed
make[2]: *** [check-recursive] Error 1
make[2]: Target 'check' not remade because of errors.
make[2]: Leaving directory '[...]/hurd/master.build/i686-unknown-gnu0.6/libitm'
Makefile:20861: recipe for target 'check-target-libitm' failed
make[1]: *** [check-target-libitm] Error 2
make[2]: Entering directory '[...]/hurd/master.build/i686-unknown-gnu0.6/libatomic'
Making check in testsuite
make[3]: Entering directory '[...]/hurd/master.build/i686-unknown-gnu0.6/libatomic/testsuite'
make  check-DEJAGNU
make[4]: Entering directory '[...]/hurd/master.build/i686-unknown-gnu0.6/libatomic/testsuite'
Making a new site.exp file...
srcdir='../../../../master/libatomic/testsuite'; export srcdir; \
EXPECT=expect; export EXPECT; \
runtest=runtest; \
if /bin/dash -c "$runtest --version" > /dev/null 2>&1; then \
  exit_status=0; l='libatomic'; for tool in $l; do \
    if $runtest  --tool $tool --srcdir $srcdir ; \
    then :; else exit_status=1; fi; \
  done; \
else echo "WARNING: could not find \`runtest'" 1>&2; :;\
fi; \
exit $exit_status
Test Run By thomas on Mon Feb 22 06:30:35 2016
Native configuration is i686-unknown-gnu0.6

		=== libatomic tests ===

Schedule of variations:
    unix

Running target unix
Using /usr/share/dejagnu/baseboards/unix.exp as board description file for target.
Using /usr/share/dejagnu/config/unix.exp as generic interface file for target.
Using ../../../../master/libatomic/testsuite/config/default.exp as tool-and-target-specific interface file.
Running ../../../../master/libatomic/testsuite/libatomic.c/c.exp ...

		=== libatomic Summary ===

# of expected passes		44
# of unsupported tests		5
make[4]: Leaving directory '[...]/hurd/master.build/i686-unknown-gnu0.6/libatomic/testsuite'
make[3]: Leaving directory '[...]/hurd/master.build/i686-unknown-gnu0.6/libatomic/testsuite'
make[3]: Entering directory '[...]/hurd/master.build/i686-unknown-gnu0.6/libatomic'
make  DO=all multi-do # make
make[4]: Entering directory '[...]/hurd/master.build/i686-unknown-gnu0.6/libatomic'
if [ -z "" ]; then \
  true; \
else \
  rootpre=`${PWDCMD-pwd}`/; export rootpre; \
  srcrootpre=`cd ../../../master/libatomic; ${PWDCMD-pwd}`/; export srcrootpre; \
  lib=`echo "${rootpre}" | sed -e 's,^.*/\([^/][^/]*\)/$,\1,'`; \
  compiler="[...]/hurd/master.build/./gcc/xgcc -B[...]/hurd/master.build/./gcc/ -B[...]/hurd/master.build.install/i686-unknown-gnu0.6/bin/ -B[...]/hurd/master.build.install/i686-unknown-gnu0.6/lib/ -isystem [...]/hurd/master.build.install/i686-unknown-gnu0.6/include -isystem [...]/hurd/master.build.install/i686-unknown-gnu0.6/sys-include   "; \
  for i in `${compiler} --print-multi-lib 2>/dev/null`; do \
    dir=`echo $i | sed -e 's/;.*$//'`; \
    if [ "${dir}" = "." ]; then \
      true; \
    else \
      if [ -d ../${dir}/${lib} ]; then \
	flags=`echo $i | sed -e 's/^[^;]*;//' -e 's/@/ -/g'`; \
	if (cd ../${dir}/${lib}; make  \
			CFLAGS="-g -O2 ${flags}" \
			CCASFLAGS="-g -O2 ${flags}" \
			FCFLAGS=" ${flags}" \
			FFLAGS=" ${flags}" \
			ADAFLAGS=" ${flags}" \
			prefix="[...]/hurd/master.build.install" \
			exec_prefix="[...]/hurd/master.build.install" \
			GCJFLAGS=" ${flags}" \
			GOCFLAGS="-O2 -g ${flags}" \
			CXXFLAGS="-g -O2 -D_GNU_SOURCE ${flags}" \
			LIBCFLAGS="-g -O2 ${flags}" \
			LIBCXXFLAGS="-g -O2 -D_GNU_SOURCE -fno-implicit-templates ${flags}" \
			LDFLAGS=" ${flags}" \
			MULTIFLAGS="${flags}" \
			DESTDIR="" \
			INSTALL="/usr/bin/install -c" \
			INSTALL_DATA="/usr/bin/install -c -m 644" \
			INSTALL_PROGRAM="/usr/bin/install -c" \
			INSTALL_SCRIPT="/usr/bin/install -c" \
			all); then \
	  true; \
	else \
	  exit 1; \
	fi; \
      else true; \
      fi; \
    fi; \
  done; \
fi
make[4]: Leaving directory '[...]/hurd/master.build/i686-unknown-gnu0.6/libatomic'
make[3]: Leaving directory '[...]/hurd/master.build/i686-unknown-gnu0.6/libatomic'
make[2]: Leaving directory '[...]/hurd/master.build/i686-unknown-gnu0.6/libatomic'
make[1]: Target 'check-target' not remade because of errors.
make[1]: Leaving directory '[...]/hurd/master.build'
Makefile:2265: recipe for target 'do-check' failed
make: *** [do-check] Error 2
make: Target 'check' not remade because of errors.
