make[1]: Entering directory `[...]/tschwinge/Ferry_Tagscherer.build'
make[2]: Entering directory `[...]/tschwinge/Ferry_Tagscherer.build/bfd'
make  check-recursive
make[3]: Entering directory `[...]/tschwinge/Ferry_Tagscherer.build/bfd'
Making check in doc
make[4]: Entering directory `[...]/tschwinge/Ferry_Tagscherer.build/bfd/doc'
make[4]: Nothing to be done for `check'.
make[4]: Leaving directory `[...]/tschwinge/Ferry_Tagscherer.build/bfd/doc'
Making check in po
make[4]: Entering directory `[...]/tschwinge/Ferry_Tagscherer.build/bfd/po'
make[4]: Nothing to be done for `check'.
make[4]: Leaving directory `[...]/tschwinge/Ferry_Tagscherer.build/bfd/po'
make[4]: Entering directory `[...]/tschwinge/Ferry_Tagscherer.build/bfd'
make[4]: Nothing to be done for `check-am'.
make[4]: Leaving directory `[...]/tschwinge/Ferry_Tagscherer.build/bfd'
make[3]: Leaving directory `[...]/tschwinge/Ferry_Tagscherer.build/bfd'
make[2]: Leaving directory `[...]/tschwinge/Ferry_Tagscherer.build/bfd'
make[2]: Entering directory `[...]/tschwinge/Ferry_Tagscherer.build/opcodes'
Making check in .
make[3]: Entering directory `[...]/tschwinge/Ferry_Tagscherer.build/opcodes'
make[3]: Nothing to be done for `check-am'.
make[3]: Leaving directory `[...]/tschwinge/Ferry_Tagscherer.build/opcodes'
Making check in po
make[3]: Entering directory `[...]/tschwinge/Ferry_Tagscherer.build/opcodes/po'
make[3]: Nothing to be done for `check'.
make[3]: Leaving directory `[...]/tschwinge/Ferry_Tagscherer.build/opcodes/po'
make[2]: Leaving directory `[...]/tschwinge/Ferry_Tagscherer.build/opcodes'
make[2]: Entering directory `[...]/tschwinge/Ferry_Tagscherer.build/etc'
make[2]: Nothing to be done for `check'.
make[2]: Leaving directory `[...]/tschwinge/Ferry_Tagscherer.build/etc'
make[2]: Entering directory `[...]/tschwinge/Ferry_Tagscherer.build/intl'
make[2]: Nothing to be done for `check'.
make[2]: Leaving directory `[...]/tschwinge/Ferry_Tagscherer.build/intl'
make[2]: Entering directory `[...]/tschwinge/Ferry_Tagscherer.build/libdecnumber'
make[2]: Nothing to be done for `check'.
make[2]: Leaving directory `[...]/tschwinge/Ferry_Tagscherer.build/libdecnumber'
make[2]: Entering directory `[...]/tschwinge/Ferry_Tagscherer.build/libiberty'
make[3]: Entering directory `[...]/tschwinge/Ferry_Tagscherer.build/libiberty/testsuite'
gcc-4.7 -DHAVE_CONFIG_H -g -O2 -I.. -I../../../Ferry_Tagscherer/libiberty/testsuite/../../include  -o test-demangle \
		../../../Ferry_Tagscherer/libiberty/testsuite/test-demangle.c ../libiberty.a
./test-demangle < ../../../Ferry_Tagscherer/libiberty/testsuite/demangle-expected
./test-demangle: 877 tests, 0 failures
gcc-4.7 -DHAVE_CONFIG_H -g -O2 -I.. -I../../../Ferry_Tagscherer/libiberty/testsuite/../../include  -DHAVE_CONFIG_H -I.. -o test-pexecute \
		../../../Ferry_Tagscherer/libiberty/testsuite/test-pexecute.c ../libiberty.a
./test-pexecute
gcc-4.7 -DHAVE_CONFIG_H -g -O2 -I.. -I../../../Ferry_Tagscherer/libiberty/testsuite/../../include  -DHAVE_CONFIG_H -I.. -o test-expandargv \
		../../../Ferry_Tagscherer/libiberty/testsuite/test-expandargv.c ../libiberty.a
./test-expandargv
PASS: test-expandargv-0.
PASS: test-expandargv-1.
PASS: test-expandargv-2.
PASS: test-expandargv-3.
PASS: test-expandargv-4.
PASS: test-expandargv-5.
PASS: test-expandargv-6.
make[3]: Leaving directory `[...]/tschwinge/Ferry_Tagscherer.build/libiberty/testsuite'
make[2]: Leaving directory `[...]/tschwinge/Ferry_Tagscherer.build/libiberty'
make[2]: Entering directory `[...]/tschwinge/Ferry_Tagscherer.build/readline'
make[2]: Nothing to be done for `check'.
make[2]: Leaving directory `[...]/tschwinge/Ferry_Tagscherer.build/readline'
make[2]: Entering directory `[...]/tschwinge/Ferry_Tagscherer.build/sim'
make[2]: Leaving directory `[...]/tschwinge/Ferry_Tagscherer.build/sim'
make[2]: Entering directory `[...]/tschwinge/Ferry_Tagscherer.build/gdb'
make[3]: Entering directory `[...]/tschwinge/Ferry_Tagscherer.build/gdb/testsuite'
make -k check-gdb.base1 check-gdb.base2 check-gdb.ada check-gdb.arch check-gdb.asm check-gdb.cell check-gdb.cp check-gdb.disasm check-gdb.dwarf2 check-gdb.fortran check-gdb.gdb check-gdb.go check-gdb.java check-gdb.linespec check-gdb.mi check-gdb.modula2 check-gdb.multi check-gdb.objc check-gdb.opencl check-gdb.opt check-gdb.pascal check-gdb.python check-gdb.reverse check-gdb.server check-gdb.stabs check-gdb.threads check-gdb.trace check-gdb.xml; \
	/bin/dash ../../../Ferry_Tagscherer/gdb/testsuite/dg-extract-results.sh \
	  gdb.base1/gdb.sum gdb.base2/gdb.sum gdb.ada/gdb.sum gdb.arch/gdb.sum gdb.asm/gdb.sum gdb.cell/gdb.sum gdb.cp/gdb.sum gdb.disasm/gdb.sum gdb.dwarf2/gdb.sum gdb.fortran/gdb.sum gdb.gdb/gdb.sum gdb.go/gdb.sum gdb.java/gdb.sum gdb.linespec/gdb.sum gdb.mi/gdb.sum gdb.modula2/gdb.sum gdb.multi/gdb.sum gdb.objc/gdb.sum gdb.opencl/gdb.sum gdb.opt/gdb.sum gdb.pascal/gdb.sum gdb.python/gdb.sum gdb.reverse/gdb.sum gdb.server/gdb.sum gdb.stabs/gdb.sum gdb.threads/gdb.sum gdb.trace/gdb.sum gdb.xml/gdb.sum > gdb.sum; \
	/bin/dash ../../../Ferry_Tagscherer/gdb/testsuite/dg-extract-results.sh -L \
	  gdb.base1/gdb.log gdb.base2/gdb.log gdb.ada/gdb.log gdb.arch/gdb.log gdb.asm/gdb.log gdb.cell/gdb.log gdb.cp/gdb.log gdb.disasm/gdb.log gdb.dwarf2/gdb.log gdb.fortran/gdb.log gdb.gdb/gdb.log gdb.go/gdb.log gdb.java/gdb.log gdb.linespec/gdb.log gdb.mi/gdb.log gdb.modula2/gdb.log gdb.multi/gdb.log gdb.objc/gdb.log gdb.opencl/gdb.log gdb.opt/gdb.log gdb.pascal/gdb.log gdb.python/gdb.log gdb.reverse/gdb.log gdb.server/gdb.log gdb.stabs/gdb.log gdb.threads/gdb.log gdb.trace/gdb.log gdb.xml/gdb.log > gdb.log
make[4]: Entering directory `[...]/tschwinge/Ferry_Tagscherer.build/gdb/testsuite'
Nothing to be done for all...
Making a new config file...
rootme=`pwd`; export rootme; srcdir=../../../Ferry_Tagscherer/gdb/testsuite ; export srcdir ; EXPECT=`if [ -f ${rootme}/../../expect/expect ] ; then echo ${rootme}/../../expect/expect ; else echo expect ; fi` ; export EXPECT ; EXEEXT= ; export EXEEXT ; LD_LIBRARY_PATH=$rootme/../../expect:$rootme/../../libstdc++:$rootme/../../tk/unix:$rootme/../../tcl/unix:$rootme/../../bfd:$rootme/../../opcodes:$LD_LIBRARY_PATH; export LD_LIBRARY_PATH; if [ -f ${rootme}/../../expect/expect ] ; then TCL_LIBRARY=${srcdir}/../../tcl/library ; export TCL_LIBRARY ; fi ; runtest gdb.base/a2-run.exp gdb.base/advance.exp gdb.base/alias.exp gdb.base/all-bin.exp gdb.base/annota1.exp gdb.base/annota3.exp gdb.base/anon.exp gdb.base/args.exp gdb.base/arithmet.exp gdb.base/arrayidx.exp gdb.base/assign.exp gdb.base/async-shell.exp gdb.base/async.exp gdb.base/attach-pie-misread.exp gdb.base/attach-pie-noexec.exp gdb.base/attach-twice.exp gdb.base/attach.exp gdb.base/auxv.exp gdb.base/bang.exp gdb.base/bfp-test.exp gdb.base/bigcore.exp gdb.base/bitfields.exp gdb.base/bitfields2.exp gdb.base/bitops.exp gdb.base/break-always.exp gdb.base/break-caller-line.exp gdb.base/break-entry.exp gdb.base/break-inline.exp gdb.base/break-interp.exp gdb.base/break-on-linker-gcd-function.exp gdb.base/break.exp gdb.base/breakpoint-shadow.exp gdb.base/call-ar-st.exp gdb.base/call-rt-st.exp gdb.base/call-sc.exp gdb.base/call-signal-resume.exp gdb.base/call-strs.exp gdb.base/callexit.exp gdb.base/callfuncs.exp gdb.base/catch-load.exp gdb.base/catch-syscall.exp gdb.base/charset.exp gdb.base/checkpoint.exp gdb.base/chng-syms.exp gdb.base/code-expr.exp gdb.base/code_elim.exp gdb.base/commands.exp gdb.base/completion.exp gdb.base/complex.exp gdb.base/comprdebug.exp gdb.base/cond-eval-mode.exp gdb.base/cond-expr.exp gdb.base/condbreak.exp gdb.base/consecutive.exp gdb.base/constvars.exp gdb.base/corefile.exp gdb.base/ctxobj.exp gdb.base/cursal.exp gdb.base/cvexpr.exp gdb.base/dbx.exp gdb.base/debug-expr.exp gdb.base/default.exp gdb.base/define.exp gdb.base/del.exp gdb.base/detach.exp gdb.base/dfp-exprs.exp gdb.base/dfp-test.exp gdb.base/disabled-location.exp gdb.base/disasm-end-cu.exp gdb.base/disp-step-syscall.exp gdb.base/display.exp gdb.base/dmsym.exp gdb.base/dprintf.exp gdb.base/dump.exp gdb.base/dup-sect.exp gdb.base/duplicate-bp.exp gdb.base/echo.exp gdb.base/empty_exe.exp gdb.base/ena-dis-br.exp gdb.base/ending-run.exp gdb.base/enum_cond.exp gdb.base/enumval.exp gdb.base/environ.exp gdb.base/eu-strip-infcall.exp gdb.base/eval-skip.exp gdb.base/eval.exp gdb.base/exe-lock.exp gdb.base/expand-psymtabs.exp gdb.base/exprs.exp gdb.base/fileio.exp gdb.base/find-unmapped.exp gdb.base/find.exp gdb.base/finish.exp gdb.base/fixsection.exp gdb.base/float.exp gdb.base/foll-exec.exp gdb.base/foll-fork.exp gdb.base/foll-vfork.exp gdb.base/fortran-sym-case.exp gdb.base/frame-args.exp gdb.base/freebpcmd.exp gdb.base/fullname.exp gdb.base/funcargs.exp gdb.base/gcore-buffer-overflow.exp gdb.base/gcore-relro.exp gdb.base/gcore.exp gdb.base/gdb1056.exp gdb.base/gdb1090.exp gdb.base/gdb11530.exp gdb.base/gdb11531.exp gdb.base/gdb1250.exp gdb.base/gdb1555.exp gdb.base/gdb1821.exp gdb.base/gdbindex-stabs.exp gdb.base/gdbvars.exp gdb.base/gnu-debugdata.exp gdb.base/gnu-ifunc.exp gdb.base/gnu_vector.exp gdb.base/hashline1.exp gdb.base/hashline2.exp gdb.base/hashline3.exp gdb.base/hbreak.exp gdb.base/hbreak2.exp gdb.base/help.exp gdb.base/hook-stop-continue.exp gdb.base/hook-stop-frame.exp gdb.base/huge.exp gdb.base/ifelse.exp gdb.base/included.exp gdb.base/inferior-died.exp gdb.base/infnan.exp gdb.base/info-fun.exp gdb.base/info-macros.exp gdb.base/info-os.exp gdb.base/info-proc.exp gdb.base/info-target.exp gdb.base/infoline.exp gdb.base/interact.exp gdb.base/interp.exp gdb.base/interrupt.exp gdb.base/jit-simple.exp gdb.base/jit-so.exp gdb.base/jit.exp gdb.base/jump.exp gdb.base/kill-after-signal.exp gdb.base/label.exp gdb.base/langs.exp gdb.base/ldbl_e308.exp gdb.base/lineinc.exp gdb.base/linespecs.exp gdb.base/list.exp gdb.base/logical.exp gdb.base/long_long.exp gdb.base/longest-types.exp gdb.base/longjmp.exp gdb.base/macscp.exp gdb.base/maint.exp gdb.base/memattr.exp gdb.base/mips_pro.exp gdb.base/miscexprs.exp gdb.base/morestack.exp gdb.base/moribund-step.exp gdb.base/multi-forks.exp --outdir gdb.base1 
Test Run By thomas on Thu Feb  7 23:27:03 2013
Native configuration is i686-pc-linux-gnu

		=== gdb tests ===

Schedule of variations:
    unix

Running target unix
Using /usr/share/dejagnu/baseboards/unix.exp as board description file for target.
Using /usr/share/dejagnu/config/unix.exp as generic interface file for target.
Using ../../../Ferry_Tagscherer/gdb/testsuite/config/unix.exp as tool-and-target-specific interface file.
Running ../../../Ferry_Tagscherer/gdb/testsuite/gdb.base/gcore.exp ...
Running ../../../Ferry_Tagscherer/gdb/testsuite/gdb.base/exe-lock.exp ...
Running ../../../Ferry_Tagscherer/gdb/testsuite/gdb.base/complex.exp ...
Running ../../../Ferry_Tagscherer/gdb/testsuite/gdb.base/gdbvars.exp ...
Running ../../../Ferry_Tagscherer/gdb/testsuite/gdb.base/detach.exp ...
Running ../../../Ferry_Tagscherer/gdb/testsuite/gdb.base/condbreak.exp ...
Running ../../../Ferry_Tagscherer/gdb/testsuite/gdb.base/breakpoint-shadow.exp ...
Running ../../../Ferry_Tagscherer/gdb/testsuite/gdb.base/info-os.exp ...
Running ../../../Ferry_Tagscherer/gdb/testsuite/gdb.base/bigcore.exp ...
Running ../../../Ferry_Tagscherer/gdb/testsuite/gdb.base/jump.exp ...
Running ../../../Ferry_Tagscherer/gdb/testsuite/gdb.base/multi-forks.exp ...
Running ../../../Ferry_Tagscherer/gdb/testsuite/gdb.base/hbreak.exp ...
Running ../../../Ferry_Tagscherer/gdb/testsuite/gdb.base/frame-args.exp ...
Running ../../../Ferry_Tagscherer/gdb/testsuite/gdb.base/dbx.exp ...
Running ../../../Ferry_Tagscherer/gdb/testsuite/gdb.base/jit.exp ...
Running ../../../Ferry_Tagscherer/gdb/testsuite/gdb.base/hbreak2.exp ...
Running ../../../Ferry_Tagscherer/gdb/testsuite/gdb.base/eu-strip-infcall.exp ...
Running ../../../Ferry_Tagscherer/gdb/testsuite/gdb.base/echo.exp ...
Running ../../../Ferry_Tagscherer/gdb/testsuite/gdb.base/dprintf.exp ...
Running ../../../Ferry_Tagscherer/gdb/testsuite/gdb.base/all-bin.exp ...
Running ../../../Ferry_Tagscherer/gdb/testsuite/gdb.base/attach-pie-noexec.exp ...
Running ../../../Ferry_Tagscherer/gdb/testsuite/gdb.base/empty_exe.exp ...
Running ../../../Ferry_Tagscherer/gdb/testsuite/gdb.base/bitfields2.exp ...
Running ../../../Ferry_Tagscherer/gdb/testsuite/gdb.base/moribund-step.exp ...
Running ../../../Ferry_Tagscherer/gdb/testsuite/gdb.base/gdb1821.exp ...
Running ../../../Ferry_Tagscherer/gdb/testsuite/gdb.base/environ.exp ...
Running ../../../Ferry_Tagscherer/gdb/testsuite/gdb.base/disp-step-syscall.exp ...
Running ../../../Ferry_Tagscherer/gdb/testsuite/gdb.base/break-inline.exp ...
Running ../../../Ferry_Tagscherer/gdb/testsuite/gdb.base/interact.exp ...
Running ../../../Ferry_Tagscherer/gdb/testsuite/gdb.base/info-fun.exp ...
Running ../../../Ferry_Tagscherer/gdb/testsuite/gdb.base/infnan.exp ...
Running ../../../Ferry_Tagscherer/gdb/testsuite/gdb.base/advance.exp ...
Running ../../../Ferry_Tagscherer/gdb/testsuite/gdb.base/commands.exp ...
Running ../../../Ferry_Tagscherer/gdb/testsuite/gdb.base/define.exp ...
Running ../../../Ferry_Tagscherer/gdb/testsuite/gdb.base/callfuncs.exp ...
Running ../../../Ferry_Tagscherer/gdb/testsuite/gdb.base/catch-syscall.exp ...
Running ../../../Ferry_Tagscherer/gdb/testsuite/gdb.base/foll-fork.exp ...
Running ../../../Ferry_Tagscherer/gdb/testsuite/gdb.base/auxv.exp ...
Running ../../../Ferry_Tagscherer/gdb/testsuite/gdb.base/interrupt.exp ...
Running ../../../Ferry_Tagscherer/gdb/testsuite/gdb.base/a2-run.exp ...
Running ../../../Ferry_Tagscherer/gdb/testsuite/gdb.base/call-signal-resume.exp ...
Running ../../../Ferry_Tagscherer/gdb/testsuite/gdb.base/hashline2.exp ...
Running ../../../Ferry_Tagscherer/gdb/testsuite/gdb.base/async.exp ...
Running ../../../Ferry_Tagscherer/gdb/testsuite/gdb.base/callexit.exp ...
Running ../../../Ferry_Tagscherer/gdb/testsuite/gdb.base/break-on-linker-gcd-function.exp ...
Running ../../../Ferry_Tagscherer/gdb/testsuite/gdb.base/freebpcmd.exp ...
Running ../../../Ferry_Tagscherer/gdb/testsuite/gdb.base/find-unmapped.exp ...
Running ../../../Ferry_Tagscherer/gdb/testsuite/gdb.base/inferior-died.exp ...
Running ../../../Ferry_Tagscherer/gdb/testsuite/gdb.base/corefile.exp ...
Running ../../../Ferry_Tagscherer/gdb/testsuite/gdb.base/duplicate-bp.exp ...
Running ../../../Ferry_Tagscherer/gdb/testsuite/gdb.base/debug-expr.exp ...
Running ../../../Ferry_Tagscherer/gdb/testsuite/gdb.base/hook-stop-frame.exp ...
Running ../../../Ferry_Tagscherer/gdb/testsuite/gdb.base/info-proc.exp ...
Running ../../../Ferry_Tagscherer/gdb/testsuite/gdb.base/longest-types.exp ...
Running ../../../Ferry_Tagscherer/gdb/testsuite/gdb.base/linespecs.exp ...
Running ../../../Ferry_Tagscherer/gdb/testsuite/gdb.base/kill-after-signal.exp ...
Running ../../../Ferry_Tagscherer/gdb/testsuite/gdb.base/info-macros.exp ...
Running ../../../Ferry_Tagscherer/gdb/testsuite/gdb.base/disabled-location.exp ...
Running ../../../Ferry_Tagscherer/gdb/testsuite/gdb.base/arithmet.exp ...
Running ../../../Ferry_Tagscherer/gdb/testsuite/gdb.base/attach-twice.exp ...
Running ../../../Ferry_Tagscherer/gdb/testsuite/gdb.base/call-sc.exp ...
Running ../../../Ferry_Tagscherer/gdb/testsuite/gdb.base/info-target.exp ...
Running ../../../Ferry_Tagscherer/gdb/testsuite/gdb.base/expand-psymtabs.exp ...
Running ../../../Ferry_Tagscherer/gdb/testsuite/gdb.base/consecutive.exp ...
Running ../../../Ferry_Tagscherer/gdb/testsuite/gdb.base/cond-expr.exp ...
Running ../../../Ferry_Tagscherer/gdb/testsuite/gdb.base/checkpoint.exp ...
Running ../../../Ferry_Tagscherer/gdb/testsuite/gdb.base/help.exp ...
Running ../../../Ferry_Tagscherer/gdb/testsuite/gdb.base/finish.exp ...
Running ../../../Ferry_Tagscherer/gdb/testsuite/gdb.base/code_elim.exp ...
Running ../../../Ferry_Tagscherer/gdb/testsuite/gdb.base/lineinc.exp ...
Running ../../../Ferry_Tagscherer/gdb/testsuite/gdb.base/disasm-end-cu.exp ...
Running ../../../Ferry_Tagscherer/gdb/testsuite/gdb.base/annota1.exp ...
Running ../../../Ferry_Tagscherer/gdb/testsuite/gdb.base/break-caller-line.exp ...
Running ../../../Ferry_Tagscherer/gdb/testsuite/gdb.base/logical.exp ...
Running ../../../Ferry_Tagscherer/gdb/testsuite/gdb.base/async-shell.exp ...
Running ../../../Ferry_Tagscherer/gdb/testsuite/gdb.base/infoline.exp ...
Running ../../../Ferry_Tagscherer/gdb/testsuite/gdb.base/fixsection.exp ...
Running ../../../Ferry_Tagscherer/gdb/testsuite/gdb.base/annota3.exp ...
Running ../../../Ferry_Tagscherer/gdb/testsuite/gdb.base/break-entry.exp ...
Running ../../../Ferry_Tagscherer/gdb/testsuite/gdb.base/break-interp.exp ...
Running ../../../Ferry_Tagscherer/gdb/testsuite/gdb.base/args.exp ...
Running ../../../Ferry_Tagscherer/gdb/testsuite/gdb.base/jit-simple.exp ...
Running ../../../Ferry_Tagscherer/gdb/testsuite/gdb.base/hook-stop-continue.exp ...
Running ../../../Ferry_Tagscherer/gdb/testsuite/gdb.base/display.exp ...
Running ../../../Ferry_Tagscherer/gdb/testsuite/gdb.base/ifelse.exp ...
Running ../../../Ferry_Tagscherer/gdb/testsuite/gdb.base/gdb11531.exp ...
Running ../../../Ferry_Tagscherer/gdb/testsuite/gdb.base/catch-load.exp ...
Running ../../../Ferry_Tagscherer/gdb/testsuite/gdb.base/gdb1056.exp ...
Running ../../../Ferry_Tagscherer/gdb/testsuite/gdb.base/bitops.exp ...
Running ../../../Ferry_Tagscherer/gdb/testsuite/gdb.base/memattr.exp ...
Running ../../../Ferry_Tagscherer/gdb/testsuite/gdb.base/dmsym.exp ...
Running ../../../Ferry_Tagscherer/gdb/testsuite/gdb.base/completion.exp ...
Running ../../../Ferry_Tagscherer/gdb/testsuite/gdb.base/list.exp ...
Running ../../../Ferry_Tagscherer/gdb/testsuite/gdb.base/dup-sect.exp ...
Running ../../../Ferry_Tagscherer/gdb/testsuite/gdb.base/long_long.exp ...
Running ../../../Ferry_Tagscherer/gdb/testsuite/gdb.base/gdbindex-stabs.exp ...
Running ../../../Ferry_Tagscherer/gdb/testsuite/gdb.base/label.exp ...
Running ../../../Ferry_Tagscherer/gdb/testsuite/gdb.base/eval.exp ...
Running ../../../Ferry_Tagscherer/gdb/testsuite/gdb.base/bang.exp ...
Running ../../../Ferry_Tagscherer/gdb/testsuite/gdb.base/morestack.exp ...
Running ../../../Ferry_Tagscherer/gdb/testsuite/gdb.base/mips_pro.exp ...
Running ../../../Ferry_Tagscherer/gdb/testsuite/gdb.base/dfp-exprs.exp ...
Running ../../../Ferry_Tagscherer/gdb/testsuite/gdb.base/interp.exp ...
Running ../../../Ferry_Tagscherer/gdb/testsuite/gdb.base/exprs.exp ...
Running ../../../Ferry_Tagscherer/gdb/testsuite/gdb.base/ena-dis-br.exp ...
Running ../../../Ferry_Tagscherer/gdb/testsuite/gdb.base/alias.exp ...
Running ../../../Ferry_Tagscherer/gdb/testsuite/gdb.base/attach-pie-misread.exp ...
Running ../../../Ferry_Tagscherer/gdb/testsuite/gdb.base/gnu-ifunc.exp ...
FAIL: gdb.base/gnu-ifunc.exp: step
Running ../../../Ferry_Tagscherer/gdb/testsuite/gdb.base/ldbl_e308.exp ...
Running ../../../Ferry_Tagscherer/gdb/testsuite/gdb.base/langs.exp ...
Running ../../../Ferry_Tagscherer/gdb/testsuite/gdb.base/hashline1.exp ...
Running ../../../Ferry_Tagscherer/gdb/testsuite/gdb.base/default.exp ...
FAIL: gdb.base/default.exp: cd
Running ../../../Ferry_Tagscherer/gdb/testsuite/gdb.base/assign.exp ...
Running ../../../Ferry_Tagscherer/gdb/testsuite/gdb.base/call-strs.exp ...
Running ../../../Ferry_Tagscherer/gdb/testsuite/gdb.base/dump.exp ...
Running ../../../Ferry_Tagscherer/gdb/testsuite/gdb.base/hashline3.exp ...
Running ../../../Ferry_Tagscherer/gdb/testsuite/gdb.base/foll-exec.exp ...
Running ../../../Ferry_Tagscherer/gdb/testsuite/gdb.base/ending-run.exp ...
Running ../../../Ferry_Tagscherer/gdb/testsuite/gdb.base/dfp-test.exp ...
Running ../../../Ferry_Tagscherer/gdb/testsuite/gdb.base/gcore-buffer-overflow.exp ...
Running ../../../Ferry_Tagscherer/gdb/testsuite/gdb.base/fileio.exp ...
Running ../../../Ferry_Tagscherer/gdb/testsuite/gdb.base/enumval.exp ...
Running ../../../Ferry_Tagscherer/gdb/testsuite/gdb.base/enum_cond.exp ...
Running ../../../Ferry_Tagscherer/gdb/testsuite/gdb.base/huge.exp ...
Running ../../../Ferry_Tagscherer/gdb/testsuite/gdb.base/gcore-relro.exp ...
Running ../../../Ferry_Tagscherer/gdb/testsuite/gdb.base/find.exp ...
Running ../../../Ferry_Tagscherer/gdb/testsuite/gdb.base/ctxobj.exp ...
Running ../../../Ferry_Tagscherer/gdb/testsuite/gdb.base/cond-eval-mode.exp ...
Running ../../../Ferry_Tagscherer/gdb/testsuite/gdb.base/eval-skip.exp ...
Running ../../../Ferry_Tagscherer/gdb/testsuite/gdb.base/arrayidx.exp ...
Running ../../../Ferry_Tagscherer/gdb/testsuite/gdb.base/gdb1555.exp ...
Running ../../../Ferry_Tagscherer/gdb/testsuite/gdb.base/del.exp ...
Running ../../../Ferry_Tagscherer/gdb/testsuite/gdb.base/attach.exp ...
Running ../../../Ferry_Tagscherer/gdb/testsuite/gdb.base/break.exp ...
Running ../../../Ferry_Tagscherer/gdb/testsuite/gdb.base/miscexprs.exp ...
Running ../../../Ferry_Tagscherer/gdb/testsuite/gdb.base/float.exp ...
Running ../../../Ferry_Tagscherer/gdb/testsuite/gdb.base/longjmp.exp ...
FAIL: gdb.base/longjmp.exp: next over longjmp(1)
FAIL: gdb.base/longjmp.exp: next over call_longjmp (2)
FAIL: gdb.base/longjmp.exp: next over patt3
Running ../../../Ferry_Tagscherer/gdb/testsuite/gdb.base/code-expr.exp ...
Running ../../../Ferry_Tagscherer/gdb/testsuite/gdb.base/included.exp ...
Running ../../../Ferry_Tagscherer/gdb/testsuite/gdb.base/gnu-debugdata.exp ...
Running ../../../Ferry_Tagscherer/gdb/testsuite/gdb.base/cvexpr.exp ...
Running ../../../Ferry_Tagscherer/gdb/testsuite/gdb.base/comprdebug.exp ...
Running ../../../Ferry_Tagscherer/gdb/testsuite/gdb.base/call-ar-st.exp ...
Running ../../../Ferry_Tagscherer/gdb/testsuite/gdb.base/maint.exp ...
Running ../../../Ferry_Tagscherer/gdb/testsuite/gdb.base/funcargs.exp ...
Running ../../../Ferry_Tagscherer/gdb/testsuite/gdb.base/chng-syms.exp ...
Running ../../../Ferry_Tagscherer/gdb/testsuite/gdb.base/foll-vfork.exp ...
Running ../../../Ferry_Tagscherer/gdb/testsuite/gdb.base/cursal.exp ...
Running ../../../Ferry_Tagscherer/gdb/testsuite/gdb.base/charset.exp ...
Running ../../../Ferry_Tagscherer/gdb/testsuite/gdb.base/fortran-sym-case.exp ...
Running ../../../Ferry_Tagscherer/gdb/testsuite/gdb.base/constvars.exp ...
Running ../../../Ferry_Tagscherer/gdb/testsuite/gdb.base/break-always.exp ...
Running ../../../Ferry_Tagscherer/gdb/testsuite/gdb.base/call-rt-st.exp ...
Running ../../../Ferry_Tagscherer/gdb/testsuite/gdb.base/gnu_vector.exp ...
Running ../../../Ferry_Tagscherer/gdb/testsuite/gdb.base/fullname.exp ...
Running ../../../Ferry_Tagscherer/gdb/testsuite/gdb.base/anon.exp ...
Running ../../../Ferry_Tagscherer/gdb/testsuite/gdb.base/gdb1250.exp ...
Running ../../../Ferry_Tagscherer/gdb/testsuite/gdb.base/bfp-test.exp ...
Running ../../../Ferry_Tagscherer/gdb/testsuite/gdb.base/jit-so.exp ...
Running ../../../Ferry_Tagscherer/gdb/testsuite/gdb.base/bitfields.exp ...
Running ../../../Ferry_Tagscherer/gdb/testsuite/gdb.base/macscp.exp ...
Running ../../../Ferry_Tagscherer/gdb/testsuite/gdb.base/gdb11530.exp ...
Running ../../../Ferry_Tagscherer/gdb/testsuite/gdb.base/gdb1090.exp ...

		=== gdb Summary ===

# of expected passes		5921
# of unexpected failures	5
# of expected failures		26
# of known failures		21
# of untested testcases		1
# of unsupported tests		2
[...]/tschwinge/Ferry_Tagscherer.build/gdb/testsuite/../../gdb/gdb version  7.5.50.20121210-cvs -nw -nx -data-directory [...]/tschwinge/Ferry_Tagscherer.build/gdb/testsuite/../data-directory 

make[4]: *** [check-gdb.base1] Error 1
rootme=`pwd`; export rootme; srcdir=../../../Ferry_Tagscherer/gdb/testsuite ; export srcdir ; EXPECT=`if [ -f ${rootme}/../../expect/expect ] ; then echo ${rootme}/../../expect/expect ; else echo expect ; fi` ; export EXPECT ; EXEEXT= ; export EXEEXT ; LD_LIBRARY_PATH=$rootme/../../expect:$rootme/../../libstdc++:$rootme/../../tk/unix:$rootme/../../tcl/unix:$rootme/../../bfd:$rootme/../../opcodes:$LD_LIBRARY_PATH; export LD_LIBRARY_PATH; if [ -f ${rootme}/../../expect/expect ] ; then TCL_LIBRARY=${srcdir}/../../tcl/library ; export TCL_LIBRARY ; fi ; runtest gdb.base/nextoverexit.exp gdb.base/nodebug.exp gdb.base/nofield.exp gdb.base/nostdlib.exp gdb.base/opaque.exp gdb.base/overlays.exp gdb.base/page.exp gdb.base/pc-fp.exp gdb.base/pending.exp gdb.base/permissions.exp gdb.base/pie-execl.exp gdb.base/pointers.exp gdb.base/pr10179.exp gdb.base/pr11022.exp gdb.base/prelink.exp gdb.base/print-file-var.exp gdb.base/printcmds.exp gdb.base/prologue.exp gdb.base/psymtab.exp gdb.base/ptr-typedef.exp gdb.base/ptype.exp gdb.base/radix.exp gdb.base/randomize.exp gdb.base/readline-ask.exp gdb.base/readline.exp gdb.base/recpar.exp gdb.base/recurse.exp gdb.base/relational.exp gdb.base/relativedebug.exp gdb.base/relocate.exp gdb.base/remote.exp gdb.base/remotetimeout.exp gdb.base/reread.exp gdb.base/restore.exp gdb.base/return-nodebug.exp gdb.base/return.exp gdb.base/return2.exp gdb.base/save-bp.exp gdb.base/savedregs.exp gdb.base/scope.exp gdb.base/sect-cmd.exp gdb.base/sep.exp gdb.base/sepdebug.exp gdb.base/sepsymtab.exp gdb.base/set-lang-auto.exp gdb.base/set-noassign.exp gdb.base/setshow.exp gdb.base/setvar.exp gdb.base/shell.exp gdb.base/shlib-call.exp gdb.base/shreloc.exp gdb.base/sigall.exp gdb.base/sigaltstack.exp gdb.base/sigbpt.exp gdb.base/sigchld.exp gdb.base/siginfo-addr.exp gdb.base/siginfo-infcall.exp gdb.base/siginfo-obj.exp gdb.base/siginfo-thread.exp gdb.base/siginfo.exp gdb.base/signals.exp gdb.base/signest.exp gdb.base/signull.exp gdb.base/sigrepeat.exp gdb.base/sigstep.exp gdb.base/sizeof.exp gdb.base/skip-solib.exp gdb.base/skip.exp gdb.base/so-impl-ld.exp gdb.base/so-indr-cl.exp gdb.base/solib-corrupted.exp gdb.base/solib-disc.exp gdb.base/solib-display.exp gdb.base/solib-nodir.exp gdb.base/solib-overlap.exp gdb.base/solib-symbol.exp gdb.base/solib-weak.exp gdb.base/solib.exp gdb.base/source.exp gdb.base/stack-checking.exp gdb.base/stale-infcall.exp gdb.base/stap-probe.exp gdb.base/start.exp gdb.base/step-break.exp gdb.base/step-bt.exp gdb.base/step-line.exp gdb.base/step-resume-infcall.exp gdb.base/step-symless.exp gdb.base/step-test.exp gdb.base/store.exp gdb.base/structs.exp gdb.base/structs2.exp gdb.base/structs3.exp gdb.base/subst.exp gdb.base/symbol-without-target_section.exp gdb.base/term.exp gdb.base/testenv.exp gdb.base/trace-commands.exp gdb.base/tui-layout.exp gdb.base/twice.exp gdb.base/type-opaque.exp gdb.base/ui-redirect.exp gdb.base/unload.exp gdb.base/until.exp gdb.base/unwindonsignal.exp gdb.base/valgrind-db-attach.exp gdb.base/valgrind-infcall.exp gdb.base/value-double-free.exp gdb.base/varargs.exp gdb.base/volatile.exp gdb.base/watch-cond-infcall.exp gdb.base/watch-cond.exp gdb.base/watch-non-mem.exp gdb.base/watch-read.exp gdb.base/watch-vfork.exp gdb.base/watch_thread_num.exp gdb.base/watchpoint-cond-gone.exp gdb.base/watchpoint-delete.exp gdb.base/watchpoint-hw-hit-once.exp gdb.base/watchpoint-hw.exp gdb.base/watchpoint-solib.exp gdb.base/watchpoint.exp gdb.base/watchpoints.exp gdb.base/wchar.exp gdb.base/whatis-exp.exp gdb.base/whatis.exp --outdir gdb.base2 
Test Run By thomas on Thu Feb  7 23:31:19 2013
Native configuration is i686-pc-linux-gnu

		=== gdb tests ===

Schedule of variations:
    unix

Running target unix
Using /usr/share/dejagnu/baseboards/unix.exp as board description file for target.
Using /usr/share/dejagnu/config/unix.exp as generic interface file for target.
Using ../../../Ferry_Tagscherer/gdb/testsuite/config/unix.exp as tool-and-target-specific interface file.
Running ../../../Ferry_Tagscherer/gdb/testsuite/gdb.base/watchpoint-cond-gone.exp ...
Running ../../../Ferry_Tagscherer/gdb/testsuite/gdb.base/watch-read.exp ...
Running ../../../Ferry_Tagscherer/gdb/testsuite/gdb.base/radix.exp ...
Running ../../../Ferry_Tagscherer/gdb/testsuite/gdb.base/return.exp ...
Running ../../../Ferry_Tagscherer/gdb/testsuite/gdb.base/watchpoint.exp ...
Running ../../../Ferry_Tagscherer/gdb/testsuite/gdb.base/signals.exp ...
Running ../../../Ferry_Tagscherer/gdb/testsuite/gdb.base/randomize.exp ...
Running ../../../Ferry_Tagscherer/gdb/testsuite/gdb.base/return-nodebug.exp ...
Running ../../../Ferry_Tagscherer/gdb/testsuite/gdb.base/set-lang-auto.exp ...
Running ../../../Ferry_Tagscherer/gdb/testsuite/gdb.base/structs2.exp ...
Running ../../../Ferry_Tagscherer/gdb/testsuite/gdb.base/opaque.exp ...
Running ../../../Ferry_Tagscherer/gdb/testsuite/gdb.base/watchpoints.exp ...
Running ../../../Ferry_Tagscherer/gdb/testsuite/gdb.base/printcmds.exp ...
Running ../../../Ferry_Tagscherer/gdb/testsuite/gdb.base/restore.exp ...
Running ../../../Ferry_Tagscherer/gdb/testsuite/gdb.base/savedregs.exp ...
Running ../../../Ferry_Tagscherer/gdb/testsuite/gdb.base/ui-redirect.exp ...
Running ../../../Ferry_Tagscherer/gdb/testsuite/gdb.base/tui-layout.exp ...
Running ../../../Ferry_Tagscherer/gdb/testsuite/gdb.base/signest.exp ...
Running ../../../Ferry_Tagscherer/gdb/testsuite/gdb.base/pending.exp ...
Running ../../../Ferry_Tagscherer/gdb/testsuite/gdb.base/nextoverexit.exp ...
Running ../../../Ferry_Tagscherer/gdb/testsuite/gdb.base/prologue.exp ...
Running ../../../Ferry_Tagscherer/gdb/testsuite/gdb.base/setvar.exp ...
Running ../../../Ferry_Tagscherer/gdb/testsuite/gdb.base/varargs.exp ...
Running ../../../Ferry_Tagscherer/gdb/testsuite/gdb.base/trace-commands.exp ...
Running ../../../Ferry_Tagscherer/gdb/testsuite/gdb.base/so-impl-ld.exp ...
Running ../../../Ferry_Tagscherer/gdb/testsuite/gdb.base/siginfo-obj.exp ...
Running ../../../Ferry_Tagscherer/gdb/testsuite/gdb.base/relocate.exp ...
Running ../../../Ferry_Tagscherer/gdb/testsuite/gdb.base/sepdebug.exp ...
Running ../../../Ferry_Tagscherer/gdb/testsuite/gdb.base/shreloc.exp ...
Running ../../../Ferry_Tagscherer/gdb/testsuite/gdb.base/pr11022.exp ...
Running ../../../Ferry_Tagscherer/gdb/testsuite/gdb.base/testenv.exp ...
Running ../../../Ferry_Tagscherer/gdb/testsuite/gdb.base/sigaltstack.exp ...
Running ../../../Ferry_Tagscherer/gdb/testsuite/gdb.base/relational.exp ...
Running ../../../Ferry_Tagscherer/gdb/testsuite/gdb.base/set-noassign.exp ...
Running ../../../Ferry_Tagscherer/gdb/testsuite/gdb.base/recpar.exp ...
Running ../../../Ferry_Tagscherer/gdb/testsuite/gdb.base/volatile.exp ...
Running ../../../Ferry_Tagscherer/gdb/testsuite/gdb.base/sizeof.exp ...
Running ../../../Ferry_Tagscherer/gdb/testsuite/gdb.base/watchpoint-hw-hit-once.exp ...
Running ../../../Ferry_Tagscherer/gdb/testsuite/gdb.base/solib.exp ...
Running ../../../Ferry_Tagscherer/gdb/testsuite/gdb.base/solib-nodir.exp ...
Running ../../../Ferry_Tagscherer/gdb/testsuite/gdb.base/valgrind-db-attach.exp ...
Running ../../../Ferry_Tagscherer/gdb/testsuite/gdb.base/store.exp ...
Running ../../../Ferry_Tagscherer/gdb/testsuite/gdb.base/skip-solib.exp ...
Running ../../../Ferry_Tagscherer/gdb/testsuite/gdb.base/start.exp ...
Running ../../../Ferry_Tagscherer/gdb/testsuite/gdb.base/solib-weak.exp ...
Running ../../../Ferry_Tagscherer/gdb/testsuite/gdb.base/save-bp.exp ...
Running ../../../Ferry_Tagscherer/gdb/testsuite/gdb.base/term.exp ...
Running ../../../Ferry_Tagscherer/gdb/testsuite/gdb.base/step-resume-infcall.exp ...
Running ../../../Ferry_Tagscherer/gdb/testsuite/gdb.base/print-file-var.exp ...
Running ../../../Ferry_Tagscherer/gdb/testsuite/gdb.base/readline-ask.exp ...
Running ../../../Ferry_Tagscherer/gdb/testsuite/gdb.base/sep.exp ...
Running ../../../Ferry_Tagscherer/gdb/testsuite/gdb.base/nofield.exp ...
Running ../../../Ferry_Tagscherer/gdb/testsuite/gdb.base/whatis-exp.exp ...
Running ../../../Ferry_Tagscherer/gdb/testsuite/gdb.base/return2.exp ...
Running ../../../Ferry_Tagscherer/gdb/testsuite/gdb.base/shlib-call.exp ...
Running ../../../Ferry_Tagscherer/gdb/testsuite/gdb.base/watch-vfork.exp ...
Running ../../../Ferry_Tagscherer/gdb/testsuite/gdb.base/solib-symbol.exp ...
Running ../../../Ferry_Tagscherer/gdb/testsuite/gdb.base/sigall.exp ...
Running ../../../Ferry_Tagscherer/gdb/testsuite/gdb.base/pie-execl.exp ...
Running ../../../Ferry_Tagscherer/gdb/testsuite/gdb.base/valgrind-infcall.exp ...
FAIL: gdb.base/valgrind-infcall.exp: target remote for vgdb
Running ../../../Ferry_Tagscherer/gdb/testsuite/gdb.base/siginfo-infcall.exp ...
Running ../../../Ferry_Tagscherer/gdb/testsuite/gdb.base/setshow.exp ...
Running ../../../Ferry_Tagscherer/gdb/testsuite/gdb.base/watch-cond-infcall.exp ...
Running ../../../Ferry_Tagscherer/gdb/testsuite/gdb.base/unwindonsignal.exp ...
Running ../../../Ferry_Tagscherer/gdb/testsuite/gdb.base/step-symless.exp ...
Running ../../../Ferry_Tagscherer/gdb/testsuite/gdb.base/structs3.exp ...
Running ../../../Ferry_Tagscherer/gdb/testsuite/gdb.base/siginfo-thread.exp ...
Running ../../../Ferry_Tagscherer/gdb/testsuite/gdb.base/page.exp ...
Running ../../../Ferry_Tagscherer/gdb/testsuite/gdb.base/pc-fp.exp ...
Running ../../../Ferry_Tagscherer/gdb/testsuite/gdb.base/step-bt.exp ...
Running ../../../Ferry_Tagscherer/gdb/testsuite/gdb.base/stale-infcall.exp ...
Running ../../../Ferry_Tagscherer/gdb/testsuite/gdb.base/solib-overlap.exp ...
sh: prelink: command not found
Running ../../../Ferry_Tagscherer/gdb/testsuite/gdb.base/siginfo.exp ...
Running ../../../Ferry_Tagscherer/gdb/testsuite/gdb.base/siginfo-addr.exp ...
Running ../../../Ferry_Tagscherer/gdb/testsuite/gdb.base/watch-cond.exp ...
Running ../../../Ferry_Tagscherer/gdb/testsuite/gdb.base/structs.exp ...
Running ../../../Ferry_Tagscherer/gdb/testsuite/gdb.base/subst.exp ...
Running ../../../Ferry_Tagscherer/gdb/testsuite/gdb.base/step-test.exp ...
Running ../../../Ferry_Tagscherer/gdb/testsuite/gdb.base/step-line.exp ...
Running ../../../Ferry_Tagscherer/gdb/testsuite/gdb.base/source.exp ...
Running ../../../Ferry_Tagscherer/gdb/testsuite/gdb.base/recurse.exp ...
Running ../../../Ferry_Tagscherer/gdb/testsuite/gdb.base/type-opaque.exp ...
Running ../../../Ferry_Tagscherer/gdb/testsuite/gdb.base/ptype.exp ...
Running ../../../Ferry_Tagscherer/gdb/testsuite/gdb.base/relativedebug.exp ...
Running ../../../Ferry_Tagscherer/gdb/testsuite/gdb.base/remotetimeout.exp ...
Running ../../../Ferry_Tagscherer/gdb/testsuite/gdb.base/until.exp ...
Running ../../../Ferry_Tagscherer/gdb/testsuite/gdb.base/pointers.exp ...
Running ../../../Ferry_Tagscherer/gdb/testsuite/gdb.base/ptr-typedef.exp ...
Running ../../../Ferry_Tagscherer/gdb/testsuite/gdb.base/readline.exp ...
Running ../../../Ferry_Tagscherer/gdb/testsuite/gdb.base/wchar.exp ...
Running ../../../Ferry_Tagscherer/gdb/testsuite/gdb.base/watchpoint-hw.exp ...
Running ../../../Ferry_Tagscherer/gdb/testsuite/gdb.base/signull.exp ...
Running ../../../Ferry_Tagscherer/gdb/testsuite/gdb.base/so-indr-cl.exp ...
Running ../../../Ferry_Tagscherer/gdb/testsuite/gdb.base/shell.exp ...
Running ../../../Ferry_Tagscherer/gdb/testsuite/gdb.base/psymtab.exp ...
Running ../../../Ferry_Tagscherer/gdb/testsuite/gdb.base/sect-cmd.exp ...
Running ../../../Ferry_Tagscherer/gdb/testsuite/gdb.base/sepsymtab.exp ...
Running ../../../Ferry_Tagscherer/gdb/testsuite/gdb.base/watchpoint-delete.exp ...
Running ../../../Ferry_Tagscherer/gdb/testsuite/gdb.base/watch-non-mem.exp ...
Running ../../../Ferry_Tagscherer/gdb/testsuite/gdb.base/unload.exp ...
Running ../../../Ferry_Tagscherer/gdb/testsuite/gdb.base/twice.exp ...
Running ../../../Ferry_Tagscherer/gdb/testsuite/gdb.base/permissions.exp ...
Running ../../../Ferry_Tagscherer/gdb/testsuite/gdb.base/nodebug.exp ...
Running ../../../Ferry_Tagscherer/gdb/testsuite/gdb.base/pr10179.exp ...
Running ../../../Ferry_Tagscherer/gdb/testsuite/gdb.base/remote.exp ...
Running ../../../Ferry_Tagscherer/gdb/testsuite/gdb.base/stap-probe.exp ...
gdb compile failed, ../../../Ferry_Tagscherer/gdb/testsuite/gdb.base/stap-probe.c:39:21: fatal error: sys/sdt.h: No such file or directory
compilation terminated.
Running ../../../Ferry_Tagscherer/gdb/testsuite/gdb.base/sigchld.exp ...
Running ../../../Ferry_Tagscherer/gdb/testsuite/gdb.base/skip.exp ...
Running ../../../Ferry_Tagscherer/gdb/testsuite/gdb.base/whatis.exp ...
Running ../../../Ferry_Tagscherer/gdb/testsuite/gdb.base/solib-disc.exp ...
Running ../../../Ferry_Tagscherer/gdb/testsuite/gdb.base/sigbpt.exp ...
Running ../../../Ferry_Tagscherer/gdb/testsuite/gdb.base/scope.exp ...
Running ../../../Ferry_Tagscherer/gdb/testsuite/gdb.base/reread.exp ...
Running ../../../Ferry_Tagscherer/gdb/testsuite/gdb.base/value-double-free.exp ...
Running ../../../Ferry_Tagscherer/gdb/testsuite/gdb.base/solib-display.exp ...
Running ../../../Ferry_Tagscherer/gdb/testsuite/gdb.base/sigrepeat.exp ...
Running ../../../Ferry_Tagscherer/gdb/testsuite/gdb.base/watch_thread_num.exp ...
Running ../../../Ferry_Tagscherer/gdb/testsuite/gdb.base/overlays.exp ...
Running ../../../Ferry_Tagscherer/gdb/testsuite/gdb.base/prelink.exp ...
Running ../../../Ferry_Tagscherer/gdb/testsuite/gdb.base/step-break.exp ...
Running ../../../Ferry_Tagscherer/gdb/testsuite/gdb.base/solib-corrupted.exp ...
Running ../../../Ferry_Tagscherer/gdb/testsuite/gdb.base/watchpoint-solib.exp ...
Running ../../../Ferry_Tagscherer/gdb/testsuite/gdb.base/symbol-without-target_section.exp ...
Running ../../../Ferry_Tagscherer/gdb/testsuite/gdb.base/stack-checking.exp ...
Running ../../../Ferry_Tagscherer/gdb/testsuite/gdb.base/sigstep.exp ...
Running ../../../Ferry_Tagscherer/gdb/testsuite/gdb.base/nostdlib.exp ...

		=== gdb Summary ===

# of expected passes		4534
# of unexpected failures	1
# of expected failures		3
# of known failures		7
# of untested testcases		5
[...]/tschwinge/Ferry_Tagscherer.build/gdb/testsuite/../../gdb/gdb version  7.5.50.20121210-cvs -nw -nx -data-directory [...]/tschwinge/Ferry_Tagscherer.build/gdb/testsuite/../data-directory 

make[4]: *** [check-gdb.base2] Error 1
rootme=`pwd`; export rootme; srcdir=../../../Ferry_Tagscherer/gdb/testsuite ; export srcdir ; EXPECT=`if [ -f ${rootme}/../../expect/expect ] ; then echo ${rootme}/../../expect/expect ; else echo expect ; fi` ; export EXPECT ; EXEEXT= ; export EXEEXT ; LD_LIBRARY_PATH=$rootme/../../expect:$rootme/../../libstdc++:$rootme/../../tk/unix:$rootme/../../tcl/unix:$rootme/../../bfd:$rootme/../../opcodes:$LD_LIBRARY_PATH; export LD_LIBRARY_PATH; if [ -f ${rootme}/../../expect/expect ] ; then TCL_LIBRARY=${srcdir}/../../tcl/library ; export TCL_LIBRARY ; fi ; runtest --directory=gdb.ada --outdir=gdb.ada 
Test Run By thomas on Thu Feb  7 23:33:10 2013
Native configuration is i686-pc-linux-gnu

		=== gdb tests ===

Schedule of variations:
    unix

Running target unix
Using /usr/share/dejagnu/baseboards/unix.exp as board description file for target.
Using /usr/share/dejagnu/config/unix.exp as generic interface file for target.
Using ../../../Ferry_Tagscherer/gdb/testsuite/config/unix.exp as tool-and-target-specific interface file.
Running ../../../Ferry_Tagscherer/gdb/testsuite/gdb.ada/aliased_array.exp ...
FAIL: gdb.ada/aliased_array.exp: print bt
Running ../../../Ferry_Tagscherer/gdb/testsuite/gdb.ada/array_bounds.exp ...
FAIL: gdb.ada/array_bounds.exp: print table'first
FAIL: gdb.ada/array_bounds.exp: print table'last
Running ../../../Ferry_Tagscherer/gdb/testsuite/gdb.ada/array_return.exp ...
Running ../../../Ferry_Tagscherer/gdb/testsuite/gdb.ada/array_subscript_addr.exp ...
Running ../../../Ferry_Tagscherer/gdb/testsuite/gdb.ada/arrayidx.exp ...
FAIL: gdb.ada/arrayidx.exp: print e_one_two_three, indexes off
FAIL: gdb.ada/arrayidx.exp: print r_two_three, indexes off
FAIL: gdb.ada/arrayidx.exp: print p_one_two_three, indexes off
FAIL: gdb.ada/arrayidx.exp: print e_one_two_three
FAIL: gdb.ada/arrayidx.exp: print r_two_three
FAIL: gdb.ada/arrayidx.exp: print p_one_two_three
Running ../../../Ferry_Tagscherer/gdb/testsuite/gdb.ada/arrayparam.exp ...
Running ../../../Ferry_Tagscherer/gdb/testsuite/gdb.ada/arrayptr.exp ...
Running ../../../Ferry_Tagscherer/gdb/testsuite/gdb.ada/assign_1.exp ...
Running ../../../Ferry_Tagscherer/gdb/testsuite/gdb.ada/atomic_enum.exp ...
Running ../../../Ferry_Tagscherer/gdb/testsuite/gdb.ada/bad-task-bp-keyword.exp ...
Running ../../../Ferry_Tagscherer/gdb/testsuite/gdb.ada/boolean_expr.exp ...
Running ../../../Ferry_Tagscherer/gdb/testsuite/gdb.ada/bp_enum_homonym.exp ...
Running ../../../Ferry_Tagscherer/gdb/testsuite/gdb.ada/bp_on_var.exp ...
Running ../../../Ferry_Tagscherer/gdb/testsuite/gdb.ada/bp_range_type.exp ...
Running ../../../Ferry_Tagscherer/gdb/testsuite/gdb.ada/bp_reset.exp ...
Running ../../../Ferry_Tagscherer/gdb/testsuite/gdb.ada/call_pn.exp ...
Running ../../../Ferry_Tagscherer/gdb/testsuite/gdb.ada/catch_ex.exp ...
Running ../../../Ferry_Tagscherer/gdb/testsuite/gdb.ada/char_enum.exp ...
Running ../../../Ferry_Tagscherer/gdb/testsuite/gdb.ada/char_param.exp ...
Running ../../../Ferry_Tagscherer/gdb/testsuite/gdb.ada/complete.exp ...
Running ../../../Ferry_Tagscherer/gdb/testsuite/gdb.ada/cond_lang.exp ...
Running ../../../Ferry_Tagscherer/gdb/testsuite/gdb.ada/dyn_loc.exp ...
FAIL: gdb.ada/dyn_loc.exp: info locals
Running ../../../Ferry_Tagscherer/gdb/testsuite/gdb.ada/enum_idx_packed.exp ...
Running ../../../Ferry_Tagscherer/gdb/testsuite/gdb.ada/exec_changed.exp ...
Running ../../../Ferry_Tagscherer/gdb/testsuite/gdb.ada/exprs.exp ...
Running ../../../Ferry_Tagscherer/gdb/testsuite/gdb.ada/fixed_cmp.exp ...
Running ../../../Ferry_Tagscherer/gdb/testsuite/gdb.ada/fixed_points.exp ...
Running ../../../Ferry_Tagscherer/gdb/testsuite/gdb.ada/formatted_ref.exp ...
Running ../../../Ferry_Tagscherer/gdb/testsuite/gdb.ada/frame_args.exp ...
Running ../../../Ferry_Tagscherer/gdb/testsuite/gdb.ada/fullname_bp.exp ...
Running ../../../Ferry_Tagscherer/gdb/testsuite/gdb.ada/fun_addr.exp ...
Running ../../../Ferry_Tagscherer/gdb/testsuite/gdb.ada/fun_in_declare.exp ...
Running ../../../Ferry_Tagscherer/gdb/testsuite/gdb.ada/funcall_param.exp ...
Running ../../../Ferry_Tagscherer/gdb/testsuite/gdb.ada/homonym.exp ...
Running ../../../Ferry_Tagscherer/gdb/testsuite/gdb.ada/info_locals_renaming.exp ...
Running ../../../Ferry_Tagscherer/gdb/testsuite/gdb.ada/info_types.exp ...
Running ../../../Ferry_Tagscherer/gdb/testsuite/gdb.ada/int_deref.exp ...
Running ../../../Ferry_Tagscherer/gdb/testsuite/gdb.ada/interface.exp ...
Running ../../../Ferry_Tagscherer/gdb/testsuite/gdb.ada/iwide.exp ...
FAIL: gdb.ada/iwide.exp: print My_Drawable
Running ../../../Ferry_Tagscherer/gdb/testsuite/gdb.ada/lang_switch.exp ...
Running ../../../Ferry_Tagscherer/gdb/testsuite/gdb.ada/mi_catch_ex.exp ...
Running ../../../Ferry_Tagscherer/gdb/testsuite/gdb.ada/mi_task_arg.exp ...
Running ../../../Ferry_Tagscherer/gdb/testsuite/gdb.ada/mi_task_info.exp ...
Running ../../../Ferry_Tagscherer/gdb/testsuite/gdb.ada/mod_from_name.exp ...
Running ../../../Ferry_Tagscherer/gdb/testsuite/gdb.ada/nested.exp ...
Running ../../../Ferry_Tagscherer/gdb/testsuite/gdb.ada/null_array.exp ...
FAIL: gdb.ada/null_array.exp: print my_table
FAIL: gdb.ada/null_array.exp: ptype my_table
Running ../../../Ferry_Tagscherer/gdb/testsuite/gdb.ada/null_record.exp ...
Running ../../../Ferry_Tagscherer/gdb/testsuite/gdb.ada/operator_bp.exp ...
Running ../../../Ferry_Tagscherer/gdb/testsuite/gdb.ada/optim_drec.exp ...
Running ../../../Ferry_Tagscherer/gdb/testsuite/gdb.ada/packed_array.exp ...
Running ../../../Ferry_Tagscherer/gdb/testsuite/gdb.ada/packed_tagged.exp ...
FAIL: gdb.ada/packed_tagged.exp: print x
Running ../../../Ferry_Tagscherer/gdb/testsuite/gdb.ada/print_chars.exp ...
Running ../../../Ferry_Tagscherer/gdb/testsuite/gdb.ada/print_pc.exp ...
Running ../../../Ferry_Tagscherer/gdb/testsuite/gdb.ada/ptr_typedef.exp ...
Running ../../../Ferry_Tagscherer/gdb/testsuite/gdb.ada/ptype_arith_binop.exp ...
Running ../../../Ferry_Tagscherer/gdb/testsuite/gdb.ada/ptype_field.exp ...
Running ../../../Ferry_Tagscherer/gdb/testsuite/gdb.ada/ptype_tagged_param.exp ...
Running ../../../Ferry_Tagscherer/gdb/testsuite/gdb.ada/rdv_wait.exp ...
Running ../../../Ferry_Tagscherer/gdb/testsuite/gdb.ada/rec_return.exp ...
Running ../../../Ferry_Tagscherer/gdb/testsuite/gdb.ada/ref_param.exp ...
Running ../../../Ferry_Tagscherer/gdb/testsuite/gdb.ada/ref_tick_size.exp ...
Running ../../../Ferry_Tagscherer/gdb/testsuite/gdb.ada/same_enum.exp ...
Running ../../../Ferry_Tagscherer/gdb/testsuite/gdb.ada/set_pckd_arr_elt.exp ...
Running ../../../Ferry_Tagscherer/gdb/testsuite/gdb.ada/set_wstr.exp ...
Running ../../../Ferry_Tagscherer/gdb/testsuite/gdb.ada/small_reg_param.exp ...
Running ../../../Ferry_Tagscherer/gdb/testsuite/gdb.ada/start.exp ...
Running ../../../Ferry_Tagscherer/gdb/testsuite/gdb.ada/str_ref_cmp.exp ...
Running ../../../Ferry_Tagscherer/gdb/testsuite/gdb.ada/sym_print_name.exp ...
Running ../../../Ferry_Tagscherer/gdb/testsuite/gdb.ada/taft_type.exp ...
Running ../../../Ferry_Tagscherer/gdb/testsuite/gdb.ada/tagged.exp ...
Running ../../../Ferry_Tagscherer/gdb/testsuite/gdb.ada/tagged_not_init.exp ...
Running ../../../Ferry_Tagscherer/gdb/testsuite/gdb.ada/task_bp.exp ...
Running ../../../Ferry_Tagscherer/gdb/testsuite/gdb.ada/tasks.exp ...
Running ../../../Ferry_Tagscherer/gdb/testsuite/gdb.ada/tick_last_segv.exp ...
Running ../../../Ferry_Tagscherer/gdb/testsuite/gdb.ada/type_coercion.exp ...
Running ../../../Ferry_Tagscherer/gdb/testsuite/gdb.ada/unc_arr_ptr_in_var_rec.exp ...
Running ../../../Ferry_Tagscherer/gdb/testsuite/gdb.ada/uninitialized_vars.exp ...
Running ../../../Ferry_Tagscherer/gdb/testsuite/gdb.ada/variant_record_packed_array.exp ...
FAIL: gdb.ada/variant_record_packed_array.exp: print adress content
Running ../../../Ferry_Tagscherer/gdb/testsuite/gdb.ada/watch_arg.exp ...
Running ../../../Ferry_Tagscherer/gdb/testsuite/gdb.ada/whatis_array_val.exp ...
FAIL: gdb.ada/whatis_array_val.exp: print full
Running ../../../Ferry_Tagscherer/gdb/testsuite/gdb.ada/widewide.exp ...

		=== gdb Summary ===

# of expected passes		418
# of unexpected failures	16
# of expected failures		1
# of known failures		1
# of unsupported tests		2
[...]/tschwinge/Ferry_Tagscherer.build/gdb/testsuite/../../gdb/gdb version  7.5.50.20121210-cvs -nw -nx -data-directory [...]/tschwinge/Ferry_Tagscherer.build/gdb/testsuite/../data-directory 

make[4]: *** [check-gdb.ada] Error 1
rootme=`pwd`; export rootme; srcdir=../../../Ferry_Tagscherer/gdb/testsuite ; export srcdir ; EXPECT=`if [ -f ${rootme}/../../expect/expect ] ; then echo ${rootme}/../../expect/expect ; else echo expect ; fi` ; export EXPECT ; EXEEXT= ; export EXEEXT ; LD_LIBRARY_PATH=$rootme/../../expect:$rootme/../../libstdc++:$rootme/../../tk/unix:$rootme/../../tcl/unix:$rootme/../../bfd:$rootme/../../opcodes:$LD_LIBRARY_PATH; export LD_LIBRARY_PATH; if [ -f ${rootme}/../../expect/expect ] ; then TCL_LIBRARY=${srcdir}/../../tcl/library ; export TCL_LIBRARY ; fi ; runtest --directory=gdb.arch --outdir=gdb.arch 
Test Run By thomas on Thu Feb  7 23:34:02 2013
Native configuration is i686-pc-linux-gnu

		=== gdb tests ===

Schedule of variations:
    unix

Running target unix
Using /usr/share/dejagnu/baseboards/unix.exp as board description file for target.
Using /usr/share/dejagnu/config/unix.exp as generic interface file for target.
Using ../../../Ferry_Tagscherer/gdb/testsuite/config/unix.exp as tool-and-target-specific interface file.
Running ../../../Ferry_Tagscherer/gdb/testsuite/gdb.arch/alpha-step.exp ...
Running ../../../Ferry_Tagscherer/gdb/testsuite/gdb.arch/altivec-abi.exp ...
Running ../../../Ferry_Tagscherer/gdb/testsuite/gdb.arch/altivec-regs.exp ...
Running ../../../Ferry_Tagscherer/gdb/testsuite/gdb.arch/amd64-byte.exp ...
Running ../../../Ferry_Tagscherer/gdb/testsuite/gdb.arch/amd64-disp-step.exp ...
Running ../../../Ferry_Tagscherer/gdb/testsuite/gdb.arch/amd64-dword.exp ...
Running ../../../Ferry_Tagscherer/gdb/testsuite/gdb.arch/amd64-entry-value-inline.exp ...
Running ../../../Ferry_Tagscherer/gdb/testsuite/gdb.arch/amd64-entry-value-param.exp ...
Running ../../../Ferry_Tagscherer/gdb/testsuite/gdb.arch/amd64-entry-value.exp ...
Running ../../../Ferry_Tagscherer/gdb/testsuite/gdb.arch/amd64-i386-address.exp ...
Running ../../../Ferry_Tagscherer/gdb/testsuite/gdb.arch/amd64-prologue-xmm.exp ...
Running ../../../Ferry_Tagscherer/gdb/testsuite/gdb.arch/amd64-tailcall-ret.exp ...
Running ../../../Ferry_Tagscherer/gdb/testsuite/gdb.arch/amd64-word.exp ...
Running ../../../Ferry_Tagscherer/gdb/testsuite/gdb.arch/arm-disp-step.exp ...
Running ../../../Ferry_Tagscherer/gdb/testsuite/gdb.arch/e500-abi.exp ...
Running ../../../Ferry_Tagscherer/gdb/testsuite/gdb.arch/e500-prologue.exp ...
Running ../../../Ferry_Tagscherer/gdb/testsuite/gdb.arch/e500-regs.exp ...
Running ../../../Ferry_Tagscherer/gdb/testsuite/gdb.arch/gdb1291.exp ...
Running ../../../Ferry_Tagscherer/gdb/testsuite/gdb.arch/gdb1431.exp ...
Running ../../../Ferry_Tagscherer/gdb/testsuite/gdb.arch/gdb1558.exp ...
Running ../../../Ferry_Tagscherer/gdb/testsuite/gdb.arch/i386-avx.exp ...
Running ../../../Ferry_Tagscherer/gdb/testsuite/gdb.arch/i386-bp_permanent.exp ...
Running ../../../Ferry_Tagscherer/gdb/testsuite/gdb.arch/i386-byte.exp ...
Running ../../../Ferry_Tagscherer/gdb/testsuite/gdb.arch/i386-cfi-notcurrent.exp ...
Running ../../../Ferry_Tagscherer/gdb/testsuite/gdb.arch/i386-disp-step.exp ...
Running ../../../Ferry_Tagscherer/gdb/testsuite/gdb.arch/i386-dr3-watch.exp ...
Running ../../../Ferry_Tagscherer/gdb/testsuite/gdb.arch/i386-gnu-cfi.exp ...
Running ../../../Ferry_Tagscherer/gdb/testsuite/gdb.arch/i386-permbkpt.exp ...
Running ../../../Ferry_Tagscherer/gdb/testsuite/gdb.arch/i386-prologue.exp ...
Running ../../../Ferry_Tagscherer/gdb/testsuite/gdb.arch/i386-signal.exp ...
Running ../../../Ferry_Tagscherer/gdb/testsuite/gdb.arch/i386-size-overlap.exp ...
Running ../../../Ferry_Tagscherer/gdb/testsuite/gdb.arch/i386-size.exp ...
Running ../../../Ferry_Tagscherer/gdb/testsuite/gdb.arch/i386-sse-stack-align.exp ...
Running ../../../Ferry_Tagscherer/gdb/testsuite/gdb.arch/i386-sse.exp ...
Running ../../../Ferry_Tagscherer/gdb/testsuite/gdb.arch/i386-unwind.exp ...
Running ../../../Ferry_Tagscherer/gdb/testsuite/gdb.arch/i386-word.exp ...
Running ../../../Ferry_Tagscherer/gdb/testsuite/gdb.arch/ia64-breakpoint-shadow.exp ...
Running ../../../Ferry_Tagscherer/gdb/testsuite/gdb.arch/iwmmxt-regs.exp ...
Running ../../../Ferry_Tagscherer/gdb/testsuite/gdb.arch/mips-octeon-bbit.exp ...
Running ../../../Ferry_Tagscherer/gdb/testsuite/gdb.arch/mips16-thunks.exp ...
Running ../../../Ferry_Tagscherer/gdb/testsuite/gdb.arch/pa-nullify.exp ...
Running ../../../Ferry_Tagscherer/gdb/testsuite/gdb.arch/powerpc-aix-prologue.exp ...
Running ../../../Ferry_Tagscherer/gdb/testsuite/gdb.arch/powerpc-d128-regs.exp ...
Running ../../../Ferry_Tagscherer/gdb/testsuite/gdb.arch/powerpc-prologue.exp ...
Running ../../../Ferry_Tagscherer/gdb/testsuite/gdb.arch/ppc-dfp.exp ...
Running ../../../Ferry_Tagscherer/gdb/testsuite/gdb.arch/ppc-fp.exp ...
Running ../../../Ferry_Tagscherer/gdb/testsuite/gdb.arch/ppc64-atomic-inst.exp ...
Running ../../../Ferry_Tagscherer/gdb/testsuite/gdb.arch/spu-info.exp ...
Running ../../../Ferry_Tagscherer/gdb/testsuite/gdb.arch/spu-ls.exp ...
Running ../../../Ferry_Tagscherer/gdb/testsuite/gdb.arch/system-gcore.exp ...
Running ../../../Ferry_Tagscherer/gdb/testsuite/gdb.arch/thumb-bx-pc.exp ...
Running ../../../Ferry_Tagscherer/gdb/testsuite/gdb.arch/thumb-prologue.exp ...
Running ../../../Ferry_Tagscherer/gdb/testsuite/gdb.arch/thumb-singlestep.exp ...
Running ../../../Ferry_Tagscherer/gdb/testsuite/gdb.arch/thumb2-it.exp ...
Running ../../../Ferry_Tagscherer/gdb/testsuite/gdb.arch/vsx-regs.exp ...

		=== gdb Summary ===

# of expected passes		197
# of known failures		1
[...]/tschwinge/Ferry_Tagscherer.build/gdb/testsuite/../../gdb/gdb version  7.5.50.20121210-cvs -nw -nx -data-directory [...]/tschwinge/Ferry_Tagscherer.build/gdb/testsuite/../data-directory 

rootme=`pwd`; export rootme; srcdir=../../../Ferry_Tagscherer/gdb/testsuite ; export srcdir ; EXPECT=`if [ -f ${rootme}/../../expect/expect ] ; then echo ${rootme}/../../expect/expect ; else echo expect ; fi` ; export EXPECT ; EXEEXT= ; export EXEEXT ; LD_LIBRARY_PATH=$rootme/../../expect:$rootme/../../libstdc++:$rootme/../../tk/unix:$rootme/../../tcl/unix:$rootme/../../bfd:$rootme/../../opcodes:$LD_LIBRARY_PATH; export LD_LIBRARY_PATH; if [ -f ${rootme}/../../expect/expect ] ; then TCL_LIBRARY=${srcdir}/../../tcl/library ; export TCL_LIBRARY ; fi ; runtest --directory=gdb.asm --outdir=gdb.asm 
Test Run By thomas on Thu Feb  7 23:34:07 2013
Native configuration is i686-pc-linux-gnu

		=== gdb tests ===

Schedule of variations:
    unix

Running target unix
Using /usr/share/dejagnu/baseboards/unix.exp as board description file for target.
Using /usr/share/dejagnu/config/unix.exp as generic interface file for target.
Using ../../../Ferry_Tagscherer/gdb/testsuite/config/unix.exp as tool-and-target-specific interface file.
Running ../../../Ferry_Tagscherer/gdb/testsuite/gdb.asm/asm-source.exp ...

		=== gdb Summary ===

# of expected passes		28
[...]/tschwinge/Ferry_Tagscherer.build/gdb/testsuite/../../gdb/gdb version  7.5.50.20121210-cvs -nw -nx -data-directory [...]/tschwinge/Ferry_Tagscherer.build/gdb/testsuite/../data-directory 

rootme=`pwd`; export rootme; srcdir=../../../Ferry_Tagscherer/gdb/testsuite ; export srcdir ; EXPECT=`if [ -f ${rootme}/../../expect/expect ] ; then echo ${rootme}/../../expect/expect ; else echo expect ; fi` ; export EXPECT ; EXEEXT= ; export EXEEXT ; LD_LIBRARY_PATH=$rootme/../../expect:$rootme/../../libstdc++:$rootme/../../tk/unix:$rootme/../../tcl/unix:$rootme/../../bfd:$rootme/../../opcodes:$LD_LIBRARY_PATH; export LD_LIBRARY_PATH; if [ -f ${rootme}/../../expect/expect ] ; then TCL_LIBRARY=${srcdir}/../../tcl/library ; export TCL_LIBRARY ; fi ; runtest --directory=gdb.cell --outdir=gdb.cell 
Test Run By thomas on Thu Feb  7 23:34:07 2013
Native configuration is i686-pc-linux-gnu

		=== gdb tests ===

Schedule of variations:
    unix

Running target unix
Using /usr/share/dejagnu/baseboards/unix.exp as board description file for target.
Using /usr/share/dejagnu/config/unix.exp as generic interface file for target.
Using ../../../Ferry_Tagscherer/gdb/testsuite/config/unix.exp as tool-and-target-specific interface file.
Running ../../../Ferry_Tagscherer/gdb/testsuite/gdb.cell/arch.exp ...
Running ../../../Ferry_Tagscherer/gdb/testsuite/gdb.cell/break.exp ...
Running ../../../Ferry_Tagscherer/gdb/testsuite/gdb.cell/bt.exp ...
Running ../../../Ferry_Tagscherer/gdb/testsuite/gdb.cell/core.exp ...
Running ../../../Ferry_Tagscherer/gdb/testsuite/gdb.cell/data.exp ...
Running ../../../Ferry_Tagscherer/gdb/testsuite/gdb.cell/dwarfaddr.exp ...
Running ../../../Ferry_Tagscherer/gdb/testsuite/gdb.cell/ea-cache.exp ...
Running ../../../Ferry_Tagscherer/gdb/testsuite/gdb.cell/ea-standalone.exp ...
Running ../../../Ferry_Tagscherer/gdb/testsuite/gdb.cell/ea-test.exp ...
Running ../../../Ferry_Tagscherer/gdb/testsuite/gdb.cell/f-regs.exp ...
Running ../../../Ferry_Tagscherer/gdb/testsuite/gdb.cell/fork.exp ...
Running ../../../Ferry_Tagscherer/gdb/testsuite/gdb.cell/gcore.exp ...
Running ../../../Ferry_Tagscherer/gdb/testsuite/gdb.cell/mem-access.exp ...
Running ../../../Ferry_Tagscherer/gdb/testsuite/gdb.cell/ptype.exp ...
Running ../../../Ferry_Tagscherer/gdb/testsuite/gdb.cell/registers.exp ...
Running ../../../Ferry_Tagscherer/gdb/testsuite/gdb.cell/sizeof.exp ...
Running ../../../Ferry_Tagscherer/gdb/testsuite/gdb.cell/solib-symbol.exp ...
Running ../../../Ferry_Tagscherer/gdb/testsuite/gdb.cell/solib.exp ...

		=== gdb Summary ===

[...]/tschwinge/Ferry_Tagscherer.build/gdb/testsuite/../../gdb/gdb version  7.5.50.20121210-cvs -nw -nx -data-directory [...]/tschwinge/Ferry_Tagscherer.build/gdb/testsuite/../data-directory 

rootme=`pwd`; export rootme; srcdir=../../../Ferry_Tagscherer/gdb/testsuite ; export srcdir ; EXPECT=`if [ -f ${rootme}/../../expect/expect ] ; then echo ${rootme}/../../expect/expect ; else echo expect ; fi` ; export EXPECT ; EXEEXT= ; export EXEEXT ; LD_LIBRARY_PATH=$rootme/../../expect:$rootme/../../libstdc++:$rootme/../../tk/unix:$rootme/../../tcl/unix:$rootme/../../bfd:$rootme/../../opcodes:$LD_LIBRARY_PATH; export LD_LIBRARY_PATH; if [ -f ${rootme}/../../expect/expect ] ; then TCL_LIBRARY=${srcdir}/../../tcl/library ; export TCL_LIBRARY ; fi ; runtest --directory=gdb.cp --outdir=gdb.cp 
Test Run By thomas on Thu Feb  7 23:34:07 2013
Native configuration is i686-pc-linux-gnu

		=== gdb tests ===

Schedule of variations:
    unix

Running target unix
Using /usr/share/dejagnu/baseboards/unix.exp as board description file for target.
Using /usr/share/dejagnu/config/unix.exp as generic interface file for target.
Using ../../../Ferry_Tagscherer/gdb/testsuite/config/unix.exp as tool-and-target-specific interface file.
Running ../../../Ferry_Tagscherer/gdb/testsuite/gdb.cp/abstract-origin.exp ...
Running ../../../Ferry_Tagscherer/gdb/testsuite/gdb.cp/ambiguous.exp ...
Running ../../../Ferry_Tagscherer/gdb/testsuite/gdb.cp/annota2.exp ...
Running ../../../Ferry_Tagscherer/gdb/testsuite/gdb.cp/annota3.exp ...
Running ../../../Ferry_Tagscherer/gdb/testsuite/gdb.cp/anon-ns.exp ...
Running ../../../Ferry_Tagscherer/gdb/testsuite/gdb.cp/anon-struct.exp ...
Running ../../../Ferry_Tagscherer/gdb/testsuite/gdb.cp/anon-union.exp ...
Running ../../../Ferry_Tagscherer/gdb/testsuite/gdb.cp/arg-reference.exp ...
Running ../../../Ferry_Tagscherer/gdb/testsuite/gdb.cp/baseenum.exp ...
Running ../../../Ferry_Tagscherer/gdb/testsuite/gdb.cp/bool.exp ...
Running ../../../Ferry_Tagscherer/gdb/testsuite/gdb.cp/breakpoint.exp ...
Running ../../../Ferry_Tagscherer/gdb/testsuite/gdb.cp/bs15503.exp ...
Running ../../../Ferry_Tagscherer/gdb/testsuite/gdb.cp/call-c.exp ...
Running ../../../Ferry_Tagscherer/gdb/testsuite/gdb.cp/casts.exp ...
Running ../../../Ferry_Tagscherer/gdb/testsuite/gdb.cp/class2.exp ...
Running ../../../Ferry_Tagscherer/gdb/testsuite/gdb.cp/classes.exp ...
Running ../../../Ferry_Tagscherer/gdb/testsuite/gdb.cp/cmpd-minsyms.exp ...
Running ../../../Ferry_Tagscherer/gdb/testsuite/gdb.cp/converts.exp ...
Running ../../../Ferry_Tagscherer/gdb/testsuite/gdb.cp/cp-relocate.exp ...
Running ../../../Ferry_Tagscherer/gdb/testsuite/gdb.cp/cpcompletion.exp ...
Running ../../../Ferry_Tagscherer/gdb/testsuite/gdb.cp/cpexprs.exp ...
Running ../../../Ferry_Tagscherer/gdb/testsuite/gdb.cp/cplabel.exp ...
Running ../../../Ferry_Tagscherer/gdb/testsuite/gdb.cp/cplusfuncs.exp ...
Running ../../../Ferry_Tagscherer/gdb/testsuite/gdb.cp/ctti.exp ...
Running ../../../Ferry_Tagscherer/gdb/testsuite/gdb.cp/debug-expr.exp ...
Running ../../../Ferry_Tagscherer/gdb/testsuite/gdb.cp/demangle.exp ...
Running ../../../Ferry_Tagscherer/gdb/testsuite/gdb.cp/derivation.exp ...
Running ../../../Ferry_Tagscherer/gdb/testsuite/gdb.cp/destrprint.exp ...
Running ../../../Ferry_Tagscherer/gdb/testsuite/gdb.cp/dispcxx.exp ...
Running ../../../Ferry_Tagscherer/gdb/testsuite/gdb.cp/exception.exp ...
Running ../../../Ferry_Tagscherer/gdb/testsuite/gdb.cp/expand-psymtabs-cxx.exp ...
Running ../../../Ferry_Tagscherer/gdb/testsuite/gdb.cp/expand-sals.exp ...
Running ../../../Ferry_Tagscherer/gdb/testsuite/gdb.cp/extern-c.exp ...
Running ../../../Ferry_Tagscherer/gdb/testsuite/gdb.cp/formatted-ref.exp ...
Running ../../../Ferry_Tagscherer/gdb/testsuite/gdb.cp/fpointer.exp ...
Running ../../../Ferry_Tagscherer/gdb/testsuite/gdb.cp/gdb1355.exp ...
Running ../../../Ferry_Tagscherer/gdb/testsuite/gdb.cp/gdb2384.exp ...
Running ../../../Ferry_Tagscherer/gdb/testsuite/gdb.cp/gdb2495.exp ...
Running ../../../Ferry_Tagscherer/gdb/testsuite/gdb.cp/hang.exp ...
Running ../../../Ferry_Tagscherer/gdb/testsuite/gdb.cp/infcall-dlopen.exp ...
Running ../../../Ferry_Tagscherer/gdb/testsuite/gdb.cp/inherit.exp ...
Running ../../../Ferry_Tagscherer/gdb/testsuite/gdb.cp/koenig.exp ...
Running ../../../Ferry_Tagscherer/gdb/testsuite/gdb.cp/local.exp ...
Running ../../../Ferry_Tagscherer/gdb/testsuite/gdb.cp/m-data.exp ...
Running ../../../Ferry_Tagscherer/gdb/testsuite/gdb.cp/m-static.exp ...
Running ../../../Ferry_Tagscherer/gdb/testsuite/gdb.cp/maint.exp ...
Running ../../../Ferry_Tagscherer/gdb/testsuite/gdb.cp/mb-ctor.exp ...
Running ../../../Ferry_Tagscherer/gdb/testsuite/gdb.cp/mb-inline.exp ...
Running ../../../Ferry_Tagscherer/gdb/testsuite/gdb.cp/mb-templates.exp ...
Running ../../../Ferry_Tagscherer/gdb/testsuite/gdb.cp/member-ptr.exp ...
Running ../../../Ferry_Tagscherer/gdb/testsuite/gdb.cp/meth-typedefs.exp ...
Running ../../../Ferry_Tagscherer/gdb/testsuite/gdb.cp/method.exp ...
Running ../../../Ferry_Tagscherer/gdb/testsuite/gdb.cp/method2.exp ...
Running ../../../Ferry_Tagscherer/gdb/testsuite/gdb.cp/minsym-fallback.exp ...
Running ../../../Ferry_Tagscherer/gdb/testsuite/gdb.cp/misc.exp ...
Running ../../../Ferry_Tagscherer/gdb/testsuite/gdb.cp/namespace-enum.exp ...
Running ../../../Ferry_Tagscherer/gdb/testsuite/gdb.cp/namespace-nested-import.exp ...
Running ../../../Ferry_Tagscherer/gdb/testsuite/gdb.cp/namespace.exp ...
Running ../../../Ferry_Tagscherer/gdb/testsuite/gdb.cp/nextoverthrow.exp ...
Running ../../../Ferry_Tagscherer/gdb/testsuite/gdb.cp/no-dmgl-verbose.exp ...
Running ../../../Ferry_Tagscherer/gdb/testsuite/gdb.cp/noparam.exp ...
Running ../../../Ferry_Tagscherer/gdb/testsuite/gdb.cp/nsdecl.exp ...
Running ../../../Ferry_Tagscherer/gdb/testsuite/gdb.cp/nsimport.exp ...
Running ../../../Ferry_Tagscherer/gdb/testsuite/gdb.cp/nsnested.exp ...
Running ../../../Ferry_Tagscherer/gdb/testsuite/gdb.cp/nsnoimports.exp ...
Running ../../../Ferry_Tagscherer/gdb/testsuite/gdb.cp/nsrecurs.exp ...
Running ../../../Ferry_Tagscherer/gdb/testsuite/gdb.cp/nsstress.exp ...
Running ../../../Ferry_Tagscherer/gdb/testsuite/gdb.cp/nsusing.exp ...
Running ../../../Ferry_Tagscherer/gdb/testsuite/gdb.cp/operator.exp ...
Running ../../../Ferry_Tagscherer/gdb/testsuite/gdb.cp/oranking.exp ...
Running ../../../Ferry_Tagscherer/gdb/testsuite/gdb.cp/overload-const.exp ...
Running ../../../Ferry_Tagscherer/gdb/testsuite/gdb.cp/overload.exp ...
Running ../../../Ferry_Tagscherer/gdb/testsuite/gdb.cp/ovldbreak.exp ...
Running ../../../Ferry_Tagscherer/gdb/testsuite/gdb.cp/ovsrch.exp ...
Running ../../../Ferry_Tagscherer/gdb/testsuite/gdb.cp/paren-type.exp ...
Running ../../../Ferry_Tagscherer/gdb/testsuite/gdb.cp/pass-by-ref.exp ...
Running ../../../Ferry_Tagscherer/gdb/testsuite/gdb.cp/pr-1023.exp ...
Running ../../../Ferry_Tagscherer/gdb/testsuite/gdb.cp/pr-1210.exp ...
Running ../../../Ferry_Tagscherer/gdb/testsuite/gdb.cp/pr-574.exp ...
Running ../../../Ferry_Tagscherer/gdb/testsuite/gdb.cp/pr10687.exp ...
Running ../../../Ferry_Tagscherer/gdb/testsuite/gdb.cp/pr10728.exp ...
Running ../../../Ferry_Tagscherer/gdb/testsuite/gdb.cp/pr12028.exp ...
Running ../../../Ferry_Tagscherer/gdb/testsuite/gdb.cp/pr9067.exp ...
Running ../../../Ferry_Tagscherer/gdb/testsuite/gdb.cp/pr9167.exp ...
Running ../../../Ferry_Tagscherer/gdb/testsuite/gdb.cp/pr9631.exp ...
Running ../../../Ferry_Tagscherer/gdb/testsuite/gdb.cp/printmethod.exp ...
Running ../../../Ferry_Tagscherer/gdb/testsuite/gdb.cp/psmang.exp ...
Running ../../../Ferry_Tagscherer/gdb/testsuite/gdb.cp/psymtab-parameter.exp ...
Running ../../../Ferry_Tagscherer/gdb/testsuite/gdb.cp/ptype-cv-cp.exp ...
Running ../../../Ferry_Tagscherer/gdb/testsuite/gdb.cp/ptype-flags.exp ...
Running ../../../Ferry_Tagscherer/gdb/testsuite/gdb.cp/punctuator.exp ...
Running ../../../Ferry_Tagscherer/gdb/testsuite/gdb.cp/re-set-overloaded.exp ...
Running ../../../Ferry_Tagscherer/gdb/testsuite/gdb.cp/readnow-language.exp ...
Running ../../../Ferry_Tagscherer/gdb/testsuite/gdb.cp/ref-params.exp ...
Running ../../../Ferry_Tagscherer/gdb/testsuite/gdb.cp/ref-types.exp ...
Running ../../../Ferry_Tagscherer/gdb/testsuite/gdb.cp/rtti.exp ...
Running ../../../Ferry_Tagscherer/gdb/testsuite/gdb.cp/shadow.exp ...
Running ../../../Ferry_Tagscherer/gdb/testsuite/gdb.cp/smartp.exp ...
Running ../../../Ferry_Tagscherer/gdb/testsuite/gdb.cp/static-method.exp ...
Running ../../../Ferry_Tagscherer/gdb/testsuite/gdb.cp/static-print-quit.exp ...
Running ../../../Ferry_Tagscherer/gdb/testsuite/gdb.cp/temargs.exp ...
Running ../../../Ferry_Tagscherer/gdb/testsuite/gdb.cp/templates.exp ...
Running ../../../Ferry_Tagscherer/gdb/testsuite/gdb.cp/try_catch.exp ...
Running ../../../Ferry_Tagscherer/gdb/testsuite/gdb.cp/typedef-operator.exp ...
Running ../../../Ferry_Tagscherer/gdb/testsuite/gdb.cp/userdef.exp ...
Running ../../../Ferry_Tagscherer/gdb/testsuite/gdb.cp/using-crash.exp ...
Running ../../../Ferry_Tagscherer/gdb/testsuite/gdb.cp/virtbase.exp ...
Running ../../../Ferry_Tagscherer/gdb/testsuite/gdb.cp/virtfunc.exp ...
Running ../../../Ferry_Tagscherer/gdb/testsuite/gdb.cp/virtfunc2.exp ...

		=== gdb Summary ===

# of expected passes		3954
# of expected failures		6
# of known failures		22
# of unsupported tests		1
[...]/tschwinge/Ferry_Tagscherer.build/gdb/testsuite/../../gdb/gdb version  7.5.50.20121210-cvs -nw -nx -data-directory [...]/tschwinge/Ferry_Tagscherer.build/gdb/testsuite/../data-directory 

rootme=`pwd`; export rootme; srcdir=../../../Ferry_Tagscherer/gdb/testsuite ; export srcdir ; EXPECT=`if [ -f ${rootme}/../../expect/expect ] ; then echo ${rootme}/../../expect/expect ; else echo expect ; fi` ; export EXPECT ; EXEEXT= ; export EXEEXT ; LD_LIBRARY_PATH=$rootme/../../expect:$rootme/../../libstdc++:$rootme/../../tk/unix:$rootme/../../tcl/unix:$rootme/../../bfd:$rootme/../../opcodes:$LD_LIBRARY_PATH; export LD_LIBRARY_PATH; if [ -f ${rootme}/../../expect/expect ] ; then TCL_LIBRARY=${srcdir}/../../tcl/library ; export TCL_LIBRARY ; fi ; runtest --directory=gdb.disasm --outdir=gdb.disasm 
Test Run By thomas on Thu Feb  7 23:35:03 2013
Native configuration is i686-pc-linux-gnu

		=== gdb tests ===

Schedule of variations:
    unix

Running target unix
Using /usr/share/dejagnu/baseboards/unix.exp as board description file for target.
Using /usr/share/dejagnu/config/unix.exp as generic interface file for target.
Using ../../../Ferry_Tagscherer/gdb/testsuite/config/unix.exp as tool-and-target-specific interface file.
Running ../../../Ferry_Tagscherer/gdb/testsuite/gdb.disasm/am33.exp ...
Running ../../../Ferry_Tagscherer/gdb/testsuite/gdb.disasm/h8300s.exp ...
Running ../../../Ferry_Tagscherer/gdb/testsuite/gdb.disasm/hppa.exp ...
Running ../../../Ferry_Tagscherer/gdb/testsuite/gdb.disasm/mn10300.exp ...
Running ../../../Ferry_Tagscherer/gdb/testsuite/gdb.disasm/sh3.exp ...
Running ../../../Ferry_Tagscherer/gdb/testsuite/gdb.disasm/t01_mov.exp ...
Running ../../../Ferry_Tagscherer/gdb/testsuite/gdb.disasm/t02_mova.exp ...
Running ../../../Ferry_Tagscherer/gdb/testsuite/gdb.disasm/t03_add.exp ...
Running ../../../Ferry_Tagscherer/gdb/testsuite/gdb.disasm/t04_sub.exp ...
Running ../../../Ferry_Tagscherer/gdb/testsuite/gdb.disasm/t05_cmp.exp ...
Running ../../../Ferry_Tagscherer/gdb/testsuite/gdb.disasm/t06_ari2.exp ...
Running ../../../Ferry_Tagscherer/gdb/testsuite/gdb.disasm/t07_ari3.exp ...
Running ../../../Ferry_Tagscherer/gdb/testsuite/gdb.disasm/t08_or.exp ...
Running ../../../Ferry_Tagscherer/gdb/testsuite/gdb.disasm/t09_xor.exp ...
Running ../../../Ferry_Tagscherer/gdb/testsuite/gdb.disasm/t10_and.exp ...
Running ../../../Ferry_Tagscherer/gdb/testsuite/gdb.disasm/t11_logs.exp ...
Running ../../../Ferry_Tagscherer/gdb/testsuite/gdb.disasm/t12_bit.exp ...
Running ../../../Ferry_Tagscherer/gdb/testsuite/gdb.disasm/t13_otr.exp ...

		=== gdb Summary ===

[...]/tschwinge/Ferry_Tagscherer.build/gdb/testsuite/../../gdb/gdb version  7.5.50.20121210-cvs -nw -nx -data-directory [...]/tschwinge/Ferry_Tagscherer.build/gdb/testsuite/../data-directory 

rootme=`pwd`; export rootme; srcdir=../../../Ferry_Tagscherer/gdb/testsuite ; export srcdir ; EXPECT=`if [ -f ${rootme}/../../expect/expect ] ; then echo ${rootme}/../../expect/expect ; else echo expect ; fi` ; export EXPECT ; EXEEXT= ; export EXEEXT ; LD_LIBRARY_PATH=$rootme/../../expect:$rootme/../../libstdc++:$rootme/../../tk/unix:$rootme/../../tcl/unix:$rootme/../../bfd:$rootme/../../opcodes:$LD_LIBRARY_PATH; export LD_LIBRARY_PATH; if [ -f ${rootme}/../../expect/expect ] ; then TCL_LIBRARY=${srcdir}/../../tcl/library ; export TCL_LIBRARY ; fi ; runtest --directory=gdb.dwarf2 --outdir=gdb.dwarf2 
Test Run By thomas on Thu Feb  7 23:35:03 2013
Native configuration is i686-pc-linux-gnu

		=== gdb tests ===

Schedule of variations:
    unix

Running target unix
Using /usr/share/dejagnu/baseboards/unix.exp as board description file for target.
Using /usr/share/dejagnu/config/unix.exp as generic interface file for target.
Using ../../../Ferry_Tagscherer/gdb/testsuite/config/unix.exp as tool-and-target-specific interface file.
Running ../../../Ferry_Tagscherer/gdb/testsuite/gdb.dwarf2/callframecfa.exp ...
Running ../../../Ferry_Tagscherer/gdb/testsuite/gdb.dwarf2/clztest.exp ...
Running ../../../Ferry_Tagscherer/gdb/testsuite/gdb.dwarf2/dup-psym.exp ...
Running ../../../Ferry_Tagscherer/gdb/testsuite/gdb.dwarf2/dw2-ada-ffffffff.exp ...
Running ../../../Ferry_Tagscherer/gdb/testsuite/gdb.dwarf2/dw2-anon-mptr.exp ...
Running ../../../Ferry_Tagscherer/gdb/testsuite/gdb.dwarf2/dw2-anonymous-func.exp ...
Running ../../../Ferry_Tagscherer/gdb/testsuite/gdb.dwarf2/dw2-bad-parameter-type.exp ...
Running ../../../Ferry_Tagscherer/gdb/testsuite/gdb.dwarf2/dw2-basic.exp ...
Running ../../../Ferry_Tagscherer/gdb/testsuite/gdb.dwarf2/dw2-canonicalize-type.exp ...
Running ../../../Ferry_Tagscherer/gdb/testsuite/gdb.dwarf2/dw2-case-insensitive.exp ...
Running ../../../Ferry_Tagscherer/gdb/testsuite/gdb.dwarf2/dw2-common-block.exp ...
Running ../../../Ferry_Tagscherer/gdb/testsuite/gdb.dwarf2/dw2-compdir-oldgcc.exp ...
Running ../../../Ferry_Tagscherer/gdb/testsuite/gdb.dwarf2/dw2-compressed.exp ...
Running ../../../Ferry_Tagscherer/gdb/testsuite/gdb.dwarf2/dw2-const.exp ...
Running ../../../Ferry_Tagscherer/gdb/testsuite/gdb.dwarf2/dw2-cp-infcall-ref-static.exp ...
Running ../../../Ferry_Tagscherer/gdb/testsuite/gdb.dwarf2/dw2-cu-size.exp ...
Running ../../../Ferry_Tagscherer/gdb/testsuite/gdb.dwarf2/dw2-double-set-die-type.exp ...
Running ../../../Ferry_Tagscherer/gdb/testsuite/gdb.dwarf2/dw2-empty-namespace.exp ...
Running ../../../Ferry_Tagscherer/gdb/testsuite/gdb.dwarf2/dw2-empty-pc-range.exp ...
Running ../../../Ferry_Tagscherer/gdb/testsuite/gdb.dwarf2/dw2-entry-value.exp ...
Running ../../../Ferry_Tagscherer/gdb/testsuite/gdb.dwarf2/dw2-filename.exp ...
Running ../../../Ferry_Tagscherer/gdb/testsuite/gdb.dwarf2/dw2-icc-opaque.exp ...
Running ../../../Ferry_Tagscherer/gdb/testsuite/gdb.dwarf2/dw2-ifort-parameter.exp ...
Running ../../../Ferry_Tagscherer/gdb/testsuite/gdb.dwarf2/dw2-inheritance.exp ...
Running ../../../Ferry_Tagscherer/gdb/testsuite/gdb.dwarf2/dw2-inline-break.exp ...
Running ../../../Ferry_Tagscherer/gdb/testsuite/gdb.dwarf2/dw2-inline-param.exp ...
Running ../../../Ferry_Tagscherer/gdb/testsuite/gdb.dwarf2/dw2-intercu.exp ...
Running ../../../Ferry_Tagscherer/gdb/testsuite/gdb.dwarf2/dw2-intermix.exp ...
Running ../../../Ferry_Tagscherer/gdb/testsuite/gdb.dwarf2/dw2-linkage-name-trust.exp ...
Running ../../../Ferry_Tagscherer/gdb/testsuite/gdb.dwarf2/dw2-minsym-in-cu.exp ...
Running ../../../Ferry_Tagscherer/gdb/testsuite/gdb.dwarf2/dw2-modula2-self-type.exp ...
Running ../../../Ferry_Tagscherer/gdb/testsuite/gdb.dwarf2/dw2-namespaceless-anonymous.exp ...
Running ../../../Ferry_Tagscherer/gdb/testsuite/gdb.dwarf2/dw2-noloc.exp ...
Running ../../../Ferry_Tagscherer/gdb/testsuite/gdb.dwarf2/dw2-objfile-overlap.exp ...
Running ../../../Ferry_Tagscherer/gdb/testsuite/gdb.dwarf2/dw2-op-call.exp ...
Running ../../../Ferry_Tagscherer/gdb/testsuite/gdb.dwarf2/dw2-op-out-param.exp ...
Running ../../../Ferry_Tagscherer/gdb/testsuite/gdb.dwarf2/dw2-op-stack-value.exp ...
Running ../../../Ferry_Tagscherer/gdb/testsuite/gdb.dwarf2/dw2-param-error.exp ...
Running ../../../Ferry_Tagscherer/gdb/testsuite/gdb.dwarf2/dw2-producer.exp ...
Running ../../../Ferry_Tagscherer/gdb/testsuite/gdb.dwarf2/dw2-ranges.exp ...
Running ../../../Ferry_Tagscherer/gdb/testsuite/gdb.dwarf2/dw2-ref-missing-frame.exp ...
Running ../../../Ferry_Tagscherer/gdb/testsuite/gdb.dwarf2/dw2-restore.exp ...
Running ../../../Ferry_Tagscherer/gdb/testsuite/gdb.dwarf2/dw2-simple-locdesc.exp ...
Running ../../../Ferry_Tagscherer/gdb/testsuite/gdb.dwarf2/dw2-skip-prologue.exp ...
Running ../../../Ferry_Tagscherer/gdb/testsuite/gdb.dwarf2/dw2-stack-boundary.exp ...
Running ../../../Ferry_Tagscherer/gdb/testsuite/gdb.dwarf2/dw2-strp.exp ...
Running ../../../Ferry_Tagscherer/gdb/testsuite/gdb.dwarf2/dw2-unresolved.exp ...
Running ../../../Ferry_Tagscherer/gdb/testsuite/gdb.dwarf2/dw2-var-zero-addr.exp ...
Running ../../../Ferry_Tagscherer/gdb/testsuite/gdb.dwarf2/dw4-sig-type-unused.exp ...
Running ../../../Ferry_Tagscherer/gdb/testsuite/gdb.dwarf2/dw4-sig-types.exp ...
Running ../../../Ferry_Tagscherer/gdb/testsuite/gdb.dwarf2/fission-base.exp ...
Running ../../../Ferry_Tagscherer/gdb/testsuite/gdb.dwarf2/fission-reread.exp ...
Running ../../../Ferry_Tagscherer/gdb/testsuite/gdb.dwarf2/implptr-64bit.exp ...
Running ../../../Ferry_Tagscherer/gdb/testsuite/gdb.dwarf2/implptr-optimized-out.exp ...
Running ../../../Ferry_Tagscherer/gdb/testsuite/gdb.dwarf2/implptr.exp ...
Running ../../../Ferry_Tagscherer/gdb/testsuite/gdb.dwarf2/mac-fileno.exp ...
Running ../../../Ferry_Tagscherer/gdb/testsuite/gdb.dwarf2/member-ptr-forwardref.exp ...
Running ../../../Ferry_Tagscherer/gdb/testsuite/gdb.dwarf2/pieces.exp ...
Running ../../../Ferry_Tagscherer/gdb/testsuite/gdb.dwarf2/pr10770.exp ...
Running ../../../Ferry_Tagscherer/gdb/testsuite/gdb.dwarf2/pr11465.exp ...
Running ../../../Ferry_Tagscherer/gdb/testsuite/gdb.dwarf2/pr13961.exp ...
Running ../../../Ferry_Tagscherer/gdb/testsuite/gdb.dwarf2/typeddwarf.exp ...
Running ../../../Ferry_Tagscherer/gdb/testsuite/gdb.dwarf2/valop.exp ...
Running ../../../Ferry_Tagscherer/gdb/testsuite/gdb.dwarf2/watch-notconst.exp ...

		=== gdb Summary ===

# of expected passes		286
# of known failures		1
# of untested testcases		4
[...]/tschwinge/Ferry_Tagscherer.build/gdb/testsuite/../../gdb/gdb version  7.5.50.20121210-cvs -nw -nx -data-directory [...]/tschwinge/Ferry_Tagscherer.build/gdb/testsuite/../data-directory 

rootme=`pwd`; export rootme; srcdir=../../../Ferry_Tagscherer/gdb/testsuite ; export srcdir ; EXPECT=`if [ -f ${rootme}/../../expect/expect ] ; then echo ${rootme}/../../expect/expect ; else echo expect ; fi` ; export EXPECT ; EXEEXT= ; export EXEEXT ; LD_LIBRARY_PATH=$rootme/../../expect:$rootme/../../libstdc++:$rootme/../../tk/unix:$rootme/../../tcl/unix:$rootme/../../bfd:$rootme/../../opcodes:$LD_LIBRARY_PATH; export LD_LIBRARY_PATH; if [ -f ${rootme}/../../expect/expect ] ; then TCL_LIBRARY=${srcdir}/../../tcl/library ; export TCL_LIBRARY ; fi ; runtest --directory=gdb.fortran --outdir=gdb.fortran 
Test Run By thomas on Thu Feb  7 23:35:18 2013
Native configuration is i686-pc-linux-gnu

		=== gdb tests ===

Schedule of variations:
    unix

Running target unix
Using /usr/share/dejagnu/baseboards/unix.exp as board description file for target.
Using /usr/share/dejagnu/config/unix.exp as generic interface file for target.
Using ../../../Ferry_Tagscherer/gdb/testsuite/config/unix.exp as tool-and-target-specific interface file.
Running ../../../Ferry_Tagscherer/gdb/testsuite/gdb.fortran/array-element.exp ...
FAIL: gdb.fortran/array-element.exp: continue to breakpoint once again (the program exited)
FAIL: gdb.fortran/array-element.exp: print the second element of array a
Running ../../../Ferry_Tagscherer/gdb/testsuite/gdb.fortran/charset.exp ...
Running ../../../Ferry_Tagscherer/gdb/testsuite/gdb.fortran/common-block.exp ...
Running ../../../Ferry_Tagscherer/gdb/testsuite/gdb.fortran/complex.exp ...
Running ../../../Ferry_Tagscherer/gdb/testsuite/gdb.fortran/derived-type.exp ...
Running ../../../Ferry_Tagscherer/gdb/testsuite/gdb.fortran/exprs.exp ...
Running ../../../Ferry_Tagscherer/gdb/testsuite/gdb.fortran/library-module.exp ...
Running ../../../Ferry_Tagscherer/gdb/testsuite/gdb.fortran/logical.exp ...
Running ../../../Ferry_Tagscherer/gdb/testsuite/gdb.fortran/module.exp ...
Running ../../../Ferry_Tagscherer/gdb/testsuite/gdb.fortran/multi-dim.exp ...
Running ../../../Ferry_Tagscherer/gdb/testsuite/gdb.fortran/subarray.exp ...
Running ../../../Ferry_Tagscherer/gdb/testsuite/gdb.fortran/types.exp ...

		=== gdb Summary ===

# of expected passes		243
# of unexpected failures	2
[...]/tschwinge/Ferry_Tagscherer.build/gdb/testsuite/../../gdb/gdb version  7.5.50.20121210-cvs -nw -nx -data-directory [...]/tschwinge/Ferry_Tagscherer.build/gdb/testsuite/../data-directory 

make[4]: *** [check-gdb.fortran] Error 1
rootme=`pwd`; export rootme; srcdir=../../../Ferry_Tagscherer/gdb/testsuite ; export srcdir ; EXPECT=`if [ -f ${rootme}/../../expect/expect ] ; then echo ${rootme}/../../expect/expect ; else echo expect ; fi` ; export EXPECT ; EXEEXT= ; export EXEEXT ; LD_LIBRARY_PATH=$rootme/../../expect:$rootme/../../libstdc++:$rootme/../../tk/unix:$rootme/../../tcl/unix:$rootme/../../bfd:$rootme/../../opcodes:$LD_LIBRARY_PATH; export LD_LIBRARY_PATH; if [ -f ${rootme}/../../expect/expect ] ; then TCL_LIBRARY=${srcdir}/../../tcl/library ; export TCL_LIBRARY ; fi ; runtest --directory=gdb.gdb --outdir=gdb.gdb 
Test Run By thomas on Thu Feb  7 23:35:22 2013
Native configuration is i686-pc-linux-gnu

		=== gdb tests ===

Schedule of variations:
    unix

Running target unix
Using /usr/share/dejagnu/baseboards/unix.exp as board description file for target.
Using /usr/share/dejagnu/config/unix.exp as generic interface file for target.
Using ../../../Ferry_Tagscherer/gdb/testsuite/config/unix.exp as tool-and-target-specific interface file.
Running ../../../Ferry_Tagscherer/gdb/testsuite/gdb.gdb/complaints.exp ...
Running ../../../Ferry_Tagscherer/gdb/testsuite/gdb.gdb/observer.exp ...
Running ../../../Ferry_Tagscherer/gdb/testsuite/gdb.gdb/selftest.exp ...
Running ../../../Ferry_Tagscherer/gdb/testsuite/gdb.gdb/xfullpath.exp ...

		=== gdb Summary ===

# of expected passes		164
[...]/tschwinge/Ferry_Tagscherer.build/gdb/testsuite/../../gdb/gdb version  7.5.50.20121210-cvs -nw -nx -data-directory [...]/tschwinge/Ferry_Tagscherer.build/gdb/testsuite/../data-directory 

rootme=`pwd`; export rootme; srcdir=../../../Ferry_Tagscherer/gdb/testsuite ; export srcdir ; EXPECT=`if [ -f ${rootme}/../../expect/expect ] ; then echo ${rootme}/../../expect/expect ; else echo expect ; fi` ; export EXPECT ; EXEEXT= ; export EXEEXT ; LD_LIBRARY_PATH=$rootme/../../expect:$rootme/../../libstdc++:$rootme/../../tk/unix:$rootme/../../tcl/unix:$rootme/../../bfd:$rootme/../../opcodes:$LD_LIBRARY_PATH; export LD_LIBRARY_PATH; if [ -f ${rootme}/../../expect/expect ] ; then TCL_LIBRARY=${srcdir}/../../tcl/library ; export TCL_LIBRARY ; fi ; runtest --directory=gdb.go --outdir=gdb.go 
Test Run By thomas on Thu Feb  7 23:35:26 2013
Native configuration is i686-pc-linux-gnu

		=== gdb tests ===

Schedule of variations:
    unix

Running target unix
Using /usr/share/dejagnu/baseboards/unix.exp as board description file for target.
Using /usr/share/dejagnu/config/unix.exp as generic interface file for target.
Using ../../../Ferry_Tagscherer/gdb/testsuite/config/unix.exp as tool-and-target-specific interface file.
Running ../../../Ferry_Tagscherer/gdb/testsuite/gdb.go/basic-types.exp ...
Running ../../../Ferry_Tagscherer/gdb/testsuite/gdb.go/chan.exp ...
gdb compile failed, default_target_compile: Can't find gccgo.
Running ../../../Ferry_Tagscherer/gdb/testsuite/gdb.go/handcall.exp ...
gdb compile failed, default_target_compile: Can't find gccgo.
Running ../../../Ferry_Tagscherer/gdb/testsuite/gdb.go/hello.exp ...
gdb compile failed, default_target_compile: Can't find gccgo.
Running ../../../Ferry_Tagscherer/gdb/testsuite/gdb.go/integers.exp ...
gdb compile failed, default_target_compile: Can't find gccgo.
Running ../../../Ferry_Tagscherer/gdb/testsuite/gdb.go/methods.exp ...
gdb compile failed, default_target_compile: Can't find gccgo.
Running ../../../Ferry_Tagscherer/gdb/testsuite/gdb.go/package.exp ...
gdb compile failed, default_target_compile: Can't find gccgo.
Running ../../../Ferry_Tagscherer/gdb/testsuite/gdb.go/print.exp ...
Running ../../../Ferry_Tagscherer/gdb/testsuite/gdb.go/strings.exp ...
gdb compile failed, default_target_compile: Can't find gccgo.
Running ../../../Ferry_Tagscherer/gdb/testsuite/gdb.go/types.exp ...
gdb compile failed, default_target_compile: Can't find gccgo.
Running ../../../Ferry_Tagscherer/gdb/testsuite/gdb.go/unsafe.exp ...
gdb compile failed, default_target_compile: Can't find gccgo.

		=== gdb Summary ===

# of expected passes		44
# of expected failures		4
# of untested testcases		9
[...]/tschwinge/Ferry_Tagscherer.build/gdb/testsuite/../../gdb/gdb version  7.5.50.20121210-cvs -nw -nx -data-directory [...]/tschwinge/Ferry_Tagscherer.build/gdb/testsuite/../data-directory 

rootme=`pwd`; export rootme; srcdir=../../../Ferry_Tagscherer/gdb/testsuite ; export srcdir ; EXPECT=`if [ -f ${rootme}/../../expect/expect ] ; then echo ${rootme}/../../expect/expect ; else echo expect ; fi` ; export EXPECT ; EXEEXT= ; export EXEEXT ; LD_LIBRARY_PATH=$rootme/../../expect:$rootme/../../libstdc++:$rootme/../../tk/unix:$rootme/../../tcl/unix:$rootme/../../bfd:$rootme/../../opcodes:$LD_LIBRARY_PATH; export LD_LIBRARY_PATH; if [ -f ${rootme}/../../expect/expect ] ; then TCL_LIBRARY=${srcdir}/../../tcl/library ; export TCL_LIBRARY ; fi ; runtest --directory=gdb.java --outdir=gdb.java 
Test Run By thomas on Thu Feb  7 23:35:27 2013
Native configuration is i686-pc-linux-gnu

		=== gdb tests ===

Schedule of variations:
    unix

Running target unix
Using /usr/share/dejagnu/baseboards/unix.exp as board description file for target.
Using /usr/share/dejagnu/config/unix.exp as generic interface file for target.
Using ../../../Ferry_Tagscherer/gdb/testsuite/config/unix.exp as tool-and-target-specific interface file.
Running ../../../Ferry_Tagscherer/gdb/testsuite/gdb.java/jmain.exp ...
KPASS: gdb.java/jmain.exp: break jmain.main (PRMS java/1565)
Running ../../../Ferry_Tagscherer/gdb/testsuite/gdb.java/jmisc.exp ...
Running ../../../Ferry_Tagscherer/gdb/testsuite/gdb.java/jnpe.exp ...
Running ../../../Ferry_Tagscherer/gdb/testsuite/gdb.java/jprint.exp ...
XPASS: gdb.java/jprint.exp: print a java.util.Properties (PRMS gcc/43260)
Running ../../../Ferry_Tagscherer/gdb/testsuite/gdb.java/jv-exp.exp ...
Running ../../../Ferry_Tagscherer/gdb/testsuite/gdb.java/jv-print.exp ...

		=== gdb Summary ===

# of expected passes		88
# of unexpected successes	1
# of expected failures		1
# of unknown successes		1
# of known failures		2
# of unsupported tests		1
[...]/tschwinge/Ferry_Tagscherer.build/gdb/testsuite/../../gdb/gdb version  7.5.50.20121210-cvs -nw -nx -data-directory [...]/tschwinge/Ferry_Tagscherer.build/gdb/testsuite/../data-directory 

make[4]: *** [check-gdb.java] Error 1
rootme=`pwd`; export rootme; srcdir=../../../Ferry_Tagscherer/gdb/testsuite ; export srcdir ; EXPECT=`if [ -f ${rootme}/../../expect/expect ] ; then echo ${rootme}/../../expect/expect ; else echo expect ; fi` ; export EXPECT ; EXEEXT= ; export EXEEXT ; LD_LIBRARY_PATH=$rootme/../../expect:$rootme/../../libstdc++:$rootme/../../tk/unix:$rootme/../../tcl/unix:$rootme/../../bfd:$rootme/../../opcodes:$LD_LIBRARY_PATH; export LD_LIBRARY_PATH; if [ -f ${rootme}/../../expect/expect ] ; then TCL_LIBRARY=${srcdir}/../../tcl/library ; export TCL_LIBRARY ; fi ; runtest --directory=gdb.linespec --outdir=gdb.linespec 
Test Run By thomas on Thu Feb  7 23:35:34 2013
Native configuration is i686-pc-linux-gnu

		=== gdb tests ===

Schedule of variations:
    unix

Running target unix
Using /usr/share/dejagnu/baseboards/unix.exp as board description file for target.
Using /usr/share/dejagnu/config/unix.exp as generic interface file for target.
Using ../../../Ferry_Tagscherer/gdb/testsuite/config/unix.exp as tool-and-target-specific interface file.
Running ../../../Ferry_Tagscherer/gdb/testsuite/gdb.linespec/linespec.exp ...
Running ../../../Ferry_Tagscherer/gdb/testsuite/gdb.linespec/ls-dollar.exp ...
Running ../../../Ferry_Tagscherer/gdb/testsuite/gdb.linespec/ls-errs.exp ...
Running ../../../Ferry_Tagscherer/gdb/testsuite/gdb.linespec/thread.exp ...

		=== gdb Summary ===

# of expected passes		178
[...]/tschwinge/Ferry_Tagscherer.build/gdb/testsuite/../../gdb/gdb version  7.5.50.20121210-cvs -nw -nx -data-directory [...]/tschwinge/Ferry_Tagscherer.build/gdb/testsuite/../data-directory 

rootme=`pwd`; export rootme; srcdir=../../../Ferry_Tagscherer/gdb/testsuite ; export srcdir ; EXPECT=`if [ -f ${rootme}/../../expect/expect ] ; then echo ${rootme}/../../expect/expect ; else echo expect ; fi` ; export EXPECT ; EXEEXT= ; export EXEEXT ; LD_LIBRARY_PATH=$rootme/../../expect:$rootme/../../libstdc++:$rootme/../../tk/unix:$rootme/../../tcl/unix:$rootme/../../bfd:$rootme/../../opcodes:$LD_LIBRARY_PATH; export LD_LIBRARY_PATH; if [ -f ${rootme}/../../expect/expect ] ; then TCL_LIBRARY=${srcdir}/../../tcl/library ; export TCL_LIBRARY ; fi ; runtest --directory=gdb.mi --outdir=gdb.mi 
Test Run By thomas on Thu Feb  7 23:35:36 2013
Native configuration is i686-pc-linux-gnu

		=== gdb tests ===

Schedule of variations:
    unix

Running target unix
Using /usr/share/dejagnu/baseboards/unix.exp as board description file for target.
Using /usr/share/dejagnu/config/unix.exp as generic interface file for target.
Using ../../../Ferry_Tagscherer/gdb/testsuite/config/unix.exp as tool-and-target-specific interface file.
Running ../../../Ferry_Tagscherer/gdb/testsuite/gdb.mi/dw2-ref-missing-frame.exp ...
Running ../../../Ferry_Tagscherer/gdb/testsuite/gdb.mi/gdb2549.exp ...
Running ../../../Ferry_Tagscherer/gdb/testsuite/gdb.mi/gdb669.exp ...
Running ../../../Ferry_Tagscherer/gdb/testsuite/gdb.mi/gdb680.exp ...
Running ../../../Ferry_Tagscherer/gdb/testsuite/gdb.mi/gdb701.exp ...
Running ../../../Ferry_Tagscherer/gdb/testsuite/gdb.mi/gdb792.exp ...
Running ../../../Ferry_Tagscherer/gdb/testsuite/gdb.mi/mi-async.exp ...
Running ../../../Ferry_Tagscherer/gdb/testsuite/gdb.mi/mi-basics.exp ...
Running ../../../Ferry_Tagscherer/gdb/testsuite/gdb.mi/mi-break.exp ...
Running ../../../Ferry_Tagscherer/gdb/testsuite/gdb.mi/mi-breakpoint-changed.exp ...
Running ../../../Ferry_Tagscherer/gdb/testsuite/gdb.mi/mi-cli.exp ...
Running ../../../Ferry_Tagscherer/gdb/testsuite/gdb.mi/mi-cmd-param-changed.exp ...
Running ../../../Ferry_Tagscherer/gdb/testsuite/gdb.mi/mi-console.exp ...
Running ../../../Ferry_Tagscherer/gdb/testsuite/gdb.mi/mi-disassemble.exp ...
Running ../../../Ferry_Tagscherer/gdb/testsuite/gdb.mi/mi-eval.exp ...
Running ../../../Ferry_Tagscherer/gdb/testsuite/gdb.mi/mi-file-transfer.exp ...
Running ../../../Ferry_Tagscherer/gdb/testsuite/gdb.mi/mi-file.exp ...
Running ../../../Ferry_Tagscherer/gdb/testsuite/gdb.mi/mi-fill-memory.exp ...
Running ../../../Ferry_Tagscherer/gdb/testsuite/gdb.mi/mi-hack-cli.exp ...
Running ../../../Ferry_Tagscherer/gdb/testsuite/gdb.mi/mi-info-os.exp ...
Running ../../../Ferry_Tagscherer/gdb/testsuite/gdb.mi/mi-inheritance-syntax-error.exp ...
Running ../../../Ferry_Tagscherer/gdb/testsuite/gdb.mi/mi-logging.exp ...
Running ../../../Ferry_Tagscherer/gdb/testsuite/gdb.mi/mi-memory-changed.exp ...
Running ../../../Ferry_Tagscherer/gdb/testsuite/gdb.mi/mi-nonstop-exit.exp ...
Running ../../../Ferry_Tagscherer/gdb/testsuite/gdb.mi/mi-nonstop.exp ...
Running ../../../Ferry_Tagscherer/gdb/testsuite/gdb.mi/mi-ns-stale-regcache.exp ...
Running ../../../Ferry_Tagscherer/gdb/testsuite/gdb.mi/mi-nsintrall.exp ...
Running ../../../Ferry_Tagscherer/gdb/testsuite/gdb.mi/mi-nsmoribund.exp ...
Running ../../../Ferry_Tagscherer/gdb/testsuite/gdb.mi/mi-nsthrexec.exp ...
Running ../../../Ferry_Tagscherer/gdb/testsuite/gdb.mi/mi-pending.exp ...
Running ../../../Ferry_Tagscherer/gdb/testsuite/gdb.mi/mi-pthreads.exp ...
Running ../../../Ferry_Tagscherer/gdb/testsuite/gdb.mi/mi-read-memory.exp ...
Running ../../../Ferry_Tagscherer/gdb/testsuite/gdb.mi/mi-record-changed.exp ...
Running ../../../Ferry_Tagscherer/gdb/testsuite/gdb.mi/mi-regs.exp ...
Running ../../../Ferry_Tagscherer/gdb/testsuite/gdb.mi/mi-return.exp ...
Running ../../../Ferry_Tagscherer/gdb/testsuite/gdb.mi/mi-reverse.exp ...
Running ../../../Ferry_Tagscherer/gdb/testsuite/gdb.mi/mi-simplerun.exp ...
Running ../../../Ferry_Tagscherer/gdb/testsuite/gdb.mi/mi-solib.exp ...
Running ../../../Ferry_Tagscherer/gdb/testsuite/gdb.mi/mi-stack.exp ...
Running ../../../Ferry_Tagscherer/gdb/testsuite/gdb.mi/mi-stepi.exp ...
Running ../../../Ferry_Tagscherer/gdb/testsuite/gdb.mi/mi-stepn.exp ...
Running ../../../Ferry_Tagscherer/gdb/testsuite/gdb.mi/mi-syn-frame.exp ...
Running ../../../Ferry_Tagscherer/gdb/testsuite/gdb.mi/mi-until.exp ...
Running ../../../Ferry_Tagscherer/gdb/testsuite/gdb.mi/mi-var-block.exp ...
Running ../../../Ferry_Tagscherer/gdb/testsuite/gdb.mi/mi-var-child-f.exp ...
Running ../../../Ferry_Tagscherer/gdb/testsuite/gdb.mi/mi-var-child.exp ...
Running ../../../Ferry_Tagscherer/gdb/testsuite/gdb.mi/mi-var-cmd.exp ...
Running ../../../Ferry_Tagscherer/gdb/testsuite/gdb.mi/mi-var-cp.exp ...
Running ../../../Ferry_Tagscherer/gdb/testsuite/gdb.mi/mi-var-create-rtti.exp ...
Running ../../../Ferry_Tagscherer/gdb/testsuite/gdb.mi/mi-var-display.exp ...
Running ../../../Ferry_Tagscherer/gdb/testsuite/gdb.mi/mi-var-invalidate.exp ...
Running ../../../Ferry_Tagscherer/gdb/testsuite/gdb.mi/mi-var-rtti.exp ...
Running ../../../Ferry_Tagscherer/gdb/testsuite/gdb.mi/mi-watch-nonstop.exp ...
Running ../../../Ferry_Tagscherer/gdb/testsuite/gdb.mi/mi-watch.exp ...
XPASS: gdb.mi/mi-watch.exp: sw: watchpoint trigger
Running ../../../Ferry_Tagscherer/gdb/testsuite/gdb.mi/mi2-amd64-entry-value.exp ...
Running ../../../Ferry_Tagscherer/gdb/testsuite/gdb.mi/mi2-prompt.exp ...
Running ../../../Ferry_Tagscherer/gdb/testsuite/gdb.mi/mi2-var-child.exp ...
Running ../../../Ferry_Tagscherer/gdb/testsuite/gdb.mi/pr11022.exp ...

		=== gdb Summary ===

# of expected passes		1770
# of unexpected successes	1
# of expected failures		8
# of known failures		6
# of unsupported tests		1
[...]/tschwinge/Ferry_Tagscherer.build/gdb/testsuite/../../gdb/gdb version  7.5.50.20121210-cvs -nw -nx -data-directory [...]/tschwinge/Ferry_Tagscherer.build/gdb/testsuite/../data-directory 

make[4]: *** [check-gdb.mi] Error 1
rootme=`pwd`; export rootme; srcdir=../../../Ferry_Tagscherer/gdb/testsuite ; export srcdir ; EXPECT=`if [ -f ${rootme}/../../expect/expect ] ; then echo ${rootme}/../../expect/expect ; else echo expect ; fi` ; export EXPECT ; EXEEXT= ; export EXEEXT ; LD_LIBRARY_PATH=$rootme/../../expect:$rootme/../../libstdc++:$rootme/../../tk/unix:$rootme/../../tcl/unix:$rootme/../../bfd:$rootme/../../opcodes:$LD_LIBRARY_PATH; export LD_LIBRARY_PATH; if [ -f ${rootme}/../../expect/expect ] ; then TCL_LIBRARY=${srcdir}/../../tcl/library ; export TCL_LIBRARY ; fi ; runtest --directory=gdb.modula2 --outdir=gdb.modula2 
Test Run By thomas on Thu Feb  7 23:36:22 2013
Native configuration is i686-pc-linux-gnu

		=== gdb tests ===

Schedule of variations:
    unix

Running target unix
Using /usr/share/dejagnu/baseboards/unix.exp as board description file for target.
Using /usr/share/dejagnu/config/unix.exp as generic interface file for target.
Using ../../../Ferry_Tagscherer/gdb/testsuite/config/unix.exp as tool-and-target-specific interface file.
Running ../../../Ferry_Tagscherer/gdb/testsuite/gdb.modula2/unbounded-array.exp ...

		=== gdb Summary ===

# of expected passes		8
[...]/tschwinge/Ferry_Tagscherer.build/gdb/testsuite/../../gdb/gdb version  7.5.50.20121210-cvs -nw -nx -data-directory [...]/tschwinge/Ferry_Tagscherer.build/gdb/testsuite/../data-directory 

rootme=`pwd`; export rootme; srcdir=../../../Ferry_Tagscherer/gdb/testsuite ; export srcdir ; EXPECT=`if [ -f ${rootme}/../../expect/expect ] ; then echo ${rootme}/../../expect/expect ; else echo expect ; fi` ; export EXPECT ; EXEEXT= ; export EXEEXT ; LD_LIBRARY_PATH=$rootme/../../expect:$rootme/../../libstdc++:$rootme/../../tk/unix:$rootme/../../tcl/unix:$rootme/../../bfd:$rootme/../../opcodes:$LD_LIBRARY_PATH; export LD_LIBRARY_PATH; if [ -f ${rootme}/../../expect/expect ] ; then TCL_LIBRARY=${srcdir}/../../tcl/library ; export TCL_LIBRARY ; fi ; runtest --directory=gdb.multi --outdir=gdb.multi 
Test Run By thomas on Thu Feb  7 23:36:22 2013
Native configuration is i686-pc-linux-gnu

		=== gdb tests ===

Schedule of variations:
    unix

Running target unix
Using /usr/share/dejagnu/baseboards/unix.exp as board description file for target.
Using /usr/share/dejagnu/config/unix.exp as generic interface file for target.
Using ../../../Ferry_Tagscherer/gdb/testsuite/config/unix.exp as tool-and-target-specific interface file.
Running ../../../Ferry_Tagscherer/gdb/testsuite/gdb.multi/base.exp ...
Running ../../../Ferry_Tagscherer/gdb/testsuite/gdb.multi/bkpt-multi-exec.exp ...
Running ../../../Ferry_Tagscherer/gdb/testsuite/gdb.multi/multi-arch-exec.exp ...
gdb compile failed, In file included from /usr/include/stdio.h:28:0,
                 from ../../../Ferry_Tagscherer/gdb/testsuite/gdb.multi/multi-arch-exec.c:18:
/usr/include/features.h:323:26: fatal error: bits/predefs.h: No such file or directory
compilation terminated.
Running ../../../Ferry_Tagscherer/gdb/testsuite/gdb.multi/multi-arch.exp ...
gdb compile failed, /usr/bin/ld: cannot find crt1.o: No such file or directory
/usr/bin/ld: cannot find crti.o: No such file or directory
/usr/bin/ld: cannot find -lm
/usr/bin/ld: cannot find -lgcc
/usr/bin/ld: cannot find -lgcc_s
/usr/bin/ld: cannot find -lc
/usr/bin/ld: cannot find -lgcc
/usr/bin/ld: cannot find -lgcc_s
/usr/bin/ld: cannot find crtn.o: No such file or directory
collect2: error: ld returned 1 exit status
Running ../../../Ferry_Tagscherer/gdb/testsuite/gdb.multi/watchpoint-multi.exp ...

		=== gdb Summary ===

# of expected passes		47
# of untested testcases		2
[...]/tschwinge/Ferry_Tagscherer.build/gdb/testsuite/../../gdb/gdb version  7.5.50.20121210-cvs -nw -nx -data-directory [...]/tschwinge/Ferry_Tagscherer.build/gdb/testsuite/../data-directory 

rootme=`pwd`; export rootme; srcdir=../../../Ferry_Tagscherer/gdb/testsuite ; export srcdir ; EXPECT=`if [ -f ${rootme}/../../expect/expect ] ; then echo ${rootme}/../../expect/expect ; else echo expect ; fi` ; export EXPECT ; EXEEXT= ; export EXEEXT ; LD_LIBRARY_PATH=$rootme/../../expect:$rootme/../../libstdc++:$rootme/../../tk/unix:$rootme/../../tcl/unix:$rootme/../../bfd:$rootme/../../opcodes:$LD_LIBRARY_PATH; export LD_LIBRARY_PATH; if [ -f ${rootme}/../../expect/expect ] ; then TCL_LIBRARY=${srcdir}/../../tcl/library ; export TCL_LIBRARY ; fi ; runtest --directory=gdb.objc --outdir=gdb.objc 
Test Run By thomas on Thu Feb  7 23:36:24 2013
Native configuration is i686-pc-linux-gnu

		=== gdb tests ===

Schedule of variations:
    unix

Running target unix
Using /usr/share/dejagnu/baseboards/unix.exp as board description file for target.
Using /usr/share/dejagnu/config/unix.exp as generic interface file for target.
Using ../../../Ferry_Tagscherer/gdb/testsuite/config/unix.exp as tool-and-target-specific interface file.
Running ../../../Ferry_Tagscherer/gdb/testsuite/gdb.objc/basicclass.exp ...
Running ../../../Ferry_Tagscherer/gdb/testsuite/gdb.objc/nondebug.exp ...
Running ../../../Ferry_Tagscherer/gdb/testsuite/gdb.objc/objcdecode.exp ...
Running ../../../Ferry_Tagscherer/gdb/testsuite/gdb.objc/print.exp ...

		=== gdb Summary ===

# of expected passes		13
# of unsupported tests		3
[...]/tschwinge/Ferry_Tagscherer.build/gdb/testsuite/../../gdb/gdb version  7.5.50.20121210-cvs -nw -nx -data-directory [...]/tschwinge/Ferry_Tagscherer.build/gdb/testsuite/../data-directory 

rootme=`pwd`; export rootme; srcdir=../../../Ferry_Tagscherer/gdb/testsuite ; export srcdir ; EXPECT=`if [ -f ${rootme}/../../expect/expect ] ; then echo ${rootme}/../../expect/expect ; else echo expect ; fi` ; export EXPECT ; EXEEXT= ; export EXEEXT ; LD_LIBRARY_PATH=$rootme/../../expect:$rootme/../../libstdc++:$rootme/../../tk/unix:$rootme/../../tcl/unix:$rootme/../../bfd:$rootme/../../opcodes:$LD_LIBRARY_PATH; export LD_LIBRARY_PATH; if [ -f ${rootme}/../../expect/expect ] ; then TCL_LIBRARY=${srcdir}/../../tcl/library ; export TCL_LIBRARY ; fi ; runtest --directory=gdb.opencl --outdir=gdb.opencl 
Test Run By thomas on Thu Feb  7 23:36:26 2013
Native configuration is i686-pc-linux-gnu

		=== gdb tests ===

Schedule of variations:
    unix

Running target unix
Using /usr/share/dejagnu/baseboards/unix.exp as board description file for target.
Using /usr/share/dejagnu/config/unix.exp as generic interface file for target.
Using ../../../Ferry_Tagscherer/gdb/testsuite/config/unix.exp as tool-and-target-specific interface file.
Running ../../../Ferry_Tagscherer/gdb/testsuite/gdb.opencl/callfuncs.exp ...
Running ../../../Ferry_Tagscherer/gdb/testsuite/gdb.opencl/convs_casts.exp ...
Running ../../../Ferry_Tagscherer/gdb/testsuite/gdb.opencl/datatypes.exp ...
Running ../../../Ferry_Tagscherer/gdb/testsuite/gdb.opencl/operators.exp ...
Running ../../../Ferry_Tagscherer/gdb/testsuite/gdb.opencl/vec_comps.exp ...

		=== gdb Summary ===

[...]/tschwinge/Ferry_Tagscherer.build/gdb/testsuite/../../gdb/gdb version  7.5.50.20121210-cvs -nw -nx -data-directory [...]/tschwinge/Ferry_Tagscherer.build/gdb/testsuite/../data-directory 

rootme=`pwd`; export rootme; srcdir=../../../Ferry_Tagscherer/gdb/testsuite ; export srcdir ; EXPECT=`if [ -f ${rootme}/../../expect/expect ] ; then echo ${rootme}/../../expect/expect ; else echo expect ; fi` ; export EXPECT ; EXEEXT= ; export EXEEXT ; LD_LIBRARY_PATH=$rootme/../../expect:$rootme/../../libstdc++:$rootme/../../tk/unix:$rootme/../../tcl/unix:$rootme/../../bfd:$rootme/../../opcodes:$LD_LIBRARY_PATH; export LD_LIBRARY_PATH; if [ -f ${rootme}/../../expect/expect ] ; then TCL_LIBRARY=${srcdir}/../../tcl/library ; export TCL_LIBRARY ; fi ; runtest --directory=gdb.opt --outdir=gdb.opt 
Test Run By thomas on Thu Feb  7 23:36:26 2013
Native configuration is i686-pc-linux-gnu

		=== gdb tests ===

Schedule of variations:
    unix

Running target unix
Using /usr/share/dejagnu/baseboards/unix.exp as board description file for target.
Using /usr/share/dejagnu/config/unix.exp as generic interface file for target.
Using ../../../Ferry_Tagscherer/gdb/testsuite/config/unix.exp as tool-and-target-specific interface file.
Running ../../../Ferry_Tagscherer/gdb/testsuite/gdb.opt/clobbered-registers-O2.exp ...
Running ../../../Ferry_Tagscherer/gdb/testsuite/gdb.opt/inline-break.exp ...
Running ../../../Ferry_Tagscherer/gdb/testsuite/gdb.opt/inline-bt.exp ...
Running ../../../Ferry_Tagscherer/gdb/testsuite/gdb.opt/inline-cmds.exp ...
Running ../../../Ferry_Tagscherer/gdb/testsuite/gdb.opt/inline-locals.exp ...

		=== gdb Summary ===

# of expected passes		95
# of expected failures		1
# of known failures		1
[...]/tschwinge/Ferry_Tagscherer.build/gdb/testsuite/../../gdb/gdb version  7.5.50.20121210-cvs -nw -nx -data-directory [...]/tschwinge/Ferry_Tagscherer.build/gdb/testsuite/../data-directory 

rootme=`pwd`; export rootme; srcdir=../../../Ferry_Tagscherer/gdb/testsuite ; export srcdir ; EXPECT=`if [ -f ${rootme}/../../expect/expect ] ; then echo ${rootme}/../../expect/expect ; else echo expect ; fi` ; export EXPECT ; EXEEXT= ; export EXEEXT ; LD_LIBRARY_PATH=$rootme/../../expect:$rootme/../../libstdc++:$rootme/../../tk/unix:$rootme/../../tcl/unix:$rootme/../../bfd:$rootme/../../opcodes:$LD_LIBRARY_PATH; export LD_LIBRARY_PATH; if [ -f ${rootme}/../../expect/expect ] ; then TCL_LIBRARY=${srcdir}/../../tcl/library ; export TCL_LIBRARY ; fi ; runtest --directory=gdb.pascal --outdir=gdb.pascal 
Test Run By thomas on Thu Feb  7 23:36:28 2013
Native configuration is i686-pc-linux-gnu

		=== gdb tests ===

Schedule of variations:
    unix

Running target unix
Using /usr/share/dejagnu/baseboards/unix.exp as board description file for target.
Using /usr/share/dejagnu/config/unix.exp as generic interface file for target.
Using ../../../Ferry_Tagscherer/gdb/testsuite/config/unix.exp as tool-and-target-specific interface file.
Running ../../../Ferry_Tagscherer/gdb/testsuite/gdb.pascal/floats.exp ...
Running ../../../Ferry_Tagscherer/gdb/testsuite/gdb.pascal/gdb11492.exp ...
Running ../../../Ferry_Tagscherer/gdb/testsuite/gdb.pascal/hello.exp ...
Running ../../../Ferry_Tagscherer/gdb/testsuite/gdb.pascal/integers.exp ...
Running ../../../Ferry_Tagscherer/gdb/testsuite/gdb.pascal/print.exp ...
Running ../../../Ferry_Tagscherer/gdb/testsuite/gdb.pascal/types.exp ...

		=== gdb Summary ===

# of expected passes		23
# of known failures		1
# of untested testcases		2
# of unsupported tests		4
[...]/tschwinge/Ferry_Tagscherer.build/gdb/testsuite/../../gdb/gdb version  7.5.50.20121210-cvs -nw -nx -data-directory [...]/tschwinge/Ferry_Tagscherer.build/gdb/testsuite/../data-directory 

rootme=`pwd`; export rootme; srcdir=../../../Ferry_Tagscherer/gdb/testsuite ; export srcdir ; EXPECT=`if [ -f ${rootme}/../../expect/expect ] ; then echo ${rootme}/../../expect/expect ; else echo expect ; fi` ; export EXPECT ; EXEEXT= ; export EXEEXT ; LD_LIBRARY_PATH=$rootme/../../expect:$rootme/../../libstdc++:$rootme/../../tk/unix:$rootme/../../tcl/unix:$rootme/../../bfd:$rootme/../../opcodes:$LD_LIBRARY_PATH; export LD_LIBRARY_PATH; if [ -f ${rootme}/../../expect/expect ] ; then TCL_LIBRARY=${srcdir}/../../tcl/library ; export TCL_LIBRARY ; fi ; runtest --directory=gdb.python --outdir=gdb.python 
Test Run By thomas on Thu Feb  7 23:36:29 2013
Native configuration is i686-pc-linux-gnu

		=== gdb tests ===

Schedule of variations:
    unix

Running target unix
Using /usr/share/dejagnu/baseboards/unix.exp as board description file for target.
Using /usr/share/dejagnu/config/unix.exp as generic interface file for target.
Using ../../../Ferry_Tagscherer/gdb/testsuite/config/unix.exp as tool-and-target-specific interface file.
Running ../../../Ferry_Tagscherer/gdb/testsuite/gdb.python/lib-types.exp ...
Running ../../../Ferry_Tagscherer/gdb/testsuite/gdb.python/py-block.exp ...
Running ../../../Ferry_Tagscherer/gdb/testsuite/gdb.python/py-breakpoint.exp ...
Running ../../../Ferry_Tagscherer/gdb/testsuite/gdb.python/py-cmd.exp ...
Running ../../../Ferry_Tagscherer/gdb/testsuite/gdb.python/py-error.exp ...
Running ../../../Ferry_Tagscherer/gdb/testsuite/gdb.python/py-events.exp ...
Running ../../../Ferry_Tagscherer/gdb/testsuite/gdb.python/py-evsignal.exp ...
Running ../../../Ferry_Tagscherer/gdb/testsuite/gdb.python/py-evthreads.exp ...
Running ../../../Ferry_Tagscherer/gdb/testsuite/gdb.python/py-explore-cc.exp ...
Running ../../../Ferry_Tagscherer/gdb/testsuite/gdb.python/py-explore.exp ...
Running ../../../Ferry_Tagscherer/gdb/testsuite/gdb.python/py-finish-breakpoint.exp ...
Running ../../../Ferry_Tagscherer/gdb/testsuite/gdb.python/py-finish-breakpoint2.exp ...
Running ../../../Ferry_Tagscherer/gdb/testsuite/gdb.python/py-frame-inline.exp ...
Running ../../../Ferry_Tagscherer/gdb/testsuite/gdb.python/py-frame.exp ...
Running ../../../Ferry_Tagscherer/gdb/testsuite/gdb.python/py-function.exp ...
Running ../../../Ferry_Tagscherer/gdb/testsuite/gdb.python/py-inferior.exp ...
Running ../../../Ferry_Tagscherer/gdb/testsuite/gdb.python/py-infthread.exp ...
Running ../../../Ferry_Tagscherer/gdb/testsuite/gdb.python/py-mi.exp ...
Running ../../../Ferry_Tagscherer/gdb/testsuite/gdb.python/py-objfile-script.exp ...
Running ../../../Ferry_Tagscherer/gdb/testsuite/gdb.python/py-objfile.exp ...
Running ../../../Ferry_Tagscherer/gdb/testsuite/gdb.python/py-parameter.exp ...
Running ../../../Ferry_Tagscherer/gdb/testsuite/gdb.python/py-pp-maint.exp ...
Running ../../../Ferry_Tagscherer/gdb/testsuite/gdb.python/py-prettyprint.exp ...
Running ../../../Ferry_Tagscherer/gdb/testsuite/gdb.python/py-progspace.exp ...
Running ../../../Ferry_Tagscherer/gdb/testsuite/gdb.python/py-prompt.exp ...
Running ../../../Ferry_Tagscherer/gdb/testsuite/gdb.python/py-section-script.exp ...
Running ../../../Ferry_Tagscherer/gdb/testsuite/gdb.python/py-shared.exp ...
Running ../../../Ferry_Tagscherer/gdb/testsuite/gdb.python/py-strfns.exp ...
Running ../../../Ferry_Tagscherer/gdb/testsuite/gdb.python/py-symbol.exp ...
Running ../../../Ferry_Tagscherer/gdb/testsuite/gdb.python/py-symtab.exp ...
Running ../../../Ferry_Tagscherer/gdb/testsuite/gdb.python/py-template.exp ...
Running ../../../Ferry_Tagscherer/gdb/testsuite/gdb.python/py-type.exp ...
Running ../../../Ferry_Tagscherer/gdb/testsuite/gdb.python/py-typeprint.exp ...
Running ../../../Ferry_Tagscherer/gdb/testsuite/gdb.python/py-value-cc.exp ...
Running ../../../Ferry_Tagscherer/gdb/testsuite/gdb.python/py-value.exp ...
Running ../../../Ferry_Tagscherer/gdb/testsuite/gdb.python/python.exp ...

		=== gdb Summary ===

# of expected passes		1534
[...]/tschwinge/Ferry_Tagscherer.build/gdb/testsuite/../../gdb/gdb version  7.5.50.20121210-cvs -nw -nx -data-directory [...]/tschwinge/Ferry_Tagscherer.build/gdb/testsuite/../data-directory 

rootme=`pwd`; export rootme; srcdir=../../../Ferry_Tagscherer/gdb/testsuite ; export srcdir ; EXPECT=`if [ -f ${rootme}/../../expect/expect ] ; then echo ${rootme}/../../expect/expect ; else echo expect ; fi` ; export EXPECT ; EXEEXT= ; export EXEEXT ; LD_LIBRARY_PATH=$rootme/../../expect:$rootme/../../libstdc++:$rootme/../../tk/unix:$rootme/../../tcl/unix:$rootme/../../bfd:$rootme/../../opcodes:$LD_LIBRARY_PATH; export LD_LIBRARY_PATH; if [ -f ${rootme}/../../expect/expect ] ; then TCL_LIBRARY=${srcdir}/../../tcl/library ; export TCL_LIBRARY ; fi ; runtest --directory=gdb.reverse --outdir=gdb.reverse 
Test Run By thomas on Thu Feb  7 23:36:50 2013
Native configuration is i686-pc-linux-gnu

		=== gdb tests ===

Schedule of variations:
    unix

Running target unix
Using /usr/share/dejagnu/baseboards/unix.exp as board description file for target.
Using /usr/share/dejagnu/config/unix.exp as generic interface file for target.
Using ../../../Ferry_Tagscherer/gdb/testsuite/config/unix.exp as tool-and-target-specific interface file.
Running ../../../Ferry_Tagscherer/gdb/testsuite/gdb.reverse/amd64-tailcall-reverse.exp ...
Running ../../../Ferry_Tagscherer/gdb/testsuite/gdb.reverse/break-precsave.exp ...
Running ../../../Ferry_Tagscherer/gdb/testsuite/gdb.reverse/break-reverse.exp ...
Running ../../../Ferry_Tagscherer/gdb/testsuite/gdb.reverse/consecutive-precsave.exp ...
Running ../../../Ferry_Tagscherer/gdb/testsuite/gdb.reverse/consecutive-reverse.exp ...
Running ../../../Ferry_Tagscherer/gdb/testsuite/gdb.reverse/finish-precsave.exp ...
Running ../../../Ferry_Tagscherer/gdb/testsuite/gdb.reverse/finish-reverse-bkpt.exp ...
Running ../../../Ferry_Tagscherer/gdb/testsuite/gdb.reverse/finish-reverse.exp ...
Running ../../../Ferry_Tagscherer/gdb/testsuite/gdb.reverse/i386-precsave.exp ...
Running ../../../Ferry_Tagscherer/gdb/testsuite/gdb.reverse/i386-reverse.exp ...
Running ../../../Ferry_Tagscherer/gdb/testsuite/gdb.reverse/i386-sse-reverse.exp ...
Running ../../../Ferry_Tagscherer/gdb/testsuite/gdb.reverse/i387-env-reverse.exp ...
Running ../../../Ferry_Tagscherer/gdb/testsuite/gdb.reverse/i387-stack-reverse.exp ...
Running ../../../Ferry_Tagscherer/gdb/testsuite/gdb.reverse/machinestate-precsave.exp ...
Running ../../../Ferry_Tagscherer/gdb/testsuite/gdb.reverse/machinestate.exp ...
Running ../../../Ferry_Tagscherer/gdb/testsuite/gdb.reverse/next-reverse-bkpt-over-sr.exp ...
Running ../../../Ferry_Tagscherer/gdb/testsuite/gdb.reverse/sigall-precsave.exp ...
Running ../../../Ferry_Tagscherer/gdb/testsuite/gdb.reverse/sigall-reverse.exp ...
Running ../../../Ferry_Tagscherer/gdb/testsuite/gdb.reverse/singlejmp-reverse.exp ...
Running ../../../Ferry_Tagscherer/gdb/testsuite/gdb.reverse/solib-precsave.exp ...
Running ../../../Ferry_Tagscherer/gdb/testsuite/gdb.reverse/solib-reverse.exp ...
Running ../../../Ferry_Tagscherer/gdb/testsuite/gdb.reverse/step-precsave.exp ...
Running ../../../Ferry_Tagscherer/gdb/testsuite/gdb.reverse/step-reverse.exp ...
Running ../../../Ferry_Tagscherer/gdb/testsuite/gdb.reverse/until-precsave.exp ...
Running ../../../Ferry_Tagscherer/gdb/testsuite/gdb.reverse/until-reverse.exp ...
Running ../../../Ferry_Tagscherer/gdb/testsuite/gdb.reverse/watch-precsave.exp ...
Running ../../../Ferry_Tagscherer/gdb/testsuite/gdb.reverse/watch-reverse.exp ...

		=== gdb Summary ===

# of expected passes		2770
# of untested testcases		1
[...]/tschwinge/Ferry_Tagscherer.build/gdb/testsuite/../../gdb/gdb version  7.5.50.20121210-cvs -nw -nx -data-directory [...]/tschwinge/Ferry_Tagscherer.build/gdb/testsuite/../data-directory 

rootme=`pwd`; export rootme; srcdir=../../../Ferry_Tagscherer/gdb/testsuite ; export srcdir ; EXPECT=`if [ -f ${rootme}/../../expect/expect ] ; then echo ${rootme}/../../expect/expect ; else echo expect ; fi` ; export EXPECT ; EXEEXT= ; export EXEEXT ; LD_LIBRARY_PATH=$rootme/../../expect:$rootme/../../libstdc++:$rootme/../../tk/unix:$rootme/../../tcl/unix:$rootme/../../bfd:$rootme/../../opcodes:$LD_LIBRARY_PATH; export LD_LIBRARY_PATH; if [ -f ${rootme}/../../expect/expect ] ; then TCL_LIBRARY=${srcdir}/../../tcl/library ; export TCL_LIBRARY ; fi ; runtest --directory=gdb.server --outdir=gdb.server 
Test Run By thomas on Thu Feb  7 23:37:14 2013
Native configuration is i686-pc-linux-gnu

		=== gdb tests ===

Schedule of variations:
    unix

Running target unix
Using /usr/share/dejagnu/baseboards/unix.exp as board description file for target.
Using /usr/share/dejagnu/config/unix.exp as generic interface file for target.
Using ../../../Ferry_Tagscherer/gdb/testsuite/config/unix.exp as tool-and-target-specific interface file.
Running ../../../Ferry_Tagscherer/gdb/testsuite/gdb.server/ext-attach.exp ...
Running ../../../Ferry_Tagscherer/gdb/testsuite/gdb.server/ext-run.exp ...
Running ../../../Ferry_Tagscherer/gdb/testsuite/gdb.server/file-transfer.exp ...
Running ../../../Ferry_Tagscherer/gdb/testsuite/gdb.server/server-exec-info.exp ...
Running ../../../Ferry_Tagscherer/gdb/testsuite/gdb.server/server-mon.exp ...
Running ../../../Ferry_Tagscherer/gdb/testsuite/gdb.server/server-run.exp ...
Running ../../../Ferry_Tagscherer/gdb/testsuite/gdb.server/solib-list.exp ...

		=== gdb Summary ===

# of expected passes		62
[...]/tschwinge/Ferry_Tagscherer.build/gdb/testsuite/../../gdb/gdb version  7.5.50.20121210-cvs -nw -nx -data-directory [...]/tschwinge/Ferry_Tagscherer.build/gdb/testsuite/../data-directory 

rootme=`pwd`; export rootme; srcdir=../../../Ferry_Tagscherer/gdb/testsuite ; export srcdir ; EXPECT=`if [ -f ${rootme}/../../expect/expect ] ; then echo ${rootme}/../../expect/expect ; else echo expect ; fi` ; export EXPECT ; EXEEXT= ; export EXEEXT ; LD_LIBRARY_PATH=$rootme/../../expect:$rootme/../../libstdc++:$rootme/../../tk/unix:$rootme/../../tcl/unix:$rootme/../../bfd:$rootme/../../opcodes:$LD_LIBRARY_PATH; export LD_LIBRARY_PATH; if [ -f ${rootme}/../../expect/expect ] ; then TCL_LIBRARY=${srcdir}/../../tcl/library ; export TCL_LIBRARY ; fi ; runtest --directory=gdb.stabs --outdir=gdb.stabs 
Test Run By thomas on Thu Feb  7 23:37:19 2013
Native configuration is i686-pc-linux-gnu

		=== gdb tests ===

Schedule of variations:
    unix

Running target unix
Using /usr/share/dejagnu/baseboards/unix.exp as board description file for target.
Using /usr/share/dejagnu/config/unix.exp as generic interface file for target.
Using ../../../Ferry_Tagscherer/gdb/testsuite/config/unix.exp as tool-and-target-specific interface file.
Running ../../../Ferry_Tagscherer/gdb/testsuite/gdb.stabs/exclfwd.exp ...
Running ../../../Ferry_Tagscherer/gdb/testsuite/gdb.stabs/gdb11479.exp ...
Running ../../../Ferry_Tagscherer/gdb/testsuite/gdb.stabs/weird.exp ...

		=== gdb Summary ===

# of expected passes		212
# of expected failures		7
[...]/tschwinge/Ferry_Tagscherer.build/gdb/testsuite/../../gdb/gdb version  7.5.50.20121210-cvs -nw -nx -data-directory [...]/tschwinge/Ferry_Tagscherer.build/gdb/testsuite/../data-directory 

rootme=`pwd`; export rootme; srcdir=../../../Ferry_Tagscherer/gdb/testsuite ; export srcdir ; EXPECT=`if [ -f ${rootme}/../../expect/expect ] ; then echo ${rootme}/../../expect/expect ; else echo expect ; fi` ; export EXPECT ; EXEEXT= ; export EXEEXT ; LD_LIBRARY_PATH=$rootme/../../expect:$rootme/../../libstdc++:$rootme/../../tk/unix:$rootme/../../tcl/unix:$rootme/../../bfd:$rootme/../../opcodes:$LD_LIBRARY_PATH; export LD_LIBRARY_PATH; if [ -f ${rootme}/../../expect/expect ] ; then TCL_LIBRARY=${srcdir}/../../tcl/library ; export TCL_LIBRARY ; fi ; runtest --directory=gdb.threads --outdir=gdb.threads 
Test Run By thomas on Thu Feb  7 23:37:20 2013
Native configuration is i686-pc-linux-gnu

		=== gdb tests ===

Schedule of variations:
    unix

Running target unix
Using /usr/share/dejagnu/baseboards/unix.exp as board description file for target.
Using /usr/share/dejagnu/config/unix.exp as generic interface file for target.
Using ../../../Ferry_Tagscherer/gdb/testsuite/config/unix.exp as tool-and-target-specific interface file.
Running ../../../Ferry_Tagscherer/gdb/testsuite/gdb.threads/attach-into-signal.exp ...
Running ../../../Ferry_Tagscherer/gdb/testsuite/gdb.threads/attach-stopped.exp ...
Running ../../../Ferry_Tagscherer/gdb/testsuite/gdb.threads/bp_in_thread.exp ...
Running ../../../Ferry_Tagscherer/gdb/testsuite/gdb.threads/clone-new-thread-event.exp ...
Running ../../../Ferry_Tagscherer/gdb/testsuite/gdb.threads/corethreads.exp ...
Running ../../../Ferry_Tagscherer/gdb/testsuite/gdb.threads/create-fail.exp ...
Running ../../../Ferry_Tagscherer/gdb/testsuite/gdb.threads/current-lwp-dead.exp ...
Running ../../../Ferry_Tagscherer/gdb/testsuite/gdb.threads/execl.exp ...
Running ../../../Ferry_Tagscherer/gdb/testsuite/gdb.threads/fork-child-threads.exp ...
Running ../../../Ferry_Tagscherer/gdb/testsuite/gdb.threads/fork-thread-pending.exp ...
Running ../../../Ferry_Tagscherer/gdb/testsuite/gdb.threads/gcore-thread.exp ...
Running ../../../Ferry_Tagscherer/gdb/testsuite/gdb.threads/hand-call-in-threads.exp ...
Running ../../../Ferry_Tagscherer/gdb/testsuite/gdb.threads/ia64-sigill.exp ...
Running ../../../Ferry_Tagscherer/gdb/testsuite/gdb.threads/interrupted-hand-call.exp ...
Running ../../../Ferry_Tagscherer/gdb/testsuite/gdb.threads/killed.exp ...
Running ../../../Ferry_Tagscherer/gdb/testsuite/gdb.threads/leader-exit.exp ...
Running ../../../Ferry_Tagscherer/gdb/testsuite/gdb.threads/linux-dp.exp ...
Running ../../../Ferry_Tagscherer/gdb/testsuite/gdb.threads/local-watch-wrong-thread.exp ...
Running ../../../Ferry_Tagscherer/gdb/testsuite/gdb.threads/manythreads.exp ...
Running ../../../Ferry_Tagscherer/gdb/testsuite/gdb.threads/multi-create.exp ...
Running ../../../Ferry_Tagscherer/gdb/testsuite/gdb.threads/no-unwaited-for-left.exp ...
Running ../../../Ferry_Tagscherer/gdb/testsuite/gdb.threads/non-ldr-exc-1.exp ...
Running ../../../Ferry_Tagscherer/gdb/testsuite/gdb.threads/non-ldr-exc-2.exp ...
Running ../../../Ferry_Tagscherer/gdb/testsuite/gdb.threads/non-ldr-exc-3.exp ...
Running ../../../Ferry_Tagscherer/gdb/testsuite/gdb.threads/non-ldr-exc-4.exp ...
Running ../../../Ferry_Tagscherer/gdb/testsuite/gdb.threads/pending-step.exp ...
Running ../../../Ferry_Tagscherer/gdb/testsuite/gdb.threads/print-threads.exp ...
Running ../../../Ferry_Tagscherer/gdb/testsuite/gdb.threads/pthread_cond_wait.exp ...
Running ../../../Ferry_Tagscherer/gdb/testsuite/gdb.threads/pthreads.exp ...
Running ../../../Ferry_Tagscherer/gdb/testsuite/gdb.threads/schedlock.exp ...
Running ../../../Ferry_Tagscherer/gdb/testsuite/gdb.threads/siginfo-threads.exp ...
Running ../../../Ferry_Tagscherer/gdb/testsuite/gdb.threads/sigstep-threads.exp ...
Running ../../../Ferry_Tagscherer/gdb/testsuite/gdb.threads/sigthread.exp ...
Running ../../../Ferry_Tagscherer/gdb/testsuite/gdb.threads/staticthreads.exp ...
Running ../../../Ferry_Tagscherer/gdb/testsuite/gdb.threads/switch-threads.exp ...
Running ../../../Ferry_Tagscherer/gdb/testsuite/gdb.threads/thread-execl.exp ...
Running ../../../Ferry_Tagscherer/gdb/testsuite/gdb.threads/thread-find.exp ...
Running ../../../Ferry_Tagscherer/gdb/testsuite/gdb.threads/thread-specific.exp ...
Running ../../../Ferry_Tagscherer/gdb/testsuite/gdb.threads/thread-unwindonsignal.exp ...
Running ../../../Ferry_Tagscherer/gdb/testsuite/gdb.threads/thread_check.exp ...
Running ../../../Ferry_Tagscherer/gdb/testsuite/gdb.threads/thread_events.exp ...
Running ../../../Ferry_Tagscherer/gdb/testsuite/gdb.threads/threadapply.exp ...
Running ../../../Ferry_Tagscherer/gdb/testsuite/gdb.threads/threxit-hop-specific.exp ...
Running ../../../Ferry_Tagscherer/gdb/testsuite/gdb.threads/tls-nodebug.exp ...
Running ../../../Ferry_Tagscherer/gdb/testsuite/gdb.threads/tls-shared.exp ...
Running ../../../Ferry_Tagscherer/gdb/testsuite/gdb.threads/tls-var.exp ...
Running ../../../Ferry_Tagscherer/gdb/testsuite/gdb.threads/tls.exp ...
Running ../../../Ferry_Tagscherer/gdb/testsuite/gdb.threads/watchpoint-fork.exp ...
Running ../../../Ferry_Tagscherer/gdb/testsuite/gdb.threads/watchthreads-reorder.exp ...
Running ../../../Ferry_Tagscherer/gdb/testsuite/gdb.threads/watchthreads.exp ...
Running ../../../Ferry_Tagscherer/gdb/testsuite/gdb.threads/watchthreads2.exp ...

		=== gdb Summary ===

# of expected passes		725
[...]/tschwinge/Ferry_Tagscherer.build/gdb/testsuite/../../gdb/gdb version  7.5.50.20121210-cvs -nw -nx -data-directory [...]/tschwinge/Ferry_Tagscherer.build/gdb/testsuite/../data-directory 

rootme=`pwd`; export rootme; srcdir=../../../Ferry_Tagscherer/gdb/testsuite ; export srcdir ; EXPECT=`if [ -f ${rootme}/../../expect/expect ] ; then echo ${rootme}/../../expect/expect ; else echo expect ; fi` ; export EXPECT ; EXEEXT= ; export EXEEXT ; LD_LIBRARY_PATH=$rootme/../../expect:$rootme/../../libstdc++:$rootme/../../tk/unix:$rootme/../../tcl/unix:$rootme/../../bfd:$rootme/../../opcodes:$LD_LIBRARY_PATH; export LD_LIBRARY_PATH; if [ -f ${rootme}/../../expect/expect ] ; then TCL_LIBRARY=${srcdir}/../../tcl/library ; export TCL_LIBRARY ; fi ; runtest --directory=gdb.trace --outdir=gdb.trace 
Test Run By thomas on Thu Feb  7 23:38:47 2013
Native configuration is i686-pc-linux-gnu

		=== gdb tests ===

Schedule of variations:
    unix

Running target unix
Using /usr/share/dejagnu/baseboards/unix.exp as board description file for target.
Using /usr/share/dejagnu/config/unix.exp as generic interface file for target.
Using ../../../Ferry_Tagscherer/gdb/testsuite/config/unix.exp as tool-and-target-specific interface file.
Running ../../../Ferry_Tagscherer/gdb/testsuite/gdb.trace/actions.exp ...
Running ../../../Ferry_Tagscherer/gdb/testsuite/gdb.trace/ax.exp ...
Running ../../../Ferry_Tagscherer/gdb/testsuite/gdb.trace/backtrace.exp ...
Running ../../../Ferry_Tagscherer/gdb/testsuite/gdb.trace/change-loc.exp ...
Running ../../../Ferry_Tagscherer/gdb/testsuite/gdb.trace/circ.exp ...
Running ../../../Ferry_Tagscherer/gdb/testsuite/gdb.trace/collection.exp ...
Running ../../../Ferry_Tagscherer/gdb/testsuite/gdb.trace/deltrace.exp ...
Running ../../../Ferry_Tagscherer/gdb/testsuite/gdb.trace/disconnected-tracing.exp ...
Running ../../../Ferry_Tagscherer/gdb/testsuite/gdb.trace/ftrace.exp ...
Running ../../../Ferry_Tagscherer/gdb/testsuite/gdb.trace/infotrace.exp ...
Running ../../../Ferry_Tagscherer/gdb/testsuite/gdb.trace/mi-traceframe-changed.exp ...
Running ../../../Ferry_Tagscherer/gdb/testsuite/gdb.trace/mi-tracepoint-changed.exp ...
Running ../../../Ferry_Tagscherer/gdb/testsuite/gdb.trace/mi-tsv-changed.exp ...
Running ../../../Ferry_Tagscherer/gdb/testsuite/gdb.trace/packetlen.exp ...
Running ../../../Ferry_Tagscherer/gdb/testsuite/gdb.trace/passc-dyn.exp ...
Running ../../../Ferry_Tagscherer/gdb/testsuite/gdb.trace/passcount.exp ...
Running ../../../Ferry_Tagscherer/gdb/testsuite/gdb.trace/pending.exp ...
Running ../../../Ferry_Tagscherer/gdb/testsuite/gdb.trace/report.exp ...
Running ../../../Ferry_Tagscherer/gdb/testsuite/gdb.trace/save-trace.exp ...
Running ../../../Ferry_Tagscherer/gdb/testsuite/gdb.trace/stap-trace.exp ...
gdb compile failed, ../../../Ferry_Tagscherer/gdb/testsuite/gdb.trace/stap-trace.c:34:21: fatal error: sys/sdt.h: No such file or directory
compilation terminated.
Running ../../../Ferry_Tagscherer/gdb/testsuite/gdb.trace/status-stop.exp ...
Running ../../../Ferry_Tagscherer/gdb/testsuite/gdb.trace/strace.exp ...
Running ../../../Ferry_Tagscherer/gdb/testsuite/gdb.trace/tfile.exp ...
Running ../../../Ferry_Tagscherer/gdb/testsuite/gdb.trace/tfind.exp ...
Running ../../../Ferry_Tagscherer/gdb/testsuite/gdb.trace/trace-break.exp ...
Running ../../../Ferry_Tagscherer/gdb/testsuite/gdb.trace/trace-mt.exp ...
Running ../../../Ferry_Tagscherer/gdb/testsuite/gdb.trace/tracecmd.exp ...
Running ../../../Ferry_Tagscherer/gdb/testsuite/gdb.trace/tspeed.exp ...
Running ../../../Ferry_Tagscherer/gdb/testsuite/gdb.trace/tstatus.exp ...
Running ../../../Ferry_Tagscherer/gdb/testsuite/gdb.trace/tsv.exp ...
Running ../../../Ferry_Tagscherer/gdb/testsuite/gdb.trace/unavailable.exp ...
Running ../../../Ferry_Tagscherer/gdb/testsuite/gdb.trace/while-dyn.exp ...
Running ../../../Ferry_Tagscherer/gdb/testsuite/gdb.trace/while-stepping.exp ...

		=== gdb Summary ===

# of expected passes		229
# of untested testcases		2
# of unsupported tests		22
[...]/tschwinge/Ferry_Tagscherer.build/gdb/testsuite/../../gdb/gdb version  7.5.50.20121210-cvs -nw -nx -data-directory [...]/tschwinge/Ferry_Tagscherer.build/gdb/testsuite/../data-directory 

rootme=`pwd`; export rootme; srcdir=../../../Ferry_Tagscherer/gdb/testsuite ; export srcdir ; EXPECT=`if [ -f ${rootme}/../../expect/expect ] ; then echo ${rootme}/../../expect/expect ; else echo expect ; fi` ; export EXPECT ; EXEEXT= ; export EXEEXT ; LD_LIBRARY_PATH=$rootme/../../expect:$rootme/../../libstdc++:$rootme/../../tk/unix:$rootme/../../tcl/unix:$rootme/../../bfd:$rootme/../../opcodes:$LD_LIBRARY_PATH; export LD_LIBRARY_PATH; if [ -f ${rootme}/../../expect/expect ] ; then TCL_LIBRARY=${srcdir}/../../tcl/library ; export TCL_LIBRARY ; fi ; runtest --directory=gdb.xml --outdir=gdb.xml 
Test Run By thomas on Thu Feb  7 23:38:56 2013
Native configuration is i686-pc-linux-gnu

		=== gdb tests ===

Schedule of variations:
    unix

Running target unix
Using /usr/share/dejagnu/baseboards/unix.exp as board description file for target.
Using /usr/share/dejagnu/config/unix.exp as generic interface file for target.
Using ../../../Ferry_Tagscherer/gdb/testsuite/config/unix.exp as tool-and-target-specific interface file.
Running ../../../Ferry_Tagscherer/gdb/testsuite/gdb.xml/tdesc-arch.exp ...
Running ../../../Ferry_Tagscherer/gdb/testsuite/gdb.xml/tdesc-errors.exp ...
Running ../../../Ferry_Tagscherer/gdb/testsuite/gdb.xml/tdesc-regs.exp ...
Running ../../../Ferry_Tagscherer/gdb/testsuite/gdb.xml/tdesc-xinclude.exp ...

		=== gdb Summary ===

# of expected passes		24
# of known failures		1
[...]/tschwinge/Ferry_Tagscherer.build/gdb/testsuite/../../gdb/gdb version  7.5.50.20121210-cvs -nw -nx -data-directory [...]/tschwinge/Ferry_Tagscherer.build/gdb/testsuite/../data-directory 

make[4]: Leaving directory `[...]/tschwinge/Ferry_Tagscherer.build/gdb/testsuite'
make[3]: Leaving directory `[...]/tschwinge/Ferry_Tagscherer.build/gdb/testsuite'
make[2]: Leaving directory `[...]/tschwinge/Ferry_Tagscherer.build/gdb'
make[1]: Nothing to be done for `check-target'.
make[1]: Leaving directory `[...]/tschwinge/Ferry_Tagscherer.build'
